TN:verilator_coverage
SF:/home/UnityChipForXiangShan/dut/DecodeStage/DecodeStage.v
FNF:0
FNH:0
DA:59,323
DA:60,7
DA:61,2
DA:62,5
DA:63,5
DA:64,78
DA:65,1
DA:66,3
DA:67,3
DA:68,2
DA:69,3
DA:70,1
DA:71,5
DA:72,2
DA:73,3
DA:74,5
DA:75,2
DA:76,2
DA:77,4
DA:78,2
DA:79,3
DA:80,3
DA:81,2
DA:82,3
DA:83,2
DA:84,4
DA:85,3
DA:86,2
DA:87,3
DA:88,4
DA:89,3
DA:90,4
DA:91,5
DA:92,1
DA:93,3
DA:94,4
DA:95,5
DA:96,1
DA:97,3
DA:98,5
DA:99,21
DA:100,3
DA:101,4
DA:102,3
DA:103,2
DA:104,2
DA:105,6
DA:106,3
DA:107,3
DA:108,2
DA:109,2
DA:110,4
DA:111,4
DA:112,4
DA:113,4
DA:114,1
DA:115,2
DA:116,3
DA:117,3
DA:118,3
DA:119,2
DA:120,3
DA:121,3
DA:122,2
DA:123,6
DA:124,5
DA:125,3
DA:126,3
DA:127,3
DA:128,3
DA:129,4
DA:130,5
DA:131,1
DA:132,2
DA:133,6
DA:134,22
DA:135,4
DA:136,4
DA:137,3
DA:138,3
DA:139,4
DA:140,2
DA:141,2
DA:142,3
DA:143,6
DA:144,5
DA:145,3
DA:146,3
DA:147,4
DA:148,4
DA:149,2
DA:150,4
DA:151,1
DA:152,4
DA:153,3
DA:154,4
DA:155,3
DA:156,4
DA:157,3
DA:158,4
DA:159,4
DA:160,3
DA:161,3
DA:162,3
DA:163,2
DA:164,6
DA:165,4
DA:166,3
DA:167,3
DA:168,6
DA:169,22
DA:170,4
DA:171,3
DA:172,3
DA:173,3
DA:174,2
DA:175,4
DA:176,2
DA:177,3
DA:178,0
DA:179,1
DA:180,3
DA:181,2
DA:182,2
DA:183,2
DA:184,2
DA:185,3
DA:186,3
DA:187,4
DA:188,1
DA:189,3
DA:190,2
DA:191,3
DA:192,3
DA:193,5
DA:194,6
DA:195,6
DA:196,1
DA:197,3
DA:198,3
DA:199,6
DA:200,5
DA:201,5
DA:202,6
DA:203,8
DA:204,16
DA:205,1
DA:206,5
DA:207,4
DA:208,5
DA:209,1
DA:210,1
DA:211,3
DA:212,3
DA:213,1
DA:214,5
DA:215,1
DA:216,3
DA:217,3
DA:218,4
DA:219,3
DA:220,3
DA:221,6
DA:222,1
DA:223,2
DA:224,2
DA:225,2
DA:226,6
DA:227,2
DA:228,6
DA:229,1
DA:230,5
DA:231,5
DA:232,2
DA:233,3
DA:234,6
DA:235,5
DA:236,4
DA:237,6
DA:238,9
DA:239,15
DA:240,2
DA:241,3
DA:242,5
DA:243,3
DA:244,3
DA:245,2
DA:246,2
DA:247,5
DA:248,3
DA:249,2
DA:250,3
DA:251,5
DA:252,3
DA:253,2
DA:254,5
DA:255,4
DA:256,5
DA:257,3
DA:258,1
DA:259,3
DA:260,3
DA:261,2
DA:262,4
DA:263,6
DA:264,3
DA:265,5
DA:266,2
DA:267,3
DA:268,3
DA:269,6
DA:270,3
DA:271,2
DA:272,3
DA:273,4
DA:274,78
DA:275,1
DA:276,3
DA:277,25
DA:278,2
DA:279,4
DA:280,1
DA:281,4
DA:282,5
DA:283,5
DA:284,4
DA:285,4
DA:286,2
DA:287,1
DA:288,2
DA:289,3
DA:290,1
DA:291,3
DA:292,2
DA:293,2
DA:294,2
DA:295,2
DA:296,3
DA:297,0
DA:298,1
DA:299,4
DA:300,5
DA:301,3
DA:302,4
DA:303,4
DA:304,1
DA:305,1
DA:306,4
DA:307,3
DA:308,51
DA:309,44
DA:310,37
DA:311,70
DA:312,3
DA:313,77
DA:314,62
DA:315,67
DA:316,60
DA:317,47
DA:318,61
DA:319,24
DA:320,7
DA:321,55
DA:322,1
DA:323,0
DA:324,1
DA:325,2
DA:326,2
DA:327,1
DA:328,10
DA:329,62
DA:330,31
DA:331,5
DA:332,23
DA:333,57
DA:334,2
DA:335,69
DA:336,2
DA:337,5
DA:338,3
DA:339,6
DA:340,4
DA:341,3
DA:342,3
DA:343,4
DA:344,5
DA:345,4
DA:346,70
DA:347,6
DA:348,3
DA:349,2
DA:350,1
DA:351,70
DA:352,67
DA:353,1
DA:354,12
DA:355,16
DA:356,1
DA:357,51
DA:358,3
DA:359,2
DA:360,2
DA:361,24
DA:362,1
DA:363,3
DA:364,50
DA:365,17
DA:366,2
DA:367,47
DA:368,49
DA:369,16
DA:370,2
DA:371,47
DA:372,81
DA:373,3
DA:374,5
DA:375,69
DA:376,5
DA:377,3
DA:378,2
DA:379,6
DA:380,4
DA:381,3
DA:382,1
DA:383,2
DA:384,2
DA:385,3
DA:386,5
DA:387,6
DA:388,1
DA:389,4
DA:390,4
DA:391,3
DA:392,3
DA:393,5
DA:394,4
DA:395,2
DA:396,3
DA:397,2
DA:398,6
DA:399,5
DA:400,4
DA:401,3
DA:402,3
DA:403,3
DA:404,5
DA:405,4
DA:406,76
DA:407,62
DA:408,56
DA:409,71
DA:410,2
DA:411,77
DA:412,67
DA:413,69
DA:414,77
DA:415,38
DA:416,49
DA:417,9
DA:418,8
DA:419,55
DA:420,6
DA:421,15
DA:422,2
DA:423,1
DA:424,1
DA:425,2
DA:426,9
DA:427,65
DA:428,29
DA:429,3
DA:430,27
DA:431,56
DA:432,5
DA:433,71
DA:434,2
DA:435,4
DA:436,3
DA:437,5
DA:438,4
DA:439,2
DA:440,3
DA:441,5
DA:442,4
DA:443,5
DA:444,69
DA:445,5
DA:446,0
DA:447,2
DA:448,2
DA:449,72
DA:450,66
DA:451,1
DA:452,13
DA:453,16
DA:454,2
DA:455,49
DA:456,4
DA:457,2
DA:458,3
DA:459,27
DA:460,1
DA:461,12
DA:462,51
DA:463,14
DA:464,48
DA:465,21
DA:466,49
DA:467,13
DA:468,3
DA:469,23
DA:470,78
DA:471,2
DA:472,1
DA:473,58
DA:474,4
DA:475,3
DA:476,3
DA:477,2
DA:478,3
DA:479,5
DA:480,5
DA:481,5
DA:482,2
DA:483,2
DA:484,4
DA:485,4
DA:486,3
DA:487,4
DA:488,2
DA:489,3
DA:490,4
DA:491,5
DA:492,4
DA:493,1
DA:494,3
DA:495,2
DA:496,4
DA:497,3
DA:498,4
DA:499,5
DA:500,4
DA:501,3
DA:502,5
DA:503,4
DA:504,57
DA:505,67
DA:506,56
DA:507,71
DA:508,2
DA:509,70
DA:510,65
DA:511,74
DA:512,73
DA:513,43
DA:514,52
DA:515,14
DA:516,1
DA:517,55
DA:518,5
DA:519,1
DA:520,2
DA:521,2
DA:522,1
DA:523,1
DA:524,13
DA:525,69
DA:526,33
DA:527,2
DA:528,19
DA:529,54
DA:530,2
DA:531,63
DA:532,3
DA:533,3
DA:534,2
DA:535,5
DA:536,3
DA:537,3
DA:538,3
DA:539,3
DA:540,5
DA:541,5
DA:542,70
DA:543,6
DA:544,2
DA:545,2
DA:546,0
DA:547,71
DA:548,57
DA:549,1
DA:550,15
DA:551,9
DA:552,0
DA:553,42
DA:554,1
DA:555,2
DA:556,2
DA:557,18
DA:558,1
DA:559,22
DA:560,51
DA:561,15
DA:562,21
DA:563,1
DA:564,22
DA:565,15
DA:566,5
DA:567,3
DA:568,44
DA:569,5
DA:570,3
DA:571,26
DA:572,4
DA:573,4
DA:574,3
DA:575,1
DA:576,2
DA:577,2
DA:578,2
DA:579,1
DA:580,3
DA:581,3
DA:582,3
DA:583,2
DA:584,2
DA:585,3
DA:586,3
DA:587,4
DA:588,3
DA:589,1
DA:590,2
DA:591,2
DA:592,3
DA:593,6
DA:594,6
DA:595,4
DA:596,4
DA:597,1
DA:598,2
DA:599,3
DA:600,5
DA:601,5
DA:602,23
DA:603,31
DA:604,23
DA:605,35
DA:606,2
DA:607,40
DA:608,36
DA:609,35
DA:610,35
DA:611,23
DA:612,24
DA:613,13
DA:614,1
DA:615,22
DA:616,0
DA:617,0
DA:618,2
DA:619,2
DA:620,2
DA:621,2
DA:622,9
DA:623,35
DA:624,23
DA:625,3
DA:626,9
DA:627,34
DA:628,0
DA:629,31
DA:630,2
DA:631,2
DA:632,4
DA:633,6
DA:634,4
DA:635,2
DA:636,4
DA:637,5
DA:638,4
DA:639,5
DA:640,35
DA:641,6
DA:642,0
DA:643,1
DA:644,2
DA:645,33
DA:646,30
DA:647,3
DA:648,12
DA:649,5
DA:650,0
DA:651,25
DA:652,2
DA:653,1
DA:654,0
DA:655,8
DA:656,2
DA:657,3
DA:658,25
DA:659,9
DA:660,2
DA:661,2
DA:662,3
DA:663,11
DA:664,3
DA:665,4
DA:666,18
DA:667,1
DA:668,2
DA:669,12
DA:670,6
DA:671,5
DA:672,1
DA:673,1
DA:674,2
DA:675,3
DA:676,2
DA:677,4
DA:678,3
DA:679,3
DA:680,3
DA:681,2
DA:682,4
DA:683,2
DA:684,5
DA:685,2
DA:686,5
DA:687,1
DA:688,1
DA:689,1
DA:690,3
DA:691,1
DA:692,6
DA:693,1
DA:694,6
DA:695,3
DA:696,3
DA:697,2
DA:698,6
DA:699,6
DA:700,13
DA:701,10
DA:702,4
DA:703,10
DA:704,3
DA:705,14
DA:706,16
DA:707,16
DA:708,15
DA:709,12
DA:710,13
DA:711,9
DA:712,3
DA:713,3
DA:714,2
DA:715,3
DA:716,0
DA:717,1
DA:718,1
DA:719,2
DA:720,11
DA:721,12
DA:722,11
DA:723,3
DA:724,3
DA:725,10
DA:726,3
DA:727,14
DA:728,3
DA:729,2
DA:730,4
DA:731,5
DA:732,5
DA:733,2
DA:734,4
DA:735,5
DA:736,4
DA:737,2
DA:738,10
DA:739,6
DA:740,3
DA:741,0
DA:742,2
DA:743,15
DA:744,13
DA:745,1
DA:746,1
DA:747,0
DA:748,2
DA:749,5
DA:750,2
DA:751,2
DA:752,3
DA:753,4
DA:754,2
DA:755,3
DA:756,5
DA:757,2
DA:758,2
DA:759,0
DA:760,3
DA:761,11
DA:762,4
DA:763,5
DA:764,18
DA:765,2
DA:766,4
DA:767,7
DA:768,4
DA:769,2
DA:770,3
DA:771,5
DA:772,4
DA:773,5
DA:774,5
DA:775,2
DA:776,2
DA:777,4
DA:778,1
DA:779,3
DA:780,5
DA:781,3
DA:782,3
DA:783,3
DA:784,1
DA:785,3
DA:786,3
DA:787,0
DA:788,3
DA:789,4
DA:790,6
DA:791,3
DA:792,6
DA:793,3
DA:794,2
DA:795,0
DA:796,5
DA:797,4
DA:798,12
DA:799,6
DA:800,6
DA:801,11
DA:802,3
DA:803,16
DA:804,15
DA:805,16
DA:806,17
DA:807,9
DA:808,13
DA:809,6
DA:810,4
DA:811,6
DA:812,2
DA:813,1
DA:814,2
DA:815,0
DA:816,3
DA:817,2
DA:818,6
DA:819,14
DA:820,12
DA:821,4
DA:822,5
DA:823,11
DA:824,1
DA:825,10
DA:826,3
DA:827,3
DA:828,4
DA:829,6
DA:830,4
DA:831,3
DA:832,5
DA:833,3
DA:834,5
DA:835,4
DA:836,14
DA:837,6
DA:838,1
DA:839,2
DA:840,1
DA:841,14
DA:842,9
DA:843,0
DA:844,1
DA:845,5
DA:846,3
DA:847,10
DA:848,2
DA:849,1
DA:850,0
DA:851,4
DA:852,1
DA:853,3
DA:854,7
DA:855,3
DA:856,0
DA:857,2
DA:858,3
DA:859,12
DA:860,2
DA:861,78
DA:862,2
DA:863,61
DA:864,2
DA:865,77
DA:866,2
DA:867,66
DA:868,3
DA:869,71
DA:870,3
DA:871,62
DA:872,3
DA:873,41
DA:874,3
DA:875,38
DA:876,4
DA:877,15
DA:878,4
DA:879,15
DA:880,3
DA:881,15
DA:882,3
DA:883,15
DA:884,2
DA:885,77
DA:886,2
DA:887,63
DA:888,2
DA:889,66
DA:890,2
DA:891,76
DA:892,2
DA:893,67
DA:894,2
DA:895,69
DA:896,3
DA:897,72
DA:898,3
DA:899,64
DA:900,3
DA:901,72
DA:902,3
DA:903,40
DA:904,3
DA:905,37
DA:906,3
DA:907,36
DA:908,4
DA:909,15
DA:910,4
DA:911,16
DA:912,4
DA:913,15
DA:914,3
DA:915,16
DA:916,3
DA:917,13
DA:918,3
DA:919,18
DA:920,2
DA:921,77
DA:922,2
DA:923,61
DA:924,2
DA:925,67
DA:926,2
DA:927,78
DA:928,2
DA:929,66
DA:930,2
DA:931,69
DA:932,3
DA:933,72
DA:934,3
DA:935,64
DA:936,3
DA:937,74
DA:938,3
DA:939,40
DA:940,3
DA:941,37
DA:942,3
DA:943,37
DA:944,4
DA:945,16
DA:946,4
DA:947,16
DA:948,4
DA:949,16
DA:950,3
DA:951,17
DA:952,3
DA:953,13
DA:954,3
DA:955,16
DA:956,3
DA:957,3
DA:958,4
DA:959,1
DA:960,4
DA:961,3
DA:962,6
DA:963,5
DA:964,2
DA:965,0
DA:966,2
DA:967,4
DA:968,5
DA:969,5
DA:970,3
DA:971,4
DA:972,3
DA:973,3
DA:974,5
DA:975,2
DA:976,4
DA:977,3
DA:978,2
DA:979,4
DA:980,4
DA:981,6
DA:982,3
DA:983,5
DA:984,3
DA:985,3
DA:986,2
DA:987,3
DA:988,5
DA:989,2
DA:990,4
DA:991,2
DA:992,3
DA:993,3
DA:994,2
DA:995,0
DA:996,4
DA:997,5
DA:998,5
DA:999,6
DA:1000,4
DA:1001,3
DA:1002,6
DA:1003,6
DA:1004,27
DA:1005,79
DA:1006,1
DA:1007,3
DA:1008,3
DA:1009,10
DA:1010,11
DA:1011,6
DA:1012,11
DA:1015,5
DA:1016,4
DA:1017,3
DA:1018,23
DA:1019,47
DA:1020,4
DA:1021,4
DA:1022,5
DA:1023,0
DA:1024,0
DA:1025,7
DA:1026,18
DA:1027,6
DA:1028,6
DA:1029,2
DA:1030,1
DA:1031,12
DA:1032,18
DA:1033,5
DA:1034,5
DA:1035,3
DA:1036,2
DA:1037,26
DA:1038,44
DA:1039,4
DA:1040,5
DA:1041,3
DA:1042,1
DA:1043,58
DA:1044,78
DA:1045,4
DA:1046,5
DA:1047,3
DA:1048,2
DA:1049,69
DA:1050,81
DA:1051,3
DA:1052,4
DA:1053,1
DA:1054,0
DA:1055,25
DA:1056,78
DA:2193,3
DA:2194,3
DA:2195,5
DA:2196,3
DA:2197,5
DA:2198,3
DA:2199,6
DA:2200,3
DA:2201,4
DA:2202,3
DA:2203,5
DA:2204,5
DA:2205,8
DA:2206,3
DA:2207,25
DA:2210,57
DA:2213,29
DA:2216,5
DA:2219,8
DA:2222,4
DA:2225,49
DA:2226,48
DA:2227,49
DA:2228,49
DA:2229,48
DA:2230,48
DA:2231,48
DA:2233,6
DA:2240,14
DA:2253,4
DA:2254,3
DA:2255,2
DA:2257,3
DA:2259,4
DA:2266,5
DA:2274,3
DA:2275,3
DA:2276,2
DA:2277,2
DA:2278,3
DA:2279,4
DA:2280,5
DA:2285,3
DA:2290,2
DA:2295,3
DA:2300,6
DA:2305,6
DA:3127,51
DA:3131,42
DA:3135,37
DA:3139,69
DA:3143,78
DA:3147,62
DA:3151,67
DA:3155,60
DA:3159,54
DA:3163,2
DA:3201,74
DA:3205,60
DA:3209,56
DA:3213,69
DA:3217,79
DA:3221,68
DA:3225,69
DA:3229,77
DA:3233,54
DA:3237,4
DA:3267,55
DA:3271,65
DA:3275,56
DA:3279,70
DA:3283,72
DA:3287,66
DA:3291,74
DA:3295,73
DA:3299,57
DA:3303,4
DA:3332,23
DA:3336,32
DA:3340,23
DA:3344,36
DA:3348,41
DA:3352,37
DA:3356,35
DA:3360,35
DA:3364,23
DA:3368,1
DA:3398,12
DA:3402,11
DA:3406,4
DA:3410,10
DA:3414,15
DA:3418,16
DA:3422,16
DA:3426,15
DA:3430,5
DA:3434,2
DA:3464,10
DA:3468,7
DA:3472,6
DA:3476,13
DA:3480,15
DA:3484,14
DA:3488,16
DA:3492,17
DA:3496,6
DA:3500,2
DA:3508,77
DA:3512,62
DA:3520,77
DA:3524,67
DA:3532,70
DA:3536,65
DA:3544,40
DA:3548,36
DA:3556,14
DA:3560,16
DA:3568,16
DA:3572,15
DA:3576,2
DA:3577,5
DA:3578,2
DA:3579,4
DA:3580,5
DA:3581,1
DA:3582,5
DA:3583,5
DA:3584,6
DA:3585,8
DA:3586,7
DA:3587,7
DA:3588,9
DA:3589,10
DA:3590,10
DA:3591,3
DA:3592,5
DA:3593,11
DA:3594,13
DA:3595,166
DA:3596,156
DA:3597,10
DA:3598,10
DA:3599,10
DA:3600,10
DA:3601,10
DA:3602,10
DA:3603,10
DA:3604,10
DA:3605,10
DA:3606,10
DA:3607,10
DA:3609,156
DA:3610,156
DA:3611,156
DA:3612,156
DA:3613,156
DA:3614,156
DA:3615,156
DA:3616,156
DA:3617,156
DA:3618,156
DA:3619,156
DA:3620,156
DA:3623,163
DA:3624,163
DA:3625,163
DA:3626,163
DA:3627,163
DA:3628,163
DA:3629,163
DA:3630,163
DA:3631,163
DA:3632,163
DA:3633,163
DA:3634,163
DA:3635,163
DA:3636,163
DA:3637,163
DA:3638,163
DA:3639,163
DA:3640,163
DA:3641,163
DA:3642,163
DA:3643,163
DA:3644,163
DA:3645,163
DA:3646,163
DA:3647,163
DA:3648,163
DA:3649,163
DA:3650,163
DA:3651,163
DA:3652,163
DA:3653,163
DA:3654,163
DA:3661,3
DA:3689,3
DA:3690,1
DA:3691,1
DA:3692,1
DA:3693,1
DA:3694,1
DA:3695,1
DA:3696,1
DA:3697,1
DA:3698,1
DA:3699,1
DA:3700,1
LF:1204
LH:1177
end_of_record
TN:verilator_coverage
SF:/home/UnityChipForXiangShan/dut/F3Predecoder/F3Predecoder.v
FNF:0
FNH:0
DA:59,1
DA:60,1
DA:61,1
DA:62,1
DA:63,1
DA:64,1
DA:65,1
DA:66,1
DA:67,1
DA:68,1
DA:69,1
DA:70,1
DA:71,1
DA:72,1
DA:73,1
DA:74,1
DA:75,0
DA:76,0
DA:77,1
DA:78,0
DA:79,1
DA:80,1
DA:81,1
DA:82,1
DA:83,1
DA:84,0
DA:85,1
DA:86,1
DA:87,1
DA:88,1
DA:89,0
DA:90,1
DA:91,1
DA:92,1
DA:93,1
DA:94,0
DA:95,1
DA:96,1
DA:97,0
DA:98,1
DA:99,1
DA:100,0
DA:101,1
DA:102,0
DA:103,1
DA:104,1
DA:105,0
DA:106,1
DA:107,1
DA:108,1
DA:109,0
DA:110,0
DA:111,1
DA:112,1
DA:113,0
DA:114,1
DA:115,0
DA:116,1
DA:117,1
DA:118,1
DA:119,0
DA:120,1
DA:121,1
DA:122,1
DA:130,0
DA:143,1
DA:145,0
DA:157,1
DA:160,1
DA:169,0
DA:182,1
DA:184,0
DA:196,1
DA:199,1
DA:208,1
DA:221,1
DA:223,1
DA:235,1
DA:238,1
DA:247,0
DA:260,1
DA:262,0
DA:274,1
DA:277,1
DA:286,1
DA:299,1
DA:301,1
DA:313,1
DA:316,1
DA:325,1
DA:338,1
DA:340,1
DA:352,1
DA:355,1
DA:364,1
DA:377,1
DA:379,1
DA:391,1
DA:394,1
DA:403,1
DA:416,1
DA:418,1
DA:430,1
DA:433,1
DA:442,1
DA:455,1
DA:457,1
DA:469,1
DA:472,1
DA:481,0
DA:494,1
DA:496,0
DA:508,1
DA:511,1
DA:520,0
DA:533,1
DA:535,0
DA:547,1
DA:550,1
DA:559,1
DA:572,1
DA:574,1
DA:586,1
DA:589,1
DA:598,1
DA:611,1
DA:613,1
DA:625,1
DA:628,1
DA:637,1
DA:650,1
DA:652,1
DA:664,1
DA:667,1
DA:676,1
DA:689,1
DA:691,1
DA:703,1
DA:706,1
DA:715,1
DA:728,1
DA:730,1
DA:742,1
DA:745,1
LF:144
LH:119
end_of_record
TN:verilator_coverage
SF:/home/UnityChipForXiangShan/dut/F3Predecoder/F3Predecoder_top.sv
FNF:0
FNH:0
DA:3,1
DA:4,1
DA:5,1
DA:6,1
DA:7,1
DA:8,1
DA:9,1
DA:10,1
DA:11,1
DA:12,1
DA:13,1
DA:14,1
DA:15,1
DA:16,1
DA:17,1
DA:18,1
DA:19,0
DA:20,0
DA:21,1
DA:22,0
DA:23,1
DA:24,1
DA:25,1
DA:26,1
DA:27,1
DA:28,0
DA:29,1
DA:30,1
DA:31,1
DA:32,1
DA:33,0
DA:34,1
DA:35,1
DA:36,1
DA:37,1
DA:38,0
DA:39,1
DA:40,1
DA:41,0
DA:42,1
DA:43,1
DA:44,0
DA:45,1
DA:46,0
DA:47,1
DA:48,1
DA:49,0
DA:50,1
DA:51,1
DA:52,1
DA:53,0
DA:54,0
DA:55,1
DA:56,1
DA:57,0
DA:58,1
DA:59,0
DA:60,1
DA:61,1
DA:62,1
DA:63,0
DA:64,1
DA:65,1
DA:66,1
DA:219,0
DA:221,0
DA:224,1
DA:226,1
DA:229,0
DA:231,0
DA:234,1
DA:236,1
DA:239,0
DA:241,0
DA:244,1
DA:246,1
DA:249,0
DA:251,0
DA:254,1
DA:256,1
DA:259,0
DA:261,0
DA:264,1
DA:266,1
DA:269,0
DA:271,0
DA:274,1
DA:276,1
DA:279,0
DA:281,0
DA:284,1
DA:286,1
DA:289,0
DA:291,0
DA:294,1
DA:296,1
DA:299,0
DA:301,0
DA:304,1
DA:306,1
DA:309,0
DA:311,0
DA:314,1
DA:316,1
DA:319,0
DA:321,0
DA:324,1
DA:326,1
DA:329,0
DA:331,0
DA:334,1
DA:336,1
DA:339,0
DA:341,0
DA:344,1
DA:346,1
DA:349,0
DA:351,0
DA:354,1
DA:356,1
DA:359,0
DA:361,0
DA:364,1
DA:366,1
DA:369,0
DA:371,0
DA:374,1
DA:376,1
DA:379,10
DA:381,10
DA:384,10
DA:386,10
DA:389,10
DA:391,10
DA:394,10
DA:396,10
DA:399,10
DA:401,10
DA:404,10
DA:406,10
DA:409,10
DA:411,10
DA:414,10
DA:416,10
DA:419,10
DA:421,10
DA:424,10
DA:426,10
DA:429,10
DA:431,10
DA:434,10
DA:436,10
DA:439,10
DA:441,10
DA:444,10
DA:446,10
DA:449,10
DA:451,10
DA:454,10
DA:456,10
DA:459,10
DA:461,10
DA:464,10
DA:466,10
DA:469,10
DA:471,10
DA:474,10
DA:476,10
DA:479,10
DA:481,10
DA:484,10
DA:486,10
DA:489,10
DA:491,10
DA:494,10
DA:496,10
DA:499,10
DA:501,10
DA:504,10
DA:506,10
DA:509,10
DA:511,10
DA:514,10
DA:516,10
DA:519,10
DA:521,10
DA:524,10
DA:526,10
DA:529,10
DA:531,10
DA:534,10
DA:536,10
DA:539,10
DA:541,10
DA:544,10
DA:546,10
DA:549,10
DA:551,10
DA:554,10
DA:556,10
DA:559,10
DA:561,10
DA:564,10
DA:566,10
DA:569,10
DA:571,10
DA:574,10
DA:576,10
DA:579,10
DA:581,10
DA:584,10
DA:586,10
DA:589,10
DA:591,10
DA:594,10
DA:596,10
DA:599,10
DA:601,10
DA:604,10
DA:606,10
DA:609,10
DA:611,10
DA:614,10
DA:616,10
DA:621,1
DA:622,1
DA:623,1
DA:627,0
DA:628,0
LF:229
LH:180
end_of_record
TN:verilator_coverage
SF:/home/UnityChipForXiangShan/dut/FrontendTrigger/FrontendTrigger.v
FNF:0
FNH:0
DA:59,16
DA:60,2
DA:61,1
DA:62,1
DA:63,1
DA:64,1
DA:65,2
DA:66,1
DA:67,3
DA:68,2
DA:69,1
DA:70,1
DA:71,2
DA:72,1
DA:73,2
DA:74,1
DA:75,1
DA:76,1
DA:77,1
DA:78,1
DA:79,0
DA:80,2
DA:81,1
DA:82,1
DA:83,1
DA:84,1
DA:85,1
DA:86,1
DA:87,1
DA:88,1
DA:89,1
DA:90,3
DA:91,3
DA:92,3
DA:93,3
DA:94,3
DA:95,3
DA:96,3
DA:97,3
DA:98,3
DA:99,3
DA:100,3
DA:101,3
DA:102,3
DA:103,3
DA:104,3
DA:105,3
DA:108,1
DA:109,2
DA:110,2
DA:111,2
DA:112,0
DA:113,3
DA:114,2
DA:115,0
DA:116,0
DA:117,2
DA:118,1
DA:119,2
DA:120,2
DA:121,2
DA:122,2
DA:123,2
DA:124,1
DA:125,2
DA:126,1
DA:127,0
DA:128,0
DA:129,2
DA:130,0
DA:131,2
DA:132,3
DA:133,3
DA:134,2
DA:135,2
DA:137,4
DA:138,1
DA:140,1
DA:141,3
DA:142,1
DA:143,2
DA:144,1
DA:145,0
DA:146,2
DA:147,1
DA:148,1
DA:149,1
DA:150,2
DA:151,1
DA:152,1
DA:153,2
DA:154,3
DA:155,2
DA:156,1
DA:157,3
DA:158,4
DA:159,2
DA:160,3
DA:161,3
DA:162,3
DA:163,2
DA:164,2
DA:165,3
DA:166,2
DA:167,3
DA:168,3
DA:169,2
DA:170,2
DA:171,3
DA:172,4
DA:173,4
DA:174,3
DA:175,2
DA:176,3
DA:177,4
DA:178,5
DA:179,4
DA:180,4
DA:181,4
DA:182,4
DA:183,3
DA:184,4
DA:185,3
DA:186,4
DA:189,1
DA:190,1
DA:191,2
DA:192,2
DA:193,1
DA:194,3
DA:195,2
DA:196,2
DA:197,2
DA:198,1
DA:199,1
DA:200,0
DA:201,2
DA:202,2
DA:203,2
DA:238,0
DA:250,0
DA:267,0
DA:284,1
DA:301,1
DA:318,1
DA:335,1
DA:352,0
DA:369,0
DA:386,0
DA:403,1
DA:420,1
DA:437,0
DA:454,0
DA:471,0
DA:488,0
DA:504,3
DA:505,0
DA:507,3
DA:508,3
DA:509,1
DA:510,2
DA:511,1
DA:512,0
DA:513,2
DA:514,1
DA:515,1
DA:516,1
DA:517,2
DA:518,1
DA:519,1
DA:520,2
DA:521,3
DA:522,2
DA:523,1
DA:524,3
DA:525,2
DA:526,2
DA:527,3
DA:528,2
DA:529,3
DA:530,3
DA:531,2
DA:532,1
DA:533,2
DA:534,3
DA:535,2
DA:536,2
DA:537,3
DA:538,2
DA:539,3
DA:540,1
DA:541,3
DA:542,1
DA:543,1
DA:544,2
DA:545,2
DA:546,3
DA:547,3
DA:548,2
DA:549,2
DA:550,2
DA:551,3
DA:552,3
DA:553,3
DA:556,1
DA:557,1
DA:558,2
DA:559,2
DA:560,1
DA:561,3
DA:562,2
DA:563,2
DA:564,2
DA:565,1
DA:566,1
DA:567,0
DA:568,2
DA:569,2
DA:570,2
DA:605,2
DA:617,3
DA:634,3
DA:651,2
DA:668,3
DA:685,2
DA:702,2
DA:719,3
DA:736,3
DA:753,3
DA:770,2
DA:787,2
DA:804,3
DA:821,3
DA:838,2
DA:855,2
DA:871,3
DA:872,0
DA:874,1
DA:875,2
DA:876,1
DA:877,2
DA:878,1
DA:879,0
DA:880,2
DA:881,1
DA:882,1
DA:883,1
DA:884,2
DA:885,1
DA:886,1
DA:887,2
DA:888,3
DA:889,2
DA:890,1
DA:891,3
DA:892,3
DA:893,3
DA:894,2
DA:895,3
DA:896,2
DA:897,2
DA:898,3
DA:899,2
DA:900,3
DA:901,3
DA:902,2
DA:903,2
DA:904,3
DA:905,2
DA:906,3
DA:907,1
DA:908,2
DA:909,2
DA:910,1
DA:911,3
DA:912,2
DA:913,2
DA:914,3
DA:915,1
DA:916,2
DA:917,3
DA:918,1
DA:919,2
DA:920,1
DA:923,1
DA:924,1
DA:925,2
DA:926,2
DA:927,1
DA:928,3
DA:929,2
DA:930,2
DA:931,2
DA:932,1
DA:933,1
DA:934,0
DA:935,2
DA:936,2
DA:937,2
DA:972,1
DA:984,0
DA:1001,0
DA:1018,1
DA:1035,1
DA:1052,0
DA:1069,1
DA:1086,0
DA:1103,1
DA:1120,1
DA:1137,1
DA:1154,1
DA:1171,1
DA:1188,1
DA:1205,0
DA:1222,1
DA:1238,2
DA:1239,1
DA:1241,2
DA:1242,2
DA:1243,1
DA:1244,2
DA:1245,1
DA:1246,0
DA:1247,2
DA:1248,1
DA:1249,1
DA:1250,1
DA:1251,2
DA:1252,1
DA:1253,1
DA:1254,2
DA:1255,3
DA:1256,2
DA:1257,1
DA:1258,2
DA:1259,2
DA:1260,3
DA:1261,2
DA:1262,2
DA:1263,3
DA:1264,2
DA:1265,3
DA:1266,2
DA:1267,2
DA:1268,2
DA:1269,3
DA:1270,3
DA:1271,3
DA:1272,3
DA:1273,3
DA:1274,1
DA:1275,3
DA:1276,1
DA:1277,2
DA:1278,2
DA:1279,2
DA:1280,2
DA:1281,3
DA:1282,3
DA:1283,2
DA:1284,3
DA:1285,3
DA:1286,3
DA:1287,3
DA:1290,1
DA:1291,1
DA:1292,2
DA:1293,2
DA:1294,1
DA:1295,3
DA:1296,2
DA:1297,2
DA:1298,2
DA:1299,1
DA:1300,1
DA:1301,0
DA:1302,2
DA:1303,2
DA:1304,2
DA:1339,2
DA:1340,2
DA:1341,2
DA:1342,1
DA:1343,3
DA:1347,1
DA:1369,3
DA:1371,3
DA:1377,0
DA:1378,3
DA:1382,1
DA:1410,2
DA:1414,3
DA:1420,0
DA:1421,2
DA:1425,1
DA:1453,3
DA:1457,3
DA:1463,1
DA:1464,3
DA:1468,1
DA:1496,3
DA:1500,3
DA:1506,0
DA:1507,3
DA:1511,0
DA:1539,2
DA:1543,3
DA:1549,0
DA:1550,2
DA:1554,0
DA:1582,3
DA:1586,3
DA:1592,1
DA:1593,3
DA:1597,1
DA:1625,2
DA:1629,3
DA:1635,0
DA:1636,3
DA:1640,0
DA:1668,3
DA:1672,3
DA:1678,1
DA:1679,2
DA:1683,0
DA:1711,3
DA:1715,3
DA:1721,0
DA:1722,2
DA:1726,0
DA:1754,2
DA:1758,3
DA:1764,0
DA:1765,3
DA:1769,1
DA:1797,3
DA:1801,2
DA:1807,1
DA:1808,3
DA:1812,0
DA:1840,2
DA:1844,3
DA:1850,1
DA:1851,2
DA:1855,1
DA:1883,2
DA:1887,3
DA:1893,1
DA:1894,2
DA:1898,0
DA:1926,3
DA:1930,3
DA:1936,1
DA:1937,2
DA:1941,1
DA:1969,3
DA:1973,3
DA:1979,0
DA:1980,2
DA:1984,0
DA:2010,3
DA:2014,3
DA:2028,9
DA:2029,7
DA:2030,2
DA:2031,2
DA:2032,2
DA:2033,2
DA:2034,2
DA:2035,2
DA:2036,2
DA:2037,2
DA:2038,2
DA:2039,2
DA:2040,2
DA:2041,2
DA:2042,2
DA:2043,2
DA:2044,2
DA:2045,2
DA:2046,2
DA:2047,2
DA:2048,2
DA:2049,2
DA:2050,2
DA:2051,2
DA:2052,2
DA:2053,2
DA:2054,2
DA:2055,2
DA:2056,2
DA:2057,2
DA:2059,7
DA:2060,5
DA:2061,5
DA:2062,5
DA:2063,5
DA:2064,5
DA:2065,5
DA:2067,7
DA:2068,7
DA:2069,0
DA:2070,0
DA:2071,0
DA:2072,0
DA:2073,0
DA:2075,7
DA:2076,7
DA:2077,0
DA:2078,0
DA:2079,0
DA:2080,0
DA:2081,0
DA:2083,7
DA:2084,7
DA:2085,0
DA:2086,0
DA:2087,0
DA:2088,0
DA:2089,0
DA:2091,7
DA:2092,7
DA:2093,7
DA:2094,7
DA:2095,7
DA:2103,1
DA:2140,1
DA:2141,0
DA:2142,0
DA:2143,0
DA:2144,0
DA:2145,0
DA:2146,0
DA:2147,0
DA:2148,0
DA:2149,0
DA:2150,0
DA:2151,0
DA:2152,0
DA:2153,0
DA:2154,0
DA:2155,0
DA:2156,0
DA:2157,0
DA:2158,0
DA:2159,0
DA:2160,0
DA:2161,0
DA:2162,0
DA:2163,0
DA:2164,0
DA:2165,0
DA:2166,0
DA:2167,0
DA:2168,0
LF:555
LH:464
end_of_record
TN:verilator_coverage
SF:/home/UnityChipForXiangShan/dut/FrontendTrigger/FrontendTrigger_top.sv
FNF:0
FNH:0
DA:3,16
DA:4,2
DA:5,1
DA:6,1
DA:7,1
DA:8,1
DA:9,2
DA:10,1
DA:11,3
DA:12,2
DA:13,1
DA:14,1
DA:15,2
DA:16,1
DA:17,2
DA:18,1
DA:19,1
DA:20,1
DA:21,1
DA:22,1
DA:23,0
DA:24,2
DA:25,1
DA:26,1
DA:27,1
DA:28,1
DA:29,1
DA:30,1
DA:31,1
DA:32,1
DA:33,1
DA:34,3
DA:35,3
DA:36,3
DA:37,3
DA:38,3
DA:39,3
DA:40,3
DA:41,3
DA:42,3
DA:43,3
DA:44,3
DA:45,3
DA:46,3
DA:47,3
DA:48,3
DA:49,3
DA:598,0
DA:600,0
DA:603,16
DA:605,16
DA:608,8
DA:610,8
DA:613,2
DA:615,2
DA:618,8
DA:620,8
DA:623,2
DA:625,2
DA:628,8
DA:630,8
DA:633,1
DA:635,1
DA:638,8
DA:640,8
DA:643,1
DA:645,1
DA:648,8
DA:650,8
DA:653,1
DA:655,1
DA:658,8
DA:660,8
DA:663,1
DA:665,1
DA:668,8
DA:670,8
DA:673,1
DA:675,1
DA:678,8
DA:680,8
DA:683,2
DA:685,2
DA:688,8
DA:690,8
DA:693,2
DA:695,2
DA:698,8
DA:700,8
DA:703,1
DA:705,1
DA:708,8
DA:710,8
DA:713,1
DA:715,1
DA:718,8
DA:720,8
DA:723,1
DA:725,1
DA:728,8
DA:730,8
DA:733,1
DA:735,1
DA:738,8
DA:740,8
DA:743,2
DA:745,2
DA:748,18
DA:750,18
DA:753,18
DA:755,18
DA:758,18
DA:760,18
DA:763,18
DA:765,18
DA:768,18
DA:770,18
DA:773,18
DA:775,18
DA:778,18
DA:780,18
DA:783,18
DA:785,18
DA:788,18
DA:790,18
DA:793,18
DA:795,18
DA:798,18
DA:800,18
DA:803,18
DA:805,18
DA:808,18
DA:810,18
DA:813,18
DA:815,18
DA:818,18
DA:820,18
DA:823,18
DA:825,18
DA:828,8
DA:830,8
DA:833,2
DA:835,2
DA:838,8
DA:840,8
DA:843,2
DA:845,2
DA:848,8
DA:850,8
DA:853,2
DA:855,2
DA:858,8
DA:860,8
DA:863,2
DA:865,2
DA:868,8
DA:870,8
DA:873,2
DA:875,2
DA:878,8
DA:880,8
DA:883,2
DA:885,2
DA:888,8
DA:890,8
DA:893,2
DA:895,2
DA:898,8
DA:900,8
DA:903,2
DA:905,2
DA:908,8
DA:910,8
DA:913,2
DA:915,2
DA:918,8
DA:920,8
DA:923,2
DA:925,2
DA:928,8
DA:930,8
DA:933,2
DA:935,2
DA:938,8
DA:940,8
DA:943,2
DA:945,2
DA:948,8
DA:950,8
DA:953,2
DA:955,2
DA:958,8
DA:960,8
DA:963,2
DA:965,2
DA:968,8
DA:970,8
DA:973,2
DA:975,2
DA:978,8
DA:980,8
DA:983,2
DA:985,2
DA:988,18
DA:990,18
DA:993,18
DA:995,18
DA:998,18
DA:1000,18
DA:1003,18
DA:1005,18
DA:1008,18
DA:1010,18
DA:1013,18
DA:1015,18
DA:1018,18
DA:1020,18
DA:1023,18
DA:1025,18
DA:1028,18
DA:1030,18
DA:1033,18
DA:1035,18
DA:1038,18
DA:1040,18
DA:1043,18
DA:1045,18
DA:1048,18
DA:1050,18
DA:1053,18
DA:1055,18
DA:1058,18
DA:1060,18
DA:1063,18
DA:1065,18
DA:1068,18
DA:1070,18
DA:1073,18
DA:1075,18
DA:1078,18
DA:1080,18
DA:1083,18
DA:1085,18
DA:1088,18
DA:1090,18
DA:1093,18
DA:1095,18
DA:1098,18
DA:1100,18
DA:1103,18
DA:1105,18
DA:1108,17
DA:1110,17
DA:1113,17
DA:1115,17
DA:1118,17
DA:1120,17
DA:1123,17
DA:1125,17
DA:1128,17
DA:1130,17
DA:1133,17
DA:1135,17
DA:1138,17
DA:1140,17
DA:1143,17
DA:1145,17
DA:1148,17
DA:1150,17
DA:1153,17
DA:1155,17
DA:1158,17
DA:1160,17
DA:1163,17
DA:1165,17
DA:1168,17
DA:1170,17
DA:1173,17
DA:1175,17
DA:1178,17
DA:1180,17
DA:1183,17
DA:1185,17
DA:1188,17
DA:1190,17
DA:1193,17
DA:1195,17
DA:1198,17
DA:1200,17
DA:1203,17
DA:1205,17
DA:1208,17
DA:1210,17
DA:1213,17
DA:1215,17
DA:1218,17
DA:1220,17
DA:1223,17
DA:1225,17
DA:1228,17
DA:1230,17
DA:1233,17
DA:1235,17
DA:1238,17
DA:1240,17
DA:1243,17
DA:1245,17
DA:1248,17
DA:1250,17
DA:1253,17
DA:1255,17
DA:1258,17
DA:1260,17
DA:1263,17
DA:1265,17
DA:1268,17
DA:1270,17
DA:1273,17
DA:1275,17
DA:1278,17
DA:1280,17
DA:1283,17
DA:1285,17
DA:1288,17
DA:1290,17
DA:1293,17
DA:1295,17
DA:1298,17
DA:1300,17
DA:1303,17
DA:1305,17
DA:1308,17
DA:1310,17
DA:1313,17
DA:1315,17
DA:1318,17
DA:1320,17
DA:1323,17
DA:1325,17
DA:1328,17
DA:1330,17
DA:1333,17
DA:1335,17
DA:1338,17
DA:1340,17
DA:1343,17
DA:1345,17
DA:1348,17
DA:1350,17
DA:1353,17
DA:1355,17
DA:1358,17
DA:1360,17
DA:1363,17
DA:1365,17
DA:1368,17
DA:1370,17
DA:1373,17
DA:1375,17
DA:1378,17
DA:1380,17
DA:1383,17
DA:1385,17
DA:1388,17
DA:1390,17
DA:1393,17
DA:1395,17
DA:1398,17
DA:1400,17
DA:1403,17
DA:1405,17
DA:1408,17
DA:1410,17
DA:1413,17
DA:1415,17
DA:1418,17
DA:1420,17
DA:1423,17
DA:1425,17
DA:1428,17
DA:1430,17
DA:1433,17
DA:1435,17
DA:1438,17
DA:1440,17
DA:1443,17
DA:1445,17
DA:1448,17
DA:1450,17
DA:1453,17
DA:1455,17
DA:1458,17
DA:1460,17
DA:1463,17
DA:1465,17
DA:1468,17
DA:1470,17
DA:1473,17
DA:1475,17
DA:1478,17
DA:1480,17
DA:1483,17
DA:1485,17
DA:1488,17
DA:1490,17
DA:1493,17
DA:1495,17
DA:1498,17
DA:1500,17
DA:1503,17
DA:1505,17
DA:1508,17
DA:1510,17
DA:1513,17
DA:1515,17
DA:1518,17
DA:1520,17
DA:1523,17
DA:1525,17
DA:1528,17
DA:1530,17
DA:1533,17
DA:1535,17
DA:1538,17
DA:1540,17
DA:1543,17
DA:1545,17
DA:1548,17
DA:1550,17
DA:1553,17
DA:1555,17
DA:1558,17
DA:1560,17
DA:1563,17
DA:1565,17
DA:1568,17
DA:1570,17
DA:1573,17
DA:1575,17
DA:1578,17
DA:1580,17
DA:1583,17
DA:1585,17
DA:1588,17
DA:1590,17
DA:1593,17
DA:1595,17
DA:1598,17
DA:1600,17
DA:1603,17
DA:1605,17
DA:1608,17
DA:1610,17
DA:1613,17
DA:1615,17
DA:1618,17
DA:1620,17
DA:1623,17
DA:1625,17
DA:1628,17
DA:1630,17
DA:1633,17
DA:1635,17
DA:1638,17
DA:1640,17
DA:1643,17
DA:1645,17
DA:1648,17
DA:1650,17
DA:1653,17
DA:1655,17
DA:1658,17
DA:1660,17
DA:1663,17
DA:1665,17
DA:1668,17
DA:1670,17
DA:1673,17
DA:1675,17
DA:1678,17
DA:1680,17
DA:1683,17
DA:1685,17
DA:1688,17
DA:1690,17
DA:1693,17
DA:1695,17
DA:1698,17
DA:1700,17
DA:1703,17
DA:1705,17
DA:1708,17
DA:1710,17
DA:1713,17
DA:1715,17
DA:1718,17
DA:1720,17
DA:1723,17
DA:1725,17
DA:1728,17
DA:1730,17
DA:1733,17
DA:1735,17
DA:1738,17
DA:1740,17
DA:1743,17
DA:1745,17
DA:1748,17
DA:1750,17
DA:1753,17
DA:1755,17
DA:1758,17
DA:1760,17
DA:1763,17
DA:1765,17
DA:1768,17
DA:1770,17
DA:1773,17
DA:1775,17
DA:1778,17
DA:1780,17
DA:1783,17
DA:1785,17
DA:1788,17
DA:1790,17
DA:1793,17
DA:1795,17
DA:1798,17
DA:1800,17
DA:1803,17
DA:1805,17
DA:1808,17
DA:1810,17
DA:1813,17
DA:1815,17
DA:1818,17
DA:1820,17
DA:1823,17
DA:1825,17
DA:1828,17
DA:1830,17
DA:1833,17
DA:1835,17
DA:1838,17
DA:1840,17
DA:1843,17
DA:1845,17
DA:1848,17
DA:1850,17
DA:1853,17
DA:1855,17
DA:1858,17
DA:1860,17
DA:1863,17
DA:1865,17
DA:1868,17
DA:1870,17
DA:1873,17
DA:1875,17
DA:1878,17
DA:1880,17
DA:1883,17
DA:1885,17
DA:1888,17
DA:1890,17
DA:1893,17
DA:1895,17
DA:1898,17
DA:1900,17
DA:1903,17
DA:1905,17
DA:1908,17
DA:1910,17
DA:1913,17
DA:1915,17
DA:1918,17
DA:1920,17
DA:1923,17
DA:1925,17
DA:1928,17
DA:1930,17
DA:1933,17
DA:1935,17
DA:1938,17
DA:1940,17
DA:1943,17
DA:1945,17
DA:1948,17
DA:1950,17
DA:1953,17
DA:1955,17
DA:1958,17
DA:1960,17
DA:1963,17
DA:1965,17
DA:1968,17
DA:1970,17
DA:1973,17
DA:1975,17
DA:1978,17
DA:1980,17
DA:1983,17
DA:1985,17
DA:1988,17
DA:1990,17
DA:1993,17
DA:1995,17
DA:1998,17
DA:2000,17
DA:2003,17
DA:2005,17
DA:2008,17
DA:2010,17
DA:2013,17
DA:2015,17
DA:2018,17
DA:2020,17
DA:2023,17
DA:2025,17
DA:2028,17
DA:2030,17
DA:2033,17
DA:2035,17
DA:2038,17
DA:2040,17
DA:2043,17
DA:2045,17
DA:2048,17
DA:2050,17
DA:2053,17
DA:2055,17
DA:2058,17
DA:2060,17
DA:2063,17
DA:2065,17
DA:2068,17
DA:2070,17
DA:2073,17
DA:2075,17
DA:2078,17
DA:2080,17
DA:2083,17
DA:2085,17
DA:2088,17
DA:2090,17
DA:2093,17
DA:2095,17
DA:2098,17
DA:2100,17
DA:2103,17
DA:2105,17
DA:2108,17
DA:2110,17
DA:2113,17
DA:2115,17
DA:2118,17
DA:2120,17
DA:2123,17
DA:2125,17
DA:2128,17
DA:2130,17
DA:2133,17
DA:2135,17
DA:2138,17
DA:2140,17
DA:2143,17
DA:2145,17
DA:2148,17
DA:2150,17
DA:2153,17
DA:2155,17
DA:2158,17
DA:2160,17
DA:2163,17
DA:2165,17
DA:2168,17
DA:2170,17
DA:2173,17
DA:2175,17
DA:2178,17
DA:2180,17
DA:2183,17
DA:2185,17
DA:2188,17
DA:2190,17
DA:2193,17
DA:2195,17
DA:2198,17
DA:2200,17
DA:2203,17
DA:2205,17
DA:2208,17
DA:2210,17
DA:2213,17
DA:2215,17
DA:2218,17
DA:2220,17
DA:2223,17
DA:2225,17
DA:2228,17
DA:2230,17
DA:2233,17
DA:2235,17
DA:2238,17
DA:2240,17
DA:2243,17
DA:2245,17
DA:2248,17
DA:2250,17
DA:2253,17
DA:2255,17
DA:2258,17
DA:2260,17
DA:2263,17
DA:2265,17
DA:2268,17
DA:2270,17
DA:2273,17
DA:2275,17
DA:2278,17
DA:2280,17
DA:2283,17
DA:2285,17
DA:2288,17
DA:2290,17
DA:2293,17
DA:2295,17
DA:2298,17
DA:2300,17
DA:2303,17
DA:2305,17
DA:2308,17
DA:2310,17
DA:2313,17
DA:2315,17
DA:2318,17
DA:2320,17
DA:2323,17
DA:2325,17
DA:2328,17
DA:2330,17
DA:2333,17
DA:2335,17
DA:2338,17
DA:2340,17
DA:2343,17
DA:2345,17
DA:2348,17
DA:2350,17
DA:2353,17
DA:2355,17
DA:2358,17
DA:2360,17
DA:2363,17
DA:2365,17
DA:2368,17
DA:2370,17
DA:2373,17
DA:2375,17
DA:2378,17
DA:2380,17
DA:2383,17
DA:2385,17
DA:2388,17
DA:2390,17
DA:2393,17
DA:2395,17
DA:2398,17
DA:2400,17
DA:2403,17
DA:2405,17
DA:2408,17
DA:2410,17
DA:2413,17
DA:2415,17
DA:2418,17
DA:2420,17
DA:2423,17
DA:2425,17
DA:2428,17
DA:2430,17
DA:2433,17
DA:2435,17
DA:2438,17
DA:2440,17
DA:2443,17
DA:2445,17
DA:2448,17
DA:2450,17
DA:2453,17
DA:2455,17
DA:2458,17
DA:2460,17
DA:2463,17
DA:2465,17
DA:2468,17
DA:2470,17
DA:2473,17
DA:2475,17
DA:2478,17
DA:2480,17
DA:2483,17
DA:2485,17
DA:2488,17
DA:2490,17
DA:2493,17
DA:2495,17
DA:2498,17
DA:2500,17
DA:2503,17
DA:2505,17
DA:2508,17
DA:2510,17
DA:2513,17
DA:2515,17
DA:2518,17
DA:2520,17
DA:2523,17
DA:2525,17
DA:2528,17
DA:2530,17
DA:2533,17
DA:2535,17
DA:2538,17
DA:2540,17
DA:2543,17
DA:2545,17
DA:2548,17
DA:2550,17
DA:2553,17
DA:2555,17
DA:2558,17
DA:2560,17
DA:2563,17
DA:2565,17
DA:2568,17
DA:2570,17
DA:2573,17
DA:2575,17
DA:2578,17
DA:2580,17
DA:2583,17
DA:2585,17
DA:2588,17
DA:2590,17
DA:2593,17
DA:2595,17
DA:2598,17
DA:2600,17
DA:2603,17
DA:2605,17
DA:2608,17
DA:2610,17
DA:2613,17
DA:2615,17
DA:2618,17
DA:2620,17
DA:2623,17
DA:2625,17
DA:2628,17
DA:2630,17
DA:2633,17
DA:2635,17
DA:2638,17
DA:2640,17
DA:2643,17
DA:2645,17
DA:2648,17
DA:2650,17
DA:2653,17
DA:2655,17
DA:2658,17
DA:2660,17
DA:2663,17
DA:2665,17
DA:2668,17
DA:2670,17
DA:2673,17
DA:2675,17
DA:2678,17
DA:2680,17
DA:2683,17
DA:2685,17
DA:2688,17
DA:2690,17
DA:2693,17
DA:2695,17
DA:2698,17
DA:2700,17
DA:2703,17
DA:2705,17
DA:2708,17
DA:2710,17
DA:2713,17
DA:2715,17
DA:2718,17
DA:2720,17
DA:2723,17
DA:2725,17
DA:2728,17
DA:2730,17
DA:2733,17
DA:2735,17
DA:2738,17
DA:2740,17
DA:2743,17
DA:2745,17
DA:2748,17
DA:2750,17
DA:2753,17
DA:2755,17
DA:2758,17
DA:2760,17
DA:2763,17
DA:2765,17
DA:2768,17
DA:2770,17
DA:2773,17
DA:2775,17
DA:2778,17
DA:2780,17
DA:2783,17
DA:2785,17
DA:2788,17
DA:2790,17
DA:2793,17
DA:2795,17
DA:2798,17
DA:2800,17
DA:2803,17
DA:2805,17
DA:2808,17
DA:2810,17
DA:2813,17
DA:2815,17
DA:2818,17
DA:2820,17
DA:2823,17
DA:2825,17
DA:2828,17
DA:2830,17
DA:2833,17
DA:2835,17
DA:2838,17
DA:2840,17
DA:2843,17
DA:2845,17
DA:2848,17
DA:2850,17
DA:2853,17
DA:2855,17
DA:2858,17
DA:2860,17
DA:2863,17
DA:2865,17
DA:2868,17
DA:2870,17
DA:2873,17
DA:2875,17
DA:2878,17
DA:2880,17
DA:2883,17
DA:2885,17
DA:2888,17
DA:2890,17
DA:2893,17
DA:2895,17
DA:2898,17
DA:2900,17
DA:2903,17
DA:2905,17
DA:2908,17
DA:2910,17
DA:2913,17
DA:2915,17
DA:2918,17
DA:2920,17
DA:2923,17
DA:2925,17
DA:2928,17
DA:2930,17
DA:2933,17
DA:2935,17
DA:2938,17
DA:2940,17
DA:2943,17
DA:2945,17
DA:2948,17
DA:2950,17
DA:2953,17
DA:2955,17
DA:2958,17
DA:2960,17
DA:2963,17
DA:2965,17
DA:2968,17
DA:2970,17
DA:2973,17
DA:2975,17
DA:2978,17
DA:2980,17
DA:2983,17
DA:2985,17
DA:2988,17
DA:2990,17
DA:2993,17
DA:2995,17
DA:2998,17
DA:3000,17
DA:3003,17
DA:3005,17
DA:3008,17
DA:3010,17
DA:3013,17
DA:3015,17
DA:3018,17
DA:3020,17
DA:3023,17
DA:3025,17
DA:3028,17
DA:3030,17
DA:3033,17
DA:3035,17
DA:3038,17
DA:3040,17
DA:3043,17
DA:3045,17
DA:3048,17
DA:3050,17
DA:3053,17
DA:3055,17
DA:3058,17
DA:3060,17
DA:3065,1
DA:3066,1
DA:3067,1
DA:3071,0
DA:3072,0
LF:1038
LH:1033
end_of_record
TN:verilator_coverage
SF:/home/UnityChipForXiangShan/dut/PreDecode/PreDecode.v
FNF:0
FNH:0
DA:59,1
DA:60,1
DA:61,1
DA:62,1
DA:63,1
DA:64,1
DA:65,1
DA:66,1
DA:67,1
DA:68,1
DA:69,1
DA:70,1
DA:71,1
DA:72,1
DA:73,1
DA:74,1
DA:75,1
DA:76,0
DA:77,0
DA:78,0
DA:79,1
DA:80,0
DA:81,1
DA:82,0
DA:83,1
DA:84,0
DA:85,0
DA:86,1
DA:87,1
DA:88,1
DA:89,0
DA:90,0
DA:91,0
DA:92,1
DA:93,1
DA:94,1
DA:95,0
DA:96,0
DA:97,0
DA:98,0
DA:99,0
DA:100,1
DA:101,1
DA:102,1
DA:103,1
DA:104,0
DA:105,1
DA:106,1
DA:107,0
DA:108,1
DA:109,0
DA:110,1
DA:111,1
DA:112,0
DA:113,1
DA:114,0
DA:115,0
DA:116,0
DA:117,0
DA:118,1
DA:119,0
DA:120,1
DA:121,1
DA:122,1
DA:123,1
DA:124,1
DA:125,1
DA:126,1
DA:127,1
DA:128,1
DA:129,1
DA:130,1
DA:131,1
DA:132,1
DA:133,1
DA:134,1
DA:135,1
DA:136,1
DA:137,1
DA:138,1
DA:139,1
DA:140,1
DA:141,1
DA:142,1
DA:143,1
DA:144,1
DA:145,1
DA:146,1
DA:147,1
DA:148,1
DA:149,1
DA:150,1
DA:151,1
DA:152,1
DA:155,0
DA:182,0
DA:209,0
DA:236,0
DA:263,0
DA:290,1
DA:317,1
DA:344,0
DA:371,1
DA:398,1
DA:425,0
DA:452,0
DA:479,1
DA:506,1
DA:533,0
DA:560,1
DA:587,1
DA:588,1
DA:589,1
DA:590,1
DA:591,0
DA:592,0
DA:593,1
DA:594,1
DA:595,1
DA:596,0
DA:597,0
DA:598,0
DA:599,1
DA:600,0
DA:601,0
DA:602,1
DA:604,1
DA:606,1
DA:608,1
DA:610,1
DA:612,1
DA:614,0
DA:616,0
DA:618,0
DA:619,0
DA:620,0
DA:622,0
DA:624,1
DA:626,1
DA:628,0
DA:630,0
LF:141
LH:93
end_of_record
TN:verilator_coverage
SF:/home/UnityChipForXiangShan/dut/PreDecode/PreDecode_top.sv
FNF:0
FNH:0
DA:3,1
DA:4,1
DA:5,1
DA:6,1
DA:7,1
DA:8,1
DA:9,1
DA:10,1
DA:11,1
DA:12,1
DA:13,1
DA:14,1
DA:15,1
DA:16,1
DA:17,1
DA:18,1
DA:19,1
DA:20,0
DA:21,0
DA:22,0
DA:23,1
DA:24,0
DA:25,1
DA:26,0
DA:27,1
DA:28,0
DA:29,0
DA:30,1
DA:31,1
DA:32,1
DA:33,0
DA:34,0
DA:35,0
DA:36,1
DA:37,1
DA:38,1
DA:39,0
DA:40,0
DA:41,0
DA:42,0
DA:43,0
DA:44,1
DA:45,1
DA:46,1
DA:47,1
DA:48,0
DA:49,1
DA:50,1
DA:51,0
DA:52,1
DA:53,0
DA:54,1
DA:55,1
DA:56,0
DA:57,1
DA:58,0
DA:59,0
DA:60,0
DA:61,0
DA:62,1
DA:63,0
DA:64,1
DA:65,1
DA:66,1
DA:67,1
DA:68,1
DA:69,1
DA:70,1
DA:71,1
DA:72,1
DA:73,1
DA:74,1
DA:75,1
DA:76,1
DA:77,1
DA:78,1
DA:79,1
DA:80,1
DA:81,1
DA:82,1
DA:83,1
DA:84,1
DA:85,1
DA:86,1
DA:87,1
DA:88,1
DA:89,1
DA:90,1
DA:91,1
DA:92,1
DA:93,1
DA:94,1
DA:95,1
DA:96,1
DA:357,0
DA:359,0
DA:362,1
DA:364,1
DA:367,0
DA:369,0
DA:372,1
DA:374,1
DA:377,0
DA:379,0
DA:382,1
DA:384,1
DA:387,0
DA:389,0
DA:392,1
DA:394,1
DA:397,0
DA:399,0
DA:402,1
DA:404,1
DA:407,0
DA:409,0
DA:412,1
DA:414,1
DA:417,0
DA:419,0
DA:422,1
DA:424,1
DA:427,0
DA:429,0
DA:432,1
DA:434,1
DA:437,0
DA:439,0
DA:442,1
DA:444,1
DA:447,0
DA:449,0
DA:452,1
DA:454,1
DA:457,0
DA:459,0
DA:462,1
DA:464,1
DA:467,0
DA:469,0
DA:472,1
DA:474,1
DA:477,0
DA:479,0
DA:482,1
DA:484,1
DA:487,0
DA:489,0
DA:492,1
DA:494,1
DA:497,0
DA:499,0
DA:502,1
DA:504,1
DA:507,0
DA:509,0
DA:512,1
DA:514,1
DA:517,0
DA:519,0
DA:522,1
DA:524,1
DA:527,10
DA:529,10
DA:532,10
DA:534,10
DA:537,10
DA:539,10
DA:542,10
DA:544,10
DA:547,10
DA:549,10
DA:552,10
DA:554,10
DA:557,10
DA:559,10
DA:562,10
DA:564,10
DA:567,10
DA:569,10
DA:572,10
DA:574,10
DA:577,10
DA:579,10
DA:582,10
DA:584,10
DA:587,10
DA:589,10
DA:592,10
DA:594,10
DA:597,10
DA:599,10
DA:602,10
DA:604,10
DA:607,10
DA:609,10
DA:612,10
DA:614,10
DA:617,10
DA:619,10
DA:622,10
DA:624,10
DA:627,10
DA:629,10
DA:632,10
DA:634,10
DA:637,10
DA:639,10
DA:642,10
DA:644,10
DA:647,10
DA:649,10
DA:652,10
DA:654,10
DA:657,10
DA:659,10
DA:662,10
DA:664,10
DA:667,10
DA:669,10
DA:672,10
DA:674,10
DA:677,10
DA:679,10
DA:682,10
DA:684,10
DA:687,10
DA:689,10
DA:692,10
DA:694,10
DA:697,10
DA:699,10
DA:702,10
DA:704,10
DA:707,10
DA:709,10
DA:712,10
DA:714,10
DA:717,10
DA:719,10
DA:722,10
DA:724,10
DA:727,10
DA:729,10
DA:732,10
DA:734,10
DA:737,10
DA:739,10
DA:742,10
DA:744,10
DA:747,10
DA:749,10
DA:752,10
DA:754,10
DA:757,10
DA:759,10
DA:762,10
DA:764,10
DA:767,10
DA:769,10
DA:772,10
DA:774,10
DA:777,10
DA:779,10
DA:782,10
DA:784,10
DA:787,10
DA:789,10
DA:792,10
DA:794,10
DA:797,10
DA:799,10
DA:802,10
DA:804,10
DA:807,10
DA:809,10
DA:812,10
DA:814,10
DA:817,10
DA:819,10
DA:822,10
DA:824,10
DA:827,10
DA:829,10
DA:832,10
DA:834,10
DA:837,10
DA:839,10
DA:842,10
DA:844,10
DA:847,10
DA:849,10
DA:852,10
DA:854,10
DA:857,10
DA:859,10
DA:862,10
DA:864,10
DA:867,10
DA:869,10
DA:872,10
DA:874,10
DA:877,10
DA:879,10
DA:882,10
DA:884,10
DA:887,10
DA:889,10
DA:892,10
DA:894,10
DA:897,10
DA:899,10
DA:902,10
DA:904,10
DA:907,10
DA:909,10
DA:912,9
DA:914,9
DA:917,9
DA:919,9
DA:922,9
DA:924,9
DA:927,9
DA:929,9
DA:932,9
DA:934,9
DA:937,9
DA:939,9
DA:942,9
DA:944,9
DA:947,9
DA:949,9
DA:952,9
DA:954,9
DA:957,9
DA:959,9
DA:962,9
DA:964,9
DA:967,9
DA:969,9
DA:972,9
DA:974,9
DA:977,9
DA:979,9
DA:982,9
DA:984,9
DA:987,9
DA:989,9
DA:992,9
DA:994,9
DA:997,9
DA:999,9
DA:1002,9
DA:1004,9
DA:1007,9
DA:1009,9
DA:1012,9
DA:1014,9
DA:1017,9
DA:1019,9
DA:1022,9
DA:1024,9
DA:1027,9
DA:1029,9
DA:1032,9
DA:1034,9
DA:1037,9
DA:1039,9
DA:1042,9
DA:1044,9
DA:1047,9
DA:1049,9
DA:1052,9
DA:1054,9
DA:1057,9
DA:1059,9
DA:1062,9
DA:1064,9
DA:1067,9
DA:1069,9
DA:1072,9
DA:1074,9
DA:1077,9
DA:1079,9
DA:1082,9
DA:1084,9
DA:1087,9
DA:1089,9
DA:1092,9
DA:1094,9
DA:1097,9
DA:1099,9
DA:1102,9
DA:1104,9
DA:1107,9
DA:1109,9
DA:1112,9
DA:1114,9
DA:1117,9
DA:1119,9
DA:1122,9
DA:1124,9
DA:1127,9
DA:1129,9
DA:1132,9
DA:1134,9
DA:1137,9
DA:1139,9
DA:1142,9
DA:1144,9
DA:1149,1
DA:1150,1
DA:1151,1
DA:1155,0
DA:1156,0
LF:415
LH:355
end_of_record
TN:verilator_coverage
SF:/home/UnityChipForXiangShan/dut/PredChecker/PredChecker.v
FNF:0
FNH:0
DA:59,9
DA:60,2
DA:61,2
DA:62,2
DA:63,2
DA:64,2
DA:65,2
DA:66,2
DA:67,2
DA:68,2
DA:69,2
DA:70,2
DA:71,2
DA:72,2
DA:73,2
DA:74,2
DA:75,2
DA:76,2
DA:77,2
DA:78,2
DA:79,2
DA:80,1
DA:81,1
DA:82,2
DA:83,0
DA:84,0
DA:85,1
DA:86,1
DA:87,1
DA:88,1
DA:89,0
DA:90,2
DA:91,1
DA:92,1
DA:93,1
DA:94,1
DA:95,1
DA:96,1
DA:97,0
DA:98,0
DA:99,1
DA:100,1
DA:101,2
DA:102,1
DA:103,1
DA:104,2
DA:105,1
DA:106,1
DA:107,0
DA:108,1
DA:109,1
DA:110,1
DA:111,1
DA:112,1
DA:113,2
DA:114,0
DA:115,1
DA:116,2
DA:117,1
DA:118,2
DA:119,1
DA:120,2
DA:121,1
DA:122,2
DA:123,0
DA:124,1
DA:125,0
DA:126,2
DA:127,1
DA:128,1
DA:129,0
DA:130,1
DA:131,1
DA:132,2
DA:133,2
DA:134,0
DA:135,0
DA:136,0
DA:137,1
DA:138,2
DA:139,2
DA:140,2
DA:141,1
DA:142,2
DA:143,0
DA:144,2
DA:145,1
DA:146,0
DA:147,0
DA:148,1
DA:149,1
DA:150,1
DA:151,2
DA:152,1
DA:153,0
DA:154,2
DA:155,1
DA:156,0
DA:157,1
DA:158,2
DA:159,2
DA:160,2
DA:161,2
DA:162,2
DA:163,2
DA:164,2
DA:165,2
DA:166,2
DA:167,2
DA:168,2
DA:169,2
DA:170,2
DA:171,2
DA:172,2
DA:173,2
DA:174,2
DA:175,1
DA:176,2
DA:177,2
DA:178,1
DA:179,2
DA:180,2
DA:181,1
DA:182,2
DA:183,2
DA:184,1
DA:185,2
DA:186,1
DA:187,2
DA:188,2
DA:189,1
DA:190,2
DA:191,2
DA:192,0
DA:193,0
DA:194,2
DA:195,1
DA:196,0
DA:197,0
DA:198,1
DA:199,1
DA:200,0
DA:201,1
DA:202,1
DA:203,0
DA:204,1
DA:205,1
DA:206,0
DA:207,0
DA:208,3
DA:209,3
DA:210,3
DA:211,3
DA:212,3
DA:213,3
DA:214,3
DA:215,3
DA:216,3
DA:217,3
DA:218,3
DA:219,3
DA:220,3
DA:221,3
DA:222,3
DA:223,3
DA:224,3
DA:225,3
DA:226,3
DA:227,3
DA:228,3
DA:229,3
DA:230,3
DA:231,3
DA:232,3
DA:233,3
DA:234,3
DA:235,3
DA:236,3
DA:237,3
DA:238,3
DA:239,3
DA:240,2
DA:241,1
DA:242,2
DA:243,2
DA:244,1
DA:245,1
DA:246,2
DA:247,1
DA:248,1
DA:249,1
DA:250,2
DA:251,1
DA:252,2
DA:253,2
DA:254,2
DA:255,2
DA:261,1
DA:265,0
DA:269,1
DA:273,0
DA:277,1
DA:281,1
DA:285,1
DA:289,1
DA:293,1
DA:297,1
DA:301,1
DA:306,1
DA:311,1
DA:316,1
DA:321,0
DA:324,0
DA:326,1
DA:328,1
DA:330,2
DA:332,0
DA:334,0
DA:336,0
DA:338,1
DA:340,0
DA:342,1
DA:344,1
DA:346,0
DA:348,0
DA:350,1
DA:352,1
DA:354,1
DA:356,0
DA:359,1
DA:360,0
DA:361,2
DA:362,0
DA:363,1
DA:364,0
DA:365,0
DA:366,0
DA:367,0
DA:368,1
DA:369,1
DA:370,1
DA:371,1
DA:372,0
DA:373,1
DA:394,2
DA:442,3
DA:443,3
DA:444,3
DA:445,0
DA:446,1
DA:447,0
DA:448,0
DA:449,2
DA:450,0
DA:451,3
DA:452,2
DA:453,3
DA:454,1
DA:455,1
DA:456,1
DA:457,1
DA:458,1
DA:459,3
DA:460,3
DA:461,3
DA:462,3
DA:463,3
DA:464,3
DA:465,3
DA:466,3
DA:467,3
DA:468,3
DA:469,3
DA:470,3
DA:471,3
DA:472,3
DA:473,3
DA:474,3
DA:475,3
DA:476,3
DA:477,3
DA:478,3
DA:479,3
DA:480,3
DA:481,3
DA:482,3
DA:483,3
DA:484,3
DA:485,3
DA:486,3
DA:487,3
DA:488,3
DA:489,3
DA:490,3
DA:491,3
DA:492,3
DA:493,3
DA:494,2
DA:495,2
DA:496,3
DA:497,1
DA:498,1
DA:499,2
DA:500,2
DA:501,2
DA:502,1
DA:503,2
DA:504,2
DA:505,1
DA:506,2
DA:507,1
DA:508,1
DA:509,1
DA:510,1
DA:511,2
DA:512,1
DA:513,1
DA:514,0
DA:515,2
DA:516,1
DA:517,1
DA:518,1
DA:519,1
DA:520,1
DA:521,0
DA:522,1
DA:523,2
DA:524,1
DA:525,2
DA:526,0
DA:527,0
DA:528,2
DA:529,2
DA:530,0
DA:531,0
DA:532,1
DA:533,1
DA:534,0
DA:535,1
DA:536,1
DA:537,0
DA:538,1
DA:539,2
DA:540,1
DA:541,1
DA:542,1
DA:543,1
DA:544,1
DA:545,1
DA:546,1
DA:547,0
DA:548,1
DA:549,1
DA:550,2
DA:551,1
DA:552,1
DA:553,2
DA:554,1
DA:555,0
DA:556,1
DA:557,2
DA:558,2
DA:559,0
DA:560,1
DA:561,1
DA:562,0
DA:563,1
DA:564,0
DA:565,1
DA:566,2
DA:567,1
DA:568,0
DA:569,0
DA:570,1
DA:571,2
DA:572,2
DA:573,0
DA:574,1
DA:578,1
DA:582,0
DA:586,1
DA:590,1
DA:594,1
DA:598,1
DA:602,0
DA:606,1
DA:610,1
DA:614,1
DA:618,0
DA:622,1
DA:626,1
DA:630,0
DA:634,0
DA:638,5
DA:639,5
DA:640,5
DA:641,5
DA:642,5
DA:643,5
DA:644,5
DA:645,5
DA:646,5
DA:647,5
DA:648,5
DA:649,5
DA:650,5
DA:651,5
DA:652,5
DA:653,5
DA:654,5
DA:655,5
DA:656,5
DA:657,5
DA:658,5
DA:659,5
DA:660,5
DA:661,5
DA:662,5
DA:663,5
DA:664,5
DA:665,5
DA:666,5
DA:667,5
DA:668,5
DA:669,5
DA:670,5
DA:671,5
DA:672,5
DA:673,5
DA:674,5
DA:675,5
DA:676,5
DA:677,5
DA:678,5
DA:679,5
DA:680,5
DA:681,5
DA:682,5
DA:683,5
DA:684,5
DA:685,5
DA:686,5
DA:687,5
DA:688,5
DA:689,5
DA:690,5
DA:691,5
DA:692,5
DA:693,5
DA:694,5
DA:695,5
DA:696,5
DA:697,5
DA:698,5
DA:699,5
DA:700,5
DA:701,5
DA:702,5
DA:703,5
DA:704,5
DA:705,5
DA:706,5
DA:707,5
DA:708,5
DA:709,5
DA:710,5
DA:711,5
DA:712,5
DA:713,5
DA:714,5
DA:715,5
DA:716,5
DA:717,5
DA:718,5
DA:719,5
DA:720,5
DA:721,5
DA:722,5
DA:723,5
DA:724,5
DA:725,5
DA:726,5
DA:727,5
DA:728,5
DA:729,5
DA:730,5
DA:731,5
DA:732,5
DA:733,5
DA:734,5
DA:735,5
DA:736,5
DA:737,5
DA:738,5
DA:739,5
DA:740,5
DA:741,5
DA:742,5
DA:743,5
DA:744,5
DA:745,5
DA:746,5
DA:747,5
DA:748,5
DA:749,5
DA:750,5
DA:751,5
DA:752,5
DA:753,5
DA:754,5
DA:755,5
DA:756,5
DA:757,5
DA:758,5
DA:759,5
DA:760,5
DA:761,5
DA:762,5
DA:763,5
DA:764,5
DA:765,5
DA:766,5
DA:767,5
DA:768,5
DA:769,5
DA:770,5
DA:771,5
DA:772,5
DA:773,5
DA:774,5
DA:775,5
DA:776,5
DA:777,5
DA:778,5
DA:779,5
DA:780,5
DA:781,5
DA:782,5
DA:783,5
DA:784,5
DA:785,5
DA:786,5
DA:787,5
DA:788,5
DA:789,5
DA:790,5
DA:791,5
DA:792,5
DA:793,5
DA:794,5
DA:795,5
DA:796,5
DA:797,5
DA:798,5
DA:799,5
DA:800,5
DA:801,5
DA:802,5
DA:803,5
DA:804,5
DA:805,5
DA:806,5
DA:807,5
DA:808,5
DA:809,5
DA:810,5
DA:811,5
DA:812,5
DA:813,5
DA:814,5
DA:815,5
DA:816,5
DA:817,5
DA:818,5
DA:819,5
DA:820,5
DA:821,5
DA:822,5
DA:823,5
DA:824,5
DA:825,5
DA:826,5
DA:827,5
DA:828,5
DA:829,5
DA:830,5
DA:831,5
DA:832,5
DA:833,5
DA:834,5
DA:835,5
DA:836,5
DA:837,5
DA:838,5
DA:839,5
DA:840,5
DA:841,5
DA:849,1
LF:598
LH:529
end_of_record
TN:verilator_coverage
SF:/home/UnityChipForXiangShan/dut/PredChecker/PredChecker_top.sv
FNF:0
FNH:0
DA:3,9
DA:4,2
DA:5,2
DA:6,2
DA:7,2
DA:8,2
DA:9,2
DA:10,2
DA:11,2
DA:12,2
DA:13,2
DA:14,2
DA:15,2
DA:16,2
DA:17,2
DA:18,2
DA:19,2
DA:20,2
DA:21,2
DA:22,2
DA:23,2
DA:24,1
DA:25,1
DA:26,2
DA:27,0
DA:28,0
DA:29,1
DA:30,1
DA:31,1
DA:32,1
DA:33,0
DA:34,2
DA:35,1
DA:36,1
DA:37,1
DA:38,1
DA:39,1
DA:40,1
DA:41,0
DA:42,0
DA:43,1
DA:44,1
DA:45,2
DA:46,1
DA:47,1
DA:48,2
DA:49,1
DA:50,1
DA:51,0
DA:52,1
DA:53,1
DA:54,1
DA:55,1
DA:56,1
DA:57,2
DA:58,0
DA:59,1
DA:60,2
DA:61,1
DA:62,2
DA:63,1
DA:64,2
DA:65,1
DA:66,2
DA:67,0
DA:68,1
DA:69,0
DA:70,2
DA:71,1
DA:72,1
DA:73,0
DA:74,1
DA:75,1
DA:76,2
DA:77,2
DA:78,0
DA:79,0
DA:80,0
DA:81,1
DA:82,2
DA:83,2
DA:84,2
DA:85,1
DA:86,2
DA:87,0
DA:88,2
DA:89,1
DA:90,0
DA:91,0
DA:92,1
DA:93,1
DA:94,1
DA:95,2
DA:96,1
DA:97,0
DA:98,2
DA:99,1
DA:100,0
DA:101,1
DA:102,2
DA:103,2
DA:104,2
DA:105,2
DA:106,2
DA:107,2
DA:108,2
DA:109,2
DA:110,2
DA:111,2
DA:112,2
DA:113,2
DA:114,2
DA:115,2
DA:116,2
DA:117,2
DA:118,2
DA:119,1
DA:120,2
DA:121,2
DA:122,1
DA:123,2
DA:124,2
DA:125,1
DA:126,2
DA:127,2
DA:128,1
DA:129,2
DA:130,1
DA:131,2
DA:132,2
DA:133,1
DA:134,2
DA:135,2
DA:136,0
DA:137,0
DA:138,2
DA:139,1
DA:140,0
DA:141,0
DA:142,1
DA:143,1
DA:144,0
DA:145,1
DA:146,1
DA:147,0
DA:148,1
DA:149,1
DA:150,0
DA:151,0
DA:152,3
DA:153,3
DA:154,3
DA:155,3
DA:156,3
DA:157,3
DA:158,3
DA:159,3
DA:160,3
DA:161,3
DA:162,3
DA:163,3
DA:164,3
DA:165,3
DA:166,3
DA:167,3
DA:168,3
DA:169,3
DA:170,3
DA:171,3
DA:172,3
DA:173,3
DA:174,3
DA:175,3
DA:176,3
DA:177,3
DA:178,3
DA:179,3
DA:180,3
DA:181,3
DA:182,3
DA:183,3
DA:184,2
DA:185,1
DA:186,2
DA:187,2
DA:188,1
DA:189,1
DA:190,2
DA:191,1
DA:192,1
DA:193,1
DA:194,2
DA:195,1
DA:196,2
DA:197,2
DA:198,2
DA:199,2
DA:915,0
DA:917,0
DA:920,10
DA:922,10
DA:925,5
DA:927,5
DA:930,1
DA:932,1
DA:935,5
DA:937,5
DA:940,1
DA:942,1
DA:945,5
DA:947,5
DA:950,1
DA:952,1
DA:955,5
DA:957,5
DA:960,1
DA:962,1
DA:965,5
DA:967,5
DA:970,1
DA:972,1
DA:975,5
DA:977,5
DA:980,1
DA:982,1
DA:985,5
DA:987,5
DA:990,1
DA:992,1
DA:995,5
DA:997,5
DA:1000,1
DA:1002,1
DA:1005,5
DA:1007,5
DA:1010,1
DA:1012,1
DA:1015,5
DA:1017,5
DA:1020,1
DA:1022,1
DA:1025,5
DA:1027,5
DA:1030,1
DA:1032,1
DA:1035,5
DA:1037,5
DA:1040,1
DA:1042,1
DA:1045,5
DA:1047,5
DA:1050,1
DA:1052,1
DA:1055,5
DA:1057,5
DA:1060,1
DA:1062,1
DA:1065,5
DA:1067,5
DA:1070,1
DA:1072,1
DA:1075,5
DA:1077,5
DA:1080,1
DA:1082,1
DA:1085,5
DA:1087,5
DA:1090,1
DA:1092,1
DA:1095,5
DA:1097,5
DA:1100,1
DA:1102,1
DA:1105,5
DA:1107,5
DA:1110,1
DA:1112,1
DA:1115,5
DA:1117,5
DA:1120,1
DA:1122,1
DA:1125,5
DA:1127,5
DA:1130,1
DA:1132,1
DA:1135,5
DA:1137,5
DA:1140,1
DA:1142,1
DA:1145,5
DA:1147,5
DA:1150,1
DA:1152,1
DA:1155,5
DA:1157,5
DA:1160,1
DA:1162,1
DA:1165,5
DA:1167,5
DA:1170,1
DA:1172,1
DA:1175,5
DA:1177,5
DA:1180,1
DA:1182,1
DA:1185,5
DA:1187,5
DA:1190,1
DA:1192,1
DA:1195,5
DA:1197,5
DA:1200,1
DA:1202,1
DA:1205,5
DA:1207,5
DA:1210,1
DA:1212,1
DA:1215,5
DA:1217,5
DA:1220,1
DA:1222,1
DA:1225,5
DA:1227,5
DA:1230,1
DA:1232,1
DA:1235,5
DA:1237,5
DA:1240,1
DA:1242,1
DA:1245,5
DA:1247,5
DA:1250,1
DA:1252,1
DA:1255,5
DA:1257,5
DA:1260,1
DA:1262,1
DA:1265,5
DA:1267,5
DA:1270,1
DA:1272,1
DA:1275,5
DA:1277,5
DA:1280,1
DA:1282,1
DA:1285,5
DA:1287,5
DA:1290,1
DA:1292,1
DA:1295,5
DA:1297,5
DA:1300,1
DA:1302,1
DA:1305,5
DA:1307,5
DA:1310,1
DA:1312,1
DA:1315,5
DA:1317,5
DA:1320,1
DA:1322,1
DA:1325,5
DA:1327,5
DA:1330,1
DA:1332,1
DA:1335,5
DA:1337,5
DA:1340,1
DA:1342,1
DA:1345,5
DA:1347,5
DA:1350,1
DA:1352,1
DA:1355,5
DA:1357,5
DA:1360,1
DA:1362,1
DA:1365,5
DA:1367,5
DA:1370,1
DA:1372,1
DA:1375,5
DA:1377,5
DA:1380,1
DA:1382,1
DA:1385,5
DA:1387,5
DA:1390,1
DA:1392,1
DA:1395,5
DA:1397,5
DA:1400,1
DA:1402,1
DA:1405,5
DA:1407,5
DA:1410,1
DA:1412,1
DA:1415,5
DA:1417,5
DA:1420,1
DA:1422,1
DA:1425,5
DA:1427,5
DA:1430,1
DA:1432,1
DA:1435,5
DA:1437,5
DA:1440,1
DA:1442,1
DA:1445,5
DA:1447,5
DA:1450,1
DA:1452,1
DA:1455,5
DA:1457,5
DA:1460,1
DA:1462,1
DA:1465,5
DA:1467,5
DA:1470,1
DA:1472,1
DA:1475,5
DA:1477,5
DA:1480,1
DA:1482,1
DA:1485,5
DA:1487,5
DA:1490,1
DA:1492,1
DA:1495,5
DA:1497,5
DA:1500,1
DA:1502,1
DA:1505,5
DA:1507,5
DA:1510,1
DA:1512,1
DA:1515,5
DA:1517,5
DA:1520,1
DA:1522,1
DA:1525,5
DA:1527,5
DA:1530,1
DA:1532,1
DA:1535,5
DA:1537,5
DA:1540,1
DA:1542,1
DA:1545,5
DA:1547,5
DA:1550,1
DA:1552,1
DA:1555,5
DA:1557,5
DA:1560,1
DA:1562,1
DA:1565,5
DA:1567,5
DA:1570,1
DA:1572,1
DA:1575,5
DA:1577,5
DA:1580,1
DA:1582,1
DA:1585,5
DA:1587,5
DA:1590,1
DA:1592,1
DA:1595,5
DA:1597,5
DA:1600,1
DA:1602,1
DA:1605,5
DA:1607,5
DA:1610,1
DA:1612,1
DA:1615,5
DA:1617,5
DA:1620,1
DA:1622,1
DA:1625,5
DA:1627,5
DA:1630,1
DA:1632,1
DA:1635,5
DA:1637,5
DA:1640,1
DA:1642,1
DA:1645,5
DA:1647,5
DA:1650,1
DA:1652,1
DA:1655,5
DA:1657,5
DA:1660,1
DA:1662,1
DA:1665,5
DA:1667,5
DA:1670,1
DA:1672,1
DA:1675,5
DA:1677,5
DA:1680,1
DA:1682,1
DA:1685,5
DA:1687,5
DA:1690,1
DA:1692,1
DA:1695,5
DA:1697,5
DA:1700,1
DA:1702,1
DA:1705,5
DA:1707,5
DA:1710,1
DA:1712,1
DA:1715,5
DA:1717,5
DA:1720,1
DA:1722,1
DA:1725,5
DA:1727,5
DA:1730,1
DA:1732,1
DA:1735,5
DA:1737,5
DA:1740,1
DA:1742,1
DA:1745,5
DA:1747,5
DA:1750,1
DA:1752,1
DA:1755,5
DA:1757,5
DA:1760,1
DA:1762,1
DA:1765,5
DA:1767,5
DA:1770,1
DA:1772,1
DA:1775,5
DA:1777,5
DA:1780,1
DA:1782,1
DA:1785,5
DA:1787,5
DA:1790,1
DA:1792,1
DA:1795,5
DA:1797,5
DA:1800,1
DA:1802,1
DA:1805,5
DA:1807,5
DA:1810,1
DA:1812,1
DA:1815,5
DA:1817,5
DA:1820,1
DA:1822,1
DA:1825,5
DA:1827,5
DA:1830,1
DA:1832,1
DA:1835,5
DA:1837,5
DA:1840,1
DA:1842,1
DA:1845,5
DA:1847,5
DA:1850,1
DA:1852,1
DA:1855,5
DA:1857,5
DA:1860,1
DA:1862,1
DA:1865,5
DA:1867,5
DA:1870,1
DA:1872,1
DA:1875,5
DA:1877,5
DA:1880,1
DA:1882,1
DA:1885,5
DA:1887,5
DA:1890,1
DA:1892,1
DA:1895,5
DA:1897,5
DA:1900,1
DA:1902,1
DA:1905,5
DA:1907,5
DA:1910,1
DA:1912,1
DA:1915,5
DA:1917,5
DA:1920,1
DA:1922,1
DA:1925,5
DA:1927,5
DA:1930,1
DA:1932,1
DA:1935,5
DA:1937,5
DA:1940,1
DA:1942,1
DA:1945,5
DA:1947,5
DA:1950,1
DA:1952,1
DA:1955,5
DA:1957,5
DA:1960,1
DA:1962,1
DA:1965,5
DA:1967,5
DA:1970,1
DA:1972,1
DA:1975,5
DA:1977,5
DA:1980,1
DA:1982,1
DA:1985,5
DA:1987,5
DA:1990,1
DA:1992,1
DA:1995,5
DA:1997,5
DA:2000,1
DA:2002,1
DA:2005,5
DA:2007,5
DA:2010,1
DA:2012,1
DA:2015,5
DA:2017,5
DA:2020,1
DA:2022,1
DA:2025,5
DA:2027,5
DA:2030,1
DA:2032,1
DA:2035,5
DA:2037,5
DA:2040,1
DA:2042,1
DA:2045,5
DA:2047,5
DA:2050,1
DA:2052,1
DA:2055,5
DA:2057,5
DA:2060,1
DA:2062,1
DA:2065,5
DA:2067,5
DA:2070,1
DA:2072,1
DA:2075,5
DA:2077,5
DA:2080,1
DA:2082,1
DA:2085,12
DA:2087,12
DA:2090,12
DA:2092,12
DA:2095,12
DA:2097,12
DA:2100,12
DA:2102,12
DA:2105,12
DA:2107,12
DA:2110,12
DA:2112,12
DA:2115,12
DA:2117,12
DA:2120,12
DA:2122,12
DA:2125,12
DA:2127,12
DA:2130,12
DA:2132,12
DA:2135,12
DA:2137,12
DA:2140,12
DA:2142,12
DA:2145,12
DA:2147,12
DA:2150,12
DA:2152,12
DA:2155,12
DA:2157,12
DA:2160,12
DA:2162,12
DA:2165,12
DA:2167,12
DA:2170,12
DA:2172,12
DA:2175,12
DA:2177,12
DA:2180,12
DA:2182,12
DA:2185,12
DA:2187,12
DA:2190,12
DA:2192,12
DA:2195,12
DA:2197,12
DA:2200,12
DA:2202,12
DA:2205,12
DA:2207,12
DA:2210,12
DA:2212,12
DA:2215,12
DA:2217,12
DA:2220,12
DA:2222,12
DA:2225,12
DA:2227,12
DA:2230,12
DA:2232,12
DA:2235,12
DA:2237,12
DA:2240,12
DA:2242,12
DA:2245,12
DA:2247,12
DA:2250,12
DA:2252,12
DA:2255,12
DA:2257,12
DA:2260,12
DA:2262,12
DA:2265,12
DA:2267,12
DA:2270,12
DA:2272,12
DA:2275,12
DA:2277,12
DA:2280,12
DA:2282,12
DA:2285,12
DA:2287,12
DA:2290,12
DA:2292,12
DA:2295,12
DA:2297,12
DA:2300,12
DA:2302,12
DA:2305,12
DA:2307,12
DA:2310,12
DA:2312,12
DA:2315,12
DA:2317,12
DA:2320,12
DA:2322,12
DA:2325,12
DA:2327,12
DA:2330,12
DA:2332,12
DA:2335,12
DA:2337,12
DA:2340,12
DA:2342,12
DA:2345,12
DA:2347,12
DA:2350,12
DA:2352,12
DA:2355,12
DA:2357,12
DA:2360,12
DA:2362,12
DA:2365,12
DA:2367,12
DA:2370,12
DA:2372,12
DA:2375,12
DA:2377,12
DA:2380,12
DA:2382,12
DA:2385,12
DA:2387,12
DA:2390,12
DA:2392,12
DA:2395,12
DA:2397,12
DA:2400,12
DA:2402,12
DA:2405,12
DA:2407,12
DA:2410,12
DA:2412,12
DA:2415,12
DA:2417,12
DA:2420,12
DA:2422,12
DA:2425,12
DA:2427,12
DA:2430,12
DA:2432,12
DA:2435,12
DA:2437,12
DA:2440,12
DA:2442,12
DA:2445,12
DA:2447,12
DA:2450,12
DA:2452,12
DA:2455,12
DA:2457,12
DA:2460,12
DA:2462,12
DA:2465,12
DA:2467,12
DA:2470,12
DA:2472,12
DA:2475,12
DA:2477,12
DA:2480,12
DA:2482,12
DA:2485,11
DA:2487,11
DA:2490,11
DA:2492,11
DA:2495,11
DA:2497,11
DA:2500,11
DA:2502,11
DA:2505,11
DA:2507,11
DA:2510,11
DA:2512,11
DA:2515,11
DA:2517,11
DA:2520,11
DA:2522,11
DA:2525,11
DA:2527,11
DA:2530,11
DA:2532,11
DA:2535,11
DA:2537,11
DA:2540,11
DA:2542,11
DA:2545,11
DA:2547,11
DA:2550,11
DA:2552,11
DA:2555,11
DA:2557,11
DA:2560,11
DA:2562,11
DA:2565,11
DA:2567,11
DA:2570,11
DA:2572,11
DA:2575,11
DA:2577,11
DA:2580,11
DA:2582,11
DA:2585,11
DA:2587,11
DA:2590,11
DA:2592,11
DA:2595,11
DA:2597,11
DA:2600,11
DA:2602,11
DA:2605,11
DA:2607,11
DA:2610,11
DA:2612,11
DA:2615,11
DA:2617,11
DA:2620,11
DA:2622,11
DA:2625,11
DA:2627,11
DA:2630,11
DA:2632,11
DA:2635,11
DA:2637,11
DA:2640,11
DA:2642,11
DA:2645,11
DA:2647,11
DA:2650,11
DA:2652,11
DA:2655,11
DA:2657,11
DA:2660,11
DA:2662,11
DA:2665,11
DA:2667,11
DA:2670,11
DA:2672,11
DA:2675,11
DA:2677,11
DA:2680,11
DA:2682,11
DA:2685,11
DA:2687,11
DA:2690,11
DA:2692,11
DA:2695,11
DA:2697,11
DA:2700,11
DA:2702,11
DA:2705,11
DA:2707,11
DA:2710,11
DA:2712,11
DA:2715,11
DA:2717,11
DA:2720,11
DA:2722,11
DA:2725,11
DA:2727,11
DA:2730,11
DA:2732,11
DA:2735,11
DA:2737,11
DA:2740,11
DA:2742,11
DA:2745,11
DA:2747,11
DA:2750,11
DA:2752,11
DA:2755,11
DA:2757,11
DA:2760,11
DA:2762,11
DA:2765,11
DA:2767,11
DA:2770,11
DA:2772,11
DA:2775,11
DA:2777,11
DA:2780,11
DA:2782,11
DA:2785,11
DA:2787,11
DA:2790,11
DA:2792,11
DA:2795,11
DA:2797,11
DA:2800,11
DA:2802,11
DA:2805,11
DA:2807,11
DA:2810,11
DA:2812,11
DA:2815,11
DA:2817,11
DA:2820,11
DA:2822,11
DA:2825,11
DA:2827,11
DA:2830,11
DA:2832,11
DA:2835,11
DA:2837,11
DA:2840,11
DA:2842,11
DA:2845,11
DA:2847,11
DA:2850,11
DA:2852,11
DA:2855,11
DA:2857,11
DA:2860,11
DA:2862,11
DA:2865,11
DA:2867,11
DA:2870,11
DA:2872,11
DA:2875,11
DA:2877,11
DA:2880,11
DA:2882,11
DA:2885,11
DA:2887,11
DA:2890,11
DA:2892,11
DA:2895,11
DA:2897,11
DA:2900,11
DA:2902,11
DA:2905,11
DA:2907,11
DA:2910,11
DA:2912,11
DA:2915,11
DA:2917,11
DA:2920,11
DA:2922,11
DA:2925,11
DA:2927,11
DA:2930,11
DA:2932,11
DA:2935,11
DA:2937,11
DA:2940,11
DA:2942,11
DA:2945,11
DA:2947,11
DA:2950,11
DA:2952,11
DA:2955,11
DA:2957,11
DA:2960,11
DA:2962,11
DA:2965,11
DA:2967,11
DA:2970,11
DA:2972,11
DA:2975,11
DA:2977,11
DA:2980,11
DA:2982,11
DA:2985,11
DA:2987,11
DA:2990,11
DA:2992,11
DA:2995,11
DA:2997,11
DA:3000,11
DA:3002,11
DA:3005,11
DA:3007,11
DA:3010,11
DA:3012,11
DA:3015,11
DA:3017,11
DA:3020,11
DA:3022,11
DA:3025,11
DA:3027,11
DA:3030,11
DA:3032,11
DA:3035,11
DA:3037,11
DA:3040,11
DA:3042,11
DA:3045,11
DA:3047,11
DA:3050,11
DA:3052,11
DA:3055,11
DA:3057,11
DA:3060,11
DA:3062,11
DA:3065,11
DA:3067,11
DA:3070,11
DA:3072,11
DA:3075,11
DA:3077,11
DA:3080,11
DA:3082,11
DA:3085,11
DA:3087,11
DA:3090,11
DA:3092,11
DA:3095,11
DA:3097,11
DA:3100,11
DA:3102,11
DA:3105,11
DA:3107,11
DA:3110,11
DA:3112,11
DA:3115,11
DA:3117,11
DA:3120,11
DA:3122,11
DA:3125,11
DA:3127,11
DA:3130,11
DA:3132,11
DA:3135,11
DA:3137,11
DA:3140,11
DA:3142,11
DA:3145,11
DA:3147,11
DA:3150,11
DA:3152,11
DA:3155,11
DA:3157,11
DA:3160,11
DA:3162,11
DA:3165,11
DA:3167,11
DA:3170,11
DA:3172,11
DA:3175,11
DA:3177,11
DA:3180,11
DA:3182,11
DA:3185,11
DA:3187,11
DA:3190,11
DA:3192,11
DA:3195,11
DA:3197,11
DA:3200,11
DA:3202,11
DA:3205,11
DA:3207,11
DA:3210,11
DA:3212,11
DA:3215,11
DA:3217,11
DA:3220,11
DA:3222,11
DA:3225,11
DA:3227,11
DA:3230,11
DA:3232,11
DA:3235,11
DA:3237,11
DA:3240,11
DA:3242,11
DA:3245,11
DA:3247,11
DA:3250,11
DA:3252,11
DA:3255,11
DA:3257,11
DA:3260,11
DA:3262,11
DA:3265,11
DA:3267,11
DA:3270,11
DA:3272,11
DA:3275,11
DA:3277,11
DA:3280,11
DA:3282,11
DA:3285,11
DA:3287,11
DA:3290,11
DA:3292,11
DA:3295,11
DA:3297,11
DA:3300,11
DA:3302,11
DA:3305,11
DA:3307,11
DA:3310,11
DA:3312,11
DA:3315,11
DA:3317,11
DA:3320,11
DA:3322,11
DA:3325,11
DA:3327,11
DA:3330,11
DA:3332,11
DA:3335,11
DA:3337,11
DA:3340,11
DA:3342,11
DA:3345,11
DA:3347,11
DA:3350,11
DA:3352,11
DA:3355,11
DA:3357,11
DA:3360,11
DA:3362,11
DA:3365,11
DA:3367,11
DA:3370,11
DA:3372,11
DA:3375,11
DA:3377,11
DA:3380,11
DA:3382,11
DA:3385,11
DA:3387,11
DA:3390,11
DA:3392,11
DA:3395,11
DA:3397,11
DA:3400,11
DA:3402,11
DA:3405,11
DA:3407,11
DA:3410,11
DA:3412,11
DA:3415,11
DA:3417,11
DA:3420,11
DA:3422,11
DA:3425,11
DA:3427,11
DA:3430,11
DA:3432,11
DA:3435,11
DA:3437,11
DA:3440,11
DA:3442,11
DA:3445,11
DA:3447,11
DA:3450,11
DA:3452,11
DA:3455,11
DA:3457,11
DA:3460,11
DA:3462,11
DA:3467,1
DA:3468,1
DA:3469,1
DA:3473,0
DA:3474,0
LF:1222
LH:1192
end_of_record
TN:verilator_coverage
SF:/home/UnityChipForXiangShan/dut/RVCExpander/RVCExpander.v
FNF:0
FNH:0
DA:59,65547
DA:60,11
DA:61,64824
DA:62,5516
DA:77,84
LF:5
LH:5
end_of_record
TN:verilator_coverage
SF:/home/UnityChipForXiangShan/dut/RVCExpander/RVCExpander_top.sv
FNF:0
FNH:0
DA:3,65547
DA:4,11
DA:5,64824
DA:6,5516
DA:25,3245880
DA:27,3245880
DA:30,98315
DA:32,98315
DA:35,0
DA:37,0
DA:40,24
DA:42,24
DA:45,1868309
DA:47,1868309
DA:50,1966703
DA:52,1966703
DA:57,24
DA:58,24
DA:59,24
DA:63,0
DA:64,0
LF:21
LH:17
end_of_record
TN:verilator_coverage
SF:/home/UnityChipForXiangShan/scripts/backend_ctrlblock_decode/../../rtl/rtl/DecodeUnit.sv
FNF:0
FNH:0
DA:59,148
DA:60,18
DA:61,21
DA:62,23
DA:63,18
DA:64,14
DA:65,16
DA:66,18
DA:67,20
DA:68,17
DA:69,18
DA:70,11
DA:71,17
DA:72,19
DA:73,18
DA:74,14
DA:75,16
DA:76,17
DA:77,16
DA:78,18
DA:79,18
DA:80,16
DA:81,13
DA:82,15
DA:83,26
DA:84,19
DA:85,21
DA:86,22
DA:87,17
DA:88,17
DA:89,25
DA:90,20
DA:91,16
DA:92,16
DA:93,21
DA:94,19
DA:95,27
DA:96,26
DA:97,33
DA:98,148
DA:99,18
DA:100,21
DA:101,92
DA:102,25
DA:103,18
DA:104,14
DA:105,16
DA:106,18
DA:107,20
DA:108,17
DA:109,18
DA:110,11
DA:111,17
DA:112,19
DA:113,18
DA:114,14
DA:115,16
DA:116,17
DA:117,16
DA:118,18
DA:119,18
DA:120,16
DA:121,10
DA:122,13
DA:123,15
DA:124,26
DA:125,19
DA:126,21
DA:127,22
DA:128,17
DA:129,17
DA:130,25
DA:131,20
DA:132,96
DA:133,109
DA:134,75
DA:135,134
DA:136,11
DA:137,144
DA:138,129
DA:139,132
DA:140,130
DA:141,80
DA:142,102
DA:143,57
DA:144,21
DA:145,66
DA:146,10
DA:147,11
DA:148,6
DA:149,9
DA:150,52
DA:151,121
DA:152,79
DA:153,14
DA:154,38
DA:155,122
DA:156,11
DA:157,124
DA:158,16
DA:159,21
DA:160,19
DA:161,27
DA:162,26
DA:163,16
DA:164,21
DA:165,19
DA:166,27
DA:167,26
DA:168,134
DA:169,33
DA:170,130
DA:171,120
DA:172,10
DA:173,9
DA:174,22
DA:175,24
DA:176,10
DA:177,75
DA:178,7
DA:179,7
DA:180,8
DA:181,39
DA:182,9
DA:183,63
DA:184,24
DA:185,60
DA:186,24
DA:187,63
DA:188,64
DA:189,22
DA:190,18
DA:191,16
DA:192,16
DA:193,19
DA:194,31
DA:195,15
DA:196,27
DA:197,21
DA:198,13
DA:199,11
DA:200,11
DA:201,27
DA:202,27
DA:203,25
DA:204,15
DA:205,10
DA:206,26
DA:207,11
DA:208,26
DA:209,25
DA:210,21
DA:211,10
DA:214,77
DA:215,121
DA:248,39
DA:3636,100
DA:4534,63
DA:4888,117
DA:5096,9
DA:5097,9
DA:5098,7
DA:5145,8
DA:5150,13
DA:5238,22
DA:5242,24
DA:5255,10
DA:5258,10
DA:5261,8
DA:5262,7
DA:5264,9
DA:5266,10
DA:5268,7
DA:5269,14
DA:5270,11
DA:5273,10
DA:5274,11
DA:5275,6
LF:178
LH:178
end_of_record
TN:verilator_coverage
SF:/home/UnityChipForXiangShan/scripts/backend_ctrlblock_decode/../../rtl/rtl/DecodeUnitComp.sv
FNF:0
FNH:0
DA:59,323
DA:60,7
DA:61,2
DA:62,2
DA:63,5
DA:64,2
DA:65,6
DA:66,4
DA:67,0
DA:68,5
DA:69,66
DA:70,1
DA:71,3
DA:72,45
DA:73,5
DA:74,2
DA:75,1
DA:76,4
DA:77,0
DA:78,3
DA:79,1
DA:80,1
DA:81,2
DA:82,3
DA:83,2
DA:84,4
DA:85,0
DA:86,1
DA:87,2
DA:88,3
DA:89,2
DA:90,1
DA:91,1
DA:92,2
DA:93,3
DA:94,1
DA:95,2
DA:96,2
DA:97,1
DA:98,3
DA:99,2
DA:100,1
DA:101,3
DA:102,3
DA:103,41
DA:104,54
DA:105,54
DA:106,62
DA:107,5
DA:108,66
DA:109,54
DA:110,55
DA:111,55
DA:112,33
DA:113,43
DA:114,2
DA:115,1
DA:116,55
DA:117,1
DA:118,3
DA:119,1
DA:120,1
DA:121,2
DA:122,56
DA:123,21
DA:124,3
DA:125,23
DA:126,44
DA:127,7
DA:128,59
DA:129,7
DA:130,1
DA:131,3
DA:132,2
DA:133,3
DA:134,7
DA:135,1
DA:136,3
DA:137,2
DA:138,3
DA:139,56
DA:140,4
DA:141,60
DA:142,59
DA:143,4
DA:144,0
DA:145,14
DA:146,16
DA:147,2
DA:148,48
DA:149,3
DA:150,1
DA:151,24
DA:152,0
DA:153,51
DA:154,14
DA:155,4
DA:156,49
DA:157,50
DA:158,7
DA:159,3
DA:160,8
DA:161,65
DA:162,3
DA:163,3
DA:164,16
DA:165,3
DA:166,1
DA:167,4
DA:168,3
DA:169,2
DA:170,3
DA:171,2
DA:172,2
DA:173,3
DA:174,4
DA:175,4
DA:176,1
DA:177,1
DA:178,2
DA:179,3
DA:180,2
DA:181,3
DA:182,2
DA:183,4
DA:184,3
DA:185,5
DA:186,5
DA:187,4
DA:188,3
DA:189,3
DA:190,2
DA:191,2
DA:192,1
DA:193,5
DA:194,5
DA:195,43
DA:196,37
DA:197,37
DA:198,57
DA:199,4
DA:200,66
DA:201,48
DA:202,55
DA:203,49
DA:204,39
DA:205,51
DA:206,16
DA:207,2
DA:208,52
DA:209,1
DA:210,3
DA:211,3
DA:212,2
DA:213,4
DA:214,4
DA:215,52
DA:216,20
DA:217,4
DA:218,26
DA:219,43
DA:220,2
DA:221,58
DA:222,2
DA:223,3
DA:224,1
DA:225,3
DA:226,4
DA:227,1
DA:228,3
DA:229,5
DA:230,2
DA:231,4
DA:232,57
DA:233,4
DA:234,1
DA:235,1
DA:236,1
DA:237,57
DA:238,55
DA:239,4
DA:240,1
DA:241,14
DA:242,15
DA:243,4
DA:244,44
DA:245,4
DA:246,0
DA:247,3
DA:248,24
DA:249,3
DA:250,3
DA:251,51
DA:252,16
DA:253,4
DA:254,45
DA:255,49
DA:256,4
DA:257,50
DA:258,65
DA:259,3
DA:260,3
DA:261,16
DA:262,3
DA:263,1
DA:264,4
DA:265,3
DA:266,2
DA:267,3
DA:268,2
DA:269,2
DA:270,3
DA:271,4
DA:272,4
DA:273,1
DA:274,1
DA:275,2
DA:276,3
DA:277,2
DA:278,3
DA:279,2
DA:280,4
DA:281,3
DA:282,5
DA:283,5
DA:284,4
DA:285,3
DA:286,3
DA:287,2
DA:288,2
DA:289,1
DA:290,5
DA:291,5
DA:292,53
DA:293,54
DA:294,54
DA:295,58
DA:296,5
DA:297,50
DA:298,55
DA:299,59
DA:300,58
DA:301,35
DA:302,42
DA:303,2
DA:304,3
DA:305,51
DA:306,15
DA:307,3
DA:308,2
DA:309,2
DA:310,3
DA:311,4
DA:312,52
DA:313,20
DA:314,4
DA:315,26
DA:316,43
DA:317,2
DA:318,58
DA:319,2
DA:320,3
DA:321,1
DA:322,3
DA:323,4
DA:324,1
DA:325,3
DA:326,5
DA:327,2
DA:328,4
DA:329,57
DA:330,4
DA:331,3
DA:332,1
DA:333,1
DA:334,57
DA:335,55
DA:336,7
DA:337,1
DA:338,14
DA:339,15
DA:340,4
DA:341,44
DA:342,4
DA:343,0
DA:344,1
DA:345,24
DA:346,3
DA:347,35
DA:348,51
DA:349,16
DA:350,46
DA:351,49
DA:352,4
DA:353,25
DA:354,65
DA:355,3
DA:356,3
DA:357,16
DA:358,3
DA:359,1
DA:360,4
DA:361,3
DA:362,2
DA:363,3
DA:364,2
DA:365,2
DA:366,3
DA:367,4
DA:368,4
DA:369,1
DA:370,1
DA:371,2
DA:372,3
DA:373,2
DA:374,3
DA:375,2
DA:376,4
DA:377,3
DA:378,5
DA:379,5
DA:380,4
DA:381,3
DA:382,3
DA:383,2
DA:384,2
DA:385,1
DA:386,5
DA:387,5
DA:388,55
DA:389,55
DA:390,54
DA:391,58
DA:392,5
DA:393,49
DA:394,59
DA:395,69
DA:396,68
DA:397,35
DA:398,43
DA:399,2
DA:400,3
DA:401,54
DA:402,1
DA:403,3
DA:404,2
DA:405,1
DA:406,4
DA:407,4
DA:408,52
DA:409,20
DA:410,4
DA:411,26
DA:412,43
DA:413,2
DA:414,58
DA:415,1
DA:416,1
DA:417,2
DA:418,3
DA:419,3
DA:420,1
DA:421,3
DA:422,5
DA:423,2
DA:424,4
DA:425,57
DA:426,4
DA:427,1
DA:428,1
DA:429,2
DA:430,57
DA:431,55
DA:432,7
DA:433,1
DA:434,14
DA:435,15
DA:436,4
DA:437,44
DA:438,4
DA:439,0
DA:440,1
DA:441,24
DA:442,3
DA:443,42
DA:444,51
DA:445,16
DA:446,21
DA:447,49
DA:448,4
DA:449,2
DA:450,65
DA:451,3
DA:452,3
DA:453,16
DA:454,3
DA:455,1
DA:456,4
DA:457,3
DA:458,2
DA:459,3
DA:460,2
DA:461,2
DA:462,3
DA:463,4
DA:464,4
DA:465,1
DA:466,1
DA:467,2
DA:468,3
DA:469,2
DA:470,3
DA:471,2
DA:472,4
DA:473,3
DA:474,5
DA:475,5
DA:476,4
DA:477,3
DA:478,3
DA:479,2
DA:480,2
DA:481,1
DA:482,5
DA:483,5
DA:484,55
DA:485,54
DA:486,53
DA:487,58
DA:488,5
DA:489,51
DA:490,56
DA:491,63
DA:492,62
DA:493,35
DA:494,43
DA:495,3
DA:496,4
DA:497,52
DA:498,1
DA:499,3
DA:500,2
DA:501,3
DA:502,5
DA:503,4
DA:504,52
DA:505,20
DA:506,4
DA:507,26
DA:508,43
DA:509,2
DA:510,58
DA:511,1
DA:512,1
DA:513,2
DA:514,3
DA:515,3
DA:516,1
DA:517,3
DA:518,5
DA:519,2
DA:520,4
DA:521,57
DA:522,4
DA:523,2
DA:524,1
DA:525,1
DA:526,57
DA:527,55
DA:528,7
DA:529,1
DA:530,14
DA:531,15
DA:532,4
DA:533,44
DA:534,4
DA:535,0
DA:536,2
DA:537,24
DA:538,3
DA:539,53
DA:540,51
DA:541,16
DA:542,2
DA:543,49
DA:544,4
DA:545,3
DA:546,65
DA:547,3
DA:548,3
DA:549,16
DA:550,3
DA:551,1
DA:552,4
DA:553,3
DA:554,2
DA:555,3
DA:556,2
DA:557,2
DA:558,3
DA:559,4
DA:560,4
DA:561,1
DA:562,1
DA:563,2
DA:564,3
DA:565,2
DA:566,3
DA:567,2
DA:568,4
DA:569,3
DA:570,5
DA:571,5
DA:572,4
DA:573,3
DA:574,3
DA:575,2
DA:576,2
DA:577,1
DA:578,5
DA:579,5
DA:580,54
DA:581,54
DA:582,54
DA:583,60
DA:584,5
DA:585,55
DA:586,57
DA:587,59
DA:588,58
DA:589,35
DA:590,43
DA:591,1
DA:592,4
DA:593,52
DA:594,1
DA:595,3
DA:596,2
DA:597,2
DA:598,5
DA:599,4
DA:600,52
DA:601,20
DA:602,4
DA:603,26
DA:604,43
DA:605,2
DA:606,58
DA:607,1
DA:608,1
DA:609,2
DA:610,3
DA:611,3
DA:612,1
DA:613,3
DA:614,5
DA:615,2
DA:616,4
DA:617,57
DA:618,4
DA:619,1
DA:620,2
DA:621,2
DA:622,57
DA:623,55
DA:624,7
DA:625,1
DA:626,14
DA:627,15
DA:628,4
DA:629,44
DA:630,4
DA:631,0
DA:632,2
DA:633,24
DA:634,3
DA:635,42
DA:636,51
DA:637,16
DA:638,3
DA:639,49
DA:640,4
DA:641,4
DA:642,65
DA:643,3
DA:644,3
DA:645,16
DA:646,3
DA:647,1
DA:648,4
DA:649,3
DA:650,2
DA:651,3
DA:652,2
DA:653,2
DA:654,3
DA:655,4
DA:656,4
DA:657,1
DA:658,1
DA:659,2
DA:660,3
DA:661,2
DA:662,3
DA:663,2
DA:664,4
DA:665,3
DA:666,5
DA:667,5
DA:668,4
DA:669,3
DA:670,3
DA:671,2
DA:672,2
DA:673,1
DA:674,5
DA:675,5
DA:676,54
DA:677,54
DA:678,55
DA:679,60
DA:680,5
DA:681,58
DA:682,64
DA:683,55
DA:684,56
DA:685,35
DA:686,43
DA:687,3
DA:688,3
DA:689,53
DA:690,3
DA:691,3
DA:692,2
DA:693,1
DA:694,3
DA:695,4
DA:696,52
DA:697,20
DA:698,4
DA:699,26
DA:700,43
DA:701,2
DA:702,58
DA:703,1
DA:704,1
DA:705,2
DA:706,3
DA:707,3
DA:708,1
DA:709,3
DA:710,5
DA:711,2
DA:712,4
DA:713,57
DA:714,4
DA:715,1
DA:716,1
DA:717,2
DA:718,57
DA:719,55
DA:720,7
DA:721,1
DA:722,14
DA:723,15
DA:724,4
DA:725,44
DA:726,4
DA:727,0
DA:728,3
DA:729,24
DA:730,3
DA:731,51
DA:732,51
DA:733,16
DA:734,1
DA:735,49
DA:736,4
DA:737,49
DA:774,65
DA:775,3
DA:776,3
DA:777,42
DA:778,3
DA:779,1
DA:780,4
DA:781,3
DA:782,2
DA:783,3
DA:784,2
DA:785,2
DA:786,3
DA:787,4
DA:788,4
DA:789,1
DA:790,1
DA:791,2
DA:792,3
DA:793,2
DA:794,3
DA:795,2
DA:796,4
DA:797,3
DA:798,5
DA:799,5
DA:800,4
DA:801,3
DA:802,3
DA:803,2
DA:804,2
DA:805,1
DA:806,5
DA:807,5
DA:808,42
DA:809,54
DA:810,55
DA:811,58
DA:812,4
DA:813,65
DA:814,55
DA:815,53
DA:816,52
DA:817,35
DA:818,43
DA:819,2
DA:820,4
DA:821,53
DA:822,3
DA:823,2
DA:824,2
DA:825,2
DA:826,4
DA:827,52
DA:828,20
DA:829,4
DA:830,26
DA:831,43
DA:832,2
DA:833,58
DA:834,1
DA:835,1
DA:836,2
DA:837,3
DA:838,3
DA:839,1
DA:840,3
DA:841,5
DA:842,2
DA:843,4
DA:844,57
DA:845,4
DA:846,57
DA:847,55
DA:848,7
DA:849,1
DA:850,14
DA:851,15
DA:852,4
DA:853,44
DA:854,4
DA:855,0
DA:856,24
DA:857,3
DA:858,51
DA:859,16
DA:860,4
DA:861,49
DA:862,49
DA:863,3
DA:864,64
DA:865,54
DA:866,54
DA:867,16
DA:868,1
DA:869,5
DA:870,50
DA:871,2
DA:875,45
DA:876,41
DA:878,16
DA:881,47
DA:882,20
DA:883,1
DA:884,2
DA:885,3
DA:886,2
DA:887,2
DA:888,1
DA:889,1
DA:890,1
DA:891,2
DA:892,3
DA:893,2
DA:894,2
DA:895,2
DA:896,0
DA:897,1
DA:898,3
DA:899,2
DA:900,0
DA:901,2
DA:902,2
DA:903,1
DA:904,1
DA:905,1
DA:906,1
DA:907,1
DA:908,1
DA:909,2
DA:910,2
DA:911,2
DA:912,2
DA:913,2
DA:914,2
DA:915,2
DA:916,3
DA:917,1
DA:918,2
DA:919,1
DA:920,2
DA:921,3
DA:922,3
DA:923,1
DA:924,1
DA:925,1
DA:926,1
DA:927,1
DA:928,3
DA:929,1
DA:930,3
DA:931,2
DA:932,0
DA:933,0
DA:934,0
DA:935,1
DA:936,2
DA:937,0
DA:938,1
DA:939,2
DA:940,2
DA:941,3
DA:942,0
DA:943,1
DA:944,0
DA:1079,2
DA:1082,42
DA:1085,3
DA:1086,42
DA:1101,2
DA:1103,2
DA:1105,2
DA:1107,3
DA:1109,4
DA:1164,4
DA:1522,1
DA:1543,1
DA:1644,1
DA:1645,3
DA:1660,1
DA:1662,3
DA:1704,0
DA:1706,1
DA:1708,2
DA:1717,3
DA:1740,2
DA:1744,1
DA:1746,1
DA:1753,2
DA:1767,1
DA:1776,2
DA:1779,2
DA:1781,1
DA:1783,0
DA:1784,1
DA:1799,3
DA:1802,0
DA:1804,1
DA:1805,1
DA:1808,2
DA:1809,1
DA:1810,0
DA:1820,2
DA:8150,65
DA:8224,53
DA:8352,3
DA:8598,37
DA:8655,58
DA:8658,60
DA:8666,59
DA:8669,60
DA:8672,59
DA:8675,59
DA:8716,3
DA:8717,5
DA:8723,3
DA:8724,4
DA:8725,4
DA:8726,5
DA:8727,3
DA:8729,15
DA:8734,1
DA:8735,0
DA:8736,0
DA:8737,2
DA:8754,35
DA:8829,43
DA:8843,3
DA:8847,56
DA:8850,41
DA:8928,38
DA:8975,46
DA:9114,49
DA:9276,39
DA:9328,50
DA:9394,16
DA:9426,1
DA:9439,53
DA:9492,3
DA:9743,53
DA:9801,51
DA:9913,53
DA:9937,59
DA:10078,57
DA:10257,2
DA:10275,1
DA:10287,34
DA:10417,2
DA:10425,54
DA:10480,47
DA:10572,69
DA:10771,67
DA:10988,3
DA:10993,4
DA:10997,41
DA:11142,55
DA:11194,51
DA:11290,62
DA:11499,60
DA:11726,1
DA:11733,51
DA:11881,55
DA:11929,56
DA:12008,58
DA:12219,57
DA:12430,1
DA:12434,41
DA:12580,54
DA:12632,58
DA:12717,55
DA:12924,56
DA:13127,1
DA:13133,53
DA:13290,54
DA:13322,54
DA:13484,55
DA:13505,58
DA:13723,54
DA:13746,55
DA:13951,54
DA:13970,56
DA:14174,54
DA:14197,63
DA:14401,52
DA:14426,2
DA:14436,1
DA:14447,0
DA:14460,2
DA:14471,3
DA:14483,3
DA:14484,4
DA:14485,52
DA:14488,5
DA:14493,3
DA:14497,3
DA:14499,3
DA:14501,4
DA:14503,4
DA:44089,0
DA:44091,163
DA:44092,157
DA:44093,110
DA:44094,110
DA:44095,110
DA:44096,110
DA:44097,110
DA:44098,110
DA:44099,110
DA:44100,110
DA:44101,110
DA:44102,110
DA:44103,110
DA:44104,110
DA:44105,110
DA:44106,110
DA:44107,110
DA:44108,110
DA:44109,110
DA:44110,110
DA:44111,110
DA:44112,110
DA:44113,110
DA:44114,110
DA:44115,110
DA:44116,110
DA:44117,110
DA:44118,110
DA:44119,110
DA:44120,110
DA:44121,110
DA:44122,110
DA:44123,110
DA:44124,110
DA:44125,110
DA:44126,110
DA:44127,110
DA:44128,110
DA:44129,110
DA:44130,110
DA:44131,110
DA:44132,110
DA:44133,110
DA:44134,110
DA:44135,110
DA:44136,110
DA:44137,110
DA:44138,110
DA:44139,110
DA:44140,110
DA:44141,110
DA:44142,110
DA:44143,110
DA:44144,110
DA:44145,110
DA:44146,110
DA:44147,110
DA:44148,110
DA:44149,110
DA:44150,110
DA:44151,110
DA:44152,110
DA:44153,110
DA:44154,110
DA:44155,110
DA:44156,110
DA:44157,110
DA:44158,110
DA:44159,110
DA:44160,110
DA:44161,110
DA:44162,110
DA:44163,110
DA:44164,110
DA:44165,110
DA:44166,110
DA:44167,110
DA:44168,110
DA:44169,110
DA:44170,110
DA:44171,110
DA:44172,110
DA:44173,110
DA:44174,110
DA:44175,110
DA:44176,110
DA:44177,110
DA:44178,110
DA:44179,110
DA:44180,110
DA:44181,110
DA:44182,110
DA:44183,110
DA:44184,110
DA:44185,110
DA:44186,110
DA:44187,110
DA:44188,110
DA:44189,110
DA:44190,110
DA:44191,110
DA:44194,166
DA:44195,156
DA:44196,10
DA:44197,10
DA:44198,10
DA:44200,156
DA:44201,156
DA:44202,1
DA:44203,1
DA:44204,1
DA:44206,109
DA:44207,109
DA:44208,109
DA:44209,109
DA:44211,0
DA:44212,0
DA:44213,0
DA:44216,44
DA:44217,2
DA:44218,2
DA:44227,3
DA:44329,3
DA:44330,1
DA:44331,1
DA:44332,1
LF:1104
LH:1073
end_of_record
TN:verilator_coverage
SF:/home/UnityChipForXiangShan/scripts/backend_ctrlblock_decode/../../rtl/rtl/FPDecoder.sv
FNF:0
FNH:0
DA:59,148
DA:60,14
DA:61,12
DA:62,122
DA:63,11
DA:64,124
DA:67,147
LF:7
LH:7
end_of_record
TN:verilator_coverage
SF:/home/UnityChipForXiangShan/scripts/backend_ctrlblock_decode/../../rtl/rtl/UopInfoGen.sv
FNF:0
FNH:0
DA:59,27
DA:60,8
DA:61,14
DA:62,63
DA:63,27
DA:64,26
DA:65,124
DA:66,130
DA:67,140
DA:68,8
DA:69,6
DA:70,24
DA:71,63
DA:72,64
DA:73,22
DA:83,22
DA:90,123
DA:92,24
DA:106,23
DA:119,61
LF:20
LH:20
end_of_record
TN:verilator_coverage
SF:/home/UnityChipForXiangShan/scripts/backend_ctrlblock_decode/../../rtl/rtl/VTypeGen.sv
FNF:0
FNH:0
DA:59,323
DA:60,7
DA:61,5
DA:62,78
DA:63,5
DA:64,21
DA:65,6
DA:66,22
DA:67,6
DA:68,22
DA:69,8
DA:70,16
DA:71,9
DA:72,15
DA:73,3
DA:74,3
DA:75,3
DA:76,2
DA:77,0
DA:78,4
DA:79,5
DA:80,17
DA:81,2
DA:82,5
DA:83,2
DA:84,6
DA:85,4
DA:86,5
DA:87,6
DA:88,4
DA:89,3
DA:90,6
DA:91,3
DA:92,2
DA:93,3
DA:94,5
DA:95,2
DA:96,4
DA:97,2
DA:105,15
DA:108,1
DA:111,1
DA:114,1
DA:117,2
DA:120,3
DA:123,17
DA:129,30
DA:139,11
DA:142,4
DA:143,2
DA:144,5
DA:145,4
DA:146,7
DA:147,2
DA:148,5
DA:149,2
DA:150,6
DA:151,4
DA:152,166
DA:153,10
DA:154,10
DA:155,10
DA:156,10
DA:157,10
DA:158,10
DA:159,10
DA:160,10
DA:161,10
DA:162,10
DA:163,10
DA:165,156
DA:166,0
DA:167,0
DA:168,0
DA:169,0
DA:170,0
DA:171,0
DA:172,0
DA:173,0
DA:174,0
DA:175,0
DA:177,156
DA:178,154
DA:179,2
DA:180,2
DA:181,2
DA:182,2
DA:183,2
DA:185,0
DA:186,0
DA:187,0
DA:188,0
DA:189,0
DA:190,0
DA:192,1
DA:193,1
DA:194,1
DA:195,1
DA:196,1
DA:197,1
DA:199,148
DA:204,7
DA:205,7
DA:206,7
DA:207,7
DA:208,7
DA:209,7
DA:218,3
DA:235,3
DA:236,1
DA:237,1
DA:238,1
DA:239,1
DA:240,1
DA:241,1
DA:242,1
DA:243,1
DA:244,1
DA:245,1
LF:119
LH:102
end_of_record
TN:verilator_coverage
SF:/home/UnityChipForXiangShan/scripts/backend_ctrlblock_decode/../../rtl/rtl/VecExceptionGen.sv
FNF:0
FNH:0
DA:59,65
DA:60,42
DA:61,54
DA:62,55
DA:63,35
DA:64,53
DA:65,1
DA:66,3
DA:67,3
DA:68,4
DA:69,46
DA:72,52
DA:78,3
DA:81,2
DA:88,1
DA:93,0
DA:103,20
DA:119,12
DA:127,2
DA:129,2
DA:132,2
DA:136,0
DA:139,2
DA:142,2
DA:143,2
DA:144,2
DA:145,0
DA:146,15
DA:150,0
DA:151,51
DA:154,37
DA:164,56
DA:166,47
DA:168,67
DA:169,1
DA:176,0
DA:177,6
DA:182,4
DA:184,5
DA:186,1
DA:194,14
DA:196,15
DA:206,14
DA:212,15
DA:220,15
DA:232,5
DA:233,22
DA:238,21
DA:240,20
DA:251,21
DA:268,60
DA:273,5
DA:278,3
DA:285,6
LF:54
LH:49
end_of_record
TN:verilator_coverage
SF:/home/UnityChipForXiangShan/scripts/backend_ctrlblock_decode/../../rtl/rtl/VsetModule.sv
FNF:0
FNH:0
DA:59,2
DA:60,2
DA:61,20
DA:62,22
DA:63,16
DA:64,21
DA:65,20
DA:66,3
DA:67,27
DA:68,5
DA:69,4
DA:70,1
DA:71,5
DA:72,2
DA:73,23
DA:76,22
DA:77,26
DA:78,27
DA:82,22
LF:19
LH:19
end_of_record
TN:verilator_coverage
SF:/home/UnityChipForXiangShan/scripts/backend_ctrlblock_decode/../../rtl/rtl/indexedLSNumOfUopTable.sv
FNF:0
FNH:0
DA:59,133
DA:60,122
DA:63,137
LF:3
LH:3
end_of_record
TN:verilator_coverage
SF:/home/UnityChipForXiangShan/scripts/backend_ctrlblock_decode/../../rtl/rtl/indexedLSUopTable_1.sv
FNF:0
FNH:0
DA:59,2
DA:60,3
DA:61,3
DA:64,3
LF:4
LH:4
end_of_record
TN:verilator_coverage
SF:/home/UnityChipForXiangShan/scripts/backend_ctrlblock_decode/../../rtl/rtl/indexedLSUopTable_2.sv
FNF:0
FNH:0
DA:59,2
DA:60,3
DA:61,3
DA:64,3
LF:4
LH:4
end_of_record
TN:verilator_coverage
SF:/home/UnityChipForXiangShan/scripts/backend_ctrlblock_decode/../../rtl/rtl/indexedLSUopTable_3.sv
FNF:0
FNH:0
DA:59,2
DA:60,2
DA:61,3
DA:64,3
LF:4
LH:4
end_of_record
TN:verilator_coverage
SF:/home/UnityChipForXiangShan/scripts/backend_ctrlblock_decode/../../rtl/rtl/indexedLSUopTable_4.sv
FNF:0
FNH:0
DA:59,2
DA:60,3
DA:61,3
DA:64,3
LF:4
LH:4
end_of_record
TN:verilator_coverage
SF:/home/UnityChipForXiangShan/scripts/backend_ctrlblock_decode/../../rtl/rtl/indexedLSUopTable_5.sv
FNF:0
FNH:0
DA:59,2
DA:60,2
DA:61,3
DA:64,3
LF:4
LH:4
end_of_record
TN:verilator_coverage
SF:/home/UnityChipForXiangShan/scripts/backend_ctrlblock_decode/../../rtl/rtl/indexedLSUopTable_6.sv
FNF:0
FNH:0
DA:59,2
DA:60,3
DA:61,2
DA:64,3
LF:4
LH:4
end_of_record
TN:verilator_coverage
SF:/home/UnityChipForXiangShan/scripts/backend_ctrlblock_decode/../../rtl/rtl/indexedLSUopTable_7.sv
FNF:0
FNH:0
DA:59,2
DA:60,3
DA:61,3
LF:3
LH:3
end_of_record
TN:verilator_coverage
SF:/home/UnityChipForXiangShan/scripts/backend_ctrlblock_decode/../../rtl/rtl/strdiedLSNumOfUopTable.sv
FNF:0
FNH:0
DA:59,131
DA:60,105
DA:63,132
LF:3
LH:3
end_of_record
