TN:verilator_coverage
SF:/home/UnityChipForXiangShan/dut/DecodeStage/DecodeStage.v
FNF:0
FNH:0
DA:88,474
DA:89,10
DA:90,3
DA:91,4
DA:92,4
DA:93,121
DA:94,6
DA:95,6
DA:96,6
DA:97,2
DA:98,3
DA:99,3
DA:100,5
DA:101,3
DA:102,4
DA:103,3
DA:104,3
DA:105,1
DA:106,1
DA:107,4
DA:108,4
DA:109,2
DA:110,3
DA:111,2
DA:112,2
DA:113,1
DA:114,3
DA:115,4
DA:116,1
DA:117,3
DA:118,5
DA:119,5
DA:120,2
DA:121,4
DA:122,5
DA:123,4
DA:124,3
DA:125,2
DA:126,3
DA:127,2
DA:128,6
DA:129,6
DA:130,2
DA:131,2
DA:132,6
DA:133,10
DA:134,6
DA:135,6
DA:136,1
DA:137,3
DA:138,4
DA:139,2
DA:140,4
DA:141,4
DA:142,5
DA:143,2
DA:144,4
DA:145,3
DA:146,3
DA:147,3
DA:148,2
DA:149,4
DA:150,4
DA:151,4
DA:152,4
DA:153,3
DA:154,0
DA:155,5
DA:156,3
DA:157,4
DA:158,2
DA:159,6
DA:160,2
DA:161,2
DA:162,3
DA:163,1
DA:164,3
DA:165,3
DA:166,4
DA:167,2
DA:168,5
DA:169,6
DA:170,3
DA:171,4
DA:172,9
DA:173,10
DA:174,6
DA:175,6
DA:176,4
DA:177,3
DA:178,2
DA:179,5
DA:180,3
DA:181,2
DA:182,3
DA:183,4
DA:184,4
DA:185,4
DA:186,0
DA:187,3
DA:188,6
DA:189,2
DA:190,3
DA:191,5
DA:192,3
DA:193,1
DA:194,3
DA:195,3
DA:196,5
DA:197,3
DA:198,4
DA:199,6
DA:200,5
DA:201,4
DA:202,4
DA:203,3
DA:204,2
DA:205,2
DA:206,2
DA:207,3
DA:208,4
DA:209,6
DA:210,4
DA:211,3
DA:212,7
DA:213,10
DA:214,6
DA:215,5
DA:216,2
DA:217,3
DA:218,4
DA:219,3
DA:220,1
DA:221,5
DA:222,1
DA:223,4
DA:224,5
DA:225,3
DA:226,1
DA:227,4
DA:228,1
DA:229,4
DA:230,5
DA:231,5
DA:232,2
DA:233,2
DA:234,3
DA:235,3
DA:236,5
DA:237,5
DA:238,4
DA:239,6
DA:240,2
DA:241,4
DA:242,3
DA:243,3
DA:244,2
DA:245,3
DA:246,3
DA:247,3
DA:248,5
DA:249,5
DA:250,3
DA:251,3
DA:252,8
DA:253,10
DA:254,6
DA:255,6
DA:256,3
DA:257,4
DA:258,4
DA:259,4
DA:260,4
DA:261,3
DA:262,1
DA:263,2
DA:264,4
DA:265,2
DA:266,5
DA:267,3
DA:268,3
DA:269,5
DA:270,1
DA:271,3
DA:272,2
DA:273,3
DA:274,2
DA:275,3
DA:276,6
DA:277,4
DA:278,3
DA:279,5
DA:280,3
DA:281,2
DA:282,4
DA:283,4
DA:284,4
DA:285,4
DA:286,4
DA:287,4
DA:288,5
DA:289,6
DA:290,2
DA:291,2
DA:292,5
DA:293,10
DA:294,6
DA:295,6
DA:296,4
DA:297,4
DA:298,4
DA:299,4
DA:300,2
DA:301,3
DA:302,2
DA:303,6
DA:304,1
DA:305,1
DA:306,4
DA:307,4
DA:308,6
DA:309,4
DA:310,4
DA:311,1
DA:312,2
DA:313,3
DA:314,3
DA:315,3
DA:316,2
DA:317,2
DA:318,2
DA:319,5
DA:320,4
DA:321,2
DA:322,3
DA:323,3
DA:324,3
DA:325,4
DA:326,3
DA:327,4
DA:328,6
DA:329,3
DA:330,4
DA:331,4
DA:332,10
DA:333,121
DA:334,6
DA:335,5
DA:336,5
DA:337,2
DA:338,43
DA:339,4
DA:340,2
DA:341,5
DA:342,2
DA:343,3
DA:344,3
DA:345,3
DA:346,0
DA:347,2
DA:348,4
DA:349,5
DA:350,3
DA:351,2
DA:352,2
DA:353,1
DA:354,2
DA:355,3
DA:356,5
DA:357,2
DA:358,1
DA:359,3
DA:360,3
DA:361,4
DA:362,3
DA:363,3
DA:364,3
DA:365,3
DA:366,3
DA:367,2
DA:368,3
DA:369,2
DA:370,5
DA:371,3
DA:372,72
DA:373,86
DA:374,45
DA:375,101
DA:376,3
DA:377,110
DA:378,104
DA:379,121
DA:380,117
DA:381,69
DA:382,98
DA:383,67
DA:384,13
DA:385,48
DA:386,1
DA:387,2
DA:388,3
DA:389,2
DA:390,2
DA:391,2
DA:392,44
DA:393,89
DA:394,68
DA:395,4
DA:396,31
DA:397,106
DA:398,2
DA:399,105
DA:400,4
DA:401,1
DA:402,6
DA:403,6
DA:404,6
DA:405,4
DA:406,3
DA:407,5
DA:408,4
DA:409,5
DA:410,102
DA:411,6
DA:412,1
DA:413,2
DA:414,1
DA:415,89
DA:416,105
DA:417,1
DA:418,2
DA:419,4
DA:420,20
DA:421,2
DA:422,43
DA:423,13
DA:424,1
DA:425,2
DA:426,30
DA:427,7
DA:428,3
DA:429,51
DA:430,15
DA:431,2
DA:432,47
DA:433,49
DA:434,49
DA:435,59
DA:436,77
DA:437,3
DA:438,54
DA:439,73
DA:440,6
DA:441,6
DA:442,0
DA:443,2
DA:444,66
DA:445,3
DA:446,1
DA:447,4
DA:448,4
DA:449,4
DA:450,2
DA:451,3
DA:452,3
DA:453,3
DA:454,2
DA:455,4
DA:456,3
DA:457,5
DA:458,3
DA:459,5
DA:460,2
DA:461,1
DA:462,3
DA:463,4
DA:464,2
DA:465,3
DA:466,2
DA:467,5
DA:468,3
DA:469,0
DA:470,5
DA:471,3
DA:472,1
DA:473,3
DA:474,4
DA:475,3
DA:476,6
DA:477,6
DA:478,66
DA:479,49
DA:480,49
DA:481,64
DA:482,3
DA:483,77
DA:484,65
DA:485,72
DA:486,73
DA:487,45
DA:488,47
DA:489,8
DA:490,5
DA:491,48
DA:492,0
DA:493,15
DA:494,3
DA:495,0
DA:496,2
DA:497,3
DA:498,0
DA:499,53
DA:500,26
DA:501,2
DA:502,26
DA:503,65
DA:504,2
DA:505,66
DA:506,3
DA:507,2
DA:508,4
DA:509,3
DA:510,6
DA:511,5
DA:512,2
DA:513,5
DA:514,5
DA:515,6
DA:516,64
DA:517,6
DA:518,2
DA:519,1
DA:520,1
DA:521,53
DA:522,65
DA:523,3
DA:524,2
DA:525,3
DA:526,21
DA:527,4
DA:528,43
DA:529,13
DA:530,0
DA:531,1
DA:532,28
DA:533,3
DA:534,15
DA:535,51
DA:536,15
DA:537,47
DA:538,11
DA:539,49
DA:540,49
DA:541,10
DA:542,44
DA:543,3
DA:544,14
DA:545,64
DA:546,6
DA:547,6
DA:548,4
DA:549,3
DA:550,49
DA:551,3
DA:552,4
DA:553,3
DA:554,4
DA:555,4
DA:556,3
DA:557,5
DA:558,3
DA:559,1
DA:560,2
DA:561,4
DA:562,1
DA:563,4
DA:564,3
DA:565,2
DA:566,3
DA:567,3
DA:568,4
DA:569,3
DA:570,2
DA:571,4
DA:572,3
DA:573,5
DA:574,6
DA:575,4
DA:576,5
DA:577,2
DA:578,2
DA:579,2
DA:580,1
DA:581,4
DA:582,4
DA:583,5
DA:584,42
DA:585,49
DA:586,48
DA:587,52
DA:588,3
DA:589,56
DA:590,54
DA:591,59
DA:592,59
DA:593,34
DA:594,34
DA:595,5
DA:596,3
DA:597,47
DA:598,1
DA:599,1
DA:600,2
DA:601,1
DA:602,2
DA:603,2
DA:604,2
DA:605,53
DA:606,23
DA:607,2
DA:608,22
DA:609,53
DA:610,2
DA:611,52
DA:612,4
DA:613,3
DA:614,4
DA:615,6
DA:616,5
DA:617,4
DA:618,2
DA:619,5
DA:620,5
DA:621,6
DA:622,52
DA:623,6
DA:624,3
DA:625,2
DA:626,1
DA:627,51
DA:628,52
DA:629,0
DA:630,2
DA:631,2
DA:632,16
DA:633,1
DA:634,37
DA:635,8
DA:636,1
DA:637,1
DA:638,25
DA:639,0
DA:640,12
DA:641,48
DA:642,14
DA:643,12
DA:644,2
DA:645,12
DA:646,13
DA:647,7
DA:648,34
DA:649,1
DA:650,5
DA:651,22
DA:652,6
DA:653,6
DA:654,2
DA:655,4
DA:656,17
DA:657,5
DA:658,4
DA:659,2
DA:660,3
DA:661,2
DA:662,4
DA:663,6
DA:664,2
DA:665,2
DA:666,2
DA:667,3
DA:668,4
DA:669,3
DA:670,3
DA:671,1
DA:672,2
DA:673,3
DA:674,3
DA:675,5
DA:676,1
DA:677,2
DA:678,1
DA:679,5
DA:680,3
DA:681,4
DA:682,5
DA:683,5
DA:684,3
DA:685,0
DA:686,3
DA:687,3
DA:688,6
DA:689,5
DA:690,9
DA:691,16
DA:692,14
DA:693,15
DA:694,3
DA:695,20
DA:696,19
DA:697,18
DA:698,17
DA:699,13
DA:700,11
DA:701,3
DA:702,0
DA:703,13
DA:704,1
DA:705,1
DA:706,0
DA:707,1
DA:708,1
DA:709,3
DA:710,1
DA:711,17
DA:712,7
DA:713,3
DA:714,7
DA:715,18
DA:716,2
DA:717,18
DA:718,4
DA:719,2
DA:720,4
DA:721,6
DA:722,6
DA:723,4
DA:724,3
DA:725,6
DA:726,5
DA:727,5
DA:728,15
DA:729,6
DA:730,2
DA:731,0
DA:732,2
DA:733,17
DA:734,14
DA:735,2
DA:736,2
DA:737,5
DA:738,5
DA:739,0
DA:740,12
DA:741,2
DA:742,2
DA:743,2
DA:744,7
DA:745,2
DA:746,3
DA:747,15
DA:748,4
DA:749,0
DA:750,3
DA:751,3
DA:752,3
DA:753,6
DA:754,11
DA:755,3
DA:756,4
DA:757,12
DA:758,6
DA:759,5
DA:760,2
DA:761,4
DA:762,5
DA:763,4
DA:764,2
DA:765,4
DA:766,4
DA:767,1
DA:768,0
DA:769,4
DA:770,2
DA:771,5
DA:772,4
DA:773,2
DA:774,5
DA:775,3
DA:776,3
DA:777,2
DA:778,4
DA:779,4
DA:780,2
DA:781,4
DA:782,1
DA:783,5
DA:784,3
DA:785,6
DA:786,4
DA:787,2
DA:788,4
DA:789,4
DA:790,3
DA:791,4
DA:792,4
DA:793,2
DA:794,6
DA:795,4
DA:796,6
DA:797,7
DA:798,5
DA:799,4
DA:800,3
DA:801,10
DA:802,9
DA:803,11
DA:804,11
DA:805,5
DA:806,7
DA:807,1
DA:808,3
DA:809,4
DA:810,2
DA:811,1
DA:812,2
DA:813,2
DA:814,3
DA:815,2
DA:816,3
DA:817,7
DA:818,7
DA:819,2
DA:820,3
DA:821,9
DA:822,2
DA:823,9
DA:824,4
DA:825,2
DA:826,6
DA:827,5
DA:828,5
DA:829,3
DA:830,3
DA:831,4
DA:832,4
DA:833,5
DA:834,3
DA:835,6
DA:836,1
DA:837,3
DA:838,2
DA:839,9
DA:840,8
DA:841,1
DA:842,2
DA:843,3
DA:844,5
DA:845,0
DA:846,7
DA:847,2
DA:848,2
DA:849,3
DA:850,2
DA:851,3
DA:852,3
DA:853,5
DA:854,2
DA:855,2
DA:856,1
DA:857,3
DA:858,3
DA:859,5
DA:860,6
DA:861,2
DA:862,3
DA:863,12
DA:864,6
DA:865,6
DA:866,2
DA:867,4
DA:868,6
DA:869,4
DA:870,4
DA:871,2
DA:872,3
DA:873,2
DA:874,6
DA:875,2
DA:876,2
DA:877,3
DA:878,2
DA:879,6
DA:880,4
DA:881,3
DA:882,2
DA:883,3
DA:884,3
DA:885,1
DA:886,4
DA:887,5
DA:888,0
DA:889,2
DA:890,2
DA:891,5
DA:892,6
DA:893,3
DA:894,3
DA:895,3
DA:896,3
DA:897,4
DA:898,2
DA:899,3
DA:900,6
DA:901,4
DA:902,5
DA:903,7
DA:904,5
DA:905,7
DA:906,3
DA:907,11
DA:908,11
DA:909,11
DA:910,11
DA:911,6
DA:912,9
DA:913,3
DA:914,4
DA:915,3
DA:916,1
DA:917,3
DA:918,0
DA:919,1
DA:920,2
DA:921,1
DA:922,3
DA:923,6
DA:924,7
DA:925,1
DA:926,3
DA:927,8
DA:928,2
DA:929,11
DA:930,4
DA:931,2
DA:932,4
DA:933,4
DA:934,5
DA:935,4
DA:936,4
DA:937,6
DA:938,4
DA:939,5
DA:940,9
DA:941,6
DA:942,2
DA:943,1
DA:944,0
DA:945,10
DA:946,12
DA:947,1
DA:948,3
DA:949,1
DA:950,2
DA:951,1
DA:952,6
DA:953,1
DA:954,1
DA:955,0
DA:956,3
DA:957,3
DA:958,3
DA:959,4
DA:960,2
DA:961,3
DA:962,2
DA:963,3
DA:964,3
DA:965,6
DA:966,7
DA:967,3
DA:968,111
DA:969,3
DA:970,105
DA:971,4
DA:972,77
DA:973,4
DA:974,64
DA:975,3
DA:976,58
DA:977,3
DA:978,54
DA:979,3
DA:980,19
DA:981,3
DA:982,20
DA:983,4
DA:984,10
DA:985,4
DA:986,9
DA:987,3
DA:988,12
DA:989,3
DA:990,11
DA:991,3
DA:992,111
DA:993,3
DA:994,104
DA:995,3
DA:996,120
DA:997,4
DA:998,78
DA:999,4
DA:1000,65
DA:1001,4
DA:1002,71
DA:1003,3
DA:1004,58
DA:1005,3
DA:1006,54
DA:1007,3
DA:1008,60
DA:1009,3
DA:1010,18
DA:1011,3
DA:1012,19
DA:1013,3
DA:1014,19
DA:1015,4
DA:1016,8
DA:1017,4
DA:1018,9
DA:1019,4
DA:1020,12
DA:1021,3
DA:1022,12
DA:1023,3
DA:1024,11
DA:1025,3
DA:1026,12
DA:1027,3
DA:1028,111
DA:1029,3
DA:1030,105
DA:1031,3
DA:1032,122
DA:1033,4
DA:1034,78
DA:1035,4
DA:1036,65
DA:1037,4
DA:1038,71
DA:1039,3
DA:1040,59
DA:1041,3
DA:1042,54
DA:1043,3
DA:1044,57
DA:1045,3
DA:1046,19
DA:1047,3
DA:1048,19
DA:1049,3
DA:1050,18
DA:1051,4
DA:1052,9
DA:1053,4
DA:1054,9
DA:1055,4
DA:1056,12
DA:1057,3
DA:1058,11
DA:1059,3
DA:1060,10
DA:1061,3
DA:1062,12
DA:1063,3
DA:1064,4
DA:1065,3
DA:1066,3
DA:1067,4
DA:1068,3
DA:1069,3
DA:1070,4
DA:1071,3
DA:1072,3
DA:1073,4
DA:1074,3
DA:1075,3
DA:1076,2
DA:1077,4
DA:1078,2
DA:1079,3
DA:1080,4
DA:1081,4
DA:1082,3
DA:1083,1
DA:1084,4
DA:1085,4
DA:1086,2
DA:1087,4
DA:1088,4
DA:1089,2
DA:1090,3
DA:1091,1
DA:1092,6
DA:1093,4
DA:1094,2
DA:1095,5
DA:1096,2
DA:1097,5
DA:1098,2
DA:1099,2
DA:1100,5
DA:1101,2
DA:1102,3
DA:1103,5
DA:1104,3
DA:1105,3
DA:1106,3
DA:1107,5
DA:1108,1
DA:1109,3
DA:1110,4
DA:1111,6
DA:1112,4
DA:1113,3
DA:1114,2
DA:1115,4
DA:1116,2
DA:1117,4
DA:1118,5
DA:1119,6
DA:1120,4
DA:1121,5
DA:1122,6
DA:1123,5
DA:1124,6
DA:1125,4
DA:1126,5
DA:1127,6
DA:1128,6
DA:1129,6
DA:1130,6
DA:1131,5
DA:1132,6
DA:1133,4
DA:1134,5
DA:1135,4
DA:1136,4
DA:1137,2
DA:1138,4
DA:1139,5
DA:1140,6
DA:1141,43
DA:1142,89
DA:1143,1
DA:1144,4
DA:1145,4
DA:1146,11
DA:1147,13
DA:1148,8
DA:1149,12
DA:1150,8
DA:1151,7
DA:1154,3
DA:1155,4
DA:1156,5
DA:1157,14
DA:1158,54
DA:1159,10
DA:1160,4
DA:1161,6
DA:1162,3
DA:1163,0
DA:1164,6
DA:1165,12
DA:1166,4
DA:1167,6
DA:1168,2
DA:1169,1
DA:1170,5
DA:1171,12
DA:1172,5
DA:1173,6
DA:1174,3
DA:1175,1
DA:1176,17
DA:1177,22
DA:1178,5
DA:1179,4
DA:1180,4
DA:1181,2
DA:1182,49
DA:1183,64
DA:1184,6
DA:1185,6
DA:1186,3
DA:1187,2
DA:1188,66
DA:1189,73
DA:1190,3
DA:1191,5
DA:1192,2
DA:1193,1
DA:1194,43
DA:1195,121
DA:2410,4
DA:2411,6
DA:2412,5
DA:2413,5
DA:2414,3
DA:2415,3
DA:2416,3
DA:2417,10
DA:2418,4
DA:2419,7
DA:2420,4
DA:2421,5
DA:2422,3
DA:2423,10
DA:2424,44
DA:2427,44
DA:2430,13
DA:2433,4
DA:2436,2
DA:2439,0
DA:2442,51
DA:2443,53
DA:2444,48
DA:2445,53
DA:2446,49
DA:2447,52
DA:2448,48
DA:2450,8
DA:2457,17
DA:2470,4
DA:2471,5
DA:2472,4
DA:2474,3
DA:2476,3
DA:2483,7
DA:2491,6
DA:2492,0
DA:2493,3
DA:2494,2
DA:2495,3
DA:2496,3
DA:2497,4
DA:2502,2
DA:2507,4
DA:2512,3
DA:2517,3
DA:2522,2
DA:3398,74
DA:3402,87
DA:3406,45
DA:3410,104
DA:3414,111
DA:3418,106
DA:3422,121
DA:3426,117
DA:3430,67
DA:3434,13
DA:3438,48
DA:3442,2
DA:3444,1
DA:3482,66
DA:3486,49
DA:3490,49
DA:3494,64
DA:3498,77
DA:3502,65
DA:3506,72
DA:3510,73
DA:3514,8
DA:3518,5
DA:3522,48
DA:3526,15
DA:3528,3
DA:3558,41
DA:3562,48
DA:3566,48
DA:3570,53
DA:3574,58
DA:3578,54
DA:3582,59
DA:3586,59
DA:3590,5
DA:3594,3
DA:3598,48
DA:3602,1
DA:3604,0
DA:3633,10
DA:3637,16
DA:3641,14
DA:3645,14
DA:3649,19
DA:3653,19
DA:3657,18
DA:3661,17
DA:3665,3
DA:3669,0
DA:3673,14
DA:3677,1
DA:3679,2
DA:3709,6
DA:3713,7
DA:3717,5
DA:3721,4
DA:3725,10
DA:3729,10
DA:3733,11
DA:3737,11
DA:3741,1
DA:3745,3
DA:3749,4
DA:3753,1
DA:3755,1
DA:3785,6
DA:3789,6
DA:3793,5
DA:3797,6
DA:3801,11
DA:3805,10
DA:3809,11
DA:3813,11
DA:3817,3
DA:3821,4
DA:3825,3
DA:3829,3
DA:3831,1
DA:3839,110
DA:3843,104
DA:3847,1
DA:3849,48
DA:3855,77
DA:3859,65
DA:3863,0
DA:3865,48
DA:3871,56
DA:3875,54
DA:3879,1
DA:3881,47
DA:3887,20
DA:3891,19
DA:3895,1
DA:3897,13
DA:3903,10
DA:3907,9
DA:3911,2
DA:3913,4
DA:3919,11
DA:3923,11
DA:3927,1
DA:3929,3
DA:3962,238
DA:3963,238
DA:3964,0
DA:3965,0
DA:3966,0
DA:3967,0
DA:3969,238
DA:3970,0
DA:3971,0
DA:3972,0
DA:3973,0
DA:3975,238
DA:3976,0
DA:3977,0
DA:3978,0
DA:3979,0
DA:3981,238
DA:3982,0
DA:3983,0
DA:3984,0
DA:3985,0
DA:3987,238
DA:3988,0
DA:3989,0
DA:3990,0
DA:3991,0
DA:3993,238
DA:3994,0
DA:3995,0
DA:3996,0
DA:3997,0
DA:4001,5
DA:4002,5
DA:4055,2
DA:4056,4
DA:4057,4
DA:4058,4
DA:4059,4
DA:4060,3
DA:4061,8
DA:4062,11
DA:4063,7
DA:4064,8
DA:4065,5
DA:4066,8
DA:4067,12
DA:4068,11
DA:4069,14
DA:4070,6
DA:4071,8
DA:4072,11
DA:4073,11
DA:4074,8
DA:4075,6
DA:4076,6
DA:4077,7
DA:4078,241
DA:4079,231
DA:4080,10
DA:4081,10
DA:4082,10
DA:4083,10
DA:4084,10
DA:4085,10
DA:4086,10
DA:4087,10
DA:4088,10
DA:4089,10
DA:4090,10
DA:4091,10
DA:4093,231
DA:4094,231
DA:4095,231
DA:4096,231
DA:4097,231
DA:4098,231
DA:4099,231
DA:4100,231
DA:4101,231
DA:4102,231
DA:4103,231
DA:4104,231
DA:4105,231
DA:4106,231
DA:4107,231
DA:4108,231
DA:4109,231
DA:4110,231
DA:4113,238
DA:4114,238
DA:4115,238
DA:4116,238
DA:4117,238
DA:4118,238
DA:4119,238
DA:4120,238
DA:4121,238
DA:4122,238
DA:4123,238
DA:4124,238
DA:4125,238
DA:4126,238
DA:4127,238
DA:4128,238
DA:4129,238
DA:4130,238
DA:4131,238
DA:4132,238
DA:4133,238
DA:4134,238
DA:4135,238
DA:4136,238
DA:4137,238
DA:4138,238
DA:4139,238
DA:4140,238
DA:4141,238
DA:4142,238
DA:4143,238
DA:4144,238
DA:4145,238
DA:4146,238
DA:4147,238
DA:4154,3
DA:4187,3
DA:4188,1
DA:4189,1
DA:4190,1
DA:4191,1
DA:4192,1
DA:4193,1
DA:4194,1
DA:4195,1
DA:4196,1
DA:4197,1
DA:4198,1
DA:4199,1
LF:1392
LH:1339
end_of_record
TN:verilator_coverage
SF:/home/UnityChipForXiangShan/dut/F3Predecoder/F3Predecoder.v
FNF:0
FNH:0
DA:88,1
DA:89,1
DA:90,1
DA:91,1
DA:92,1
DA:93,1
DA:94,1
DA:95,1
DA:96,1
DA:97,1
DA:98,1
DA:99,1
DA:100,1
DA:101,1
DA:102,1
DA:103,1
DA:104,0
DA:105,0
DA:106,1
DA:107,0
DA:108,1
DA:109,1
DA:110,1
DA:111,1
DA:112,1
DA:113,0
DA:114,1
DA:115,1
DA:116,1
DA:117,1
DA:118,0
DA:119,1
DA:120,1
DA:121,1
DA:122,1
DA:123,0
DA:124,1
DA:125,1
DA:126,0
DA:127,1
DA:128,1
DA:129,0
DA:130,1
DA:131,0
DA:132,1
DA:133,1
DA:134,0
DA:135,1
DA:136,1
DA:137,1
DA:138,0
DA:139,0
DA:140,1
DA:141,1
DA:142,0
DA:143,1
DA:144,0
DA:145,1
DA:146,1
DA:147,1
DA:148,0
DA:149,1
DA:150,1
DA:151,1
DA:159,0
DA:172,1
DA:174,0
DA:186,1
DA:189,1
DA:198,0
DA:211,1
DA:213,0
DA:225,1
DA:228,1
DA:237,1
DA:250,1
DA:252,1
DA:264,1
DA:267,1
DA:276,0
DA:289,1
DA:291,0
DA:303,1
DA:306,1
DA:315,1
DA:328,1
DA:330,1
DA:342,1
DA:345,1
DA:354,1
DA:367,1
DA:369,1
DA:381,1
DA:384,1
DA:393,1
DA:406,1
DA:408,1
DA:420,1
DA:423,1
DA:432,1
DA:445,1
DA:447,1
DA:459,1
DA:462,1
DA:471,1
DA:484,1
DA:486,1
DA:498,1
DA:501,1
DA:510,0
DA:523,1
DA:525,0
DA:537,1
DA:540,1
DA:549,0
DA:562,1
DA:564,0
DA:576,1
DA:579,1
DA:588,1
DA:601,1
DA:603,1
DA:615,1
DA:618,1
DA:627,1
DA:640,1
DA:642,1
DA:654,1
DA:657,1
DA:666,1
DA:679,1
DA:681,1
DA:693,1
DA:696,1
DA:705,1
DA:718,1
DA:720,1
DA:732,1
DA:735,1
DA:744,1
DA:757,1
DA:759,1
DA:771,1
DA:774,1
LF:144
LH:119
end_of_record
TN:verilator_coverage
SF:/home/UnityChipForXiangShan/dut/F3Predecoder/F3Predecoder_top.sv
FNF:0
FNH:0
DA:3,1
DA:4,1
DA:5,1
DA:6,1
DA:7,1
DA:8,1
DA:9,1
DA:10,1
DA:11,1
DA:12,1
DA:13,1
DA:14,1
DA:15,1
DA:16,1
DA:17,1
DA:18,1
DA:19,0
DA:20,0
DA:21,1
DA:22,0
DA:23,1
DA:24,1
DA:25,1
DA:26,1
DA:27,1
DA:28,0
DA:29,1
DA:30,1
DA:31,1
DA:32,1
DA:33,0
DA:34,1
DA:35,1
DA:36,1
DA:37,1
DA:38,0
DA:39,1
DA:40,1
DA:41,0
DA:42,1
DA:43,1
DA:44,0
DA:45,1
DA:46,0
DA:47,1
DA:48,1
DA:49,0
DA:50,1
DA:51,1
DA:52,1
DA:53,0
DA:54,0
DA:55,1
DA:56,1
DA:57,0
DA:58,1
DA:59,0
DA:60,1
DA:61,1
DA:62,1
DA:63,0
DA:64,1
DA:65,1
DA:66,1
DA:219,0
DA:221,0
DA:224,1
DA:226,1
DA:229,0
DA:231,0
DA:234,1
DA:236,1
DA:239,0
DA:241,0
DA:244,1
DA:246,1
DA:249,0
DA:251,0
DA:254,1
DA:256,1
DA:259,0
DA:261,0
DA:264,1
DA:266,1
DA:269,0
DA:271,0
DA:274,1
DA:276,1
DA:279,0
DA:281,0
DA:284,1
DA:286,1
DA:289,0
DA:291,0
DA:294,1
DA:296,1
DA:299,0
DA:301,0
DA:304,1
DA:306,1
DA:309,0
DA:311,0
DA:314,1
DA:316,1
DA:319,0
DA:321,0
DA:324,1
DA:326,1
DA:329,0
DA:331,0
DA:334,1
DA:336,1
DA:339,0
DA:341,0
DA:344,1
DA:346,1
DA:349,0
DA:351,0
DA:354,1
DA:356,1
DA:359,0
DA:361,0
DA:364,1
DA:366,1
DA:369,0
DA:371,0
DA:374,1
DA:376,1
DA:379,6
DA:381,6
DA:384,6
DA:386,6
DA:389,6
DA:391,6
DA:394,6
DA:396,6
DA:399,6
DA:401,6
DA:404,6
DA:406,6
DA:409,6
DA:411,6
DA:414,6
DA:416,6
DA:419,6
DA:421,6
DA:424,6
DA:426,6
DA:429,6
DA:431,6
DA:434,6
DA:436,6
DA:439,6
DA:441,6
DA:444,6
DA:446,6
DA:449,6
DA:451,6
DA:454,6
DA:456,6
DA:459,6
DA:461,6
DA:464,6
DA:466,6
DA:469,6
DA:471,6
DA:474,6
DA:476,6
DA:479,6
DA:481,6
DA:484,6
DA:486,6
DA:489,6
DA:491,6
DA:494,6
DA:496,6
DA:499,6
DA:501,6
DA:504,6
DA:506,6
DA:509,6
DA:511,6
DA:514,6
DA:516,6
DA:519,6
DA:521,6
DA:524,6
DA:526,6
DA:529,6
DA:531,6
DA:534,6
DA:536,6
DA:539,6
DA:541,6
DA:544,6
DA:546,6
DA:549,6
DA:551,6
DA:554,6
DA:556,6
DA:559,6
DA:561,6
DA:564,6
DA:566,6
DA:569,6
DA:571,6
DA:574,6
DA:576,6
DA:579,6
DA:581,6
DA:584,6
DA:586,6
DA:589,6
DA:591,6
DA:594,6
DA:596,6
DA:599,6
DA:601,6
DA:604,6
DA:606,6
DA:609,6
DA:611,6
DA:614,6
DA:616,6
DA:621,1
DA:622,1
DA:623,1
DA:627,0
DA:628,0
LF:229
LH:180
end_of_record
TN:verilator_coverage
SF:/home/UnityChipForXiangShan/dut/FrontendTrigger/FrontendTrigger.v
FNF:0
FNH:0
DA:88,12
DA:89,1
DA:90,2
DA:91,2
DA:92,2
DA:93,0
DA:94,2
DA:95,1
DA:96,3
DA:97,3
DA:98,1
DA:99,1
DA:100,1
DA:101,1
DA:102,3
DA:103,1
DA:104,1
DA:105,0
DA:106,1
DA:107,1
DA:108,1
DA:109,2
DA:110,1
DA:111,1
DA:112,1
DA:113,1
DA:114,1
DA:115,1
DA:116,1
DA:117,1
DA:118,1
DA:119,3
DA:120,3
DA:121,3
DA:122,3
DA:123,3
DA:124,3
DA:125,3
DA:126,3
DA:127,3
DA:128,3
DA:129,3
DA:130,3
DA:131,3
DA:132,3
DA:133,3
DA:134,3
DA:137,1
DA:138,0
DA:139,0
DA:140,1
DA:141,0
DA:142,2
DA:143,1
DA:144,0
DA:145,1
DA:146,0
DA:147,0
DA:148,1
DA:149,1
DA:150,1
DA:151,0
DA:152,1
DA:153,0
DA:154,1
DA:155,1
DA:156,0
DA:157,0
DA:158,1
DA:159,1
DA:160,1
DA:161,1
DA:162,0
DA:163,1
DA:164,1
DA:166,4
DA:167,0
DA:169,2
DA:170,2
DA:171,1
DA:172,0
DA:173,1
DA:174,0
DA:175,1
DA:176,1
DA:177,0
DA:178,1
DA:179,2
DA:180,2
DA:181,2
DA:182,1
DA:183,1
DA:184,1
DA:185,2
DA:186,3
DA:187,2
DA:188,2
DA:189,2
DA:190,2
DA:191,4
DA:192,3
DA:193,3
DA:194,2
DA:195,2
DA:196,2
DA:197,3
DA:198,3
DA:199,3
DA:200,2
DA:201,1
DA:202,1
DA:203,2
DA:204,1
DA:205,1
DA:206,2
DA:207,3
DA:208,2
DA:209,1
DA:210,1
DA:211,1
DA:212,2
DA:213,2
DA:214,1
DA:215,1
DA:218,1
DA:219,3
DA:220,2
DA:221,2
DA:222,1
DA:223,3
DA:224,1
DA:225,1
DA:226,2
DA:227,1
DA:228,0
DA:229,1
DA:230,0
DA:231,0
DA:232,1
DA:267,1
DA:279,1
DA:296,0
DA:313,1
DA:330,1
DA:347,1
DA:364,2
DA:381,0
DA:398,1
DA:415,1
DA:432,0
DA:449,0
DA:466,1
DA:483,1
DA:500,0
DA:517,0
DA:533,3
DA:534,0
DA:536,3
DA:537,0
DA:538,1
DA:539,0
DA:540,1
DA:541,0
DA:542,1
DA:543,1
DA:544,0
DA:545,1
DA:546,2
DA:547,2
DA:548,2
DA:549,1
DA:550,1
DA:551,1
DA:552,2
DA:553,2
DA:554,3
DA:555,3
DA:556,2
DA:557,2
DA:558,2
DA:559,3
DA:560,3
DA:561,1
DA:562,2
DA:563,3
DA:564,2
DA:565,2
DA:566,3
DA:567,2
DA:568,0
DA:569,1
DA:570,1
DA:571,0
DA:572,1
DA:573,1
DA:574,1
DA:575,1
DA:576,0
DA:577,1
DA:578,0
DA:579,1
DA:580,0
DA:581,1
DA:582,0
DA:585,1
DA:586,3
DA:587,2
DA:588,2
DA:589,1
DA:590,3
DA:591,1
DA:592,1
DA:593,2
DA:594,1
DA:595,0
DA:596,1
DA:597,0
DA:598,0
DA:599,1
DA:634,1
DA:646,1
DA:663,1
DA:680,1
DA:697,1
DA:714,1
DA:731,1
DA:748,1
DA:765,1
DA:782,0
DA:799,0
DA:816,1
DA:833,1
DA:850,0
DA:867,0
DA:884,0
DA:900,2
DA:901,1
DA:903,3
DA:904,1
DA:905,1
DA:906,0
DA:907,1
DA:908,0
DA:909,1
DA:910,1
DA:911,0
DA:912,1
DA:913,2
DA:914,2
DA:915,2
DA:916,1
DA:917,1
DA:918,1
DA:919,2
DA:920,3
DA:921,2
DA:922,2
DA:923,3
DA:924,3
DA:925,3
DA:926,2
DA:927,3
DA:928,1
DA:929,2
DA:930,2
DA:931,3
DA:932,2
DA:933,2
DA:934,2
DA:935,1
DA:936,0
DA:937,0
DA:938,0
DA:939,0
DA:940,1
DA:941,0
DA:942,1
DA:943,1
DA:944,1
DA:945,0
DA:946,1
DA:947,0
DA:948,0
DA:949,0
DA:952,1
DA:953,3
DA:954,2
DA:955,2
DA:956,1
DA:957,3
DA:958,1
DA:959,1
DA:960,2
DA:961,1
DA:962,0
DA:963,1
DA:964,0
DA:965,0
DA:966,1
DA:1001,1
DA:1013,0
DA:1030,1
DA:1047,0
DA:1064,0
DA:1081,0
DA:1098,0
DA:1115,0
DA:1132,0
DA:1149,1
DA:1166,1
DA:1183,0
DA:1200,0
DA:1217,1
DA:1234,0
DA:1251,0
DA:1267,2
DA:1268,0
DA:1270,2
DA:1271,1
DA:1272,1
DA:1273,0
DA:1274,1
DA:1275,0
DA:1276,1
DA:1277,1
DA:1278,0
DA:1279,1
DA:1280,2
DA:1281,2
DA:1282,2
DA:1283,1
DA:1284,1
DA:1285,1
DA:1286,2
DA:1287,2
DA:1288,2
DA:1289,2
DA:1290,2
DA:1291,2
DA:1292,2
DA:1293,2
DA:1294,2
DA:1295,1
DA:1296,2
DA:1297,3
DA:1298,3
DA:1299,3
DA:1300,3
DA:1301,1
DA:1302,1
DA:1303,0
DA:1304,0
DA:1305,1
DA:1306,0
DA:1307,1
DA:1308,0
DA:1309,1
DA:1310,0
DA:1311,0
DA:1312,1
DA:1313,0
DA:1314,0
DA:1315,1
DA:1316,1
DA:1319,1
DA:1320,3
DA:1321,2
DA:1322,2
DA:1323,1
DA:1324,3
DA:1325,1
DA:1326,1
DA:1327,2
DA:1328,1
DA:1329,0
DA:1330,1
DA:1331,0
DA:1332,0
DA:1333,1
DA:1368,0
DA:1369,0
DA:1370,0
DA:1371,1
DA:1372,1
DA:1376,0
DA:1398,1
DA:1400,1
DA:1406,1
DA:1407,0
DA:1411,0
DA:1439,0
DA:1443,1
DA:1449,0
DA:1450,0
DA:1454,0
DA:1482,1
DA:1486,1
DA:1492,0
DA:1493,1
DA:1497,1
DA:1525,1
DA:1529,1
DA:1535,0
DA:1536,1
DA:1540,1
DA:1568,1
DA:1572,1
DA:1578,1
DA:1579,1
DA:1583,1
DA:1611,1
DA:1615,1
DA:1621,2
DA:1622,0
DA:1626,1
DA:1654,2
DA:1658,1
DA:1664,1
DA:1665,0
DA:1669,1
DA:1697,1
DA:1701,1
DA:1707,0
DA:1708,1
DA:1712,1
DA:1740,1
DA:1744,1
DA:1750,0
DA:1751,1
DA:1755,0
DA:1783,1
DA:1787,1
DA:1793,0
DA:1794,1
DA:1798,0
DA:1826,1
DA:1830,1
DA:1836,1
DA:1837,1
DA:1841,0
DA:1869,1
DA:1873,1
DA:1879,1
DA:1880,1
DA:1884,0
DA:1912,1
DA:1916,1
DA:1922,1
DA:1923,0
DA:1927,1
DA:1955,1
DA:1959,1
DA:1965,0
DA:1966,0
DA:1970,1
DA:1998,1
DA:2002,1
DA:2008,0
DA:2009,0
DA:2013,0
DA:2039,1
DA:2043,1
DA:2057,6
DA:2058,4
DA:2059,2
DA:2060,2
DA:2061,2
DA:2062,2
DA:2063,2
DA:2064,2
DA:2065,2
DA:2066,2
DA:2067,2
DA:2068,2
DA:2069,2
DA:2070,2
DA:2071,2
DA:2072,2
DA:2073,2
DA:2074,2
DA:2075,2
DA:2076,2
DA:2077,2
DA:2078,2
DA:2079,2
DA:2080,2
DA:2081,2
DA:2082,2
DA:2083,2
DA:2084,2
DA:2085,2
DA:2086,2
DA:2088,4
DA:2089,3
DA:2090,3
DA:2091,3
DA:2092,3
DA:2093,3
DA:2094,3
DA:2096,4
DA:2097,4
DA:2098,0
DA:2099,0
DA:2100,0
DA:2101,0
DA:2102,0
DA:2104,4
DA:2105,4
DA:2106,0
DA:2107,0
DA:2108,0
DA:2109,0
DA:2110,0
DA:2112,4
DA:2113,4
DA:2114,0
DA:2115,0
DA:2116,0
DA:2117,0
DA:2118,0
DA:2120,4
DA:2121,4
DA:2122,4
DA:2123,4
DA:2124,4
DA:2132,1
DA:2169,1
DA:2170,1
DA:2171,1
DA:2172,1
DA:2173,1
DA:2174,1
DA:2175,1
DA:2176,1
DA:2177,1
DA:2178,1
DA:2179,1
DA:2180,1
DA:2181,1
DA:2182,1
DA:2183,1
DA:2184,1
DA:2185,1
DA:2186,1
DA:2187,1
DA:2188,1
DA:2189,1
DA:2190,1
DA:2191,1
DA:2192,1
DA:2193,1
DA:2194,1
DA:2195,1
DA:2196,1
DA:2197,1
LF:555
LH:427
end_of_record
TN:verilator_coverage
SF:/home/UnityChipForXiangShan/dut/FrontendTrigger/FrontendTrigger_top.sv
FNF:0
FNH:0
DA:3,12
DA:4,1
DA:5,2
DA:6,2
DA:7,2
DA:8,0
DA:9,2
DA:10,1
DA:11,3
DA:12,3
DA:13,1
DA:14,1
DA:15,1
DA:16,1
DA:17,3
DA:18,1
DA:19,1
DA:20,0
DA:21,1
DA:22,1
DA:23,1
DA:24,2
DA:25,1
DA:26,1
DA:27,1
DA:28,1
DA:29,1
DA:30,1
DA:31,1
DA:32,1
DA:33,1
DA:34,3
DA:35,3
DA:36,3
DA:37,3
DA:38,3
DA:39,3
DA:40,3
DA:41,3
DA:42,3
DA:43,3
DA:44,3
DA:45,3
DA:46,3
DA:47,3
DA:48,3
DA:49,3
DA:598,0
DA:600,0
DA:603,12
DA:605,12
DA:608,6
DA:610,6
DA:613,2
DA:615,2
DA:618,6
DA:620,6
DA:623,2
DA:625,2
DA:628,6
DA:630,6
DA:633,1
DA:635,1
DA:638,6
DA:640,6
DA:643,1
DA:645,1
DA:648,6
DA:650,6
DA:653,1
DA:655,1
DA:658,6
DA:660,6
DA:663,1
DA:665,1
DA:668,6
DA:670,6
DA:673,1
DA:675,1
DA:678,6
DA:680,6
DA:683,2
DA:685,2
DA:688,6
DA:690,6
DA:693,2
DA:695,2
DA:698,6
DA:700,6
DA:703,1
DA:705,1
DA:708,6
DA:710,6
DA:713,1
DA:715,1
DA:718,6
DA:720,6
DA:723,1
DA:725,1
DA:728,6
DA:730,6
DA:733,1
DA:735,1
DA:738,6
DA:740,6
DA:743,2
DA:745,2
DA:748,14
DA:750,14
DA:753,14
DA:755,14
DA:758,14
DA:760,14
DA:763,14
DA:765,14
DA:768,14
DA:770,14
DA:773,14
DA:775,14
DA:778,14
DA:780,14
DA:783,14
DA:785,14
DA:788,14
DA:790,14
DA:793,14
DA:795,14
DA:798,14
DA:800,14
DA:803,14
DA:805,14
DA:808,14
DA:810,14
DA:813,14
DA:815,14
DA:818,14
DA:820,14
DA:823,14
DA:825,14
DA:828,6
DA:830,6
DA:833,2
DA:835,2
DA:838,6
DA:840,6
DA:843,2
DA:845,2
DA:848,6
DA:850,6
DA:853,2
DA:855,2
DA:858,6
DA:860,6
DA:863,2
DA:865,2
DA:868,6
DA:870,6
DA:873,2
DA:875,2
DA:878,6
DA:880,6
DA:883,2
DA:885,2
DA:888,6
DA:890,6
DA:893,2
DA:895,2
DA:898,6
DA:900,6
DA:903,2
DA:905,2
DA:908,6
DA:910,6
DA:913,2
DA:915,2
DA:918,6
DA:920,6
DA:923,2
DA:925,2
DA:928,6
DA:930,6
DA:933,2
DA:935,2
DA:938,6
DA:940,6
DA:943,2
DA:945,2
DA:948,6
DA:950,6
DA:953,2
DA:955,2
DA:958,6
DA:960,6
DA:963,2
DA:965,2
DA:968,6
DA:970,6
DA:973,2
DA:975,2
DA:978,6
DA:980,6
DA:983,2
DA:985,2
DA:988,14
DA:990,14
DA:993,14
DA:995,14
DA:998,14
DA:1000,14
DA:1003,14
DA:1005,14
DA:1008,14
DA:1010,14
DA:1013,14
DA:1015,14
DA:1018,14
DA:1020,14
DA:1023,14
DA:1025,14
DA:1028,14
DA:1030,14
DA:1033,14
DA:1035,14
DA:1038,14
DA:1040,14
DA:1043,14
DA:1045,14
DA:1048,14
DA:1050,14
DA:1053,14
DA:1055,14
DA:1058,14
DA:1060,14
DA:1063,14
DA:1065,14
DA:1068,14
DA:1070,14
DA:1073,14
DA:1075,14
DA:1078,14
DA:1080,14
DA:1083,14
DA:1085,14
DA:1088,14
DA:1090,14
DA:1093,14
DA:1095,14
DA:1098,14
DA:1100,14
DA:1103,14
DA:1105,14
DA:1108,13
DA:1110,13
DA:1113,13
DA:1115,13
DA:1118,13
DA:1120,13
DA:1123,13
DA:1125,13
DA:1128,13
DA:1130,13
DA:1133,13
DA:1135,13
DA:1138,13
DA:1140,13
DA:1143,13
DA:1145,13
DA:1148,13
DA:1150,13
DA:1153,13
DA:1155,13
DA:1158,13
DA:1160,13
DA:1163,13
DA:1165,13
DA:1168,13
DA:1170,13
DA:1173,13
DA:1175,13
DA:1178,13
DA:1180,13
DA:1183,13
DA:1185,13
DA:1188,13
DA:1190,13
DA:1193,13
DA:1195,13
DA:1198,13
DA:1200,13
DA:1203,13
DA:1205,13
DA:1208,13
DA:1210,13
DA:1213,13
DA:1215,13
DA:1218,13
DA:1220,13
DA:1223,13
DA:1225,13
DA:1228,13
DA:1230,13
DA:1233,13
DA:1235,13
DA:1238,13
DA:1240,13
DA:1243,13
DA:1245,13
DA:1248,13
DA:1250,13
DA:1253,13
DA:1255,13
DA:1258,13
DA:1260,13
DA:1263,13
DA:1265,13
DA:1268,13
DA:1270,13
DA:1273,13
DA:1275,13
DA:1278,13
DA:1280,13
DA:1283,13
DA:1285,13
DA:1288,13
DA:1290,13
DA:1293,13
DA:1295,13
DA:1298,13
DA:1300,13
DA:1303,13
DA:1305,13
DA:1308,13
DA:1310,13
DA:1313,13
DA:1315,13
DA:1318,13
DA:1320,13
DA:1323,13
DA:1325,13
DA:1328,13
DA:1330,13
DA:1333,13
DA:1335,13
DA:1338,13
DA:1340,13
DA:1343,13
DA:1345,13
DA:1348,13
DA:1350,13
DA:1353,13
DA:1355,13
DA:1358,13
DA:1360,13
DA:1363,13
DA:1365,13
DA:1368,13
DA:1370,13
DA:1373,13
DA:1375,13
DA:1378,13
DA:1380,13
DA:1383,13
DA:1385,13
DA:1388,13
DA:1390,13
DA:1393,13
DA:1395,13
DA:1398,13
DA:1400,13
DA:1403,13
DA:1405,13
DA:1408,13
DA:1410,13
DA:1413,13
DA:1415,13
DA:1418,13
DA:1420,13
DA:1423,13
DA:1425,13
DA:1428,13
DA:1430,13
DA:1433,13
DA:1435,13
DA:1438,13
DA:1440,13
DA:1443,13
DA:1445,13
DA:1448,13
DA:1450,13
DA:1453,13
DA:1455,13
DA:1458,13
DA:1460,13
DA:1463,13
DA:1465,13
DA:1468,13
DA:1470,13
DA:1473,13
DA:1475,13
DA:1478,13
DA:1480,13
DA:1483,13
DA:1485,13
DA:1488,13
DA:1490,13
DA:1493,13
DA:1495,13
DA:1498,13
DA:1500,13
DA:1503,13
DA:1505,13
DA:1508,13
DA:1510,13
DA:1513,13
DA:1515,13
DA:1518,13
DA:1520,13
DA:1523,13
DA:1525,13
DA:1528,13
DA:1530,13
DA:1533,13
DA:1535,13
DA:1538,13
DA:1540,13
DA:1543,13
DA:1545,13
DA:1548,13
DA:1550,13
DA:1553,13
DA:1555,13
DA:1558,13
DA:1560,13
DA:1563,13
DA:1565,13
DA:1568,13
DA:1570,13
DA:1573,13
DA:1575,13
DA:1578,13
DA:1580,13
DA:1583,13
DA:1585,13
DA:1588,13
DA:1590,13
DA:1593,13
DA:1595,13
DA:1598,13
DA:1600,13
DA:1603,13
DA:1605,13
DA:1608,13
DA:1610,13
DA:1613,13
DA:1615,13
DA:1618,13
DA:1620,13
DA:1623,13
DA:1625,13
DA:1628,13
DA:1630,13
DA:1633,13
DA:1635,13
DA:1638,13
DA:1640,13
DA:1643,13
DA:1645,13
DA:1648,13
DA:1650,13
DA:1653,13
DA:1655,13
DA:1658,13
DA:1660,13
DA:1663,13
DA:1665,13
DA:1668,13
DA:1670,13
DA:1673,13
DA:1675,13
DA:1678,13
DA:1680,13
DA:1683,13
DA:1685,13
DA:1688,13
DA:1690,13
DA:1693,13
DA:1695,13
DA:1698,13
DA:1700,13
DA:1703,13
DA:1705,13
DA:1708,13
DA:1710,13
DA:1713,13
DA:1715,13
DA:1718,13
DA:1720,13
DA:1723,13
DA:1725,13
DA:1728,13
DA:1730,13
DA:1733,13
DA:1735,13
DA:1738,13
DA:1740,13
DA:1743,13
DA:1745,13
DA:1748,13
DA:1750,13
DA:1753,13
DA:1755,13
DA:1758,13
DA:1760,13
DA:1763,13
DA:1765,13
DA:1768,13
DA:1770,13
DA:1773,13
DA:1775,13
DA:1778,13
DA:1780,13
DA:1783,13
DA:1785,13
DA:1788,13
DA:1790,13
DA:1793,13
DA:1795,13
DA:1798,13
DA:1800,13
DA:1803,13
DA:1805,13
DA:1808,13
DA:1810,13
DA:1813,13
DA:1815,13
DA:1818,13
DA:1820,13
DA:1823,13
DA:1825,13
DA:1828,13
DA:1830,13
DA:1833,13
DA:1835,13
DA:1838,13
DA:1840,13
DA:1843,13
DA:1845,13
DA:1848,13
DA:1850,13
DA:1853,13
DA:1855,13
DA:1858,13
DA:1860,13
DA:1863,13
DA:1865,13
DA:1868,13
DA:1870,13
DA:1873,13
DA:1875,13
DA:1878,13
DA:1880,13
DA:1883,13
DA:1885,13
DA:1888,13
DA:1890,13
DA:1893,13
DA:1895,13
DA:1898,13
DA:1900,13
DA:1903,13
DA:1905,13
DA:1908,13
DA:1910,13
DA:1913,13
DA:1915,13
DA:1918,13
DA:1920,13
DA:1923,13
DA:1925,13
DA:1928,13
DA:1930,13
DA:1933,13
DA:1935,13
DA:1938,13
DA:1940,13
DA:1943,13
DA:1945,13
DA:1948,13
DA:1950,13
DA:1953,13
DA:1955,13
DA:1958,13
DA:1960,13
DA:1963,13
DA:1965,13
DA:1968,13
DA:1970,13
DA:1973,13
DA:1975,13
DA:1978,13
DA:1980,13
DA:1983,13
DA:1985,13
DA:1988,13
DA:1990,13
DA:1993,13
DA:1995,13
DA:1998,13
DA:2000,13
DA:2003,13
DA:2005,13
DA:2008,13
DA:2010,13
DA:2013,13
DA:2015,13
DA:2018,13
DA:2020,13
DA:2023,13
DA:2025,13
DA:2028,13
DA:2030,13
DA:2033,13
DA:2035,13
DA:2038,13
DA:2040,13
DA:2043,13
DA:2045,13
DA:2048,13
DA:2050,13
DA:2053,13
DA:2055,13
DA:2058,13
DA:2060,13
DA:2063,13
DA:2065,13
DA:2068,13
DA:2070,13
DA:2073,13
DA:2075,13
DA:2078,13
DA:2080,13
DA:2083,13
DA:2085,13
DA:2088,13
DA:2090,13
DA:2093,13
DA:2095,13
DA:2098,13
DA:2100,13
DA:2103,13
DA:2105,13
DA:2108,13
DA:2110,13
DA:2113,13
DA:2115,13
DA:2118,13
DA:2120,13
DA:2123,13
DA:2125,13
DA:2128,13
DA:2130,13
DA:2133,13
DA:2135,13
DA:2138,13
DA:2140,13
DA:2143,13
DA:2145,13
DA:2148,13
DA:2150,13
DA:2153,13
DA:2155,13
DA:2158,13
DA:2160,13
DA:2163,13
DA:2165,13
DA:2168,13
DA:2170,13
DA:2173,13
DA:2175,13
DA:2178,13
DA:2180,13
DA:2183,13
DA:2185,13
DA:2188,13
DA:2190,13
DA:2193,13
DA:2195,13
DA:2198,13
DA:2200,13
DA:2203,13
DA:2205,13
DA:2208,13
DA:2210,13
DA:2213,13
DA:2215,13
DA:2218,13
DA:2220,13
DA:2223,13
DA:2225,13
DA:2228,13
DA:2230,13
DA:2233,13
DA:2235,13
DA:2238,13
DA:2240,13
DA:2243,13
DA:2245,13
DA:2248,13
DA:2250,13
DA:2253,13
DA:2255,13
DA:2258,13
DA:2260,13
DA:2263,13
DA:2265,13
DA:2268,13
DA:2270,13
DA:2273,13
DA:2275,13
DA:2278,13
DA:2280,13
DA:2283,13
DA:2285,13
DA:2288,13
DA:2290,13
DA:2293,13
DA:2295,13
DA:2298,13
DA:2300,13
DA:2303,13
DA:2305,13
DA:2308,13
DA:2310,13
DA:2313,13
DA:2315,13
DA:2318,13
DA:2320,13
DA:2323,13
DA:2325,13
DA:2328,13
DA:2330,13
DA:2333,13
DA:2335,13
DA:2338,13
DA:2340,13
DA:2343,13
DA:2345,13
DA:2348,13
DA:2350,13
DA:2353,13
DA:2355,13
DA:2358,13
DA:2360,13
DA:2363,13
DA:2365,13
DA:2368,13
DA:2370,13
DA:2373,13
DA:2375,13
DA:2378,13
DA:2380,13
DA:2383,13
DA:2385,13
DA:2388,13
DA:2390,13
DA:2393,13
DA:2395,13
DA:2398,13
DA:2400,13
DA:2403,13
DA:2405,13
DA:2408,13
DA:2410,13
DA:2413,13
DA:2415,13
DA:2418,13
DA:2420,13
DA:2423,13
DA:2425,13
DA:2428,13
DA:2430,13
DA:2433,13
DA:2435,13
DA:2438,13
DA:2440,13
DA:2443,13
DA:2445,13
DA:2448,13
DA:2450,13
DA:2453,13
DA:2455,13
DA:2458,13
DA:2460,13
DA:2463,13
DA:2465,13
DA:2468,13
DA:2470,13
DA:2473,13
DA:2475,13
DA:2478,13
DA:2480,13
DA:2483,13
DA:2485,13
DA:2488,13
DA:2490,13
DA:2493,13
DA:2495,13
DA:2498,13
DA:2500,13
DA:2503,13
DA:2505,13
DA:2508,13
DA:2510,13
DA:2513,13
DA:2515,13
DA:2518,13
DA:2520,13
DA:2523,13
DA:2525,13
DA:2528,13
DA:2530,13
DA:2533,13
DA:2535,13
DA:2538,13
DA:2540,13
DA:2543,13
DA:2545,13
DA:2548,13
DA:2550,13
DA:2553,13
DA:2555,13
DA:2558,13
DA:2560,13
DA:2563,13
DA:2565,13
DA:2568,13
DA:2570,13
DA:2573,13
DA:2575,13
DA:2578,13
DA:2580,13
DA:2583,13
DA:2585,13
DA:2588,13
DA:2590,13
DA:2593,13
DA:2595,13
DA:2598,13
DA:2600,13
DA:2603,13
DA:2605,13
DA:2608,13
DA:2610,13
DA:2613,13
DA:2615,13
DA:2618,13
DA:2620,13
DA:2623,13
DA:2625,13
DA:2628,13
DA:2630,13
DA:2633,13
DA:2635,13
DA:2638,13
DA:2640,13
DA:2643,13
DA:2645,13
DA:2648,13
DA:2650,13
DA:2653,13
DA:2655,13
DA:2658,13
DA:2660,13
DA:2663,13
DA:2665,13
DA:2668,13
DA:2670,13
DA:2673,13
DA:2675,13
DA:2678,13
DA:2680,13
DA:2683,13
DA:2685,13
DA:2688,13
DA:2690,13
DA:2693,13
DA:2695,13
DA:2698,13
DA:2700,13
DA:2703,13
DA:2705,13
DA:2708,13
DA:2710,13
DA:2713,13
DA:2715,13
DA:2718,13
DA:2720,13
DA:2723,13
DA:2725,13
DA:2728,13
DA:2730,13
DA:2733,13
DA:2735,13
DA:2738,13
DA:2740,13
DA:2743,13
DA:2745,13
DA:2748,13
DA:2750,13
DA:2753,13
DA:2755,13
DA:2758,13
DA:2760,13
DA:2763,13
DA:2765,13
DA:2768,13
DA:2770,13
DA:2773,13
DA:2775,13
DA:2778,13
DA:2780,13
DA:2783,13
DA:2785,13
DA:2788,13
DA:2790,13
DA:2793,13
DA:2795,13
DA:2798,13
DA:2800,13
DA:2803,13
DA:2805,13
DA:2808,13
DA:2810,13
DA:2813,13
DA:2815,13
DA:2818,13
DA:2820,13
DA:2823,13
DA:2825,13
DA:2828,13
DA:2830,13
DA:2833,13
DA:2835,13
DA:2838,13
DA:2840,13
DA:2843,13
DA:2845,13
DA:2848,13
DA:2850,13
DA:2853,13
DA:2855,13
DA:2858,13
DA:2860,13
DA:2863,13
DA:2865,13
DA:2868,13
DA:2870,13
DA:2873,13
DA:2875,13
DA:2878,13
DA:2880,13
DA:2883,13
DA:2885,13
DA:2888,13
DA:2890,13
DA:2893,13
DA:2895,13
DA:2898,13
DA:2900,13
DA:2903,13
DA:2905,13
DA:2908,13
DA:2910,13
DA:2913,13
DA:2915,13
DA:2918,13
DA:2920,13
DA:2923,13
DA:2925,13
DA:2928,13
DA:2930,13
DA:2933,13
DA:2935,13
DA:2938,13
DA:2940,13
DA:2943,13
DA:2945,13
DA:2948,13
DA:2950,13
DA:2953,13
DA:2955,13
DA:2958,13
DA:2960,13
DA:2963,13
DA:2965,13
DA:2968,13
DA:2970,13
DA:2973,13
DA:2975,13
DA:2978,13
DA:2980,13
DA:2983,13
DA:2985,13
DA:2988,13
DA:2990,13
DA:2993,13
DA:2995,13
DA:2998,13
DA:3000,13
DA:3003,13
DA:3005,13
DA:3008,13
DA:3010,13
DA:3013,13
DA:3015,13
DA:3018,13
DA:3020,13
DA:3023,13
DA:3025,13
DA:3028,13
DA:3030,13
DA:3033,13
DA:3035,13
DA:3038,13
DA:3040,13
DA:3043,13
DA:3045,13
DA:3048,13
DA:3050,13
DA:3053,13
DA:3055,13
DA:3058,13
DA:3060,13
DA:3065,1
DA:3066,1
DA:3067,1
DA:3071,0
DA:3072,0
LF:1038
LH:1032
end_of_record
TN:verilator_coverage
SF:/home/UnityChipForXiangShan/dut/PreDecode/PreDecode.v
FNF:0
FNH:0
DA:88,1
DA:89,1
DA:90,0
DA:91,1
DA:92,1
DA:93,1
DA:94,1
DA:95,1
DA:96,1
DA:97,1
DA:98,1
DA:99,1
DA:100,1
DA:101,1
DA:102,1
DA:103,1
DA:104,1
DA:105,1
DA:106,1
DA:107,1
DA:108,0
DA:109,1
DA:110,1
DA:111,0
DA:112,0
DA:113,1
DA:114,1
DA:115,0
DA:116,1
DA:117,1
DA:118,1
DA:119,1
DA:120,1
DA:121,1
DA:122,1
DA:123,0
DA:124,1
DA:125,1
DA:126,0
DA:127,1
DA:128,1
DA:129,1
DA:130,0
DA:131,1
DA:132,1
DA:133,0
DA:134,0
DA:135,1
DA:136,0
DA:137,1
DA:138,1
DA:139,1
DA:140,1
DA:141,0
DA:142,0
DA:143,1
DA:144,1
DA:145,1
DA:146,0
DA:147,0
DA:148,0
DA:149,1
DA:150,1
DA:151,0
DA:152,1
DA:153,1
DA:154,1
DA:155,0
DA:156,0
DA:157,0
DA:158,0
DA:159,0
DA:160,1
DA:161,0
DA:162,1
DA:163,1
DA:164,1
DA:165,0
DA:166,0
DA:167,0
DA:168,0
DA:169,1
DA:170,0
DA:171,0
DA:172,0
DA:173,0
DA:174,1
DA:175,0
DA:176,1
DA:177,0
DA:178,1
DA:179,1
DA:180,1
DA:181,0
DA:182,0
DA:183,0
DA:184,0
DA:185,0
DA:186,0
DA:187,1
DA:188,1
DA:189,0
DA:190,1
DA:191,1
DA:192,0
DA:193,1
DA:194,1
DA:195,0
DA:196,0
DA:197,0
DA:198,1
DA:199,1
DA:200,0
DA:201,1
DA:202,1
DA:203,1
DA:204,1
DA:205,1
DA:206,1
DA:207,1
DA:208,1
DA:209,1
DA:210,1
DA:211,1
DA:212,1
DA:213,1
DA:214,1
DA:215,1
DA:216,1
DA:217,1
DA:218,1
DA:219,1
DA:220,1
DA:221,1
DA:222,1
DA:223,1
DA:224,1
DA:225,1
DA:226,1
DA:227,1
DA:228,1
DA:229,1
DA:230,1
DA:231,1
DA:232,1
DA:235,1
DA:249,1
DA:252,1
DA:256,1
DA:284,1
DA:298,1
DA:301,1
DA:305,0
DA:334,1
DA:348,1
DA:351,1
DA:355,1
DA:384,1
DA:398,1
DA:401,1
DA:405,1
DA:434,1
DA:448,1
DA:451,1
DA:455,0
DA:484,0
DA:498,1
DA:501,1
DA:505,1
DA:534,1
DA:548,1
DA:551,1
DA:555,1
DA:584,1
DA:598,1
DA:601,1
DA:605,1
DA:634,1
DA:648,1
DA:651,1
DA:655,1
DA:684,1
DA:698,1
DA:701,1
DA:705,0
DA:734,0
DA:748,1
DA:753,1
DA:757,1
DA:786,1
DA:800,1
DA:805,1
DA:809,0
DA:838,1
DA:852,1
DA:857,1
DA:861,0
DA:890,1
DA:904,1
DA:909,1
DA:913,0
DA:942,1
DA:956,1
DA:961,1
DA:965,1
DA:994,0
DA:1008,1
DA:1013,1
DA:1017,0
DA:1046,1
DA:1049,1
DA:1050,1
DA:1053,1
DA:1054,0
DA:1055,1
DA:1056,1
DA:1057,1
DA:1058,1
DA:1059,0
DA:1060,0
DA:1061,0
DA:1062,1
DA:1063,1
DA:1066,1
DA:1068,1
DA:1071,1
DA:1073,0
DA:1075,1
DA:1077,1
DA:1079,1
DA:1081,1
DA:1083,0
DA:1085,0
DA:1087,0
DA:1089,1
DA:1091,1
DA:1093,1
DA:1095,0
DA:1097,1
DA:1099,1
DA:1101,1
DA:1103,0
DA:1105,1
DA:1107,1
DA:1109,1
DA:1111,0
DA:1113,0
DA:1115,1
DA:1117,1
DA:1119,0
DA:1122,0
DA:1125,0
DA:1127,0
DA:1129,0
DA:1131,0
DA:1133,1
DA:1135,1
DA:1137,1
DA:1139,1
DA:1141,1
DA:1143,1
DA:1145,1
DA:1148,1
DA:1151,1
DA:1153,1
DA:1155,1
DA:1157,1
DA:1159,1
DA:1161,1
DA:1163,0
DA:1165,0
DA:1167,1
DA:1168,1
DA:1169,0
DA:1171,0
DA:1173,1
DA:1174,0
DA:1175,0
DA:1176,0
DA:1177,0
DA:1178,1
DA:1179,0
DA:1180,1
DA:1181,0
DA:1182,0
DA:1242,0
DA:1243,0
DA:1244,0
DA:1245,0
DA:1246,0
DA:1247,0
DA:1249,0
DA:1250,0
DA:1251,0
DA:1252,0
DA:1253,0
DA:1255,0
DA:1256,0
DA:1257,0
DA:1258,0
DA:1259,0
DA:1261,0
DA:1262,0
DA:1263,0
DA:1264,0
DA:1265,0
LF:306
LH:201
end_of_record
TN:verilator_coverage
SF:/home/UnityChipForXiangShan/dut/PreDecode/PreDecode_top.sv
FNF:0
FNH:0
DA:3,1
DA:4,1
DA:5,0
DA:6,1
DA:7,1
DA:8,1
DA:9,1
DA:10,1
DA:11,1
DA:12,1
DA:13,1
DA:14,1
DA:15,1
DA:16,1
DA:17,1
DA:18,1
DA:19,1
DA:20,1
DA:21,1
DA:22,1
DA:23,0
DA:24,1
DA:25,1
DA:26,0
DA:27,0
DA:28,1
DA:29,1
DA:30,0
DA:31,1
DA:32,1
DA:33,1
DA:34,1
DA:35,1
DA:36,1
DA:37,1
DA:38,0
DA:39,1
DA:40,1
DA:41,0
DA:42,1
DA:43,1
DA:44,1
DA:45,0
DA:46,1
DA:47,1
DA:48,0
DA:49,0
DA:50,1
DA:51,0
DA:52,1
DA:53,1
DA:54,1
DA:55,1
DA:56,0
DA:57,0
DA:58,1
DA:59,1
DA:60,1
DA:61,0
DA:62,0
DA:63,0
DA:64,1
DA:65,1
DA:66,0
DA:67,1
DA:68,1
DA:69,1
DA:70,0
DA:71,0
DA:72,0
DA:73,0
DA:74,0
DA:75,1
DA:76,0
DA:77,1
DA:78,1
DA:79,1
DA:80,0
DA:81,0
DA:82,0
DA:83,0
DA:84,1
DA:85,0
DA:86,0
DA:87,0
DA:88,0
DA:89,1
DA:90,0
DA:91,1
DA:92,0
DA:93,1
DA:94,1
DA:95,1
DA:96,0
DA:97,0
DA:98,0
DA:99,0
DA:100,0
DA:101,0
DA:102,1
DA:103,1
DA:104,0
DA:105,1
DA:106,1
DA:107,0
DA:108,1
DA:109,1
DA:110,0
DA:111,0
DA:112,0
DA:113,1
DA:114,1
DA:115,0
DA:116,1
DA:117,1
DA:118,1
DA:119,1
DA:120,1
DA:121,1
DA:122,1
DA:123,1
DA:124,1
DA:125,1
DA:126,1
DA:127,1
DA:128,1
DA:129,1
DA:130,1
DA:131,1
DA:132,1
DA:133,1
DA:134,1
DA:135,1
DA:136,1
DA:137,1
DA:138,1
DA:139,1
DA:140,1
DA:141,1
DA:142,1
DA:143,1
DA:144,1
DA:145,1
DA:146,1
DA:147,1
DA:497,2
DA:499,2
DA:502,1
DA:504,1
DA:507,2
DA:509,2
DA:512,1
DA:514,1
DA:517,2
DA:519,2
DA:522,1
DA:524,1
DA:527,0
DA:529,0
DA:532,1
DA:534,1
DA:537,0
DA:539,0
DA:542,1
DA:544,1
DA:547,0
DA:549,0
DA:552,1
DA:554,1
DA:557,0
DA:559,0
DA:562,1
DA:564,1
DA:567,0
DA:569,0
DA:572,1
DA:574,1
DA:577,0
DA:579,0
DA:582,1
DA:584,1
DA:587,0
DA:589,0
DA:592,1
DA:594,1
DA:597,0
DA:599,0
DA:602,1
DA:604,1
DA:607,0
DA:609,0
DA:612,1
DA:614,1
DA:617,0
DA:619,0
DA:622,1
DA:624,1
DA:627,0
DA:629,0
DA:632,1
DA:634,1
DA:637,0
DA:639,0
DA:642,1
DA:644,1
DA:647,0
DA:649,0
DA:652,1
DA:654,1
DA:657,0
DA:659,0
DA:662,1
DA:664,1
DA:667,0
DA:669,0
DA:672,1
DA:674,1
DA:677,0
DA:679,0
DA:682,1
DA:684,1
DA:687,0
DA:689,0
DA:692,1
DA:694,1
DA:697,6
DA:699,6
DA:702,6
DA:704,6
DA:707,6
DA:709,6
DA:712,6
DA:714,6
DA:717,6
DA:719,6
DA:722,6
DA:724,6
DA:727,6
DA:729,6
DA:732,6
DA:734,6
DA:737,6
DA:739,6
DA:742,6
DA:744,6
DA:747,6
DA:749,6
DA:752,6
DA:754,6
DA:757,6
DA:759,6
DA:762,6
DA:764,6
DA:767,6
DA:769,6
DA:772,6
DA:774,6
DA:777,6
DA:779,6
DA:782,6
DA:784,6
DA:787,6
DA:789,6
DA:792,6
DA:794,6
DA:797,6
DA:799,6
DA:802,6
DA:804,6
DA:807,6
DA:809,6
DA:812,6
DA:814,6
DA:817,6
DA:819,6
DA:822,6
DA:824,6
DA:827,6
DA:829,6
DA:832,6
DA:834,6
DA:837,6
DA:839,6
DA:842,6
DA:844,6
DA:847,6
DA:849,6
DA:852,6
DA:854,6
DA:857,6
DA:859,6
DA:862,6
DA:864,6
DA:867,6
DA:869,6
DA:872,6
DA:874,6
DA:877,6
DA:879,6
DA:882,6
DA:884,6
DA:887,6
DA:889,6
DA:892,6
DA:894,6
DA:897,6
DA:899,6
DA:902,6
DA:904,6
DA:907,6
DA:909,6
DA:912,6
DA:914,6
DA:917,6
DA:919,6
DA:922,6
DA:924,6
DA:927,6
DA:929,6
DA:932,6
DA:934,6
DA:937,6
DA:939,6
DA:942,6
DA:944,6
DA:947,6
DA:949,6
DA:952,6
DA:954,6
DA:957,6
DA:959,6
DA:962,6
DA:964,6
DA:967,6
DA:969,6
DA:972,6
DA:974,6
DA:977,6
DA:979,6
DA:982,6
DA:984,6
DA:987,6
DA:989,6
DA:992,6
DA:994,6
DA:997,6
DA:999,6
DA:1002,6
DA:1004,6
DA:1007,6
DA:1009,6
DA:1012,6
DA:1014,6
DA:1017,6
DA:1019,6
DA:1022,6
DA:1024,6
DA:1027,6
DA:1029,6
DA:1032,6
DA:1034,6
DA:1037,6
DA:1039,6
DA:1042,6
DA:1044,6
DA:1047,6
DA:1049,6
DA:1052,6
DA:1054,6
DA:1057,6
DA:1059,6
DA:1062,6
DA:1064,6
DA:1067,6
DA:1069,6
DA:1072,6
DA:1074,6
DA:1077,6
DA:1079,6
DA:1082,6
DA:1084,6
DA:1087,6
DA:1089,6
DA:1092,6
DA:1094,6
DA:1097,6
DA:1099,6
DA:1102,6
DA:1104,6
DA:1107,6
DA:1109,6
DA:1112,6
DA:1114,6
DA:1117,6
DA:1119,6
DA:1122,6
DA:1124,6
DA:1127,6
DA:1129,6
DA:1132,6
DA:1134,6
DA:1137,6
DA:1139,6
DA:1142,6
DA:1144,6
DA:1147,6
DA:1149,6
DA:1152,6
DA:1154,6
DA:1157,6
DA:1159,6
DA:1162,6
DA:1164,6
DA:1167,6
DA:1169,6
DA:1172,6
DA:1174,6
DA:1177,6
DA:1179,6
DA:1182,6
DA:1184,6
DA:1187,6
DA:1189,6
DA:1192,6
DA:1194,6
DA:1197,6
DA:1199,6
DA:1202,6
DA:1204,6
DA:1207,6
DA:1209,6
DA:1212,6
DA:1214,6
DA:1217,6
DA:1219,6
DA:1222,6
DA:1224,6
DA:1227,6
DA:1229,6
DA:1232,6
DA:1234,6
DA:1237,6
DA:1239,6
DA:1242,6
DA:1244,6
DA:1247,6
DA:1249,6
DA:1252,6
DA:1254,6
DA:1257,6
DA:1259,6
DA:1262,6
DA:1264,6
DA:1267,6
DA:1269,6
DA:1272,6
DA:1274,6
DA:1277,6
DA:1279,6
DA:1282,6
DA:1284,6
DA:1287,6
DA:1289,6
DA:1292,6
DA:1294,6
DA:1297,6
DA:1299,6
DA:1302,6
DA:1304,6
DA:1307,6
DA:1309,6
DA:1312,6
DA:1314,6
DA:1317,6
DA:1319,6
DA:1322,5
DA:1324,5
DA:1327,5
DA:1329,5
DA:1332,5
DA:1334,5
DA:1337,5
DA:1339,5
DA:1342,5
DA:1344,5
DA:1347,5
DA:1349,5
DA:1352,5
DA:1354,5
DA:1357,5
DA:1359,5
DA:1362,5
DA:1364,5
DA:1367,5
DA:1369,5
DA:1372,5
DA:1374,5
DA:1377,5
DA:1379,5
DA:1382,5
DA:1384,5
DA:1387,5
DA:1389,5
DA:1392,5
DA:1394,5
DA:1397,5
DA:1399,5
DA:1402,5
DA:1404,5
DA:1407,5
DA:1409,5
DA:1412,5
DA:1414,5
DA:1417,5
DA:1419,5
DA:1422,5
DA:1424,5
DA:1427,5
DA:1429,5
DA:1432,5
DA:1434,5
DA:1437,5
DA:1439,5
DA:1442,5
DA:1444,5
DA:1447,5
DA:1449,5
DA:1452,5
DA:1454,5
DA:1457,5
DA:1459,5
DA:1462,5
DA:1464,5
DA:1467,5
DA:1469,5
DA:1472,5
DA:1474,5
DA:1479,1
DA:1480,1
DA:1481,1
DA:1485,0
DA:1486,0
LF:542
LH:461
end_of_record
TN:verilator_coverage
SF:/home/UnityChipForXiangShan/dut/PredChecker/PredChecker.v
FNF:0
FNH:0
DA:88,6
DA:89,1
DA:90,2
DA:91,2
DA:92,2
DA:93,2
DA:94,2
DA:95,2
DA:96,2
DA:97,2
DA:98,2
DA:99,2
DA:100,2
DA:101,2
DA:102,2
DA:103,2
DA:104,2
DA:105,2
DA:106,2
DA:107,2
DA:108,1
DA:109,2
DA:110,2
DA:111,1
DA:112,2
DA:113,1
DA:114,2
DA:115,1
DA:116,2
DA:117,0
DA:118,1
DA:119,0
DA:120,1
DA:121,0
DA:122,2
DA:123,1
DA:124,1
DA:125,2
DA:126,0
DA:127,2
DA:128,1
DA:129,1
DA:130,1
DA:131,0
DA:132,0
DA:133,0
DA:134,1
DA:135,1
DA:136,0
DA:137,0
DA:138,1
DA:139,2
DA:140,1
DA:141,2
DA:142,0
DA:143,0
DA:144,1
DA:145,0
DA:146,0
DA:147,1
DA:148,1
DA:149,0
DA:150,1
DA:151,0
DA:152,2
DA:153,1
DA:154,1
DA:155,2
DA:156,1
DA:157,1
DA:158,2
DA:159,1
DA:160,0
DA:161,2
DA:162,1
DA:163,0
DA:164,1
DA:165,2
DA:166,1
DA:167,0
DA:168,1
DA:169,1
DA:170,2
DA:171,2
DA:172,2
DA:173,1
DA:174,1
DA:175,1
DA:176,1
DA:177,2
DA:178,1
DA:179,2
DA:180,2
DA:181,1
DA:182,1
DA:183,1
DA:184,2
DA:185,2
DA:186,2
DA:187,0
DA:188,2
DA:189,2
DA:190,2
DA:191,2
DA:192,2
DA:193,2
DA:194,2
DA:195,2
DA:196,2
DA:197,2
DA:198,2
DA:199,2
DA:200,2
DA:201,2
DA:202,2
DA:203,2
DA:204,2
DA:205,2
DA:206,1
DA:207,2
DA:208,2
DA:209,1
DA:210,2
DA:211,1
DA:212,0
DA:213,2
DA:214,1
DA:215,1
DA:216,2
DA:217,1
DA:218,1
DA:219,1
DA:220,2
DA:221,0
DA:222,1
DA:223,1
DA:224,1
DA:225,1
DA:226,1
DA:227,0
DA:228,1
DA:229,1
DA:230,1
DA:231,1
DA:232,0
DA:233,0
DA:234,1
DA:235,1
DA:236,1
DA:237,2
DA:238,2
DA:239,2
DA:240,2
DA:241,2
DA:242,2
DA:243,2
DA:244,2
DA:245,2
DA:246,2
DA:247,2
DA:248,2
DA:249,2
DA:250,2
DA:251,2
DA:252,2
DA:253,2
DA:254,2
DA:255,2
DA:256,2
DA:257,2
DA:258,2
DA:259,2
DA:260,2
DA:261,2
DA:262,2
DA:263,2
DA:264,2
DA:265,2
DA:266,2
DA:267,2
DA:268,2
DA:269,2
DA:270,2
DA:271,1
DA:272,2
DA:273,2
DA:274,1
DA:275,1
DA:276,2
DA:277,2
DA:278,2
DA:279,2
DA:280,1
DA:281,2
DA:282,1
DA:283,1
DA:284,2
DA:285,2
DA:286,2
DA:287,1
DA:288,2
DA:289,1
DA:290,2
DA:291,2
DA:292,1
DA:293,1
DA:294,2
DA:295,2
DA:296,2
DA:297,1
DA:298,1
DA:299,2
DA:300,2
DA:306,1
DA:310,0
DA:314,1
DA:318,1
DA:322,0
DA:326,0
DA:330,0
DA:334,2
DA:338,1
DA:342,0
DA:346,1
DA:351,0
DA:356,0
DA:361,1
DA:366,0
DA:369,1
DA:371,1
DA:374,1
DA:377,1
DA:380,1
DA:383,0
DA:386,1
DA:389,1
DA:392,0
DA:395,0
DA:398,1
DA:401,0
DA:404,1
DA:407,0
DA:410,1
DA:413,1
DA:416,0
DA:419,0
DA:421,1
DA:423,1
DA:425,1
DA:427,1
DA:429,1
DA:431,1
DA:433,1
DA:435,0
DA:437,1
DA:439,1
DA:441,0
DA:443,2
DA:445,1
DA:447,0
DA:449,0
DA:452,1
DA:453,0
DA:454,0
DA:455,1
DA:456,0
DA:457,1
DA:458,1
DA:459,2
DA:460,1
DA:461,0
DA:462,1
DA:463,0
DA:464,2
DA:465,1
DA:466,0
DA:488,2
DA:536,2
DA:537,1
DA:538,2
DA:539,1
DA:540,2
DA:541,0
DA:542,1
DA:543,2
DA:544,1
DA:545,1
DA:546,0
DA:547,0
DA:548,1
DA:549,1
DA:550,1
DA:551,1
DA:552,0
DA:553,1
DA:554,1
DA:555,2
DA:556,2
DA:557,2
DA:558,2
DA:559,2
DA:560,2
DA:561,2
DA:562,2
DA:563,2
DA:564,2
DA:565,2
DA:566,2
DA:567,2
DA:568,2
DA:569,2
DA:570,2
DA:571,2
DA:572,2
DA:573,2
DA:574,2
DA:575,2
DA:576,2
DA:577,2
DA:578,2
DA:579,2
DA:580,2
DA:581,2
DA:582,2
DA:583,2
DA:584,2
DA:585,2
DA:586,2
DA:587,2
DA:588,1
DA:589,2
DA:590,2
DA:591,2
DA:592,2
DA:593,2
DA:594,2
DA:595,2
DA:596,2
DA:597,1
DA:598,2
DA:599,1
DA:600,1
DA:601,2
DA:602,1
DA:603,2
DA:604,1
DA:605,1
DA:606,1
DA:607,0
DA:608,1
DA:609,0
DA:610,1
DA:611,1
DA:612,2
DA:613,1
DA:614,1
DA:615,2
DA:616,1
DA:617,2
DA:618,2
DA:619,0
DA:620,1
DA:621,1
DA:622,1
DA:623,1
DA:624,1
DA:625,1
DA:626,1
DA:627,1
DA:628,1
DA:629,0
DA:630,1
DA:631,2
DA:632,0
DA:633,0
DA:634,2
DA:635,1
DA:636,1
DA:637,2
DA:638,2
DA:639,2
DA:640,2
DA:641,0
DA:642,0
DA:643,2
DA:644,1
DA:645,1
DA:646,0
DA:647,1
DA:648,1
DA:649,1
DA:650,0
DA:651,0
DA:652,1
DA:653,1
DA:654,0
DA:655,1
DA:656,2
DA:657,1
DA:658,1
DA:659,0
DA:660,2
DA:661,2
DA:662,1
DA:663,2
DA:664,2
DA:665,1
DA:666,2
DA:667,1
DA:668,0
DA:669,1
DA:670,0
DA:671,1
DA:672,1
DA:673,1
DA:674,1
DA:675,2
DA:676,0
DA:677,2
DA:678,2
DA:679,2
DA:680,1
DA:681,1
DA:682,1
DA:683,0
DA:684,1
DA:688,1
DA:692,1
DA:696,1
DA:700,1
DA:704,0
DA:708,0
DA:712,1
DA:716,1
DA:720,1
DA:724,1
DA:728,1
DA:732,1
DA:736,0
DA:740,1
DA:744,0
DA:748,3
DA:749,2
DA:750,2
DA:751,2
DA:752,2
DA:753,2
DA:754,2
DA:755,2
DA:756,2
DA:757,2
DA:758,2
DA:759,2
DA:760,2
DA:761,2
DA:762,2
DA:763,2
DA:764,2
DA:765,2
DA:766,2
DA:767,2
DA:768,2
DA:769,2
DA:770,2
DA:771,2
DA:772,2
DA:773,2
DA:774,2
DA:775,2
DA:776,2
DA:777,2
DA:778,2
DA:779,2
DA:780,2
DA:781,2
DA:782,2
DA:783,2
DA:784,2
DA:785,2
DA:786,2
DA:787,2
DA:788,2
DA:789,2
DA:790,2
DA:791,2
DA:792,2
DA:793,2
DA:794,2
DA:795,2
DA:796,2
DA:797,2
DA:798,2
DA:799,2
DA:800,2
DA:801,2
DA:802,2
DA:803,2
DA:804,2
DA:805,2
DA:806,2
DA:807,2
DA:808,2
DA:809,2
DA:810,2
DA:811,2
DA:812,2
DA:813,2
DA:814,2
DA:815,2
DA:816,2
DA:817,2
DA:818,2
DA:819,2
DA:820,2
DA:821,2
DA:822,2
DA:823,2
DA:824,2
DA:825,2
DA:826,2
DA:827,2
DA:828,2
DA:829,2
DA:830,2
DA:831,2
DA:832,2
DA:833,2
DA:834,2
DA:835,2
DA:836,2
DA:837,2
DA:838,2
DA:839,2
DA:840,2
DA:841,2
DA:842,2
DA:843,2
DA:844,2
DA:845,2
DA:846,2
DA:847,2
DA:848,2
DA:849,2
DA:850,2
DA:851,2
DA:852,2
DA:853,2
DA:854,2
DA:855,2
DA:856,2
DA:857,2
DA:858,2
DA:859,2
DA:860,2
DA:861,2
DA:862,2
DA:863,2
DA:864,2
DA:865,2
DA:866,2
DA:867,2
DA:868,2
DA:869,2
DA:870,2
DA:871,2
DA:872,2
DA:873,2
DA:874,2
DA:875,2
DA:876,2
DA:877,2
DA:878,2
DA:879,2
DA:880,2
DA:881,2
DA:882,2
DA:883,2
DA:884,2
DA:885,2
DA:886,2
DA:887,2
DA:888,2
DA:889,2
DA:890,2
DA:891,2
DA:892,2
DA:893,2
DA:894,2
DA:895,2
DA:896,2
DA:897,2
DA:898,2
DA:899,2
DA:900,2
DA:901,2
DA:902,2
DA:903,2
DA:904,2
DA:905,2
DA:906,2
DA:907,2
DA:908,2
DA:909,2
DA:910,2
DA:911,2
DA:912,2
DA:913,2
DA:914,2
DA:915,2
DA:916,2
DA:917,2
DA:918,2
DA:919,2
DA:920,2
DA:921,2
DA:922,2
DA:923,2
DA:924,2
DA:925,2
DA:926,2
DA:927,2
DA:928,2
DA:929,2
DA:930,2
DA:931,2
DA:932,2
DA:933,2
DA:934,2
DA:935,2
DA:936,2
DA:937,2
DA:938,2
DA:939,2
DA:940,2
DA:941,2
DA:942,2
DA:943,2
DA:944,2
DA:945,2
DA:946,2
DA:947,2
DA:948,2
DA:949,2
DA:950,2
DA:951,2
DA:952,2
DA:953,2
DA:954,2
DA:955,2
DA:956,2
DA:957,2
DA:958,2
DA:959,2
DA:960,2
DA:961,2
DA:962,2
DA:963,2
DA:964,2
DA:965,2
DA:966,2
DA:967,2
DA:975,1
LF:662
LH:588
end_of_record
TN:verilator_coverage
SF:/home/UnityChipForXiangShan/dut/PredChecker/PredChecker_top.sv
FNF:0
FNH:0
DA:3,6
DA:4,1
DA:5,2
DA:6,2
DA:7,2
DA:8,2
DA:9,2
DA:10,2
DA:11,2
DA:12,2
DA:13,2
DA:14,2
DA:15,2
DA:16,2
DA:17,2
DA:18,2
DA:19,2
DA:20,2
DA:21,2
DA:22,2
DA:23,1
DA:24,2
DA:25,2
DA:26,1
DA:27,2
DA:28,1
DA:29,2
DA:30,1
DA:31,2
DA:32,0
DA:33,1
DA:34,0
DA:35,1
DA:36,0
DA:37,2
DA:38,1
DA:39,1
DA:40,2
DA:41,0
DA:42,2
DA:43,1
DA:44,1
DA:45,1
DA:46,0
DA:47,0
DA:48,0
DA:49,1
DA:50,1
DA:51,0
DA:52,0
DA:53,1
DA:54,2
DA:55,1
DA:56,2
DA:57,0
DA:58,0
DA:59,1
DA:60,0
DA:61,0
DA:62,1
DA:63,1
DA:64,0
DA:65,1
DA:66,0
DA:67,2
DA:68,1
DA:69,1
DA:70,2
DA:71,1
DA:72,1
DA:73,2
DA:74,1
DA:75,0
DA:76,2
DA:77,1
DA:78,0
DA:79,1
DA:80,2
DA:81,1
DA:82,0
DA:83,1
DA:84,1
DA:85,2
DA:86,2
DA:87,2
DA:88,1
DA:89,1
DA:90,1
DA:91,1
DA:92,2
DA:93,1
DA:94,2
DA:95,2
DA:96,1
DA:97,1
DA:98,1
DA:99,2
DA:100,2
DA:101,2
DA:102,0
DA:103,2
DA:104,2
DA:105,2
DA:106,2
DA:107,2
DA:108,2
DA:109,2
DA:110,2
DA:111,2
DA:112,2
DA:113,2
DA:114,2
DA:115,2
DA:116,2
DA:117,2
DA:118,2
DA:119,2
DA:120,2
DA:121,1
DA:122,2
DA:123,2
DA:124,1
DA:125,2
DA:126,1
DA:127,0
DA:128,2
DA:129,1
DA:130,1
DA:131,2
DA:132,1
DA:133,1
DA:134,1
DA:135,2
DA:136,0
DA:137,1
DA:138,1
DA:139,1
DA:140,1
DA:141,1
DA:142,0
DA:143,1
DA:144,1
DA:145,1
DA:146,1
DA:147,0
DA:148,0
DA:149,1
DA:150,1
DA:151,1
DA:152,2
DA:153,2
DA:154,2
DA:155,2
DA:156,2
DA:157,2
DA:158,2
DA:159,2
DA:160,2
DA:161,2
DA:162,2
DA:163,2
DA:164,2
DA:165,2
DA:166,2
DA:167,2
DA:168,2
DA:169,2
DA:170,2
DA:171,2
DA:172,2
DA:173,2
DA:174,2
DA:175,2
DA:176,2
DA:177,2
DA:178,2
DA:179,2
DA:180,2
DA:181,2
DA:182,2
DA:183,2
DA:184,2
DA:185,2
DA:186,1
DA:187,2
DA:188,2
DA:189,1
DA:190,1
DA:191,2
DA:192,2
DA:193,2
DA:194,2
DA:195,1
DA:196,2
DA:197,1
DA:198,1
DA:199,2
DA:200,2
DA:201,2
DA:202,1
DA:203,2
DA:204,1
DA:205,2
DA:206,2
DA:207,1
DA:208,1
DA:209,2
DA:210,2
DA:211,2
DA:212,1
DA:213,1
DA:214,2
DA:215,2
DA:963,0
DA:965,0
DA:968,6
DA:970,6
DA:973,3
DA:975,3
DA:978,1
DA:980,1
DA:983,3
DA:985,3
DA:988,1
DA:990,1
DA:993,3
DA:995,3
DA:998,1
DA:1000,1
DA:1003,3
DA:1005,3
DA:1008,1
DA:1010,1
DA:1013,3
DA:1015,3
DA:1018,1
DA:1020,1
DA:1023,3
DA:1025,3
DA:1028,1
DA:1030,1
DA:1033,3
DA:1035,3
DA:1038,1
DA:1040,1
DA:1043,3
DA:1045,3
DA:1048,1
DA:1050,1
DA:1053,3
DA:1055,3
DA:1058,1
DA:1060,1
DA:1063,3
DA:1065,3
DA:1068,1
DA:1070,1
DA:1073,3
DA:1075,3
DA:1078,1
DA:1080,1
DA:1083,3
DA:1085,3
DA:1088,1
DA:1090,1
DA:1093,3
DA:1095,3
DA:1098,1
DA:1100,1
DA:1103,3
DA:1105,3
DA:1108,1
DA:1110,1
DA:1113,3
DA:1115,3
DA:1118,1
DA:1120,1
DA:1123,3
DA:1125,3
DA:1128,1
DA:1130,1
DA:1133,3
DA:1135,3
DA:1138,1
DA:1140,1
DA:1143,3
DA:1145,3
DA:1148,1
DA:1150,1
DA:1153,3
DA:1155,3
DA:1158,1
DA:1160,1
DA:1163,3
DA:1165,3
DA:1168,1
DA:1170,1
DA:1173,3
DA:1175,3
DA:1178,1
DA:1180,1
DA:1183,3
DA:1185,3
DA:1188,1
DA:1190,1
DA:1193,3
DA:1195,3
DA:1198,1
DA:1200,1
DA:1203,3
DA:1205,3
DA:1208,1
DA:1210,1
DA:1213,3
DA:1215,3
DA:1218,1
DA:1220,1
DA:1223,3
DA:1225,3
DA:1228,1
DA:1230,1
DA:1233,3
DA:1235,3
DA:1238,1
DA:1240,1
DA:1243,3
DA:1245,3
DA:1248,1
DA:1250,1
DA:1253,3
DA:1255,3
DA:1258,1
DA:1260,1
DA:1263,3
DA:1265,3
DA:1268,1
DA:1270,1
DA:1273,3
DA:1275,3
DA:1278,1
DA:1280,1
DA:1283,3
DA:1285,3
DA:1288,1
DA:1290,1
DA:1293,3
DA:1295,3
DA:1298,1
DA:1300,1
DA:1303,3
DA:1305,3
DA:1308,1
DA:1310,1
DA:1313,3
DA:1315,3
DA:1318,1
DA:1320,1
DA:1323,3
DA:1325,3
DA:1328,1
DA:1330,1
DA:1333,3
DA:1335,3
DA:1338,1
DA:1340,1
DA:1343,3
DA:1345,3
DA:1348,1
DA:1350,1
DA:1353,3
DA:1355,3
DA:1358,1
DA:1360,1
DA:1363,3
DA:1365,3
DA:1368,1
DA:1370,1
DA:1373,3
DA:1375,3
DA:1378,1
DA:1380,1
DA:1383,3
DA:1385,3
DA:1388,1
DA:1390,1
DA:1393,3
DA:1395,3
DA:1398,1
DA:1400,1
DA:1403,3
DA:1405,3
DA:1408,1
DA:1410,1
DA:1413,3
DA:1415,3
DA:1418,1
DA:1420,1
DA:1423,3
DA:1425,3
DA:1428,1
DA:1430,1
DA:1433,3
DA:1435,3
DA:1438,1
DA:1440,1
DA:1443,3
DA:1445,3
DA:1448,1
DA:1450,1
DA:1453,3
DA:1455,3
DA:1458,1
DA:1460,1
DA:1463,3
DA:1465,3
DA:1468,1
DA:1470,1
DA:1473,3
DA:1475,3
DA:1478,1
DA:1480,1
DA:1483,3
DA:1485,3
DA:1488,1
DA:1490,1
DA:1493,3
DA:1495,3
DA:1498,1
DA:1500,1
DA:1503,3
DA:1505,3
DA:1508,1
DA:1510,1
DA:1513,3
DA:1515,3
DA:1518,1
DA:1520,1
DA:1523,3
DA:1525,3
DA:1528,1
DA:1530,1
DA:1533,3
DA:1535,3
DA:1538,1
DA:1540,1
DA:1543,3
DA:1545,3
DA:1548,1
DA:1550,1
DA:1553,3
DA:1555,3
DA:1558,1
DA:1560,1
DA:1563,3
DA:1565,3
DA:1568,1
DA:1570,1
DA:1573,3
DA:1575,3
DA:1578,1
DA:1580,1
DA:1583,3
DA:1585,3
DA:1588,1
DA:1590,1
DA:1593,3
DA:1595,3
DA:1598,1
DA:1600,1
DA:1603,3
DA:1605,3
DA:1608,1
DA:1610,1
DA:1613,3
DA:1615,3
DA:1618,1
DA:1620,1
DA:1623,3
DA:1625,3
DA:1628,1
DA:1630,1
DA:1633,3
DA:1635,3
DA:1638,1
DA:1640,1
DA:1643,3
DA:1645,3
DA:1648,1
DA:1650,1
DA:1653,3
DA:1655,3
DA:1658,1
DA:1660,1
DA:1663,3
DA:1665,3
DA:1668,1
DA:1670,1
DA:1673,3
DA:1675,3
DA:1678,1
DA:1680,1
DA:1683,3
DA:1685,3
DA:1688,1
DA:1690,1
DA:1693,3
DA:1695,3
DA:1698,1
DA:1700,1
DA:1703,3
DA:1705,3
DA:1708,1
DA:1710,1
DA:1713,3
DA:1715,3
DA:1718,1
DA:1720,1
DA:1723,3
DA:1725,3
DA:1728,1
DA:1730,1
DA:1733,3
DA:1735,3
DA:1738,1
DA:1740,1
DA:1743,3
DA:1745,3
DA:1748,1
DA:1750,1
DA:1753,3
DA:1755,3
DA:1758,1
DA:1760,1
DA:1763,3
DA:1765,3
DA:1768,1
DA:1770,1
DA:1773,3
DA:1775,3
DA:1778,1
DA:1780,1
DA:1783,3
DA:1785,3
DA:1788,1
DA:1790,1
DA:1793,3
DA:1795,3
DA:1798,1
DA:1800,1
DA:1803,3
DA:1805,3
DA:1808,1
DA:1810,1
DA:1813,3
DA:1815,3
DA:1818,1
DA:1820,1
DA:1823,3
DA:1825,3
DA:1828,1
DA:1830,1
DA:1833,3
DA:1835,3
DA:1838,1
DA:1840,1
DA:1843,3
DA:1845,3
DA:1848,1
DA:1850,1
DA:1853,3
DA:1855,3
DA:1858,1
DA:1860,1
DA:1863,3
DA:1865,3
DA:1868,1
DA:1870,1
DA:1873,3
DA:1875,3
DA:1878,1
DA:1880,1
DA:1883,3
DA:1885,3
DA:1888,1
DA:1890,1
DA:1893,3
DA:1895,3
DA:1898,1
DA:1900,1
DA:1903,3
DA:1905,3
DA:1908,1
DA:1910,1
DA:1913,3
DA:1915,3
DA:1918,1
DA:1920,1
DA:1923,3
DA:1925,3
DA:1928,1
DA:1930,1
DA:1933,3
DA:1935,3
DA:1938,1
DA:1940,1
DA:1943,3
DA:1945,3
DA:1948,1
DA:1950,1
DA:1953,3
DA:1955,3
DA:1958,1
DA:1960,1
DA:1963,3
DA:1965,3
DA:1968,1
DA:1970,1
DA:1973,3
DA:1975,3
DA:1978,1
DA:1980,1
DA:1983,3
DA:1985,3
DA:1988,1
DA:1990,1
DA:1993,3
DA:1995,3
DA:1998,1
DA:2000,1
DA:2003,3
DA:2005,3
DA:2008,1
DA:2010,1
DA:2013,3
DA:2015,3
DA:2018,1
DA:2020,1
DA:2023,3
DA:2025,3
DA:2028,1
DA:2030,1
DA:2033,3
DA:2035,3
DA:2038,1
DA:2040,1
DA:2043,3
DA:2045,3
DA:2048,1
DA:2050,1
DA:2053,3
DA:2055,3
DA:2058,1
DA:2060,1
DA:2063,3
DA:2065,3
DA:2068,1
DA:2070,1
DA:2073,3
DA:2075,3
DA:2078,1
DA:2080,1
DA:2083,3
DA:2085,3
DA:2088,1
DA:2090,1
DA:2093,3
DA:2095,3
DA:2098,1
DA:2100,1
DA:2103,3
DA:2105,3
DA:2108,1
DA:2110,1
DA:2113,3
DA:2115,3
DA:2118,1
DA:2120,1
DA:2123,3
DA:2125,3
DA:2128,1
DA:2130,1
DA:2133,8
DA:2135,8
DA:2138,8
DA:2140,8
DA:2143,8
DA:2145,8
DA:2148,8
DA:2150,8
DA:2153,8
DA:2155,8
DA:2158,8
DA:2160,8
DA:2163,8
DA:2165,8
DA:2168,8
DA:2170,8
DA:2173,8
DA:2175,8
DA:2178,8
DA:2180,8
DA:2183,8
DA:2185,8
DA:2188,8
DA:2190,8
DA:2193,8
DA:2195,8
DA:2198,8
DA:2200,8
DA:2203,8
DA:2205,8
DA:2208,8
DA:2210,8
DA:2213,8
DA:2215,8
DA:2218,8
DA:2220,8
DA:2223,8
DA:2225,8
DA:2228,8
DA:2230,8
DA:2233,8
DA:2235,8
DA:2238,8
DA:2240,8
DA:2243,8
DA:2245,8
DA:2248,8
DA:2250,8
DA:2253,8
DA:2255,8
DA:2258,8
DA:2260,8
DA:2263,8
DA:2265,8
DA:2268,8
DA:2270,8
DA:2273,8
DA:2275,8
DA:2278,8
DA:2280,8
DA:2283,8
DA:2285,8
DA:2288,8
DA:2290,8
DA:2293,8
DA:2295,8
DA:2298,8
DA:2300,8
DA:2303,8
DA:2305,8
DA:2308,8
DA:2310,8
DA:2313,8
DA:2315,8
DA:2318,8
DA:2320,8
DA:2323,8
DA:2325,8
DA:2328,8
DA:2330,8
DA:2333,8
DA:2335,8
DA:2338,8
DA:2340,8
DA:2343,8
DA:2345,8
DA:2348,8
DA:2350,8
DA:2353,8
DA:2355,8
DA:2358,8
DA:2360,8
DA:2363,8
DA:2365,8
DA:2368,8
DA:2370,8
DA:2373,8
DA:2375,8
DA:2378,8
DA:2380,8
DA:2383,8
DA:2385,8
DA:2388,8
DA:2390,8
DA:2393,8
DA:2395,8
DA:2398,8
DA:2400,8
DA:2403,8
DA:2405,8
DA:2408,8
DA:2410,8
DA:2413,8
DA:2415,8
DA:2418,8
DA:2420,8
DA:2423,8
DA:2425,8
DA:2428,8
DA:2430,8
DA:2433,8
DA:2435,8
DA:2438,8
DA:2440,8
DA:2443,8
DA:2445,8
DA:2448,8
DA:2450,8
DA:2453,8
DA:2455,8
DA:2458,8
DA:2460,8
DA:2463,8
DA:2465,8
DA:2468,8
DA:2470,8
DA:2473,8
DA:2475,8
DA:2478,8
DA:2480,8
DA:2483,8
DA:2485,8
DA:2488,8
DA:2490,8
DA:2493,8
DA:2495,8
DA:2498,8
DA:2500,8
DA:2503,8
DA:2505,8
DA:2508,8
DA:2510,8
DA:2513,8
DA:2515,8
DA:2518,8
DA:2520,8
DA:2523,8
DA:2525,8
DA:2528,8
DA:2530,8
DA:2533,8
DA:2535,8
DA:2538,8
DA:2540,8
DA:2543,8
DA:2545,8
DA:2548,8
DA:2550,8
DA:2553,8
DA:2555,8
DA:2558,8
DA:2560,8
DA:2563,8
DA:2565,8
DA:2568,8
DA:2570,8
DA:2573,8
DA:2575,8
DA:2578,8
DA:2580,8
DA:2583,8
DA:2585,8
DA:2588,8
DA:2590,8
DA:2593,8
DA:2595,8
DA:2598,8
DA:2600,8
DA:2603,8
DA:2605,8
DA:2608,8
DA:2610,8
DA:2613,7
DA:2615,7
DA:2618,7
DA:2620,7
DA:2623,7
DA:2625,7
DA:2628,7
DA:2630,7
DA:2633,7
DA:2635,7
DA:2638,7
DA:2640,7
DA:2643,7
DA:2645,7
DA:2648,7
DA:2650,7
DA:2653,7
DA:2655,7
DA:2658,7
DA:2660,7
DA:2663,7
DA:2665,7
DA:2668,7
DA:2670,7
DA:2673,7
DA:2675,7
DA:2678,7
DA:2680,7
DA:2683,7
DA:2685,7
DA:2688,7
DA:2690,7
DA:2693,7
DA:2695,7
DA:2698,7
DA:2700,7
DA:2703,7
DA:2705,7
DA:2708,7
DA:2710,7
DA:2713,7
DA:2715,7
DA:2718,7
DA:2720,7
DA:2723,7
DA:2725,7
DA:2728,7
DA:2730,7
DA:2733,7
DA:2735,7
DA:2738,7
DA:2740,7
DA:2743,7
DA:2745,7
DA:2748,7
DA:2750,7
DA:2753,7
DA:2755,7
DA:2758,7
DA:2760,7
DA:2763,7
DA:2765,7
DA:2768,7
DA:2770,7
DA:2773,7
DA:2775,7
DA:2778,7
DA:2780,7
DA:2783,7
DA:2785,7
DA:2788,7
DA:2790,7
DA:2793,7
DA:2795,7
DA:2798,7
DA:2800,7
DA:2803,7
DA:2805,7
DA:2808,7
DA:2810,7
DA:2813,7
DA:2815,7
DA:2818,7
DA:2820,7
DA:2823,7
DA:2825,7
DA:2828,7
DA:2830,7
DA:2833,7
DA:2835,7
DA:2838,7
DA:2840,7
DA:2843,7
DA:2845,7
DA:2848,7
DA:2850,7
DA:2853,7
DA:2855,7
DA:2858,7
DA:2860,7
DA:2863,7
DA:2865,7
DA:2868,7
DA:2870,7
DA:2873,7
DA:2875,7
DA:2878,7
DA:2880,7
DA:2883,7
DA:2885,7
DA:2888,7
DA:2890,7
DA:2893,7
DA:2895,7
DA:2898,7
DA:2900,7
DA:2903,7
DA:2905,7
DA:2908,7
DA:2910,7
DA:2913,7
DA:2915,7
DA:2918,7
DA:2920,7
DA:2923,7
DA:2925,7
DA:2928,7
DA:2930,7
DA:2933,7
DA:2935,7
DA:2938,7
DA:2940,7
DA:2943,7
DA:2945,7
DA:2948,7
DA:2950,7
DA:2953,7
DA:2955,7
DA:2958,7
DA:2960,7
DA:2963,7
DA:2965,7
DA:2968,7
DA:2970,7
DA:2973,7
DA:2975,7
DA:2978,7
DA:2980,7
DA:2983,7
DA:2985,7
DA:2988,7
DA:2990,7
DA:2993,7
DA:2995,7
DA:2998,7
DA:3000,7
DA:3003,7
DA:3005,7
DA:3008,7
DA:3010,7
DA:3013,7
DA:3015,7
DA:3018,7
DA:3020,7
DA:3023,7
DA:3025,7
DA:3028,7
DA:3030,7
DA:3033,7
DA:3035,7
DA:3038,7
DA:3040,7
DA:3043,7
DA:3045,7
DA:3048,7
DA:3050,7
DA:3053,7
DA:3055,7
DA:3058,7
DA:3060,7
DA:3063,7
DA:3065,7
DA:3068,7
DA:3070,7
DA:3073,7
DA:3075,7
DA:3078,7
DA:3080,7
DA:3083,7
DA:3085,7
DA:3088,7
DA:3090,7
DA:3093,7
DA:3095,7
DA:3098,7
DA:3100,7
DA:3103,7
DA:3105,7
DA:3108,7
DA:3110,7
DA:3113,7
DA:3115,7
DA:3118,7
DA:3120,7
DA:3123,7
DA:3125,7
DA:3128,7
DA:3130,7
DA:3133,7
DA:3135,7
DA:3138,7
DA:3140,7
DA:3143,7
DA:3145,7
DA:3148,7
DA:3150,7
DA:3153,7
DA:3155,7
DA:3158,7
DA:3160,7
DA:3163,7
DA:3165,7
DA:3168,7
DA:3170,7
DA:3173,7
DA:3175,7
DA:3178,7
DA:3180,7
DA:3183,7
DA:3185,7
DA:3188,7
DA:3190,7
DA:3193,7
DA:3195,7
DA:3198,7
DA:3200,7
DA:3203,7
DA:3205,7
DA:3208,7
DA:3210,7
DA:3213,7
DA:3215,7
DA:3218,7
DA:3220,7
DA:3223,7
DA:3225,7
DA:3228,7
DA:3230,7
DA:3233,7
DA:3235,7
DA:3238,7
DA:3240,7
DA:3243,7
DA:3245,7
DA:3248,7
DA:3250,7
DA:3253,7
DA:3255,7
DA:3258,7
DA:3260,7
DA:3263,7
DA:3265,7
DA:3268,7
DA:3270,7
DA:3273,7
DA:3275,7
DA:3278,7
DA:3280,7
DA:3283,7
DA:3285,7
DA:3288,7
DA:3290,7
DA:3293,7
DA:3295,7
DA:3298,7
DA:3300,7
DA:3303,7
DA:3305,7
DA:3308,7
DA:3310,7
DA:3313,7
DA:3315,7
DA:3318,7
DA:3320,7
DA:3323,7
DA:3325,7
DA:3328,7
DA:3330,7
DA:3333,7
DA:3335,7
DA:3338,7
DA:3340,7
DA:3343,7
DA:3345,7
DA:3348,7
DA:3350,7
DA:3353,7
DA:3355,7
DA:3358,7
DA:3360,7
DA:3363,7
DA:3365,7
DA:3368,7
DA:3370,7
DA:3373,7
DA:3375,7
DA:3378,7
DA:3380,7
DA:3383,7
DA:3385,7
DA:3388,7
DA:3390,7
DA:3393,7
DA:3395,7
DA:3398,7
DA:3400,7
DA:3403,7
DA:3405,7
DA:3408,7
DA:3410,7
DA:3413,7
DA:3415,7
DA:3418,7
DA:3420,7
DA:3423,7
DA:3425,7
DA:3428,7
DA:3430,7
DA:3433,7
DA:3435,7
DA:3438,7
DA:3440,7
DA:3443,7
DA:3445,7
DA:3448,7
DA:3450,7
DA:3453,7
DA:3455,7
DA:3458,7
DA:3460,7
DA:3463,7
DA:3465,7
DA:3468,7
DA:3470,7
DA:3473,7
DA:3475,7
DA:3478,7
DA:3480,7
DA:3483,7
DA:3485,7
DA:3488,7
DA:3490,7
DA:3493,7
DA:3495,7
DA:3498,7
DA:3500,7
DA:3503,7
DA:3505,7
DA:3508,7
DA:3510,7
DA:3513,7
DA:3515,7
DA:3518,7
DA:3520,7
DA:3523,7
DA:3525,7
DA:3528,7
DA:3530,7
DA:3533,7
DA:3535,7
DA:3538,7
DA:3540,7
DA:3543,7
DA:3545,7
DA:3548,7
DA:3550,7
DA:3553,7
DA:3555,7
DA:3558,7
DA:3560,7
DA:3563,7
DA:3565,7
DA:3568,7
DA:3570,7
DA:3573,7
DA:3575,7
DA:3578,7
DA:3580,7
DA:3583,7
DA:3585,7
DA:3588,7
DA:3590,7
DA:3595,1
DA:3596,1
DA:3597,1
DA:3601,0
DA:3602,0
LF:1270
LH:1242
end_of_record
TN:verilator_coverage
SF:/home/UnityChipForXiangShan/dut/RVCExpander/RVCExpander.v
FNF:0
FNH:0
DA:88,65546
DA:89,11
DA:90,64826
DA:91,5515
DA:106,85
LF:5
LH:5
end_of_record
TN:verilator_coverage
SF:/home/UnityChipForXiangShan/dut/RVCExpander/RVCExpander_top.sv
FNF:0
FNH:0
DA:3,65546
DA:4,11
DA:5,64826
DA:6,5515
DA:25,3245112
DA:27,3245112
DA:30,98315
DA:32,98315
DA:35,0
DA:37,0
DA:40,24
DA:42,24
DA:45,1868261
DA:47,1868261
DA:50,1966607
DA:52,1966607
DA:57,24
DA:58,24
DA:59,24
DA:63,0
DA:64,0
LF:21
LH:17
end_of_record
TN:verilator_coverage
SF:/home/UnityChipForXiangShan/scripts/backend_ctrlblock_decode/../../rtl/rtl/DecodeUnit.sv
FNF:0
FNH:0
DA:88,156
DA:89,31
DA:90,25
DA:91,13
DA:92,17
DA:93,19
DA:94,20
DA:95,22
DA:96,22
DA:97,18
DA:98,20
DA:99,24
DA:100,18
DA:101,16
DA:102,16
DA:103,22
DA:104,17
DA:105,22
DA:106,21
DA:107,16
DA:108,14
DA:109,15
DA:110,17
DA:111,25
DA:112,25
DA:113,18
DA:114,19
DA:115,19
DA:116,17
DA:117,14
DA:118,18
DA:119,17
DA:120,15
DA:121,17
DA:122,18
DA:123,26
DA:124,23
DA:125,16
DA:126,20
DA:127,17
DA:128,24
DA:129,29
DA:130,30
DA:131,30
DA:132,156
DA:133,31
DA:134,25
DA:135,13
DA:136,17
DA:137,93
DA:138,27
DA:139,20
DA:140,22
DA:141,22
DA:142,18
DA:143,20
DA:144,24
DA:145,18
DA:146,16
DA:147,16
DA:148,22
DA:149,17
DA:150,22
DA:151,21
DA:152,16
DA:153,14
DA:154,15
DA:155,17
DA:156,25
DA:157,11
DA:158,25
DA:159,18
DA:160,19
DA:161,19
DA:162,17
DA:163,14
DA:164,18
DA:165,17
DA:166,15
DA:167,17
DA:168,18
DA:169,26
DA:170,23
DA:171,96
DA:172,110
DA:173,62
DA:174,129
DA:175,17
DA:176,148
DA:177,136
DA:178,152
DA:179,152
DA:180,91
DA:181,105
DA:182,70
DA:183,26
DA:184,58
DA:185,9
DA:186,10
DA:187,9
DA:188,10
DA:189,54
DA:190,114
DA:191,83
DA:192,12
DA:193,42
DA:194,135
DA:195,11
DA:196,140
DA:197,20
DA:198,17
DA:199,24
DA:200,29
DA:201,30
DA:202,20
DA:203,17
DA:204,24
DA:205,29
DA:206,30
DA:207,132
DA:208,30
DA:209,113
DA:210,140
DA:211,6
DA:212,8
DA:213,8
DA:214,30
DA:215,11
DA:216,71
DA:217,19
DA:218,7
DA:219,11
DA:220,39
DA:221,13
DA:222,62
DA:223,24
DA:224,79
DA:225,89
DA:226,28
DA:227,58
DA:228,59
DA:229,12
DA:230,23
DA:231,9
DA:232,20
DA:233,17
DA:234,20
DA:235,18
DA:236,15
DA:237,12
DA:238,6
DA:239,26
DA:240,22
DA:241,14
DA:242,28
DA:243,21
DA:244,11
DA:245,15
DA:246,16
DA:247,28
DA:248,19
DA:249,17
DA:250,24
DA:251,17
DA:252,27
DA:253,15
DA:256,89
DA:257,114
DA:290,39
DA:3686,108
DA:4590,62
DA:4944,112
DA:5152,7
DA:5153,7
DA:5154,10
DA:5201,11
DA:5206,8
DA:5294,8
DA:5298,30
DA:5311,11
DA:5314,8
DA:5317,5
DA:5318,12
DA:5320,8
DA:5322,9
DA:5324,11
DA:5325,10
DA:5326,5
DA:5329,11
DA:5330,10
DA:5331,11
LF:191
LH:191
end_of_record
TN:verilator_coverage
SF:/home/UnityChipForXiangShan/scripts/backend_ctrlblock_decode/../../rtl/rtl/DecodeUnitComp.sv
FNF:0
FNH:0
DA:88,474
DA:89,10
DA:90,3
DA:91,3
DA:92,1
DA:93,5
DA:94,5
DA:95,3
DA:96,3
DA:97,7
DA:98,70
DA:99,4
DA:100,4
DA:101,2
DA:102,2
DA:103,49
DA:104,5
DA:105,2
DA:106,2
DA:107,2
DA:108,2
DA:109,1
DA:110,2
DA:111,1
DA:112,3
DA:113,2
DA:114,4
DA:115,1
DA:116,2
DA:117,2
DA:118,2
DA:119,1
DA:120,1
DA:121,4
DA:122,2
DA:123,1
DA:124,4
DA:125,2
DA:126,4
DA:127,4
DA:128,3
DA:129,4
DA:130,3
DA:131,2
DA:132,0
DA:133,1
DA:134,1
DA:135,3
DA:136,3
DA:137,42
DA:138,48
DA:139,49
DA:140,59
DA:141,8
DA:142,64
DA:143,64
DA:144,69
DA:145,70
DA:146,38
DA:147,41
DA:148,4
DA:149,2
DA:150,47
DA:151,3
DA:152,1
DA:153,1
DA:154,2
DA:155,1
DA:156,52
DA:157,21
DA:158,1
DA:159,29
DA:160,63
DA:161,7
DA:162,62
DA:163,8
DA:164,0
DA:165,1
DA:166,3
DA:167,2
DA:168,8
DA:169,0
DA:170,1
DA:171,3
DA:172,2
DA:173,61
DA:174,4
DA:175,52
DA:176,59
DA:177,2
DA:178,3
DA:179,3
DA:180,19
DA:181,4
DA:182,41
DA:183,13
DA:184,1
DA:185,27
DA:186,1
DA:187,51
DA:188,17
DA:189,4
DA:190,39
DA:191,54
DA:192,52
DA:193,9
DA:194,4
DA:195,8
DA:196,66
DA:197,5
DA:198,5
DA:199,2
DA:200,2
DA:201,16
DA:202,0
DA:203,3
DA:204,2
DA:205,3
DA:206,2
DA:207,3
DA:208,3
DA:209,2
DA:210,2
DA:211,3
DA:212,5
DA:213,3
DA:214,3
DA:215,1
DA:216,1
DA:217,3
DA:218,2
DA:219,3
DA:220,2
DA:221,3
DA:222,4
DA:223,2
DA:224,5
DA:225,4
DA:226,1
DA:227,3
DA:228,2
DA:229,1
DA:230,4
DA:231,3
DA:232,2
DA:233,4
DA:234,3
DA:235,45
DA:236,43
DA:237,43
DA:238,59
DA:239,4
DA:240,62
DA:241,61
DA:242,64
DA:243,62
DA:244,32
DA:245,52
DA:246,18
DA:247,1
DA:248,48
DA:249,0
DA:250,2
DA:251,4
DA:252,3
DA:253,5
DA:254,3
DA:255,48
DA:256,23
DA:257,4
DA:258,29
DA:259,62
DA:260,3
DA:261,58
DA:262,0
DA:263,4
DA:264,2
DA:265,3
DA:266,4
DA:267,1
DA:268,4
DA:269,0
DA:270,3
DA:271,4
DA:272,55
DA:273,4
DA:274,1
DA:275,3
DA:276,2
DA:277,49
DA:278,56
DA:279,2
DA:280,2
DA:281,4
DA:282,20
DA:283,5
DA:284,42
DA:285,13
DA:286,5
DA:287,5
DA:288,29
DA:289,3
DA:290,3
DA:291,51
DA:292,16
DA:293,2
DA:294,46
DA:295,49
DA:296,48
DA:297,4
DA:298,40
DA:299,49
DA:300,66
DA:301,5
DA:302,5
DA:303,2
DA:304,2
DA:305,16
DA:306,0
DA:307,3
DA:308,2
DA:309,3
DA:310,2
DA:311,3
DA:312,3
DA:313,2
DA:314,2
DA:315,3
DA:316,5
DA:317,3
DA:318,3
DA:319,1
DA:320,1
DA:321,3
DA:322,2
DA:323,3
DA:324,2
DA:325,3
DA:326,4
DA:327,2
DA:328,5
DA:329,4
DA:330,1
DA:331,3
DA:332,2
DA:333,1
DA:334,4
DA:335,3
DA:336,2
DA:337,4
DA:338,3
DA:339,48
DA:340,49
DA:341,48
DA:342,59
DA:343,5
DA:344,63
DA:345,59
DA:346,59
DA:347,57
DA:348,39
DA:349,42
DA:350,4
DA:351,2
DA:352,48
DA:353,15
DA:354,2
DA:355,3
DA:356,3
DA:357,3
DA:358,3
DA:359,48
DA:360,23
DA:361,4
DA:362,29
DA:363,62
DA:364,3
DA:365,58
DA:366,0
DA:367,4
DA:368,2
DA:369,3
DA:370,4
DA:371,1
DA:372,4
DA:373,0
DA:374,3
DA:375,4
DA:376,55
DA:377,4
DA:378,2
DA:379,1
DA:380,2
DA:381,49
DA:382,56
DA:383,3
DA:384,2
DA:385,4
DA:386,20
DA:387,5
DA:388,42
DA:389,13
DA:390,5
DA:391,4
DA:392,29
DA:393,3
DA:394,35
DA:395,51
DA:396,16
DA:397,46
DA:398,49
DA:399,48
DA:400,4
DA:401,40
DA:402,13
DA:403,66
DA:404,5
DA:405,5
DA:406,2
DA:407,2
DA:408,16
DA:409,0
DA:410,3
DA:411,2
DA:412,3
DA:413,2
DA:414,3
DA:415,3
DA:416,2
DA:417,2
DA:418,3
DA:419,5
DA:420,3
DA:421,3
DA:422,1
DA:423,1
DA:424,3
DA:425,2
DA:426,3
DA:427,2
DA:428,3
DA:429,4
DA:430,2
DA:431,5
DA:432,4
DA:433,1
DA:434,3
DA:435,2
DA:436,1
DA:437,4
DA:438,3
DA:439,2
DA:440,4
DA:441,3
DA:442,48
DA:443,49
DA:444,47
DA:445,59
DA:446,5
DA:447,59
DA:448,64
DA:449,64
DA:450,63
DA:451,40
DA:452,43
DA:453,3
DA:454,2
DA:455,48
DA:456,0
DA:457,2
DA:458,1
DA:459,1
DA:460,1
DA:461,3
DA:462,48
DA:463,23
DA:464,4
DA:465,29
DA:466,62
DA:467,3
DA:468,58
DA:469,2
DA:470,3
DA:471,1
DA:472,4
DA:473,5
DA:474,1
DA:475,4
DA:476,0
DA:477,3
DA:478,4
DA:479,55
DA:480,4
DA:481,2
DA:482,2
DA:483,0
DA:484,49
DA:485,56
DA:486,3
DA:487,2
DA:488,4
DA:489,20
DA:490,5
DA:491,42
DA:492,13
DA:493,5
DA:494,4
DA:495,29
DA:496,3
DA:497,44
DA:498,51
DA:499,16
DA:500,12
DA:501,49
DA:502,48
DA:503,4
DA:504,40
DA:505,4
DA:506,66
DA:507,5
DA:508,5
DA:509,2
DA:510,2
DA:511,16
DA:512,0
DA:513,3
DA:514,2
DA:515,3
DA:516,2
DA:517,3
DA:518,3
DA:519,2
DA:520,2
DA:521,3
DA:522,5
DA:523,3
DA:524,3
DA:525,1
DA:526,1
DA:527,3
DA:528,2
DA:529,3
DA:530,2
DA:531,3
DA:532,4
DA:533,2
DA:534,5
DA:535,4
DA:536,1
DA:537,3
DA:538,2
DA:539,1
DA:540,4
DA:541,3
DA:542,2
DA:543,4
DA:544,3
DA:545,48
DA:546,49
DA:547,47
DA:548,60
DA:549,5
DA:550,61
DA:551,60
DA:552,59
DA:553,59
DA:554,40
DA:555,43
DA:556,2
DA:557,3
DA:558,49
DA:559,3
DA:560,2
DA:561,1
DA:562,4
DA:563,0
DA:564,3
DA:565,48
DA:566,23
DA:567,4
DA:568,29
DA:569,62
DA:570,3
DA:571,58
DA:572,2
DA:573,3
DA:574,1
DA:575,4
DA:576,5
DA:577,1
DA:578,4
DA:579,0
DA:580,3
DA:581,4
DA:582,55
DA:583,4
DA:584,1
DA:585,1
DA:586,2
DA:587,49
DA:588,56
DA:589,3
DA:590,2
DA:591,4
DA:592,20
DA:593,5
DA:594,42
DA:595,13
DA:596,5
DA:597,4
DA:598,29
DA:599,3
DA:600,51
DA:601,51
DA:602,16
DA:603,2
DA:604,49
DA:605,48
DA:606,4
DA:607,40
DA:608,4
DA:609,66
DA:610,5
DA:611,5
DA:612,2
DA:613,2
DA:614,16
DA:615,0
DA:616,3
DA:617,2
DA:618,3
DA:619,2
DA:620,3
DA:621,3
DA:622,2
DA:623,2
DA:624,3
DA:625,5
DA:626,3
DA:627,3
DA:628,1
DA:629,1
DA:630,3
DA:631,2
DA:632,3
DA:633,2
DA:634,3
DA:635,4
DA:636,2
DA:637,5
DA:638,4
DA:639,1
DA:640,3
DA:641,2
DA:642,1
DA:643,4
DA:644,3
DA:645,2
DA:646,4
DA:647,3
DA:648,48
DA:649,48
DA:650,47
DA:651,60
DA:652,5
DA:653,58
DA:654,59
DA:655,63
DA:656,61
DA:657,40
DA:658,43
DA:659,3
DA:660,1
DA:661,48
DA:662,2
DA:663,2
DA:664,4
DA:665,2
DA:666,2
DA:667,3
DA:668,48
DA:669,23
DA:670,4
DA:671,29
DA:672,62
DA:673,3
DA:674,58
DA:675,2
DA:676,3
DA:677,1
DA:678,4
DA:679,5
DA:680,1
DA:681,4
DA:682,0
DA:683,3
DA:684,4
DA:685,55
DA:686,4
DA:687,1
DA:688,2
DA:689,2
DA:690,49
DA:691,56
DA:692,3
DA:693,2
DA:694,4
DA:695,20
DA:696,5
DA:697,42
DA:698,13
DA:699,5
DA:700,3
DA:701,29
DA:702,3
DA:703,43
DA:704,51
DA:705,16
DA:706,1
DA:707,49
DA:708,48
DA:709,4
DA:710,40
DA:711,5
DA:712,66
DA:713,5
DA:714,5
DA:715,2
DA:716,2
DA:717,16
DA:718,0
DA:719,3
DA:720,2
DA:721,3
DA:722,2
DA:723,3
DA:724,3
DA:725,2
DA:726,2
DA:727,3
DA:728,5
DA:729,3
DA:730,3
DA:731,1
DA:732,1
DA:733,3
DA:734,2
DA:735,3
DA:736,2
DA:737,3
DA:738,4
DA:739,2
DA:740,5
DA:741,4
DA:742,1
DA:743,3
DA:744,2
DA:745,1
DA:746,4
DA:747,3
DA:748,2
DA:749,4
DA:750,3
DA:751,48
DA:752,48
DA:753,47
DA:754,59
DA:755,4
DA:756,63
DA:757,61
DA:758,62
DA:759,60
DA:760,40
DA:761,43
DA:762,2
DA:763,1
DA:764,50
DA:765,3
DA:766,2
DA:767,4
DA:768,2
DA:769,2
DA:770,3
DA:771,48
DA:772,23
DA:773,4
DA:774,29
DA:775,62
DA:776,3
DA:777,58
DA:778,2
DA:779,3
DA:780,1
DA:781,4
DA:782,5
DA:783,1
DA:784,4
DA:785,0
DA:786,3
DA:787,4
DA:788,55
DA:789,4
DA:790,3
DA:791,1
DA:792,2
DA:793,49
DA:794,56
DA:795,3
DA:796,2
DA:797,4
DA:798,20
DA:799,5
DA:800,42
DA:801,13
DA:802,5
DA:803,5
DA:804,29
DA:805,3
DA:806,50
DA:807,51
DA:808,16
DA:809,3
DA:810,49
DA:811,48
DA:812,4
DA:813,40
DA:814,51
DA:832,54
DA:852,66
DA:853,5
DA:854,5
DA:855,2
DA:856,2
DA:857,44
DA:858,0
DA:859,3
DA:860,2
DA:861,3
DA:862,2
DA:863,3
DA:864,3
DA:865,2
DA:866,2
DA:867,3
DA:868,5
DA:869,3
DA:870,3
DA:871,1
DA:872,1
DA:873,3
DA:874,2
DA:875,3
DA:876,2
DA:877,3
DA:878,4
DA:879,2
DA:880,5
DA:881,4
DA:882,1
DA:883,3
DA:884,2
DA:885,1
DA:886,4
DA:887,3
DA:888,2
DA:889,4
DA:890,3
DA:891,41
DA:892,48
DA:893,48
DA:894,59
DA:895,5
DA:896,62
DA:897,63
DA:898,65
DA:899,66
DA:900,40
DA:901,43
DA:902,5
DA:903,2
DA:904,48
DA:905,2
DA:906,4
DA:907,2
DA:908,2
DA:909,3
DA:910,48
DA:911,23
DA:912,4
DA:913,29
DA:914,62
DA:915,3
DA:916,58
DA:917,2
DA:918,3
DA:919,1
DA:920,4
DA:921,5
DA:922,1
DA:923,4
DA:924,0
DA:925,3
DA:926,4
DA:927,55
DA:928,4
DA:929,49
DA:930,56
DA:931,3
DA:932,2
DA:933,4
DA:934,20
DA:935,5
DA:936,42
DA:937,13
DA:938,5
DA:939,29
DA:940,3
DA:941,51
DA:942,16
DA:943,4
DA:944,40
DA:945,49
DA:946,48
DA:947,4
DA:948,62
DA:949,63
DA:950,65
DA:951,19
DA:952,4
DA:953,7
DA:954,52
DA:955,5
DA:959,54
DA:960,34
DA:962,16
DA:965,46
DA:966,12
DA:967,0
DA:968,2
DA:969,2
DA:970,3
DA:971,2
DA:972,1
DA:973,2
DA:974,2
DA:975,2
DA:976,3
DA:977,1
DA:978,3
DA:979,3
DA:980,2
DA:981,1
DA:982,2
DA:983,1
DA:984,1
DA:985,2
DA:986,2
DA:987,3
DA:988,2
DA:989,1
DA:990,2
DA:991,1
DA:992,2
DA:993,0
DA:994,1
DA:995,2
DA:996,2
DA:997,1
DA:998,2
DA:999,1
DA:1000,3
DA:1001,1
DA:1002,1
DA:1003,1
DA:1004,2
DA:1005,2
DA:1006,1
DA:1007,2
DA:1008,1
DA:1009,2
DA:1010,1
DA:1011,1
DA:1012,0
DA:1013,2
DA:1014,2
DA:1015,3
DA:1016,3
DA:1017,3
DA:1018,2
DA:1019,1
DA:1020,3
DA:1021,2
DA:1022,1
DA:1023,1
DA:1024,0
DA:1025,0
DA:1026,0
DA:1027,2
DA:1028,2
DA:1163,4
DA:1166,42
DA:1169,3
DA:1170,42
DA:1185,2
DA:1187,2
DA:1189,2
DA:1191,4
DA:1193,5
DA:1248,2
DA:1606,4
DA:1627,1
DA:1728,1
DA:1729,2
DA:1744,2
DA:1746,2
DA:1788,2
DA:1790,3
DA:1792,0
DA:1801,1
DA:1824,2
DA:1828,2
DA:1830,3
DA:1837,2
DA:1851,2
DA:1860,1
DA:1863,0
DA:1865,1
DA:1867,2
DA:1868,1
DA:1883,1
DA:1886,1
DA:1888,2
DA:1889,1
DA:1892,2
DA:1893,1
DA:1894,2
DA:1904,0
DA:8234,62
DA:8308,65
DA:8436,3
DA:8682,42
DA:8739,60
DA:8742,59
DA:8750,59
DA:8753,58
DA:8756,59
DA:8759,59
DA:8800,4
DA:8801,4
DA:8807,4
DA:8808,4
DA:8809,4
DA:8810,3
DA:8811,1
DA:8813,15
DA:8818,2
DA:8819,3
DA:8820,1
DA:8821,2
DA:8838,40
DA:8913,43
DA:8927,3
DA:8931,57
DA:8934,43
DA:9012,42
DA:9059,61
DA:9198,61
DA:9360,32
DA:9412,52
DA:9478,17
DA:9510,3
DA:9523,48
DA:9576,3
DA:9827,49
DA:9885,61
DA:9997,48
DA:10021,59
DA:10162,57
DA:10341,2
DA:10359,0
DA:10371,35
DA:10501,4
DA:10509,49
DA:10564,59
DA:10656,64
DA:10855,62
DA:11072,2
DA:11077,2
DA:11081,41
DA:11226,47
DA:11278,59
DA:11374,58
DA:11583,59
DA:11810,1
DA:11817,51
DA:11965,48
DA:12013,58
DA:12092,62
DA:12303,60
DA:12514,3
DA:12518,42
DA:12664,47
DA:12716,62
DA:12801,61
DA:13008,61
DA:13211,1
DA:13217,50
DA:13374,48
DA:13406,58
DA:13568,48
DA:13589,63
DA:13807,48
DA:13830,60
DA:14035,48
DA:14054,61
DA:14258,48
DA:14281,60
DA:14485,48
DA:14510,4
DA:14520,2
DA:14531,2
DA:14544,2
DA:14555,2
DA:14567,3
DA:14568,5
DA:14569,54
DA:14572,4
DA:14577,2
DA:14581,3
DA:14583,0
DA:14585,1
DA:14587,1
DA:44173,3
DA:44176,238
DA:44177,238
DA:44178,0
DA:44179,0
DA:44180,0
DA:44181,0
DA:44186,238
DA:44187,231
DA:44188,111
DA:44189,111
DA:44190,111
DA:44191,111
DA:44192,111
DA:44193,111
DA:44194,111
DA:44195,111
DA:44196,111
DA:44197,111
DA:44198,111
DA:44199,111
DA:44200,111
DA:44201,111
DA:44202,111
DA:44203,111
DA:44204,111
DA:44205,111
DA:44206,111
DA:44207,111
DA:44208,111
DA:44209,111
DA:44210,111
DA:44211,111
DA:44212,111
DA:44213,111
DA:44214,111
DA:44215,111
DA:44216,111
DA:44217,111
DA:44218,111
DA:44219,111
DA:44220,111
DA:44221,111
DA:44222,111
DA:44223,111
DA:44224,111
DA:44225,111
DA:44226,111
DA:44227,111
DA:44228,111
DA:44229,111
DA:44230,111
DA:44231,111
DA:44232,111
DA:44233,111
DA:44234,111
DA:44235,111
DA:44236,111
DA:44237,111
DA:44238,111
DA:44239,111
DA:44240,111
DA:44241,111
DA:44242,111
DA:44243,111
DA:44244,111
DA:44245,111
DA:44246,111
DA:44247,111
DA:44248,111
DA:44249,111
DA:44250,111
DA:44251,111
DA:44252,111
DA:44253,111
DA:44254,111
DA:44255,111
DA:44256,111
DA:44257,111
DA:44258,111
DA:44259,111
DA:44260,111
DA:44261,111
DA:44262,111
DA:44263,111
DA:44264,111
DA:44265,111
DA:44266,111
DA:44267,111
DA:44268,111
DA:44269,111
DA:44270,111
DA:44271,111
DA:44272,111
DA:44273,111
DA:44274,111
DA:44275,111
DA:44276,111
DA:44277,111
DA:44278,111
DA:44279,111
DA:44280,111
DA:44281,111
DA:44282,111
DA:44283,111
DA:44284,111
DA:44285,111
DA:44286,111
DA:44287,111
DA:44288,111
DA:44289,111
DA:44290,111
DA:44291,111
DA:44292,111
DA:44293,111
DA:44296,241
DA:44297,231
DA:44298,10
DA:44299,10
DA:44300,10
DA:44302,231
DA:44303,231
DA:44304,1
DA:44305,1
DA:44306,1
DA:44308,110
DA:44309,110
DA:44310,110
DA:44311,110
DA:44313,0
DA:44314,0
DA:44315,0
DA:44318,117
DA:44319,3
DA:44320,3
DA:44329,3
DA:44437,3
DA:44438,1
DA:44439,1
DA:44440,1
LF:1172
LH:1131
end_of_record
TN:verilator_coverage
SF:/home/UnityChipForXiangShan/scripts/backend_ctrlblock_decode/../../rtl/rtl/FPDecoder.sv
FNF:0
FNH:0
DA:88,156
DA:89,12
DA:90,11
DA:91,135
DA:92,11
DA:93,140
DA:96,155
LF:7
LH:7
end_of_record
TN:verilator_coverage
SF:/home/UnityChipForXiangShan/scripts/backend_ctrlblock_decode/../../rtl/rtl/UopInfoGen.sv
FNF:0
FNH:0
DA:88,21
DA:89,11
DA:90,7
DA:91,62
DA:92,29
DA:93,30
DA:94,140
DA:95,113
DA:96,137
DA:97,11
DA:98,8
DA:99,28
DA:100,58
DA:101,59
DA:102,12
DA:112,12
DA:119,135
DA:121,14
DA:135,18
DA:148,59
LF:20
LH:20
end_of_record
TN:verilator_coverage
SF:/home/UnityChipForXiangShan/scripts/backend_ctrlblock_decode/../../rtl/rtl/VTypeGen.sv
FNF:0
FNH:0
DA:88,474
DA:89,10
DA:90,4
DA:91,121
DA:92,6
DA:93,10
DA:94,9
DA:95,10
DA:96,7
DA:97,10
DA:98,8
DA:99,10
DA:100,5
DA:101,10
DA:102,3
DA:103,3
DA:104,2
DA:105,4
DA:106,2
DA:107,4
DA:108,5
DA:109,16
DA:110,3
DA:111,1
DA:112,5
DA:113,5
DA:114,3
DA:115,4
DA:116,4
DA:117,2
DA:118,4
DA:119,5
DA:120,3
DA:121,5
DA:122,1
DA:123,3
DA:124,4
DA:125,6
DA:126,4
DA:134,16
DA:137,1
DA:140,1
DA:143,3
DA:146,2
DA:149,0
DA:152,16
DA:158,23
DA:168,12
DA:171,3
DA:172,3
DA:173,2
DA:174,4
DA:175,6
DA:176,3
DA:177,1
DA:178,5
DA:179,5
DA:180,3
DA:181,241
DA:182,10
DA:183,10
DA:184,10
DA:185,10
DA:186,10
DA:187,10
DA:188,10
DA:189,10
DA:190,10
DA:191,10
DA:192,10
DA:194,230
DA:195,1
DA:196,1
DA:197,1
DA:198,1
DA:199,1
DA:200,1
DA:201,1
DA:202,1
DA:203,1
DA:204,1
DA:206,230
DA:207,230
DA:208,0
DA:209,0
DA:210,0
DA:211,0
DA:212,0
DA:214,1
DA:215,1
DA:216,1
DA:217,1
DA:218,1
DA:219,1
DA:221,0
DA:222,0
DA:223,0
DA:224,0
DA:225,0
DA:226,0
DA:228,221
DA:233,8
DA:234,8
DA:235,8
DA:236,8
DA:237,8
DA:238,8
DA:247,3
DA:264,3
DA:265,1
DA:266,1
DA:267,1
DA:268,1
DA:269,1
DA:270,1
DA:271,1
DA:272,1
DA:273,1
DA:274,1
LF:119
LH:107
end_of_record
TN:verilator_coverage
SF:/home/UnityChipForXiangShan/scripts/backend_ctrlblock_decode/../../rtl/rtl/VecExceptionGen.sv
FNF:0
FNH:0
DA:88,66
DA:89,41
DA:90,48
DA:91,48
DA:92,40
DA:93,48
DA:94,2
DA:95,4
DA:96,5
DA:97,4
DA:98,52
DA:101,47
DA:107,4
DA:110,2
DA:117,1
DA:122,2
DA:132,21
DA:148,3
DA:156,4
DA:158,4
DA:161,5
DA:165,0
DA:168,0
DA:171,1
DA:172,2
DA:173,1
DA:174,1
DA:175,16
DA:179,1
DA:180,48
DA:183,43
DA:195,57
DA:197,53
DA:199,63
DA:200,3
DA:207,7
DA:208,17
DA:213,5
DA:215,4
DA:217,5
DA:225,7
DA:227,8
DA:237,6
DA:243,5
DA:251,20
DA:263,16
DA:264,26
DA:269,30
DA:271,23
DA:282,15
DA:299,62
DA:304,1
DA:309,3
DA:316,5
LF:54
LH:52
end_of_record
TN:verilator_coverage
SF:/home/UnityChipForXiangShan/scripts/backend_ctrlblock_decode/../../rtl/rtl/VsetModule.sv
FNF:0
FNH:0
DA:88,1
DA:89,1
DA:90,16
DA:91,14
DA:92,12
DA:93,20
DA:94,17
DA:95,3
DA:96,23
DA:97,0
DA:98,3
DA:99,2
DA:100,1
DA:101,1
DA:102,20
DA:105,24
DA:106,21
DA:107,23
DA:111,23
LF:19
LH:18
end_of_record
TN:verilator_coverage
SF:/home/UnityChipForXiangShan/scripts/backend_ctrlblock_decode/../../rtl/rtl/indexedLSNumOfUopTable.sv
FNF:0
FNH:0
DA:88,136
DA:89,113
DA:92,139
LF:3
LH:3
end_of_record
TN:verilator_coverage
SF:/home/UnityChipForXiangShan/scripts/backend_ctrlblock_decode/../../rtl/rtl/indexedLSUopTable_1.sv
FNF:0
FNH:0
DA:88,2
DA:89,2
DA:90,3
DA:93,3
LF:4
LH:4
end_of_record
TN:verilator_coverage
SF:/home/UnityChipForXiangShan/scripts/backend_ctrlblock_decode/../../rtl/rtl/indexedLSUopTable_2.sv
FNF:0
FNH:0
DA:88,2
DA:89,3
DA:90,3
DA:93,3
LF:4
LH:4
end_of_record
TN:verilator_coverage
SF:/home/UnityChipForXiangShan/scripts/backend_ctrlblock_decode/../../rtl/rtl/indexedLSUopTable_3.sv
FNF:0
FNH:0
DA:88,2
DA:89,2
DA:90,2
DA:93,3
LF:4
LH:4
end_of_record
TN:verilator_coverage
SF:/home/UnityChipForXiangShan/scripts/backend_ctrlblock_decode/../../rtl/rtl/indexedLSUopTable_4.sv
FNF:0
FNH:0
DA:88,2
DA:89,3
DA:90,3
DA:93,3
LF:4
LH:4
end_of_record
TN:verilator_coverage
SF:/home/UnityChipForXiangShan/scripts/backend_ctrlblock_decode/../../rtl/rtl/indexedLSUopTable_5.sv
FNF:0
FNH:0
DA:88,2
DA:89,3
DA:90,2
DA:93,2
LF:4
LH:4
end_of_record
TN:verilator_coverage
SF:/home/UnityChipForXiangShan/scripts/backend_ctrlblock_decode/../../rtl/rtl/indexedLSUopTable_6.sv
FNF:0
FNH:0
DA:88,2
DA:89,3
DA:90,2
DA:93,3
LF:4
LH:4
end_of_record
TN:verilator_coverage
SF:/home/UnityChipForXiangShan/scripts/backend_ctrlblock_decode/../../rtl/rtl/indexedLSUopTable_7.sv
FNF:0
FNH:0
DA:88,2
DA:89,3
DA:90,2
LF:3
LH:3
end_of_record
TN:verilator_coverage
SF:/home/UnityChipForXiangShan/scripts/backend_ctrlblock_decode/../../rtl/rtl/strdiedLSNumOfUopTable.sv
FNF:0
FNH:0
DA:88,137
DA:89,102
DA:92,136
LF:3
LH:3
end_of_record
