TN:verilator_coverage
SF:/home/sweatheart/UnityChipForXiangShan-new/dut/PreDecode/PreDecode.v
FNF:0
FNH:0
DA:59,1
DA:60,1
DA:61,1
DA:62,1
DA:63,1
DA:64,1
DA:65,1
DA:66,1
DA:67,1
DA:68,1
DA:69,1
DA:70,1
DA:71,1
DA:72,1
DA:73,1
DA:74,1
DA:75,1
DA:76,0
DA:77,0
DA:78,1
DA:79,0
DA:80,1
DA:81,0
DA:82,0
DA:83,0
DA:84,1
DA:85,0
DA:86,0
DA:87,1
DA:88,1
DA:89,1
DA:90,1
DA:91,1
DA:92,1
DA:93,1
DA:94,1
DA:95,0
DA:96,0
DA:97,1
DA:98,1
DA:99,0
DA:100,0
DA:101,0
DA:102,0
DA:103,0
DA:104,0
DA:105,0
DA:106,1
DA:107,1
DA:108,1
DA:109,0
DA:110,1
DA:111,1
DA:112,0
DA:113,0
DA:114,0
DA:115,0
DA:116,0
DA:117,0
DA:118,0
DA:119,1
DA:120,1
DA:121,1
DA:122,1
DA:123,1
DA:124,1
DA:125,1
DA:126,1
DA:127,1
DA:128,1
DA:129,1
DA:130,1
DA:131,1
DA:132,1
DA:133,1
DA:134,1
DA:135,1
DA:136,1
DA:137,1
DA:138,1
DA:139,1
DA:140,1
DA:141,1
DA:142,1
DA:143,1
DA:144,1
DA:145,1
DA:146,1
DA:147,1
DA:148,1
DA:149,1
DA:150,1
DA:151,1
DA:152,1
DA:155,0
DA:182,1
DA:209,1
DA:236,0
DA:263,1
DA:290,0
DA:317,1
DA:344,1
DA:371,1
DA:398,1
DA:425,0
DA:452,1
DA:479,0
DA:506,0
DA:533,0
DA:560,1
DA:587,0
DA:588,0
DA:589,1
DA:590,0
DA:591,0
DA:592,0
DA:593,1
DA:594,1
DA:595,1
DA:596,1
DA:597,0
DA:598,1
DA:599,0
DA:600,0
DA:601,0
DA:602,1
DA:604,1
DA:606,0
DA:608,0
DA:610,0
DA:612,0
DA:614,0
DA:616,0
DA:618,1
DA:619,1
DA:620,0
DA:622,0
DA:624,1
DA:626,1
DA:628,1
DA:630,1
LF:141
LH:92
end_of_record
TN:verilator_coverage
SF:/home/sweatheart/UnityChipForXiangShan-new/dut/PreDecode/PreDecode_top.sv
FNF:0
FNH:0
DA:3,1
DA:4,1
DA:5,1
DA:6,1
DA:7,1
DA:8,1
DA:9,1
DA:10,1
DA:11,1
DA:12,1
DA:13,1
DA:14,1
DA:15,1
DA:16,1
DA:17,1
DA:18,1
DA:19,1
DA:20,0
DA:21,0
DA:22,1
DA:23,0
DA:24,1
DA:25,0
DA:26,0
DA:27,0
DA:28,1
DA:29,0
DA:30,0
DA:31,1
DA:32,1
DA:33,1
DA:34,1
DA:35,1
DA:36,1
DA:37,1
DA:38,1
DA:39,0
DA:40,0
DA:41,1
DA:42,1
DA:43,0
DA:44,0
DA:45,0
DA:46,0
DA:47,0
DA:48,0
DA:49,0
DA:50,1
DA:51,1
DA:52,1
DA:53,0
DA:54,1
DA:55,1
DA:56,0
DA:57,0
DA:58,0
DA:59,0
DA:60,0
DA:61,0
DA:62,0
DA:63,1
DA:64,1
DA:65,1
DA:66,1
DA:67,1
DA:68,1
DA:69,1
DA:70,1
DA:71,1
DA:72,1
DA:73,1
DA:74,1
DA:75,1
DA:76,1
DA:77,1
DA:78,1
DA:79,1
DA:80,1
DA:81,1
DA:82,1
DA:83,1
DA:84,1
DA:85,1
DA:86,1
DA:87,1
DA:88,1
DA:89,1
DA:90,1
DA:91,1
DA:92,1
DA:93,1
DA:94,1
DA:95,1
DA:96,1
DA:357,0
DA:359,0
DA:362,1
DA:364,1
DA:367,0
DA:369,0
DA:372,1
DA:374,1
DA:377,0
DA:379,0
DA:382,1
DA:384,1
DA:387,0
DA:389,0
DA:392,1
DA:394,1
DA:397,0
DA:399,0
DA:402,1
DA:404,1
DA:407,0
DA:409,0
DA:412,1
DA:414,1
DA:417,0
DA:419,0
DA:422,1
DA:424,1
DA:427,0
DA:429,0
DA:432,1
DA:434,1
DA:437,0
DA:439,0
DA:442,1
DA:444,1
DA:447,0
DA:449,0
DA:452,1
DA:454,1
DA:457,0
DA:459,0
DA:462,1
DA:464,1
DA:467,0
DA:469,0
DA:472,1
DA:474,1
DA:477,0
DA:479,0
DA:482,1
DA:484,1
DA:487,0
DA:489,0
DA:492,1
DA:494,1
DA:497,0
DA:499,0
DA:502,1
DA:504,1
DA:507,0
DA:509,0
DA:512,1
DA:514,1
DA:517,0
DA:519,0
DA:522,1
DA:524,1
DA:527,10
DA:529,10
DA:532,10
DA:534,10
DA:537,10
DA:539,10
DA:542,10
DA:544,10
DA:547,10
DA:549,10
DA:552,10
DA:554,10
DA:557,10
DA:559,10
DA:562,10
DA:564,10
DA:567,10
DA:569,10
DA:572,10
DA:574,10
DA:577,10
DA:579,10
DA:582,10
DA:584,10
DA:587,10
DA:589,10
DA:592,10
DA:594,10
DA:597,10
DA:599,10
DA:602,10
DA:604,10
DA:607,10
DA:609,10
DA:612,10
DA:614,10
DA:617,10
DA:619,10
DA:622,10
DA:624,10
DA:627,10
DA:629,10
DA:632,10
DA:634,10
DA:637,10
DA:639,10
DA:642,10
DA:644,10
DA:647,10
DA:649,10
DA:652,10
DA:654,10
DA:657,10
DA:659,10
DA:662,10
DA:664,10
DA:667,10
DA:669,10
DA:672,10
DA:674,10
DA:677,10
DA:679,10
DA:682,10
DA:684,10
DA:687,10
DA:689,10
DA:692,10
DA:694,10
DA:697,10
DA:699,10
DA:702,10
DA:704,10
DA:707,10
DA:709,10
DA:712,10
DA:714,10
DA:717,10
DA:719,10
DA:722,10
DA:724,10
DA:727,10
DA:729,10
DA:732,10
DA:734,10
DA:737,10
DA:739,10
DA:742,10
DA:744,10
DA:747,10
DA:749,10
DA:752,10
DA:754,10
DA:757,10
DA:759,10
DA:762,10
DA:764,10
DA:767,10
DA:769,10
DA:772,10
DA:774,10
DA:777,10
DA:779,10
DA:782,10
DA:784,10
DA:787,10
DA:789,10
DA:792,10
DA:794,10
DA:797,10
DA:799,10
DA:802,10
DA:804,10
DA:807,10
DA:809,10
DA:812,10
DA:814,10
DA:817,10
DA:819,10
DA:822,10
DA:824,10
DA:827,10
DA:829,10
DA:832,10
DA:834,10
DA:837,10
DA:839,10
DA:842,10
DA:844,10
DA:847,10
DA:849,10
DA:852,10
DA:854,10
DA:857,10
DA:859,10
DA:862,10
DA:864,10
DA:867,10
DA:869,10
DA:872,10
DA:874,10
DA:877,10
DA:879,10
DA:882,10
DA:884,10
DA:887,10
DA:889,10
DA:892,10
DA:894,10
DA:897,10
DA:899,10
DA:902,10
DA:904,10
DA:907,10
DA:909,10
DA:912,9
DA:914,9
DA:917,9
DA:919,9
DA:922,9
DA:924,9
DA:927,9
DA:929,9
DA:932,9
DA:934,9
DA:937,9
DA:939,9
DA:942,9
DA:944,9
DA:947,9
DA:949,9
DA:952,9
DA:954,9
DA:957,9
DA:959,9
DA:962,9
DA:964,9
DA:967,9
DA:969,9
DA:972,9
DA:974,9
DA:977,9
DA:979,9
DA:982,9
DA:984,9
DA:987,9
DA:989,9
DA:992,9
DA:994,9
DA:997,9
DA:999,9
DA:1002,9
DA:1004,9
DA:1007,9
DA:1009,9
DA:1012,9
DA:1014,9
DA:1017,9
DA:1019,9
DA:1022,9
DA:1024,9
DA:1027,9
DA:1029,9
DA:1032,9
DA:1034,9
DA:1037,9
DA:1039,9
DA:1042,9
DA:1044,9
DA:1047,9
DA:1049,9
DA:1052,9
DA:1054,9
DA:1057,9
DA:1059,9
DA:1062,9
DA:1064,9
DA:1067,9
DA:1069,9
DA:1072,9
DA:1074,9
DA:1077,9
DA:1079,9
DA:1082,9
DA:1084,9
DA:1087,9
DA:1089,9
DA:1092,9
DA:1094,9
DA:1097,9
DA:1099,9
DA:1102,9
DA:1104,9
DA:1107,9
DA:1109,9
DA:1112,9
DA:1114,9
DA:1117,9
DA:1119,9
DA:1122,9
DA:1124,9
DA:1127,9
DA:1129,9
DA:1132,9
DA:1134,9
DA:1137,9
DA:1139,9
DA:1142,9
DA:1144,9
DA:1149,1
DA:1150,1
DA:1151,1
DA:1155,0
DA:1156,0
LF:415
LH:354
end_of_record
