TN:verilator_coverage
SF:/home/UnityChipForXiangShan/dut/DecodeStage/DecodeStage.v
FNF:0
FNH:0
DA:59,337
DA:60,9
DA:61,5
DA:62,4
DA:63,6
DA:64,85
DA:65,6
DA:66,3
DA:67,3
DA:68,3
DA:69,5
DA:70,0
DA:71,3
DA:72,4
DA:73,4
DA:74,2
DA:75,4
DA:76,1
DA:77,3
DA:78,1
DA:79,1
DA:80,4
DA:81,4
DA:82,2
DA:83,5
DA:84,4
DA:85,3
DA:86,4
DA:87,4
DA:88,4
DA:89,6
DA:90,0
DA:91,2
DA:92,6
DA:93,2
DA:94,1
DA:95,6
DA:96,4
DA:97,3
DA:98,8
DA:99,25
DA:100,6
DA:101,0
DA:102,3
DA:103,2
DA:104,0
DA:105,1
DA:106,6
DA:107,3
DA:108,3
DA:109,3
DA:110,4
DA:111,0
DA:112,5
DA:113,6
DA:114,2
DA:115,1
DA:116,4
DA:117,5
DA:118,6
DA:119,4
DA:120,0
DA:121,0
DA:122,3
DA:123,4
DA:124,6
DA:125,3
DA:126,6
DA:127,1
DA:128,4
DA:129,4
DA:130,6
DA:131,5
DA:132,3
DA:133,8
DA:134,26
DA:135,6
DA:136,2
DA:137,2
DA:138,2
DA:139,3
DA:140,2
DA:141,3
DA:142,4
DA:143,2
DA:144,1
DA:145,6
DA:146,3
DA:147,3
DA:148,0
DA:149,2
DA:150,3
DA:151,1
DA:152,5
DA:153,5
DA:154,2
DA:155,3
DA:156,5
DA:157,3
DA:158,5
DA:159,4
DA:160,1
DA:161,3
DA:162,6
DA:163,4
DA:164,3
DA:165,5
DA:166,5
DA:167,2
DA:168,6
DA:169,15
DA:170,6
DA:171,2
DA:172,2
DA:173,1
DA:174,6
DA:175,2
DA:176,0
DA:177,4
DA:178,5
DA:179,1
DA:180,5
DA:181,4
DA:182,3
DA:183,3
DA:184,4
DA:185,0
DA:186,2
DA:187,1
DA:188,3
DA:189,1
DA:190,3
DA:191,3
DA:192,1
DA:193,3
DA:194,5
DA:195,3
DA:196,5
DA:197,4
DA:198,3
DA:199,2
DA:200,6
DA:201,6
DA:202,2
DA:203,7
DA:204,16
DA:205,6
DA:206,4
DA:207,4
DA:208,3
DA:209,2
DA:210,3
DA:211,3
DA:212,6
DA:213,4
DA:214,4
DA:215,2
DA:216,5
DA:217,5
DA:218,3
DA:219,1
DA:220,0
DA:221,3
DA:222,4
DA:223,3
DA:224,0
DA:225,3
DA:226,2
DA:227,3
DA:228,3
DA:229,5
DA:230,0
DA:231,4
DA:232,4
DA:233,5
DA:234,3
DA:235,5
DA:236,4
DA:237,3
DA:238,6
DA:239,16
DA:240,6
DA:241,0
DA:242,2
DA:243,4
DA:244,6
DA:245,0
DA:246,4
DA:247,4
DA:248,3
DA:249,3
DA:250,4
DA:251,2
DA:252,1
DA:253,3
DA:254,4
DA:255,5
DA:256,2
DA:257,4
DA:258,2
DA:259,1
DA:260,0
DA:261,3
DA:262,5
DA:263,6
DA:264,3
DA:265,0
DA:266,6
DA:267,2
DA:268,2
DA:269,5
DA:270,4
DA:271,4
DA:272,1
DA:273,50
DA:274,87
DA:275,5
DA:276,1
DA:277,4
DA:278,19
DA:279,5
DA:280,2
DA:281,2
DA:282,2
DA:283,4
DA:284,5
DA:285,2
DA:286,3
DA:287,2
DA:288,1
DA:289,2
DA:290,3
DA:291,4
DA:292,3
DA:293,2
DA:294,5
DA:295,4
DA:296,0
DA:297,4
DA:298,2
DA:299,3
DA:300,3
DA:301,6
DA:302,1
DA:303,4
DA:304,3
DA:305,2
DA:306,3
DA:307,5
DA:308,4
DA:309,46
DA:310,69
DA:311,59
DA:312,57
DA:313,3
DA:314,83
DA:315,71
DA:316,87
DA:317,79
DA:318,45
DA:319,63
DA:320,21
DA:321,2
DA:322,60
DA:323,7
DA:324,0
DA:325,1
DA:326,1
DA:327,2
DA:328,0
DA:329,13
DA:330,70
DA:331,27
DA:332,2
DA:333,32
DA:334,65
DA:335,77
DA:336,3
DA:337,3
DA:338,0
DA:339,4
DA:340,4
DA:341,4
DA:342,1
DA:343,1
DA:344,4
DA:345,5
DA:346,51
DA:347,3
DA:348,0
DA:349,3
DA:350,3
DA:351,73
DA:352,80
DA:353,0
DA:354,8
DA:355,16
DA:356,7
DA:357,48
DA:358,1
DA:359,0
DA:360,29
DA:361,3
DA:362,3
DA:363,53
DA:364,9
DA:365,2
DA:366,8
DA:367,53
DA:368,14
DA:369,3
DA:370,60
DA:371,89
DA:372,6
DA:373,1
DA:374,4
DA:375,19
DA:376,4
DA:377,1
DA:378,2
DA:379,6
DA:380,4
DA:381,4
DA:382,2
DA:383,4
DA:384,2
DA:385,3
DA:386,6
DA:387,5
DA:388,2
DA:389,3
DA:390,4
DA:391,4
DA:392,5
DA:393,2
DA:394,0
DA:395,0
DA:396,5
DA:397,3
DA:398,4
DA:399,1
DA:400,6
DA:401,2
DA:402,3
DA:403,4
DA:404,6
DA:405,5
DA:406,49
DA:407,70
DA:408,59
DA:409,65
DA:410,7
DA:411,77
DA:412,80
DA:413,90
DA:414,91
DA:415,53
DA:416,60
DA:417,20
DA:418,6
DA:419,54
DA:420,8
DA:421,10
DA:422,1
DA:423,2
DA:424,3
DA:425,0
DA:426,16
DA:427,73
DA:428,29
DA:429,6
DA:430,33
DA:431,71
DA:432,71
DA:433,5
DA:434,8
DA:435,4
DA:436,8
DA:437,9
DA:438,1
DA:439,2
DA:440,1
DA:441,2
DA:442,5
DA:443,64
DA:444,3
DA:445,2
DA:446,2
DA:447,1
DA:448,72
DA:449,73
DA:450,2
DA:451,6
DA:452,16
DA:453,5
DA:454,48
DA:455,0
DA:456,3
DA:457,36
DA:458,0
DA:459,3
DA:460,51
DA:461,9
DA:462,9
DA:463,0
DA:464,10
DA:465,20
DA:466,1
DA:467,7
DA:468,36
DA:469,6
DA:470,4
DA:471,0
DA:472,18
DA:473,4
DA:474,2
DA:475,3
DA:476,3
DA:477,3
DA:478,2
DA:479,1
DA:480,4
DA:481,3
DA:482,5
DA:483,3
DA:484,4
DA:485,3
DA:486,1
DA:487,5
DA:488,3
DA:489,4
DA:490,2
DA:491,3
DA:492,3
DA:493,4
DA:494,5
DA:495,6
DA:496,3
DA:497,5
DA:498,6
DA:499,6
DA:500,2
DA:501,5
DA:502,4
DA:503,15
DA:504,20
DA:505,16
DA:506,23
DA:507,3
DA:508,28
DA:509,28
DA:510,35
DA:511,35
DA:512,25
DA:513,29
DA:514,18
DA:515,3
DA:516,15
DA:517,1
DA:518,3
DA:519,1
DA:520,2
DA:521,2
DA:522,1
DA:523,11
DA:524,27
DA:525,27
DA:526,1
DA:527,7
DA:528,26
DA:529,32
DA:530,1
DA:531,3
DA:532,2
DA:533,5
DA:534,5
DA:535,1
DA:536,4
DA:537,1
DA:538,3
DA:539,4
DA:540,21
DA:541,6
DA:542,1
DA:543,1
DA:544,0
DA:545,24
DA:546,33
DA:547,1
DA:548,0
DA:549,3
DA:550,0
DA:551,8
DA:552,2
DA:553,1
DA:554,6
DA:555,4
DA:556,3
DA:557,16
DA:558,8
DA:559,2
DA:560,1
DA:561,3
DA:562,21
DA:563,3
DA:564,6
DA:565,18
DA:566,6
DA:567,4
DA:568,3
DA:569,9
DA:570,6
DA:571,3
DA:572,2
DA:573,2
DA:574,6
DA:575,4
DA:576,3
DA:577,4
DA:578,6
DA:579,0
DA:580,0
DA:581,1
DA:582,0
DA:583,2
DA:584,0
DA:585,1
DA:586,1
DA:587,0
DA:588,2
DA:589,2
DA:590,2
DA:591,2
DA:592,6
DA:593,1
DA:594,6
DA:595,4
DA:596,1
DA:597,3
DA:598,4
DA:599,6
DA:600,12
DA:601,9
DA:602,8
DA:603,11
DA:604,3
DA:605,17
DA:606,15
DA:607,18
DA:608,18
DA:609,10
DA:610,11
DA:611,10
DA:612,0
DA:613,4
DA:614,3
DA:615,3
DA:616,0
DA:617,1
DA:618,1
DA:619,3
DA:620,9
DA:621,13
DA:622,13
DA:623,0
DA:624,0
DA:625,11
DA:626,14
DA:627,2
DA:628,4
DA:629,0
DA:630,3
DA:631,5
DA:632,4
DA:633,2
DA:634,0
DA:635,4
DA:636,5
DA:637,11
DA:638,6
DA:639,3
DA:640,1
DA:641,3
DA:642,12
DA:643,17
DA:644,3
DA:645,0
DA:646,3
DA:647,0
DA:648,2
DA:649,3
DA:650,0
DA:651,3
DA:652,3
DA:653,3
DA:654,9
DA:655,1
DA:656,0
DA:657,3
DA:658,3
DA:659,11
DA:660,6
DA:661,2
DA:662,15
DA:663,6
DA:664,5
DA:665,3
DA:666,6
DA:667,6
DA:668,3
DA:669,2
DA:670,0
DA:671,4
DA:672,4
DA:673,2
DA:674,3
DA:675,5
DA:676,3
DA:677,2
DA:678,3
DA:679,2
DA:680,5
DA:681,4
DA:682,3
DA:683,0
DA:684,2
DA:685,2
DA:686,0
DA:687,0
DA:688,6
DA:689,3
DA:690,0
DA:691,4
DA:692,4
DA:693,5
DA:694,3
DA:695,6
DA:696,5
DA:697,10
DA:698,5
DA:699,4
DA:700,12
DA:701,1
DA:702,15
DA:703,13
DA:704,12
DA:705,11
DA:706,9
DA:707,11
DA:708,7
DA:709,2
DA:710,0
DA:711,3
DA:712,2
DA:713,1
DA:714,3
DA:715,1
DA:716,3
DA:717,6
DA:718,9
DA:719,9
DA:720,0
DA:721,1
DA:722,14
DA:723,11
DA:724,2
DA:725,3
DA:726,0
DA:727,4
DA:728,4
DA:729,3
DA:730,3
DA:731,3
DA:732,4
DA:733,4
DA:734,12
DA:735,6
DA:736,0
DA:737,2
DA:738,3
DA:739,10
DA:740,10
DA:741,1
DA:742,2
DA:743,0
DA:744,1
DA:745,0
DA:746,0
DA:747,1
DA:748,0
DA:749,1
DA:750,3
DA:751,5
DA:752,3
DA:753,2
DA:754,1
DA:755,3
DA:756,10
DA:757,1
DA:758,4
DA:759,16
DA:760,6
DA:761,2
DA:762,2
DA:763,2
DA:764,4
DA:765,6
DA:766,1
DA:767,3
DA:768,6
DA:769,3
DA:770,5
DA:771,2
DA:772,1
DA:773,1
DA:774,3
DA:775,3
DA:776,5
DA:777,3
DA:778,1
DA:779,1
DA:780,3
DA:781,3
DA:782,1
DA:783,3
DA:784,5
DA:785,4
DA:786,6
DA:787,2
DA:788,6
DA:789,1
DA:790,1
DA:791,3
DA:792,4
DA:793,3
DA:794,4
DA:795,7
DA:796,3
DA:797,14
DA:798,2
DA:799,11
DA:800,13
DA:801,11
DA:802,13
DA:803,9
DA:804,10
DA:805,8
DA:806,8
DA:807,2
DA:808,3
DA:809,0
DA:810,3
DA:811,1
DA:812,0
DA:813,1
DA:814,11
DA:815,8
DA:816,11
DA:817,3
DA:818,4
DA:819,11
DA:820,14
DA:821,4
DA:822,6
DA:823,4
DA:824,4
DA:825,7
DA:826,4
DA:827,1
DA:828,2
DA:829,5
DA:830,5
DA:831,13
DA:832,4
DA:833,3
DA:834,3
DA:835,3
DA:836,10
DA:837,14
DA:838,1
DA:839,0
DA:840,3
DA:841,2
DA:842,2
DA:843,1
DA:844,3
DA:845,2
DA:846,4
DA:847,3
DA:848,3
DA:849,2
DA:850,3
DA:851,1
DA:852,3
DA:853,13
DA:854,4
DA:855,85
DA:856,4
DA:857,69
DA:858,4
DA:859,78
DA:860,2
DA:861,78
DA:862,0
DA:863,30
DA:864,1
DA:865,28
DA:866,3
DA:867,17
DA:868,2
DA:869,16
DA:870,4
DA:871,15
DA:872,3
DA:873,13
DA:874,0
DA:875,12
DA:876,2
DA:877,12
DA:878,2
DA:879,85
DA:880,4
DA:881,72
DA:882,4
DA:883,85
DA:884,3
DA:885,77
DA:886,2
DA:887,80
DA:888,2
DA:889,90
DA:890,1
DA:891,30
DA:892,0
DA:893,27
DA:894,3
DA:895,34
DA:896,1
DA:897,17
DA:898,3
DA:899,13
DA:900,4
DA:901,18
DA:902,5
DA:903,15
DA:904,3
DA:905,13
DA:906,5
DA:907,13
DA:908,0
DA:909,12
DA:910,3
DA:911,13
DA:912,2
DA:913,12
DA:914,3
DA:915,84
DA:916,4
DA:917,71
DA:918,2
DA:919,85
DA:920,1
DA:921,77
DA:922,1
DA:923,78
DA:924,1
DA:925,88
DA:926,1
DA:927,30
DA:928,1
DA:929,28
DA:930,1
DA:931,34
DA:932,3
DA:933,17
DA:934,1
DA:935,15
DA:936,2
DA:937,17
DA:938,6
DA:939,16
DA:940,5
DA:941,14
DA:942,5
DA:943,15
DA:944,1
DA:945,11
DA:946,3
DA:947,12
DA:948,1
DA:949,14
DA:950,3
DA:951,2
DA:952,2
DA:953,3
DA:954,6
DA:955,3
DA:956,1
DA:957,2
DA:958,2
DA:959,2
DA:960,2
DA:961,6
DA:962,3
DA:963,1
DA:964,6
DA:965,5
DA:966,5
DA:967,2
DA:968,2
DA:969,5
DA:970,3
DA:971,5
DA:972,2
DA:973,3
DA:974,3
DA:975,4
DA:976,5
DA:977,4
DA:978,4
DA:979,5
DA:980,3
DA:981,4
DA:982,1
DA:983,4
DA:984,5
DA:985,6
DA:986,3
DA:987,4
DA:988,3
DA:989,5
DA:990,6
DA:991,6
DA:992,4
DA:993,2
DA:994,3
DA:995,5
DA:996,4
DA:997,6
DA:998,71
DA:999,93
DA:1000,0
DA:1001,3
DA:1002,2
DA:1003,6
DA:1004,9
DA:1005,7
DA:1006,11
DA:1009,4
DA:1010,2
DA:1011,6
DA:1012,7
DA:1013,60
DA:1014,50
DA:1015,3
DA:1016,4
DA:1017,3
DA:1018,3
DA:1019,2
DA:1020,16
DA:1021,5
DA:1022,6
DA:1023,3
DA:1024,0
DA:1025,6
DA:1026,15
DA:1027,6
DA:1028,4
DA:1029,3
DA:1030,2
DA:1031,9
DA:1032,18
DA:1033,4
DA:1034,5
DA:1035,2
DA:1036,3
DA:1037,18
DA:1038,36
DA:1039,5
DA:1040,6
DA:1041,4
DA:1042,0
DA:1043,19
DA:1044,89
DA:1045,4
DA:1046,5
DA:1047,3
DA:1048,2
DA:1049,19
DA:1050,87
DA:2180,4
DA:2181,50
DA:2182,4
DA:2183,4
DA:2184,3
DA:2185,2
DA:2186,3
DA:2187,50
DA:2188,7
DA:2189,14
DA:2190,2
DA:2191,8
DA:2192,9
DA:2193,50
DA:2194,65
DA:2197,55
DA:2200,6
DA:2203,3
DA:2206,7
DA:2209,0
DA:2212,61
DA:2213,61
DA:2214,59
DA:2215,61
DA:2216,60
DA:2217,61
DA:2218,61
DA:2220,54
DA:2227,8
DA:2240,4
DA:2241,9
DA:2242,4
DA:2244,4
DA:2246,3
DA:2253,53
DA:2261,50
DA:2262,2
DA:2263,6
DA:2264,0
DA:2265,3
DA:2266,1
DA:2370,4
DA:2374,3
DA:2378,3
DA:2382,2
DA:2386,2
DA:2390,3
DA:3202,48
DA:3206,69
DA:3210,59
DA:3214,52
DA:3218,85
DA:3222,69
DA:3226,87
DA:3230,79
DA:3234,59
DA:3238,2
DA:3276,48
DA:3280,69
DA:3284,59
DA:3288,65
DA:3292,76
DA:3296,78
DA:3300,90
DA:3304,91
DA:3308,56
DA:3312,6
DA:3342,15
DA:3346,20
DA:3350,16
DA:3354,24
DA:3358,30
DA:3362,27
DA:3366,35
DA:3370,35
DA:3374,14
DA:3378,3
DA:3407,12
DA:3411,11
DA:3415,8
DA:3419,11
DA:3423,17
DA:3427,15
DA:3431,18
DA:3435,18
DA:3439,6
DA:3443,2
DA:3473,11
DA:3477,7
DA:3481,4
DA:3485,12
DA:3489,16
DA:3493,12
DA:3497,12
DA:3501,11
DA:3505,2
DA:3509,1
DA:3539,7
DA:3543,6
DA:3547,3
DA:3551,15
DA:3555,12
DA:3559,14
DA:3563,11
DA:3567,13
DA:3571,3
DA:3575,4
DA:3583,83
DA:3587,71
DA:3595,77
DA:3599,80
DA:3607,28
DA:3611,28
DA:3619,17
DA:3623,15
DA:3631,15
DA:3635,13
DA:3643,11
DA:3647,13
DA:3651,3
DA:3652,4
DA:3653,5
DA:3654,3
DA:3655,4
DA:3656,4
DA:3657,3
DA:3658,6
DA:3659,5
DA:3660,5
DA:3661,8
DA:3662,5
DA:3663,4
DA:3664,10
DA:3665,9
DA:3666,3
DA:3667,6
DA:3668,12
DA:3669,12
DA:3670,172
DA:3671,161
DA:3672,11
DA:3673,11
DA:3674,11
DA:3675,11
DA:3676,11
DA:3677,11
DA:3678,11
DA:3679,11
DA:3680,11
DA:3681,11
DA:3682,11
DA:3684,161
DA:3685,161
DA:3686,161
DA:3687,161
DA:3688,161
DA:3689,161
DA:3690,161
DA:3691,161
DA:3692,161
DA:3693,161
DA:3694,161
DA:3695,161
DA:3698,169
DA:3699,169
DA:3700,169
DA:3701,169
DA:3702,169
DA:3703,169
DA:3704,169
DA:3705,169
DA:3706,169
DA:3707,169
DA:3708,169
DA:3709,169
DA:3710,169
DA:3711,169
DA:3712,169
DA:3713,169
DA:3714,169
DA:3715,169
DA:3716,169
DA:3717,169
DA:3718,169
DA:3719,169
DA:3720,169
DA:3721,169
DA:3722,169
DA:3723,169
DA:3724,169
DA:3725,169
DA:3726,169
DA:3727,169
DA:3728,169
DA:3729,169
DA:3736,3
DA:3764,3
DA:3765,2
DA:3766,2
DA:3767,2
DA:3768,2
DA:3769,2
DA:3770,2
DA:3771,2
DA:3772,2
DA:3773,2
DA:3774,2
DA:3775,2
LF:1198
LH:1124
end_of_record
TN:verilator_coverage
SF:/home/UnityChipForXiangShan/dut/RVCExpander/RVCExpander.v
FNF:0
FNH:0
DA:59,32768
DA:60,32409
DA:61,4532
DA:76,40
LF:4
LH:4
end_of_record
TN:verilator_coverage
SF:/home/UnityChipForXiangShan/dut/RVCExpander/RVCExpander_top.sv
FNF:0
FNH:0
DA:3,32768
DA:4,32409
DA:5,4532
DA:23,1671508
DA:25,1671508
DA:28,49154
DA:30,49154
DA:33,1720674
DA:35,1720674
DA:38,0
DA:40,0
DA:43,1720674
DA:45,1720674
DA:48,0
DA:50,0
DA:55,12
DA:56,12
DA:57,12
DA:61,0
DA:62,0
LF:20
LH:14
end_of_record
TN:verilator_coverage
SF:/home/UnityChipForXiangShan/dut/Tage_SC/Tage_SC.v
FNF:0
FNH:0
DA:59,428772
DA:60,20
DA:61,32
DA:62,8575
DA:63,8574
DA:64,8578
DA:65,8577
DA:66,10169
DA:67,10216
DA:68,10191
DA:69,10192
DA:70,10251
DA:71,10111
DA:72,10199
DA:73,10200
DA:74,10296
DA:75,10125
DA:76,10278
DA:77,10193
DA:78,10300
DA:79,10135
DA:80,8755
DA:81,7671
DA:82,8749
DA:83,7672
DA:84,8751
DA:85,7671
DA:86,8751
DA:87,7670
DA:88,8827
DA:89,7908
DA:90,8825
DA:91,7910
DA:92,8826
DA:93,7909
DA:94,8830
DA:95,7902
DA:97,10
DA:98,20
DA:99,40029
DA:100,40027
DA:101,40024
DA:102,40021
DA:103,40026
DA:104,40028
DA:105,40016
DA:106,40028
DA:107,40021
DA:108,40017
DA:109,40023
DA:110,40031
DA:111,23
DA:112,50786
DA:113,46189
DA:114,50224
DA:115,50786
DA:116,50790
DA:117,18
DA:118,18
DA:119,20565
DA:120,21164
DA:121,30723
DA:122,30763
DA:124,21714
DA:125,20769
DA:126,7138
DA:127,16918
DA:130,5313
DA:131,5215
DA:132,8545
DA:133,6919
DA:134,7642
DA:135,5658
DA:136,5587
DA:137,9004
DA:138,8820
DA:139,7774
DA:140,8393
DA:141,3181
DA:142,6375
DA:143,3290
DA:144,7388
DA:145,262
DA:146,4923
DA:147,10581
DA:148,4851
DA:149,7119
DA:150,3775
DA:151,7586
DA:152,464
DA:153,6729
DA:216,10
DA:217,10
DA:218,10
DA:219,10
DA:220,10
DA:221,10
DA:222,10
DA:223,10
DA:224,8580
DA:225,8584
DA:226,8581
DA:227,8579
DA:228,18
DA:229,17
DA:230,8562
DA:231,23
DA:233,22
DA:235,8566
DA:237,18
DA:238,18
DA:239,8565
DA:240,21
DA:242,21
DA:244,8561
DA:246,18
DA:247,17
DA:248,8564
DA:249,20
DA:251,19
DA:253,8565
DA:255,18
DA:256,18
DA:257,8562
DA:258,21
DA:260,16
DA:262,8562
DA:264,16
DA:265,17
DA:266,8562
DA:267,29
DA:269,10
DA:271,8560
DA:273,20
DA:274,18
DA:275,8563
DA:276,22
DA:278,12
DA:280,8565
DA:282,25
DA:283,17
DA:284,8563
DA:285,25
DA:287,14
DA:289,8564
DA:291,20
DA:292,17
DA:293,8563
DA:294,28
DA:296,18
DA:298,8565
DA:300,38
DA:301,48
DA:302,505
DA:303,506
DA:304,506
DA:305,504
DA:306,38
DA:307,780
DA:308,856
DA:309,333
DA:310,142
DA:311,57
DA:312,35
DA:313,38
DA:314,38
DA:315,34
DA:316,37
DA:317,36
DA:318,37
DA:319,37
DA:320,36
DA:321,34
DA:322,38
DA:323,35
DA:324,37
DA:325,37
DA:326,38
DA:327,36
DA:328,35
DA:329,35
DA:330,36
DA:331,35
DA:332,38
DA:333,38
DA:334,36
DA:335,35
DA:336,38
DA:337,38
DA:338,37
DA:339,36
DA:340,35
DA:341,37
DA:342,36
DA:343,38
DA:344,36
DA:345,37
DA:346,38
DA:347,32
DA:348,36
DA:349,38
DA:350,37
DA:351,37
DA:352,37
DA:353,37
DA:354,35
DA:355,36
DA:356,38
DA:357,35
DA:358,37
DA:359,38
DA:360,37
DA:361,35
DA:362,37
DA:363,35
DA:364,36
DA:365,36
DA:366,37
DA:367,36
DA:368,38
DA:369,38
DA:370,36
DA:371,37
DA:372,35
DA:373,35
DA:374,38
DA:375,38
DA:376,37
DA:377,38
DA:378,36
DA:379,38
DA:380,38
DA:381,36
DA:382,33
DA:383,36
DA:384,38
DA:385,37
DA:386,35
DA:387,38
DA:388,38
DA:389,36
DA:390,36
DA:391,37
DA:392,38
DA:393,37
DA:394,33
DA:395,37
DA:396,34
DA:397,36
DA:398,37
DA:399,37
DA:400,36
DA:401,37
DA:402,38
DA:403,35
DA:404,37
DA:405,36
DA:406,37
DA:407,38
DA:408,37
DA:409,36
DA:410,36
DA:411,38
DA:412,37
DA:413,35
DA:414,37
DA:415,37
DA:416,38
DA:417,36
DA:418,38
DA:419,36
DA:420,37
DA:421,35
DA:422,36
DA:423,36
DA:424,37
DA:425,37
DA:426,35
DA:427,35
DA:428,35
DA:429,38
DA:430,36
DA:431,37
DA:432,37
DA:433,32
DA:434,37
DA:435,292
DA:436,267
DA:437,144
DA:438,68
DA:439,43
DA:440,36
DA:441,36
DA:442,35
DA:443,37
DA:444,37
DA:445,36
DA:446,38
DA:447,34
DA:448,35
DA:449,38
DA:450,38
DA:451,37
DA:452,37
DA:453,37
DA:454,36
DA:455,33
DA:456,38
DA:457,37
DA:458,38
DA:459,38
DA:460,37
DA:461,34
DA:462,37
DA:463,38
DA:464,38
DA:465,38
DA:466,37
DA:467,36
DA:468,33
DA:469,37
DA:470,37
DA:471,36
DA:472,37
DA:473,37
DA:474,37
DA:475,36
DA:476,35
DA:477,37
DA:478,37
DA:479,38
DA:480,38
DA:481,38
DA:482,33
DA:483,37
DA:484,38
DA:485,37
DA:486,38
DA:487,37
DA:488,35
DA:489,37
DA:490,37
DA:491,36
DA:492,38
DA:493,36
DA:494,37
DA:495,36
DA:496,35
DA:497,35
DA:498,38
DA:499,38
DA:500,37
DA:501,36
DA:502,37
DA:503,36
DA:504,37
DA:505,35
DA:506,38
DA:507,36
DA:508,37
DA:509,35
DA:510,36
DA:511,37
DA:512,35
DA:513,37
DA:514,38
DA:515,37
DA:516,38
DA:517,38
DA:518,38
DA:519,36
DA:520,38
DA:521,37
DA:522,35
DA:523,38
DA:524,35
DA:525,36
DA:526,38
DA:527,37
DA:528,35
DA:529,38
DA:530,38
DA:531,35
DA:532,35
DA:533,36
DA:534,38
DA:535,37
DA:536,37
DA:537,36
DA:538,34
DA:539,35
DA:540,38
DA:541,36
DA:542,37
DA:543,35
DA:544,38
DA:545,34
DA:546,38
DA:547,37
DA:548,38
DA:549,36
DA:550,33
DA:551,37
DA:552,35
DA:553,35
DA:554,37
DA:555,35
DA:556,38
DA:557,38
DA:558,36
DA:559,37
DA:560,37
DA:561,38
DA:562,6729
DA:563,4924
DA:564,468
DA:565,256
DA:566,7589
DA:567,3775
DA:568,7395
DA:569,3300
DA:570,4851
DA:571,3172
DA:572,8752
DA:573,7669
DA:574,8746
DA:575,7668
DA:576,8748
DA:577,7665
DA:578,8752
DA:579,7673
DA:580,10581
DA:581,8401
DA:582,50219
DA:585,30231
DA:589,7134
DA:590,13
DA:591,20553
DA:592,25244
DA:593,29378
DA:595,24739
DA:601,23217
DA:610,6383
DA:611,26
DA:612,10544
DA:613,20502
DA:614,29861
DA:616,15375
DA:622,17357
DA:631,39
DA:632,28809
DA:633,5337
DA:634,3857
DA:635,4643
DA:636,4877
DA:637,4872
DA:638,36
DA:639,9063
DA:640,1961
DA:641,1611
DA:642,1756
DA:643,1513
DA:644,1305
DA:645,41
DA:646,4127
DA:647,876
DA:648,627
DA:649,853
DA:650,634
DA:651,526
DA:652,33
DA:653,4517
DA:654,990
DA:655,658
DA:656,872
DA:657,656
DA:658,601
DA:659,35
DA:660,17235
DA:661,4326
DA:662,3008
DA:663,4320
DA:664,4085
DA:665,5316
DA:666,4535
DA:667,5664
DA:668,35
DA:669,5596
DA:670,1779
DA:671,2007
DA:672,1720
DA:673,2042
DA:674,2136
DA:675,1909
DA:676,2354
DA:677,31
DA:678,2476
DA:679,792
DA:680,859
DA:681,796
DA:682,861
DA:683,915
DA:684,927
DA:685,1125
DA:686,38
DA:687,2623
DA:688,956
DA:689,956
DA:690,872
DA:691,955
DA:692,1047
DA:693,1040
DA:694,1226
DA:695,41436
DA:696,27048
DA:697,10087
DA:698,7873
DA:699,7996
DA:700,8681
DA:701,6940
DA:702,821
DA:703,43
DA:704,563
DA:705,43
DA:706,9737
DA:707,9160
DA:708,7594
DA:709,7423
DA:710,7116
DA:711,9109
DA:712,8644
DA:713,5534
DA:714,5414
DA:715,5541
DA:716,5529
DA:717,8816
DA:718,8819
DA:719,8814
DA:720,8821
DA:721,23
DA:722,24550
DA:730,20381
DA:737,9451
DA:738,8830
DA:739,7403
DA:740,6630
DA:741,5934
DA:742,8603
DA:743,8462
DA:744,5122
DA:745,5134
DA:746,5269
DA:747,5199
DA:748,7894
DA:749,7900
DA:750,7897
DA:751,7898
DA:752,23
DA:753,24909
DA:761,19476
DA:768,22579
DA:769,3171
DA:770,3338
DA:771,4359
DA:772,22579
DA:773,3174
DA:774,3334
DA:775,3443
DA:776,22579
DA:777,3173
DA:778,3332
DA:779,2611
DA:780,22579
DA:781,3180
DA:782,3329
DA:783,2593
DA:784,13474
DA:785,2733
DA:786,3420
DA:787,2743
DA:788,2758
DA:789,13474
DA:790,2723
DA:791,3418
DA:792,3258
DA:793,2754
DA:794,3719
DA:795,13474
DA:796,2731
DA:797,3414
DA:798,2225
DA:799,2751
DA:800,3718
DA:801,13474
DA:802,2726
DA:803,3414
DA:804,2394
DA:805,2754
DA:806,3717
DA:807,20766
DA:808,20770
DA:809,7122
DA:810,7135
DA:811,16913
DA:812,16920
DA:838,5466
DA:926,7584
DA:934,6724
DA:937,5011
DA:946,8925
DA:948,41439
DA:952,40296
DA:962,40301
DA:968,32057
DA:971,15016
DA:974,8549
DA:976,6541
DA:978,50
DA:979,4904
DA:1068,7388
DA:1076,4911
DA:1079,3251
DA:1088,7730
DA:1090,27040
DA:1094,41070
DA:1104,41070
DA:1110,19166
DA:1113,9262
DA:1116,5261
DA:1119,3789
DA:1121,57
DA:1125,9741
DA:1126,9184
DA:1134,8822
DA:1150,25323
DA:1157,22567
DA:1162,9447
DA:1164,8833
DA:1173,7903
DA:1189,24381
DA:1196,13466
DA:1198,454
DA:1204,250
DA:1210,214391
DA:1211,214369
DA:1212,22
DA:1213,22
DA:1214,22
DA:1215,22
DA:1217,214369
DA:1218,194359
DA:1219,20010
DA:1220,194358
DA:1221,20011
DA:1222,194361
DA:1223,20008
DA:1224,194363
DA:1225,20006
DA:1227,214391
DA:1228,214391
DA:1229,194377
DA:1230,20014
DA:1231,20014
DA:1232,20014
DA:1233,20014
DA:1234,20014
DA:1235,20014
DA:1236,20014
DA:1237,20014
DA:1238,20014
DA:1239,20014
DA:1240,20014
DA:1241,20014
DA:1242,20014
DA:1243,20014
DA:1244,20014
DA:1245,20014
DA:1246,20014
DA:1247,20014
DA:1248,20014
DA:1249,20014
DA:1250,20014
DA:1251,20014
DA:1252,20014
DA:1253,20014
DA:1254,20014
DA:1255,20014
DA:1256,20014
DA:1257,20014
DA:1258,20014
DA:1259,20014
DA:1260,20014
DA:1261,20014
DA:1262,20014
DA:1263,20014
DA:1264,20014
DA:1265,20014
DA:1266,20014
DA:1267,20014
DA:1268,20014
DA:1269,20014
DA:1270,20014
DA:1271,20014
DA:1272,20014
DA:1273,20014
DA:1274,20014
DA:1275,20014
DA:1276,20014
DA:1278,194377
DA:1279,20014
DA:1280,20014
DA:1282,194382
DA:1283,20009
DA:1284,20009
DA:1286,194374
DA:1287,20017
DA:1288,20017
DA:1289,20017
DA:1290,20017
DA:1291,20017
DA:1292,20017
DA:1293,20017
DA:1294,20017
DA:1295,20017
DA:1296,20017
DA:1297,20017
DA:1298,20017
DA:1299,20017
DA:1300,20017
DA:1301,20017
DA:1302,20017
DA:1303,20017
DA:1304,20017
DA:1305,20017
DA:1306,20017
DA:1307,20017
DA:1308,20017
DA:1309,20017
DA:1310,20017
DA:1311,20017
DA:1312,20017
DA:1313,20017
DA:1314,20017
DA:1315,20017
DA:1316,20017
DA:1317,20017
DA:1318,20017
DA:1320,194383
DA:1321,20008
DA:1322,20008
DA:1323,20008
DA:1324,20008
DA:1325,20008
DA:1326,20008
DA:1327,20008
DA:1328,20008
DA:1329,20008
DA:1330,20008
DA:1331,20008
DA:1332,20008
DA:1333,20008
DA:1334,20008
DA:1335,20008
DA:1336,20008
DA:1338,214391
DA:1339,214391
DA:1340,214391
DA:1341,214391
DA:1342,198531
DA:1343,15860
DA:1344,15860
DA:1345,15860
DA:1346,15860
DA:1347,15860
DA:1348,15860
DA:1349,15860
DA:1350,15860
DA:1351,15860
DA:1352,15860
DA:1353,15860
DA:1354,15860
DA:1355,15860
DA:1356,15860
DA:1358,214391
DA:1359,214391
DA:1360,209011
DA:1361,5380
DA:1362,5380
DA:1363,5380
DA:1364,5380
DA:1365,5380
DA:1366,5380
DA:1367,5380
DA:1368,5380
DA:1369,5380
DA:1370,5380
DA:1371,5380
DA:1372,5380
DA:1373,5380
DA:1374,5380
DA:1376,214391
DA:1377,214391
DA:1378,211959
DA:1379,2432
DA:1380,2432
DA:1381,2432
DA:1382,2432
DA:1383,2432
DA:1384,2432
DA:1385,2432
DA:1386,2432
DA:1387,2432
DA:1388,2432
DA:1389,2432
DA:1390,2432
DA:1391,2432
DA:1392,2432
DA:1394,214391
DA:1395,214391
DA:1396,211742
DA:1397,2649
DA:1398,2649
DA:1399,2649
DA:1400,2649
DA:1401,2649
DA:1402,2649
DA:1403,2649
DA:1404,2649
DA:1405,2649
DA:1406,2649
DA:1407,2649
DA:1408,2649
DA:1409,2649
DA:1410,2649
DA:1411,2649
DA:1412,2649
DA:1414,214391
DA:1415,214391
DA:1416,214391
DA:1417,214391
DA:1418,214391
DA:1419,214391
DA:1420,214391
DA:1421,214391
DA:1422,214391
DA:1423,214391
DA:1424,192303
DA:1425,22088
DA:1426,22088
DA:1427,22088
DA:1428,22088
DA:1429,22088
DA:1431,194376
DA:1432,20015
DA:1433,20015
DA:1434,20015
DA:1435,20015
DA:1436,20015
DA:1437,20015
DA:1438,20015
DA:1439,20015
DA:1440,20015
DA:1441,20015
DA:1442,20015
DA:1443,20015
DA:1444,20015
DA:1445,20015
DA:1446,20015
DA:1447,20015
DA:1449,194378
DA:1450,20013
DA:1451,20013
DA:1453,194380
DA:1454,20011
DA:1455,20011
DA:1457,214391
DA:1458,214391
DA:1459,214391
DA:1460,202333
DA:1461,12058
DA:1462,12058
DA:1463,12058
DA:1464,12058
DA:1465,12058
DA:1466,12058
DA:1467,12058
DA:1469,214391
DA:1470,202333
DA:1471,12058
DA:1472,12058
DA:1473,12058
DA:1474,12058
DA:1475,12058
DA:1476,12058
DA:1477,12058
DA:1478,12058
DA:1480,214391
DA:1481,202333
DA:1482,12058
DA:1483,12058
DA:1484,12058
DA:1485,12058
DA:1486,12058
DA:1487,12058
DA:1488,12058
DA:1489,12058
DA:1491,214391
DA:1492,202333
DA:1493,12058
DA:1494,12058
DA:1495,12058
DA:1496,12058
DA:1497,12058
DA:1498,12058
DA:1499,12058
DA:1500,12058
DA:1502,214391
DA:1503,214391
DA:1504,214391
DA:1505,214391
DA:1506,214391
DA:1507,214391
DA:1508,214391
DA:1509,214391
DA:1510,214391
DA:1511,214391
DA:1512,214391
DA:1513,214391
DA:1514,214391
DA:1515,214391
DA:1516,214391
DA:1527,49252
DA:1537,49212
DA:1556,49248
DA:1566,49209
DA:1582,21382
DA:1595,21029
DA:1602,28409
DA:1731,25215
DA:1740,28019
DA:1869,25145
DA:1886,214391
DA:1887,214375
DA:1888,16
DA:1889,16
DA:1890,16
DA:1891,16
DA:1892,16
DA:1893,16
DA:1894,16
DA:1895,16
DA:1896,16
DA:1897,16
DA:1898,16
DA:1899,16
DA:1900,16
DA:1901,16
DA:1902,16
DA:1903,16
DA:1904,16
DA:1905,16
DA:1906,16
DA:1907,16
DA:1908,16
DA:1909,16
DA:1910,16
DA:1911,16
DA:1912,16
DA:1913,16
DA:1914,16
DA:1915,16
DA:1916,16
DA:1917,16
DA:1918,16
DA:1919,16
DA:1920,16
DA:1921,16
DA:1922,16
DA:1923,16
DA:1924,16
DA:1925,16
DA:1926,16
DA:1927,16
DA:1928,16
DA:1929,16
DA:1930,16
DA:1931,16
DA:1932,16
DA:1933,16
DA:1934,16
DA:1935,16
DA:1936,16
DA:1937,16
DA:1938,16
DA:1939,16
DA:1940,16
DA:1941,16
DA:1942,16
DA:1943,16
DA:1944,16
DA:1945,16
DA:1946,16
DA:1947,16
DA:1948,16
DA:1949,16
DA:1950,16
DA:1951,16
DA:1952,16
DA:1953,16
DA:1954,16
DA:1955,16
DA:1956,16
DA:1957,16
DA:1958,16
DA:1959,16
DA:1960,16
DA:1961,16
DA:1962,16
DA:1963,16
DA:1964,16
DA:1965,16
DA:1966,16
DA:1967,16
DA:1968,16
DA:1969,16
DA:1970,16
DA:1971,16
DA:1972,16
DA:1973,16
DA:1974,16
DA:1975,16
DA:1976,16
DA:1977,16
DA:1978,16
DA:1979,16
DA:1980,16
DA:1981,16
DA:1982,16
DA:1983,16
DA:1984,16
DA:1985,16
DA:1986,16
DA:1987,16
DA:1988,16
DA:1989,16
DA:1990,16
DA:1991,16
DA:1992,16
DA:1993,16
DA:1994,16
DA:1995,16
DA:1996,16
DA:1997,16
DA:1998,16
DA:1999,16
DA:2000,16
DA:2001,16
DA:2002,16
DA:2003,16
DA:2004,16
DA:2005,16
DA:2006,16
DA:2007,16
DA:2008,16
DA:2009,16
DA:2010,16
DA:2011,16
DA:2012,16
DA:2013,16
DA:2014,16
DA:2015,16
DA:2016,16
DA:2017,16
DA:2018,16
DA:2019,16
DA:2020,16
DA:2021,16
DA:2022,16
DA:2023,16
DA:2024,16
DA:2025,16
DA:2026,16
DA:2027,16
DA:2028,16
DA:2029,16
DA:2030,16
DA:2031,16
DA:2032,16
DA:2033,16
DA:2034,16
DA:2035,16
DA:2036,16
DA:2037,16
DA:2038,16
DA:2039,16
DA:2040,16
DA:2041,16
DA:2042,16
DA:2043,16
DA:2044,16
DA:2045,16
DA:2046,16
DA:2047,16
DA:2048,16
DA:2049,16
DA:2050,16
DA:2051,16
DA:2052,16
DA:2053,16
DA:2054,16
DA:2055,16
DA:2056,16
DA:2057,16
DA:2058,16
DA:2059,16
DA:2060,16
DA:2061,16
DA:2062,16
DA:2063,16
DA:2064,16
DA:2065,16
DA:2066,16
DA:2067,16
DA:2068,16
DA:2069,16
DA:2070,16
DA:2071,16
DA:2072,16
DA:2073,16
DA:2074,16
DA:2075,16
DA:2076,16
DA:2077,16
DA:2078,16
DA:2079,16
DA:2080,16
DA:2081,16
DA:2082,16
DA:2083,16
DA:2084,16
DA:2085,16
DA:2086,16
DA:2087,16
DA:2088,16
DA:2089,16
DA:2090,16
DA:2091,16
DA:2092,16
DA:2093,16
DA:2094,16
DA:2095,16
DA:2096,16
DA:2097,16
DA:2098,16
DA:2099,16
DA:2100,16
DA:2101,16
DA:2102,16
DA:2103,16
DA:2104,16
DA:2105,16
DA:2106,16
DA:2107,16
DA:2108,16
DA:2109,16
DA:2110,16
DA:2111,16
DA:2112,16
DA:2113,16
DA:2114,16
DA:2115,16
DA:2116,16
DA:2117,16
DA:2118,16
DA:2119,16
DA:2120,16
DA:2121,16
DA:2122,16
DA:2123,16
DA:2124,16
DA:2125,16
DA:2126,16
DA:2127,16
DA:2128,16
DA:2129,16
DA:2130,16
DA:2131,16
DA:2132,16
DA:2133,16
DA:2134,16
DA:2135,16
DA:2136,16
DA:2137,16
DA:2138,16
DA:2139,16
DA:2140,16
DA:2141,16
DA:2142,16
DA:2143,16
DA:2144,16
DA:2145,16
DA:2146,16
DA:2147,16
DA:2148,16
DA:2149,16
DA:2150,16
DA:2151,16
DA:2152,16
DA:2153,16
DA:2154,16
DA:2155,16
DA:2156,16
DA:2157,16
DA:2158,16
DA:2159,16
DA:2160,16
DA:2161,16
DA:2162,16
DA:2163,16
DA:2164,16
DA:2165,16
DA:2166,16
DA:2167,16
DA:2168,16
DA:2169,16
DA:2170,16
DA:2171,16
DA:2172,16
DA:2173,16
DA:2174,16
DA:2175,16
DA:2177,214375
DA:2178,214366
DA:2179,9
DA:2180,214373
DA:2181,2
DA:2182,194371
DA:2183,20004
DA:2184,214366
DA:2185,9
DA:2186,214373
DA:2187,2
DA:2188,194371
DA:2189,20004
DA:2190,214366
DA:2191,9
DA:2192,214373
DA:2193,2
DA:2194,194371
DA:2195,20004
DA:2196,214366
DA:2197,9
DA:2198,214373
DA:2199,2
DA:2200,194371
DA:2201,20004
DA:2202,214366
DA:2203,9
DA:2204,214373
DA:2205,2
DA:2206,194371
DA:2207,20004
DA:2208,214366
DA:2209,9
DA:2210,214373
DA:2211,2
DA:2212,194371
DA:2213,20004
DA:2214,214366
DA:2215,9
DA:2216,214373
DA:2217,2
DA:2218,194371
DA:2219,20004
DA:2220,214366
DA:2221,9
DA:2222,214373
DA:2223,2
DA:2224,194371
DA:2225,20004
DA:2226,202008
DA:2227,11
DA:2228,11
DA:2229,11
DA:2231,481
DA:2232,470
DA:2233,11
DA:2234,11
DA:2236,470
DA:2237,470
DA:2238,470
DA:2241,11872
DA:2242,11870
DA:2243,11870
DA:2244,11870
DA:2246,0
DA:2247,0
DA:2248,0
DA:2252,206691
DA:2253,11
DA:2254,11
DA:2255,11
DA:2257,481
DA:2258,470
DA:2259,11
DA:2260,11
DA:2262,470
DA:2263,470
DA:2264,470
DA:2267,7188
DA:2268,7186
DA:2269,7186
DA:2270,7186
DA:2272,0
DA:2273,0
DA:2274,0
DA:2278,214339
DA:2279,11
DA:2280,11
DA:2281,3
DA:2282,3
DA:2283,15
DA:2284,7
DA:2286,15
DA:2288,213563
DA:2289,31
DA:2290,31
DA:2291,15
DA:2292,15
DA:2293,399
DA:2294,382
DA:2296,384
DA:2298,213476
DA:2299,38
DA:2300,38
DA:2301,15
DA:2302,15
DA:2303,442
DA:2304,418
DA:2306,428
DA:2308,214027
DA:2309,22
DA:2310,22
DA:2311,4
DA:2312,4
DA:2313,177
DA:2314,156
DA:2316,166
DA:2318,214232
DA:2319,11
DA:2320,11
DA:2321,3
DA:2322,3
DA:2323,74
DA:2324,59
DA:2326,70
DA:2328,214320
DA:2329,11
DA:2330,11
DA:2331,3
DA:2332,3
DA:2333,26
DA:2334,18
DA:2336,23
DA:2338,214339
DA:2339,11
DA:2340,11
DA:2341,3
DA:2342,3
DA:2343,15
DA:2344,7
DA:2346,15
DA:2348,214339
DA:2349,11
DA:2350,11
DA:2351,3
DA:2352,3
DA:2353,15
DA:2354,7
DA:2356,15
DA:2358,214339
DA:2359,11
DA:2360,11
DA:2361,3
DA:2362,3
DA:2363,15
DA:2364,7
DA:2366,15
DA:2368,214339
DA:2369,11
DA:2370,11
DA:2371,3
DA:2372,3
DA:2373,15
DA:2374,7
DA:2376,15
DA:2378,214339
DA:2379,11
DA:2380,11
DA:2381,3
DA:2382,3
DA:2383,15
DA:2384,7
DA:2386,15
DA:2388,214339
DA:2389,11
DA:2390,11
DA:2391,3
DA:2392,3
DA:2393,15
DA:2394,7
DA:2396,15
DA:2398,214339
DA:2399,11
DA:2400,11
DA:2401,3
DA:2402,3
DA:2403,15
DA:2404,7
DA:2406,15
DA:2408,214339
DA:2409,11
DA:2410,11
DA:2411,3
DA:2412,3
DA:2413,15
DA:2414,7
DA:2416,15
DA:2418,214339
DA:2419,11
DA:2420,11
DA:2421,3
DA:2422,3
DA:2423,15
DA:2424,7
DA:2426,15
DA:2428,214339
DA:2429,11
DA:2430,11
DA:2431,3
DA:2432,3
DA:2433,15
DA:2434,7
DA:2436,15
DA:2438,214339
DA:2439,11
DA:2440,11
DA:2441,3
DA:2442,3
DA:2443,15
DA:2444,7
DA:2446,15
DA:2448,214339
DA:2449,11
DA:2450,11
DA:2451,3
DA:2452,3
DA:2453,15
DA:2454,7
DA:2456,15
DA:2458,214339
DA:2459,11
DA:2460,11
DA:2461,3
DA:2462,3
DA:2463,15
DA:2464,7
DA:2466,15
DA:2468,214339
DA:2469,11
DA:2470,11
DA:2471,3
DA:2472,3
DA:2473,15
DA:2474,7
DA:2476,15
DA:2478,214339
DA:2479,11
DA:2480,11
DA:2481,3
DA:2482,3
DA:2483,15
DA:2484,7
DA:2486,15
DA:2488,214339
DA:2489,11
DA:2490,11
DA:2491,3
DA:2492,3
DA:2493,15
DA:2494,7
DA:2496,15
DA:2498,214339
DA:2499,11
DA:2500,11
DA:2501,3
DA:2502,3
DA:2503,15
DA:2504,7
DA:2506,15
DA:2508,214339
DA:2509,11
DA:2510,11
DA:2511,3
DA:2512,3
DA:2513,15
DA:2514,7
DA:2516,15
DA:2518,214339
DA:2519,11
DA:2520,11
DA:2521,3
DA:2522,3
DA:2523,15
DA:2524,7
DA:2526,15
DA:2528,214339
DA:2529,11
DA:2530,11
DA:2531,3
DA:2532,3
DA:2533,15
DA:2534,7
DA:2536,15
DA:2538,214339
DA:2539,11
DA:2540,11
DA:2541,3
DA:2542,3
DA:2543,15
DA:2544,7
DA:2546,15
DA:2548,214339
DA:2549,11
DA:2550,11
DA:2551,3
DA:2552,3
DA:2553,15
DA:2554,7
DA:2556,15
DA:2558,214339
DA:2559,11
DA:2560,11
DA:2561,3
DA:2562,3
DA:2563,15
DA:2564,7
DA:2566,15
DA:2568,214339
DA:2569,11
DA:2570,11
DA:2571,3
DA:2572,3
DA:2573,15
DA:2574,7
DA:2576,15
DA:2578,214339
DA:2579,11
DA:2580,11
DA:2581,3
DA:2582,3
DA:2583,15
DA:2584,7
DA:2586,15
DA:2588,214339
DA:2589,11
DA:2590,11
DA:2591,3
DA:2592,3
DA:2593,15
DA:2594,7
DA:2596,15
DA:2598,214339
DA:2599,11
DA:2600,11
DA:2601,3
DA:2602,3
DA:2603,15
DA:2604,7
DA:2606,15
DA:2608,214339
DA:2609,11
DA:2610,11
DA:2611,3
DA:2612,3
DA:2613,15
DA:2614,7
DA:2616,15
DA:2618,214339
DA:2619,11
DA:2620,11
DA:2621,3
DA:2622,3
DA:2623,15
DA:2624,7
DA:2626,15
DA:2628,214339
DA:2629,11
DA:2630,11
DA:2631,3
DA:2632,3
DA:2633,15
DA:2634,7
DA:2636,15
DA:2638,214339
DA:2639,11
DA:2640,11
DA:2641,3
DA:2642,3
DA:2643,15
DA:2644,7
DA:2646,15
DA:2648,214339
DA:2649,11
DA:2650,11
DA:2651,3
DA:2652,3
DA:2653,15
DA:2654,7
DA:2656,15
DA:2658,214339
DA:2659,11
DA:2660,11
DA:2661,3
DA:2662,3
DA:2663,15
DA:2664,7
DA:2666,15
DA:2668,214339
DA:2669,11
DA:2670,11
DA:2671,3
DA:2672,3
DA:2673,15
DA:2674,7
DA:2676,15
DA:2678,214339
DA:2679,11
DA:2680,11
DA:2681,3
DA:2682,3
DA:2683,15
DA:2684,7
DA:2686,15
DA:2688,214339
DA:2689,11
DA:2690,11
DA:2691,3
DA:2692,3
DA:2693,15
DA:2694,7
DA:2696,15
DA:2698,214339
DA:2699,11
DA:2700,11
DA:2701,3
DA:2702,3
DA:2703,15
DA:2704,7
DA:2706,15
DA:2708,214339
DA:2709,11
DA:2710,11
DA:2711,3
DA:2712,3
DA:2713,15
DA:2714,7
DA:2716,15
DA:2718,214339
DA:2719,11
DA:2720,11
DA:2721,3
DA:2722,3
DA:2723,15
DA:2724,7
DA:2726,15
DA:2728,214339
DA:2729,11
DA:2730,11
DA:2731,3
DA:2732,3
DA:2733,15
DA:2734,7
DA:2736,15
DA:2738,214339
DA:2739,11
DA:2740,11
DA:2741,3
DA:2742,3
DA:2743,15
DA:2744,7
DA:2746,15
DA:2748,214339
DA:2749,11
DA:2750,11
DA:2751,3
DA:2752,3
DA:2753,15
DA:2754,7
DA:2756,15
DA:2758,214339
DA:2759,11
DA:2760,11
DA:2761,3
DA:2762,3
DA:2763,15
DA:2764,7
DA:2766,15
DA:2768,214339
DA:2769,11
DA:2770,11
DA:2771,3
DA:2772,3
DA:2773,15
DA:2774,7
DA:2776,15
DA:2778,214339
DA:2779,11
DA:2780,11
DA:2781,3
DA:2782,3
DA:2783,15
DA:2784,7
DA:2786,15
DA:2788,214339
DA:2789,11
DA:2790,11
DA:2791,3
DA:2792,3
DA:2793,15
DA:2794,7
DA:2796,15
DA:2798,214339
DA:2799,11
DA:2800,11
DA:2801,3
DA:2802,3
DA:2803,15
DA:2804,7
DA:2806,15
DA:2808,214339
DA:2809,11
DA:2810,11
DA:2811,3
DA:2812,3
DA:2813,15
DA:2814,7
DA:2816,15
DA:2818,214339
DA:2819,11
DA:2820,11
DA:2821,3
DA:2822,3
DA:2823,15
DA:2824,7
DA:2826,15
DA:2828,214339
DA:2829,11
DA:2830,11
DA:2831,3
DA:2832,3
DA:2833,15
DA:2834,7
DA:2836,15
DA:2838,214339
DA:2839,11
DA:2840,11
DA:2841,3
DA:2842,3
DA:2843,15
DA:2844,7
DA:2846,15
DA:2848,214339
DA:2849,11
DA:2850,11
DA:2851,3
DA:2852,3
DA:2853,15
DA:2854,7
DA:2856,15
DA:2858,214339
DA:2859,11
DA:2860,11
DA:2861,3
DA:2862,3
DA:2863,15
DA:2864,7
DA:2866,15
DA:2868,214339
DA:2869,11
DA:2870,11
DA:2871,3
DA:2872,3
DA:2873,15
DA:2874,7
DA:2876,15
DA:2878,214339
DA:2879,11
DA:2880,11
DA:2881,3
DA:2882,3
DA:2883,15
DA:2884,7
DA:2886,15
DA:2888,214339
DA:2889,11
DA:2890,11
DA:2891,3
DA:2892,3
DA:2893,15
DA:2894,7
DA:2896,15
DA:2898,214339
DA:2899,11
DA:2900,11
DA:2901,3
DA:2902,3
DA:2903,15
DA:2904,7
DA:2906,15
DA:2908,214339
DA:2909,11
DA:2910,11
DA:2911,3
DA:2912,3
DA:2913,15
DA:2914,7
DA:2916,15
DA:2918,214339
DA:2919,11
DA:2920,11
DA:2921,3
DA:2922,3
DA:2923,15
DA:2924,7
DA:2926,15
DA:2928,214339
DA:2929,11
DA:2930,11
DA:2931,3
DA:2932,3
DA:2933,15
DA:2934,7
DA:2936,15
DA:2938,214339
DA:2939,11
DA:2940,11
DA:2941,3
DA:2942,3
DA:2943,15
DA:2944,7
DA:2946,15
DA:2948,214339
DA:2949,11
DA:2950,11
DA:2951,3
DA:2952,3
DA:2953,15
DA:2954,7
DA:2956,15
DA:2958,214339
DA:2959,11
DA:2960,11
DA:2961,3
DA:2962,3
DA:2963,15
DA:2964,7
DA:2966,15
DA:2968,214339
DA:2969,11
DA:2970,11
DA:2971,3
DA:2972,3
DA:2973,15
DA:2974,7
DA:2976,15
DA:2978,214339
DA:2979,11
DA:2980,11
DA:2981,3
DA:2982,3
DA:2983,15
DA:2984,7
DA:2986,15
DA:2988,214339
DA:2989,11
DA:2990,11
DA:2991,3
DA:2992,3
DA:2993,15
DA:2994,7
DA:2996,15
DA:2998,214339
DA:2999,11
DA:3000,11
DA:3001,3
DA:3002,3
DA:3003,15
DA:3004,7
DA:3006,15
DA:3008,214339
DA:3009,11
DA:3010,11
DA:3011,3
DA:3012,3
DA:3013,15
DA:3014,7
DA:3016,15
DA:3018,214339
DA:3019,11
DA:3020,11
DA:3021,3
DA:3022,3
DA:3023,15
DA:3024,7
DA:3026,15
DA:3028,214339
DA:3029,11
DA:3030,11
DA:3031,3
DA:3032,3
DA:3033,15
DA:3034,7
DA:3036,15
DA:3038,214339
DA:3039,11
DA:3040,11
DA:3041,3
DA:3042,3
DA:3043,15
DA:3044,7
DA:3046,15
DA:3048,214339
DA:3049,11
DA:3050,11
DA:3051,3
DA:3052,3
DA:3053,15
DA:3054,7
DA:3056,15
DA:3058,214339
DA:3059,11
DA:3060,11
DA:3061,3
DA:3062,3
DA:3063,15
DA:3064,7
DA:3066,15
DA:3068,214339
DA:3069,11
DA:3070,11
DA:3071,3
DA:3072,3
DA:3073,15
DA:3074,7
DA:3076,15
DA:3078,214339
DA:3079,11
DA:3080,11
DA:3081,3
DA:3082,3
DA:3083,15
DA:3084,7
DA:3086,15
DA:3088,214339
DA:3089,11
DA:3090,11
DA:3091,3
DA:3092,3
DA:3093,15
DA:3094,7
DA:3096,15
DA:3098,214339
DA:3099,11
DA:3100,11
DA:3101,3
DA:3102,3
DA:3103,15
DA:3104,7
DA:3106,15
DA:3108,214339
DA:3109,11
DA:3110,11
DA:3111,3
DA:3112,3
DA:3113,15
DA:3114,7
DA:3116,15
DA:3118,214339
DA:3119,11
DA:3120,11
DA:3121,3
DA:3122,3
DA:3123,15
DA:3124,7
DA:3126,15
DA:3128,214339
DA:3129,11
DA:3130,11
DA:3131,3
DA:3132,3
DA:3133,15
DA:3134,7
DA:3136,15
DA:3138,214339
DA:3139,11
DA:3140,11
DA:3141,3
DA:3142,3
DA:3143,15
DA:3144,7
DA:3146,15
DA:3148,214339
DA:3149,11
DA:3150,11
DA:3151,3
DA:3152,3
DA:3153,15
DA:3154,7
DA:3156,15
DA:3158,214339
DA:3159,11
DA:3160,11
DA:3161,3
DA:3162,3
DA:3163,15
DA:3164,7
DA:3166,15
DA:3168,214339
DA:3169,11
DA:3170,11
DA:3171,3
DA:3172,3
DA:3173,15
DA:3174,7
DA:3176,15
DA:3178,214339
DA:3179,11
DA:3180,11
DA:3181,3
DA:3182,3
DA:3183,15
DA:3184,7
DA:3186,15
DA:3188,214339
DA:3189,11
DA:3190,11
DA:3191,3
DA:3192,3
DA:3193,15
DA:3194,7
DA:3196,15
DA:3198,214339
DA:3199,11
DA:3200,11
DA:3201,3
DA:3202,3
DA:3203,15
DA:3204,7
DA:3206,15
DA:3208,214339
DA:3209,11
DA:3210,11
DA:3211,3
DA:3212,3
DA:3213,15
DA:3214,7
DA:3216,15
DA:3218,214339
DA:3219,11
DA:3220,11
DA:3221,3
DA:3222,3
DA:3223,15
DA:3224,7
DA:3226,15
DA:3228,214339
DA:3229,11
DA:3230,11
DA:3231,3
DA:3232,3
DA:3233,15
DA:3234,7
DA:3236,15
DA:3238,214339
DA:3239,11
DA:3240,11
DA:3241,3
DA:3242,3
DA:3243,15
DA:3244,7
DA:3246,15
DA:3248,214339
DA:3249,11
DA:3250,11
DA:3251,3
DA:3252,3
DA:3253,15
DA:3254,7
DA:3256,15
DA:3258,214339
DA:3259,11
DA:3260,11
DA:3261,3
DA:3262,3
DA:3263,15
DA:3264,7
DA:3266,15
DA:3268,214339
DA:3269,11
DA:3270,11
DA:3271,3
DA:3272,3
DA:3273,15
DA:3274,7
DA:3276,15
DA:3278,214339
DA:3279,11
DA:3280,11
DA:3281,3
DA:3282,3
DA:3283,15
DA:3284,7
DA:3286,15
DA:3288,214339
DA:3289,11
DA:3290,11
DA:3291,3
DA:3292,3
DA:3293,15
DA:3294,7
DA:3296,15
DA:3298,214339
DA:3299,11
DA:3300,11
DA:3301,3
DA:3302,3
DA:3303,15
DA:3304,7
DA:3306,15
DA:3308,214339
DA:3309,11
DA:3310,11
DA:3311,3
DA:3312,3
DA:3313,15
DA:3314,7
DA:3316,15
DA:3318,214339
DA:3319,11
DA:3320,11
DA:3321,3
DA:3322,3
DA:3323,15
DA:3324,7
DA:3326,15
DA:3328,214339
DA:3329,11
DA:3330,11
DA:3331,3
DA:3332,3
DA:3333,15
DA:3334,7
DA:3336,15
DA:3338,214339
DA:3339,11
DA:3340,11
DA:3341,3
DA:3342,3
DA:3343,15
DA:3344,7
DA:3346,15
DA:3348,214339
DA:3349,11
DA:3350,11
DA:3351,3
DA:3352,3
DA:3353,15
DA:3354,7
DA:3356,15
DA:3358,214339
DA:3359,11
DA:3360,11
DA:3361,3
DA:3362,3
DA:3363,15
DA:3364,7
DA:3366,15
DA:3368,214339
DA:3369,11
DA:3370,11
DA:3371,3
DA:3372,3
DA:3373,15
DA:3374,7
DA:3376,15
DA:3378,214339
DA:3379,11
DA:3380,11
DA:3381,3
DA:3382,3
DA:3383,15
DA:3384,7
DA:3386,15
DA:3388,214339
DA:3389,11
DA:3390,11
DA:3391,3
DA:3392,3
DA:3393,15
DA:3394,7
DA:3396,15
DA:3398,214339
DA:3399,11
DA:3400,11
DA:3401,3
DA:3402,3
DA:3403,15
DA:3404,7
DA:3406,15
DA:3408,214339
DA:3409,11
DA:3410,11
DA:3411,3
DA:3412,3
DA:3413,15
DA:3414,7
DA:3416,15
DA:3418,214339
DA:3419,11
DA:3420,11
DA:3421,3
DA:3422,3
DA:3423,15
DA:3424,7
DA:3426,15
DA:3428,214339
DA:3429,11
DA:3430,11
DA:3431,3
DA:3432,3
DA:3433,15
DA:3434,7
DA:3436,15
DA:3438,214339
DA:3439,11
DA:3440,11
DA:3441,3
DA:3442,3
DA:3443,15
DA:3444,7
DA:3446,15
DA:3448,214339
DA:3449,11
DA:3450,11
DA:3451,3
DA:3452,3
DA:3453,15
DA:3454,7
DA:3456,15
DA:3458,214339
DA:3459,11
DA:3460,11
DA:3461,3
DA:3462,3
DA:3463,15
DA:3464,7
DA:3466,15
DA:3468,214339
DA:3469,11
DA:3470,11
DA:3471,3
DA:3472,3
DA:3473,15
DA:3474,7
DA:3476,15
DA:3478,214339
DA:3479,11
DA:3480,11
DA:3481,3
DA:3482,3
DA:3483,15
DA:3484,7
DA:3486,15
DA:3488,214339
DA:3489,11
DA:3490,11
DA:3491,3
DA:3492,3
DA:3493,15
DA:3494,7
DA:3496,15
DA:3498,214339
DA:3499,11
DA:3500,11
DA:3501,3
DA:3502,3
DA:3503,15
DA:3504,7
DA:3506,15
DA:3508,214339
DA:3509,11
DA:3510,11
DA:3511,3
DA:3512,3
DA:3513,15
DA:3514,7
DA:3516,15
DA:3518,214339
DA:3519,11
DA:3520,11
DA:3521,3
DA:3522,3
DA:3523,15
DA:3524,7
DA:3526,15
DA:3528,214339
DA:3529,11
DA:3530,11
DA:3531,3
DA:3532,3
DA:3533,15
DA:3534,7
DA:3536,15
DA:3538,214339
DA:3539,11
DA:3540,11
DA:3541,3
DA:3542,3
DA:3543,15
DA:3544,7
DA:3546,15
DA:3548,214339
DA:3549,11
DA:3550,11
DA:3551,3
DA:3552,3
DA:3553,15
DA:3554,7
DA:3556,15
DA:3558,214339
DA:3559,11
DA:3560,11
DA:3561,3
DA:3562,3
DA:3563,15
DA:3564,7
DA:3566,15
DA:3568,214071
DA:3569,16
DA:3570,16
DA:3571,9
DA:3572,9
DA:3573,155
DA:3574,132
DA:3576,147
DA:3578,214098
DA:3579,18
DA:3580,18
DA:3581,4
DA:3582,4
DA:3583,142
DA:3584,119
DA:3586,136
DA:3588,214232
DA:3589,12
DA:3590,12
DA:3591,3
DA:3592,3
DA:3593,78
DA:3594,60
DA:3596,68
DA:3598,214309
DA:3599,11
DA:3600,11
DA:3601,3
DA:3602,3
DA:3603,31
DA:3604,21
DA:3606,31
DA:3608,214334
DA:3609,11
DA:3610,11
DA:3611,3
DA:3612,3
DA:3613,19
DA:3614,8
DA:3616,19
DA:3618,214339
DA:3619,11
DA:3620,11
DA:3621,3
DA:3622,3
DA:3623,15
DA:3624,7
DA:3626,15
DA:3628,214339
DA:3629,11
DA:3630,11
DA:3631,3
DA:3632,3
DA:3633,15
DA:3634,7
DA:3636,15
DA:3638,214339
DA:3639,11
DA:3640,11
DA:3641,3
DA:3642,3
DA:3643,15
DA:3644,7
DA:3646,15
DA:3648,214339
DA:3649,11
DA:3650,11
DA:3651,3
DA:3652,3
DA:3653,15
DA:3654,7
DA:3656,15
DA:3658,214339
DA:3659,11
DA:3660,11
DA:3661,3
DA:3662,3
DA:3663,15
DA:3664,7
DA:3666,15
DA:3668,214339
DA:3669,11
DA:3670,11
DA:3671,3
DA:3672,3
DA:3673,15
DA:3674,7
DA:3676,15
DA:3678,214339
DA:3679,11
DA:3680,11
DA:3681,3
DA:3682,3
DA:3683,15
DA:3684,7
DA:3686,15
DA:3688,214339
DA:3689,11
DA:3690,11
DA:3691,3
DA:3692,3
DA:3693,15
DA:3694,7
DA:3696,15
DA:3698,214339
DA:3699,11
DA:3700,11
DA:3701,3
DA:3702,3
DA:3703,15
DA:3704,7
DA:3706,15
DA:3708,214339
DA:3709,11
DA:3710,11
DA:3711,3
DA:3712,3
DA:3713,15
DA:3714,7
DA:3716,15
DA:3718,214339
DA:3719,11
DA:3720,11
DA:3721,3
DA:3722,3
DA:3723,15
DA:3724,7
DA:3726,15
DA:3728,214339
DA:3729,11
DA:3730,11
DA:3731,3
DA:3732,3
DA:3733,15
DA:3734,7
DA:3736,15
DA:3738,214339
DA:3739,11
DA:3740,11
DA:3741,3
DA:3742,3
DA:3743,15
DA:3744,7
DA:3746,15
DA:3748,214339
DA:3749,11
DA:3750,11
DA:3751,3
DA:3752,3
DA:3753,15
DA:3754,7
DA:3756,15
DA:3758,214339
DA:3759,11
DA:3760,11
DA:3761,3
DA:3762,3
DA:3763,15
DA:3764,7
DA:3766,15
DA:3768,214339
DA:3769,11
DA:3770,11
DA:3771,3
DA:3772,3
DA:3773,15
DA:3774,7
DA:3776,15
DA:3778,214339
DA:3779,11
DA:3780,11
DA:3781,3
DA:3782,3
DA:3783,15
DA:3784,7
DA:3786,15
DA:3788,214339
DA:3789,11
DA:3790,11
DA:3791,3
DA:3792,3
DA:3793,15
DA:3794,7
DA:3796,15
DA:3798,214339
DA:3799,11
DA:3800,11
DA:3801,3
DA:3802,3
DA:3803,15
DA:3804,7
DA:3806,15
DA:3808,214339
DA:3809,11
DA:3810,11
DA:3811,3
DA:3812,3
DA:3813,15
DA:3814,7
DA:3816,15
DA:3818,214339
DA:3819,11
DA:3820,11
DA:3821,3
DA:3822,3
DA:3823,15
DA:3824,7
DA:3826,15
DA:3828,214339
DA:3829,11
DA:3830,11
DA:3831,3
DA:3832,3
DA:3833,15
DA:3834,7
DA:3836,15
DA:3838,214339
DA:3839,11
DA:3840,11
DA:3841,3
DA:3842,3
DA:3843,15
DA:3844,7
DA:3846,15
DA:3848,214339
DA:3849,11
DA:3850,11
DA:3851,3
DA:3852,3
DA:3853,15
DA:3854,7
DA:3856,15
DA:3858,214339
DA:3859,11
DA:3860,11
DA:3861,3
DA:3862,3
DA:3863,15
DA:3864,7
DA:3866,15
DA:3868,214339
DA:3869,11
DA:3870,11
DA:3871,3
DA:3872,3
DA:3873,15
DA:3874,7
DA:3876,15
DA:3878,214339
DA:3879,11
DA:3880,11
DA:3881,3
DA:3882,3
DA:3883,15
DA:3884,7
DA:3886,15
DA:3888,214339
DA:3889,11
DA:3890,11
DA:3891,3
DA:3892,3
DA:3893,15
DA:3894,7
DA:3896,15
DA:3898,214339
DA:3899,11
DA:3900,11
DA:3901,3
DA:3902,3
DA:3903,15
DA:3904,7
DA:3906,15
DA:3908,214339
DA:3909,11
DA:3910,11
DA:3911,3
DA:3912,3
DA:3913,15
DA:3914,7
DA:3916,15
DA:3918,214339
DA:3919,11
DA:3920,11
DA:3921,3
DA:3922,3
DA:3923,15
DA:3924,7
DA:3926,15
DA:3928,214339
DA:3929,11
DA:3930,11
DA:3931,3
DA:3932,3
DA:3933,15
DA:3934,7
DA:3936,15
DA:3938,214339
DA:3939,11
DA:3940,11
DA:3941,3
DA:3942,3
DA:3943,15
DA:3944,7
DA:3946,15
DA:3948,214339
DA:3949,11
DA:3950,11
DA:3951,3
DA:3952,3
DA:3953,15
DA:3954,7
DA:3956,15
DA:3958,214339
DA:3959,11
DA:3960,11
DA:3961,3
DA:3962,3
DA:3963,15
DA:3964,7
DA:3966,15
DA:3968,214339
DA:3969,11
DA:3970,11
DA:3971,3
DA:3972,3
DA:3973,15
DA:3974,7
DA:3976,15
DA:3978,214339
DA:3979,11
DA:3980,11
DA:3981,3
DA:3982,3
DA:3983,15
DA:3984,7
DA:3986,15
DA:3988,214339
DA:3989,11
DA:3990,11
DA:3991,3
DA:3992,3
DA:3993,15
DA:3994,7
DA:3996,15
DA:3998,214339
DA:3999,11
DA:4000,11
DA:4001,3
DA:4002,3
DA:4003,15
DA:4004,7
DA:4006,15
DA:4008,214339
DA:4009,11
DA:4010,11
DA:4011,3
DA:4012,3
DA:4013,15
DA:4014,7
DA:4016,15
DA:4018,214339
DA:4019,11
DA:4020,11
DA:4021,3
DA:4022,3
DA:4023,15
DA:4024,7
DA:4026,15
DA:4028,214339
DA:4029,11
DA:4030,11
DA:4031,3
DA:4032,3
DA:4033,15
DA:4034,7
DA:4036,15
DA:4038,214339
DA:4039,11
DA:4040,11
DA:4041,3
DA:4042,3
DA:4043,15
DA:4044,7
DA:4046,15
DA:4048,214339
DA:4049,11
DA:4050,11
DA:4051,3
DA:4052,3
DA:4053,15
DA:4054,7
DA:4056,15
DA:4058,214339
DA:4059,11
DA:4060,11
DA:4061,3
DA:4062,3
DA:4063,15
DA:4064,7
DA:4066,15
DA:4068,214339
DA:4069,11
DA:4070,11
DA:4071,3
DA:4072,3
DA:4073,15
DA:4074,7
DA:4076,15
DA:4078,214339
DA:4079,11
DA:4080,11
DA:4081,3
DA:4082,3
DA:4083,15
DA:4084,7
DA:4086,15
DA:4088,214339
DA:4089,11
DA:4090,11
DA:4091,3
DA:4092,3
DA:4093,15
DA:4094,7
DA:4096,15
DA:4098,214339
DA:4099,11
DA:4100,11
DA:4101,3
DA:4102,3
DA:4103,15
DA:4104,7
DA:4106,15
DA:4108,214339
DA:4109,11
DA:4110,11
DA:4111,3
DA:4112,3
DA:4113,15
DA:4114,7
DA:4116,15
DA:4118,214339
DA:4119,11
DA:4120,11
DA:4121,3
DA:4122,3
DA:4123,15
DA:4124,7
DA:4126,15
DA:4128,214339
DA:4129,11
DA:4130,11
DA:4131,3
DA:4132,3
DA:4133,15
DA:4134,7
DA:4136,15
DA:4138,214339
DA:4139,11
DA:4140,11
DA:4141,3
DA:4142,3
DA:4143,15
DA:4144,7
DA:4146,15
DA:4148,214339
DA:4149,11
DA:4150,11
DA:4151,3
DA:4152,3
DA:4153,15
DA:4154,7
DA:4156,15
DA:4158,214339
DA:4159,11
DA:4160,11
DA:4161,3
DA:4162,3
DA:4163,15
DA:4164,7
DA:4166,15
DA:4168,214339
DA:4169,11
DA:4170,11
DA:4171,3
DA:4172,3
DA:4173,15
DA:4174,7
DA:4176,15
DA:4178,214339
DA:4179,11
DA:4180,11
DA:4181,3
DA:4182,3
DA:4183,15
DA:4184,7
DA:4186,15
DA:4188,214339
DA:4189,11
DA:4190,11
DA:4191,3
DA:4192,3
DA:4193,15
DA:4194,7
DA:4196,15
DA:4198,214339
DA:4199,11
DA:4200,11
DA:4201,3
DA:4202,3
DA:4203,15
DA:4204,7
DA:4206,15
DA:4208,214339
DA:4209,11
DA:4210,11
DA:4211,3
DA:4212,3
DA:4213,15
DA:4214,7
DA:4216,15
DA:4218,214339
DA:4219,11
DA:4220,11
DA:4221,3
DA:4222,3
DA:4223,15
DA:4224,7
DA:4226,15
DA:4228,214339
DA:4229,11
DA:4230,11
DA:4231,3
DA:4232,3
DA:4233,15
DA:4234,7
DA:4236,15
DA:4238,214339
DA:4239,11
DA:4240,11
DA:4241,3
DA:4242,3
DA:4243,15
DA:4244,7
DA:4246,15
DA:4248,214339
DA:4249,11
DA:4250,11
DA:4251,3
DA:4252,3
DA:4253,15
DA:4254,7
DA:4256,15
DA:4258,214339
DA:4259,11
DA:4260,11
DA:4261,3
DA:4262,3
DA:4263,15
DA:4264,7
DA:4266,15
DA:4268,214339
DA:4269,11
DA:4270,11
DA:4271,3
DA:4272,3
DA:4273,15
DA:4274,7
DA:4276,15
DA:4278,214339
DA:4279,11
DA:4280,11
DA:4281,3
DA:4282,3
DA:4283,15
DA:4284,7
DA:4286,15
DA:4288,214339
DA:4289,11
DA:4290,11
DA:4291,3
DA:4292,3
DA:4293,15
DA:4294,7
DA:4296,15
DA:4298,214339
DA:4299,11
DA:4300,11
DA:4301,3
DA:4302,3
DA:4303,15
DA:4304,7
DA:4306,15
DA:4308,214339
DA:4309,11
DA:4310,11
DA:4311,3
DA:4312,3
DA:4313,15
DA:4314,7
DA:4316,15
DA:4318,214339
DA:4319,11
DA:4320,11
DA:4321,3
DA:4322,3
DA:4323,15
DA:4324,7
DA:4326,15
DA:4328,214339
DA:4329,11
DA:4330,11
DA:4331,3
DA:4332,3
DA:4333,15
DA:4334,7
DA:4336,15
DA:4338,214339
DA:4339,11
DA:4340,11
DA:4341,3
DA:4342,3
DA:4343,15
DA:4344,7
DA:4346,15
DA:4348,214339
DA:4349,11
DA:4350,11
DA:4351,3
DA:4352,3
DA:4353,15
DA:4354,7
DA:4356,15
DA:4358,214339
DA:4359,11
DA:4360,11
DA:4361,3
DA:4362,3
DA:4363,15
DA:4364,7
DA:4366,15
DA:4368,214339
DA:4369,11
DA:4370,11
DA:4371,3
DA:4372,3
DA:4373,15
DA:4374,7
DA:4376,15
DA:4378,214339
DA:4379,11
DA:4380,11
DA:4381,3
DA:4382,3
DA:4383,15
DA:4384,7
DA:4386,15
DA:4388,214339
DA:4389,11
DA:4390,11
DA:4391,3
DA:4392,3
DA:4393,15
DA:4394,7
DA:4396,15
DA:4398,214339
DA:4399,11
DA:4400,11
DA:4401,3
DA:4402,3
DA:4403,15
DA:4404,7
DA:4406,15
DA:4408,214339
DA:4409,11
DA:4410,11
DA:4411,3
DA:4412,3
DA:4413,15
DA:4414,7
DA:4416,15
DA:4418,214339
DA:4419,11
DA:4420,11
DA:4421,3
DA:4422,3
DA:4423,15
DA:4424,7
DA:4426,15
DA:4428,214339
DA:4429,11
DA:4430,11
DA:4431,3
DA:4432,3
DA:4433,15
DA:4434,7
DA:4436,15
DA:4438,214339
DA:4439,11
DA:4440,11
DA:4441,3
DA:4442,3
DA:4443,15
DA:4444,7
DA:4446,15
DA:4448,214339
DA:4449,11
DA:4450,11
DA:4451,3
DA:4452,3
DA:4453,15
DA:4454,7
DA:4456,15
DA:4458,214339
DA:4459,11
DA:4460,11
DA:4461,3
DA:4462,3
DA:4463,15
DA:4464,7
DA:4466,15
DA:4468,214339
DA:4469,11
DA:4470,11
DA:4471,3
DA:4472,3
DA:4473,15
DA:4474,7
DA:4476,15
DA:4478,214339
DA:4479,11
DA:4480,11
DA:4481,3
DA:4482,3
DA:4483,15
DA:4484,7
DA:4486,15
DA:4488,214339
DA:4489,11
DA:4490,11
DA:4491,3
DA:4492,3
DA:4493,15
DA:4494,7
DA:4496,15
DA:4498,214339
DA:4499,11
DA:4500,11
DA:4501,3
DA:4502,3
DA:4503,15
DA:4504,7
DA:4506,15
DA:4508,214339
DA:4509,11
DA:4510,11
DA:4511,3
DA:4512,3
DA:4513,15
DA:4514,7
DA:4516,15
DA:4518,214339
DA:4519,11
DA:4520,11
DA:4521,3
DA:4522,3
DA:4523,15
DA:4524,7
DA:4526,15
DA:4528,214339
DA:4529,11
DA:4530,11
DA:4531,3
DA:4532,3
DA:4533,15
DA:4534,7
DA:4536,15
DA:4538,214339
DA:4539,11
DA:4540,11
DA:4541,3
DA:4542,3
DA:4543,15
DA:4544,7
DA:4546,15
DA:4548,214339
DA:4549,11
DA:4550,11
DA:4551,3
DA:4552,3
DA:4553,15
DA:4554,7
DA:4556,15
DA:4558,214339
DA:4559,11
DA:4560,11
DA:4561,3
DA:4562,3
DA:4563,15
DA:4564,7
DA:4566,15
DA:4568,214339
DA:4569,11
DA:4570,11
DA:4571,3
DA:4572,3
DA:4573,15
DA:4574,7
DA:4576,15
DA:4578,214339
DA:4579,11
DA:4580,11
DA:4581,3
DA:4582,3
DA:4583,15
DA:4584,7
DA:4586,15
DA:4588,214339
DA:4589,11
DA:4590,11
DA:4591,3
DA:4592,3
DA:4593,15
DA:4594,7
DA:4596,15
DA:4598,214339
DA:4599,11
DA:4600,11
DA:4601,3
DA:4602,3
DA:4603,15
DA:4604,7
DA:4606,15
DA:4608,214339
DA:4609,11
DA:4610,11
DA:4611,3
DA:4612,3
DA:4613,15
DA:4614,7
DA:4616,15
DA:4618,214339
DA:4619,11
DA:4620,11
DA:4621,3
DA:4622,3
DA:4623,15
DA:4624,7
DA:4626,15
DA:4628,214339
DA:4629,11
DA:4630,11
DA:4631,3
DA:4632,3
DA:4633,15
DA:4634,7
DA:4636,15
DA:4638,214339
DA:4639,11
DA:4640,11
DA:4641,3
DA:4642,3
DA:4643,15
DA:4644,7
DA:4646,15
DA:4648,214339
DA:4649,11
DA:4650,11
DA:4651,3
DA:4652,3
DA:4653,15
DA:4654,7
DA:4656,15
DA:4658,214339
DA:4659,11
DA:4660,11
DA:4661,3
DA:4662,3
DA:4663,15
DA:4664,7
DA:4666,15
DA:4668,214339
DA:4669,11
DA:4670,11
DA:4671,3
DA:4672,3
DA:4673,15
DA:4674,7
DA:4676,15
DA:4678,214339
DA:4679,11
DA:4680,11
DA:4681,3
DA:4682,3
DA:4683,15
DA:4684,7
DA:4686,15
DA:4688,214339
DA:4689,11
DA:4690,11
DA:4691,3
DA:4692,3
DA:4693,15
DA:4694,7
DA:4696,15
DA:4698,214339
DA:4699,11
DA:4700,11
DA:4701,3
DA:4702,3
DA:4703,15
DA:4704,7
DA:4706,15
DA:4708,214339
DA:4709,11
DA:4710,11
DA:4711,3
DA:4712,3
DA:4713,15
DA:4714,7
DA:4716,15
DA:4718,214339
DA:4719,11
DA:4720,11
DA:4721,3
DA:4722,3
DA:4723,15
DA:4724,7
DA:4726,15
DA:4728,214339
DA:4729,11
DA:4730,11
DA:4731,3
DA:4732,3
DA:4733,15
DA:4734,7
DA:4736,15
DA:4738,214339
DA:4739,11
DA:4740,11
DA:4741,3
DA:4742,3
DA:4743,15
DA:4744,7
DA:4746,15
DA:4748,214339
DA:4749,11
DA:4750,11
DA:4751,3
DA:4752,3
DA:4753,15
DA:4754,7
DA:4756,15
DA:4758,214339
DA:4759,11
DA:4760,11
DA:4761,3
DA:4762,3
DA:4763,15
DA:4764,7
DA:4766,15
DA:4768,214339
DA:4769,11
DA:4770,11
DA:4771,3
DA:4772,3
DA:4773,15
DA:4774,7
DA:4776,15
DA:4778,214339
DA:4779,11
DA:4780,11
DA:4781,3
DA:4782,3
DA:4783,15
DA:4784,7
DA:4786,15
DA:4788,214339
DA:4789,11
DA:4790,11
DA:4791,3
DA:4792,3
DA:4793,15
DA:4794,7
DA:4796,15
DA:4798,214339
DA:4799,11
DA:4800,11
DA:4801,3
DA:4802,3
DA:4803,15
DA:4804,7
DA:4806,15
DA:4808,214339
DA:4809,11
DA:4810,11
DA:4811,3
DA:4812,3
DA:4813,15
DA:4814,7
DA:4816,15
DA:4818,214339
DA:4819,11
DA:4820,11
DA:4821,3
DA:4822,3
DA:4823,15
DA:4824,7
DA:4826,15
DA:4828,214339
DA:4829,11
DA:4830,11
DA:4831,3
DA:4832,3
DA:4833,15
DA:4834,7
DA:4836,15
DA:4838,213551
DA:4840,824
DA:4841,30
DA:4842,30
DA:4843,0
DA:4844,0
DA:4845,0
DA:4846,0
DA:4847,434
DA:4848,422
DA:4850,372
DA:4851,13
DA:4852,13
DA:4853,796
DA:4854,15
DA:4856,213809
DA:4858,566
DA:4859,30
DA:4860,30
DA:4861,0
DA:4862,0
DA:4863,0
DA:4864,0
DA:4865,303
DA:4866,289
DA:4868,247
DA:4869,13
DA:4870,13
DA:4871,538
DA:4872,15
DA:4881,16
DA:5447,16
DA:5448,16
DA:5449,16
DA:5450,16
DA:5451,16
DA:5452,16
DA:5453,16
DA:5454,16
DA:5455,16
DA:5456,16
DA:5457,16
DA:5458,16
DA:5459,16
DA:5460,16
DA:5461,16
DA:5462,16
DA:5463,16
DA:5464,16
DA:5465,16
DA:5466,16
DA:5467,16
DA:5468,16
DA:5469,16
DA:5470,16
DA:5471,16
DA:5472,16
DA:5473,16
DA:5474,16
DA:5475,16
DA:5476,16
DA:5477,16
DA:5478,16
DA:5479,16
DA:5480,16
DA:5481,16
DA:5482,16
DA:5483,16
DA:5484,16
DA:5485,16
DA:5486,16
DA:5487,16
DA:5488,16
DA:5489,16
DA:5490,16
DA:5491,16
DA:5492,16
DA:5493,16
DA:5494,16
DA:5495,16
DA:5496,16
DA:5497,16
DA:5498,16
DA:5499,16
DA:5500,16
DA:5501,16
DA:5502,16
DA:5503,16
DA:5504,16
DA:5505,16
DA:5506,16
DA:5507,16
DA:5508,16
DA:5509,16
DA:5510,16
DA:5511,16
DA:5512,16
DA:5513,16
DA:5514,16
DA:5515,16
DA:5516,16
DA:5517,16
DA:5518,16
DA:5519,16
DA:5520,16
DA:5521,16
DA:5522,16
DA:5523,16
DA:5524,16
DA:5525,16
DA:5526,16
DA:5527,16
DA:5528,16
DA:5529,16
DA:5530,16
DA:5531,16
DA:5532,16
DA:5533,16
DA:5534,16
DA:5535,16
DA:5536,16
DA:5537,16
DA:5538,16
DA:5539,16
DA:5540,16
DA:5541,16
DA:5542,16
DA:5543,16
DA:5544,16
DA:5545,16
DA:5546,16
DA:5547,16
DA:5548,16
DA:5549,16
DA:5550,16
DA:5551,16
DA:5552,16
DA:5553,16
DA:5554,16
DA:5555,16
DA:5556,16
DA:5557,16
DA:5558,16
DA:5559,16
DA:5560,16
DA:5561,16
DA:5562,16
DA:5563,16
DA:5564,16
DA:5565,16
DA:5566,16
DA:5567,16
DA:5568,16
DA:5569,16
DA:5570,16
DA:5571,16
DA:5572,16
DA:5573,16
DA:5574,16
DA:5575,16
DA:5576,16
DA:5577,16
DA:5578,16
DA:5579,16
DA:5580,16
DA:5581,16
DA:5582,16
DA:5583,16
DA:5584,16
DA:5585,16
DA:5586,16
DA:5587,16
DA:5588,16
DA:5589,16
DA:5590,16
DA:5591,16
DA:5592,16
DA:5593,16
DA:5594,16
DA:5595,16
DA:5596,16
DA:5597,16
DA:5598,16
DA:5599,16
DA:5600,16
DA:5601,16
DA:5602,16
DA:5603,16
DA:5604,16
DA:5605,16
DA:5606,16
DA:5607,16
DA:5608,16
DA:5609,16
DA:5610,16
DA:5611,16
DA:5612,16
DA:5613,16
DA:5614,16
DA:5615,16
DA:5616,16
DA:5617,16
DA:5618,16
DA:5619,16
DA:5620,16
DA:5621,16
DA:5622,16
DA:5623,16
DA:5624,16
DA:5625,16
DA:5626,16
DA:5627,16
DA:5628,16
DA:5629,16
DA:5630,16
DA:5631,16
DA:5632,16
DA:5633,16
DA:5634,16
DA:5635,16
DA:5636,16
DA:5637,16
DA:5638,16
DA:5639,16
DA:5640,16
DA:5641,16
DA:5642,16
DA:5643,16
DA:5644,16
DA:5645,16
DA:5646,16
DA:5647,16
DA:5648,16
DA:5649,16
DA:5650,16
DA:5651,16
DA:5652,16
DA:5653,16
DA:5654,16
DA:5655,16
DA:5656,16
DA:5657,16
DA:5658,16
DA:5659,16
DA:5660,16
DA:5661,16
DA:5662,16
DA:5663,16
DA:5664,16
DA:5665,16
DA:5666,16
DA:5667,16
DA:5668,16
DA:5669,16
DA:5670,16
DA:5671,16
DA:5672,16
DA:5673,16
DA:5674,16
DA:5675,16
DA:5676,16
DA:5677,16
DA:5678,16
DA:5679,16
DA:5680,16
DA:5681,16
DA:5682,16
DA:5683,16
DA:5684,16
DA:5685,16
DA:5686,16
DA:5687,16
DA:5688,16
DA:5689,16
DA:5690,16
DA:5691,16
DA:5692,16
DA:5693,16
DA:5694,16
DA:5695,16
DA:5696,16
DA:5697,16
DA:5698,16
DA:5699,16
DA:5700,16
DA:5701,16
DA:5702,16
DA:5703,16
DA:5704,16
DA:5705,16
DA:5706,16
DA:5707,16
DA:5708,16
DA:5709,16
DA:5710,16
DA:5711,16
DA:5712,16
DA:5713,16
DA:5714,16
DA:5715,16
DA:5716,16
DA:5717,16
DA:5718,16
DA:5719,16
DA:5720,16
DA:5721,16
DA:5722,16
DA:5723,16
DA:5724,16
DA:5725,16
DA:5726,16
DA:5727,16
DA:5728,16
DA:5729,16
DA:5730,16
DA:5731,16
DA:5732,16
DA:5733,16
DA:5734,16
DA:5735,16
LF:3684
LH:3670
end_of_record
TN:verilator_coverage
SF:/home/UnityChipForXiangShan/dut/Tage_SC/Tage_SC_top.sv
FNF:0
FNH:0
DA:3,428772
DA:4,20
DA:5,32
DA:6,8575
DA:7,8574
DA:8,8578
DA:9,8577
DA:10,10169
DA:11,10216
DA:12,10191
DA:13,10192
DA:14,10251
DA:15,10111
DA:16,10199
DA:17,10200
DA:18,10296
DA:19,10125
DA:20,10278
DA:21,10193
DA:22,10300
DA:23,10135
DA:24,8755
DA:25,7671
DA:26,8749
DA:27,7672
DA:28,8751
DA:29,7671
DA:30,8751
DA:31,7670
DA:32,8827
DA:33,7908
DA:34,8825
DA:35,7910
DA:36,8826
DA:37,7909
DA:38,8830
DA:39,7902
DA:41,10
DA:42,20
DA:43,40029
DA:44,40027
DA:45,40024
DA:46,40021
DA:47,40026
DA:48,40028
DA:49,40016
DA:50,40028
DA:51,40021
DA:52,40017
DA:53,40023
DA:54,40031
DA:55,23
DA:56,50786
DA:57,46189
DA:58,50224
DA:59,50786
DA:60,50790
DA:61,18
DA:62,18
DA:63,20565
DA:64,21164
DA:65,30723
DA:66,30763
DA:68,21714
DA:69,20769
DA:70,7138
DA:71,16918
DA:722,0
DA:724,0
DA:727,428782
DA:729,428782
DA:732,0
DA:734,0
DA:737,32
DA:739,32
DA:742,214391
DA:744,214391
DA:747,16
DA:749,16
DA:752,214391
DA:754,214391
DA:757,13135
DA:759,13135
DA:762,214391
DA:764,214391
DA:767,13135
DA:769,13135
DA:772,214391
DA:774,214391
DA:777,13135
DA:779,13135
DA:782,214391
DA:784,214391
DA:787,13135
DA:789,13135
DA:792,214391
DA:794,214391
DA:797,19988
DA:799,19988
DA:802,214391
DA:804,214391
DA:807,19988
DA:809,19988
DA:812,214391
DA:814,214391
DA:817,19858
DA:819,19858
DA:822,214391
DA:824,214391
DA:827,19940
DA:829,19940
DA:832,214391
DA:834,214391
DA:837,19849
DA:839,19849
DA:842,214391
DA:844,214391
DA:847,19917
DA:849,19917
DA:852,214391
DA:854,214391
DA:857,19869
DA:859,19869
DA:862,214391
DA:864,214391
DA:867,19852
DA:869,19852
DA:872,214391
DA:874,214391
DA:877,19912
DA:879,19912
DA:882,214391
DA:884,214391
DA:887,19938
DA:889,19938
DA:892,214391
DA:894,214391
DA:897,19992
DA:899,19992
DA:902,214391
DA:904,214391
DA:907,18876
DA:909,18876
DA:912,214391
DA:914,214391
DA:917,19933
DA:919,19933
DA:922,214391
DA:924,214391
DA:927,19910
DA:929,19910
DA:932,428798
DA:934,428798
DA:937,0
DA:939,0
DA:942,428798
DA:944,428798
DA:947,0
DA:949,0
DA:952,428798
DA:954,428798
DA:957,0
DA:959,0
DA:962,428798
DA:964,428798
DA:967,0
DA:969,0
DA:972,428798
DA:974,428798
DA:977,0
DA:979,0
DA:982,428798
DA:984,428798
DA:987,0
DA:989,0
DA:992,428800
DA:994,428800
DA:997,0
DA:999,0
DA:1002,428800
DA:1004,428800
DA:1007,0
DA:1009,0
DA:1012,428798
DA:1014,428798
DA:1017,0
DA:1019,0
DA:1022,428798
DA:1024,428798
DA:1027,0
DA:1029,0
DA:1032,428798
DA:1034,428798
DA:1037,0
DA:1039,0
DA:1042,428798
DA:1044,428798
DA:1047,0
DA:1049,0
DA:1052,428798
DA:1054,428798
DA:1057,0
DA:1059,0
DA:1062,428798
DA:1064,428798
DA:1067,0
DA:1069,0
DA:1072,448801
DA:1074,448801
DA:1077,0
DA:1079,0
DA:1082,448801
DA:1084,448801
DA:1087,0
DA:1089,0
DA:1092,448800
DA:1094,448800
DA:1097,0
DA:1099,0
DA:1102,214391
DA:1104,214391
DA:1107,16
DA:1109,16
DA:1112,214391
DA:1114,214391
DA:1117,16
DA:1119,16
DA:1122,214391
DA:1124,214391
DA:1127,40024
DA:1129,40024
DA:1132,214391
DA:1134,214391
DA:1137,40024
DA:1139,40024
DA:1142,214391
DA:1144,214391
DA:1147,40024
DA:1149,40024
DA:1152,214391
DA:1154,214391
DA:1157,40024
DA:1159,40024
DA:1162,214391
DA:1164,214391
DA:1167,40024
DA:1169,40024
DA:1172,214391
DA:1174,214391
DA:1177,40024
DA:1179,40024
DA:1182,214391
DA:1184,214391
DA:1187,40024
DA:1189,40024
DA:1192,214391
DA:1194,214391
DA:1197,40024
DA:1199,40024
DA:1202,214391
DA:1204,214391
DA:1207,40024
DA:1209,40024
DA:1212,214391
DA:1214,214391
DA:1217,40024
DA:1219,40024
DA:1222,214391
DA:1224,214391
DA:1227,40024
DA:1229,40024
DA:1232,214391
DA:1234,214391
DA:1237,40024
DA:1239,40024
DA:1242,24233915
DA:1244,24233915
DA:1247,0
DA:1249,0
DA:1252,214391
DA:1254,214391
DA:1257,50788
DA:1259,50788
DA:1262,214391
DA:1264,214391
DA:1267,50716
DA:1269,50716
DA:1272,214391
DA:1274,214391
DA:1277,50228
DA:1279,50228
DA:1282,214391
DA:1284,214391
DA:1287,50788
DA:1289,50788
DA:1292,214391
DA:1294,214391
DA:1297,50788
DA:1299,50788
DA:1302,214391
DA:1304,214391
DA:1307,18
DA:1309,18
DA:1312,214391
DA:1314,214391
DA:1317,20
DA:1319,20
DA:1322,214391
DA:1324,214391
DA:1327,20566
DA:1329,20566
DA:1332,214391
DA:1334,214391
DA:1337,21164
DA:1339,21164
DA:1342,214391
DA:1344,214391
DA:1347,30726
DA:1349,30726
DA:1352,214391
DA:1354,214391
DA:1357,30762
DA:1359,30762
DA:1362,214391
DA:1364,214391
DA:1367,50656
DA:1369,50656
DA:1372,214391
DA:1374,214391
DA:1377,41506
DA:1379,41506
DA:1382,428798
DA:1384,428798
DA:1387,0
DA:1389,0
DA:1392,428798
DA:1394,428798
DA:1397,0
DA:1399,0
DA:1402,428798
DA:1404,428798
DA:1407,0
DA:1409,0
DA:1412,3593637
DA:1414,3593637
DA:1417,3808028
DA:1419,3808028
DA:1422,1286362
DA:1424,1286362
DA:1427,1286362
DA:1429,1286362
DA:1432,428798
DA:1434,428798
DA:1437,428798
DA:1439,428798
DA:1442,2358317
DA:1444,2358317
DA:1447,2358317
DA:1449,2358317
DA:1452,2092900
DA:1454,2092900
DA:1457,2092900
DA:1459,2092900
DA:1462,428798
DA:1464,428798
DA:1467,428798
DA:1469,428798
DA:1472,428798
DA:1474,428798
DA:1477,428798
DA:1479,428798
DA:1482,428799
DA:1484,428799
DA:1487,428799
DA:1489,428799
DA:1492,806554
DA:1494,806554
DA:1497,806554
DA:1499,806554
DA:1502,428798
DA:1504,428798
DA:1507,428799
DA:1509,428799
DA:1512,643190
DA:1514,643190
DA:1517,643190
DA:1519,643190
DA:1522,428798
DA:1524,428798
DA:1527,428798
DA:1529,428798
DA:1532,659066
DA:1534,659066
DA:1537,576286
DA:1539,576286
DA:1542,660131
DA:1544,660131
DA:1547,575223
DA:1549,575223
DA:1552,643190
DA:1554,643190
DA:1557,643190
DA:1559,643190
DA:1562,1383504
DA:1564,1383504
DA:1567,1383504
DA:1569,1383504
DA:1572,857580
DA:1574,857580
DA:1577,857580
DA:1579,857580
DA:1582,857580
DA:1584,857580
DA:1587,857580
DA:1589,857580
DA:1592,504482
DA:1594,504482
DA:1597,504482
DA:1599,504482
DA:1602,428827
DA:1604,428827
DA:1607,428827
DA:1609,428827
DA:1612,957924
DA:1614,957924
DA:1617,957924
DA:1619,957924
DA:1622,504483
DA:1624,504483
DA:1627,504483
DA:1629,504483
DA:1632,428800
DA:1634,428800
DA:1637,428800
DA:1639,428800
DA:1642,428800
DA:1644,428800
DA:1647,428800
DA:1649,428800
DA:1652,428800
DA:1654,428800
DA:1657,428800
DA:1659,428800
DA:1662,428800
DA:1664,428800
DA:1667,428800
DA:1669,428800
DA:1672,428800
DA:1674,428800
DA:1677,428800
DA:1679,428800
DA:1682,428800
DA:1684,428800
DA:1687,428800
DA:1689,428800
DA:1692,428800
DA:1694,428800
DA:1697,428800
DA:1699,428800
DA:1702,428800
DA:1704,428800
DA:1707,428800
DA:1709,428800
DA:1712,428800
DA:1714,428800
DA:1717,428800
DA:1719,428800
DA:1722,428800
DA:1724,428800
DA:1727,428800
DA:1729,428800
DA:1732,428800
DA:1734,428800
DA:1737,428800
DA:1739,428800
DA:1742,428800
DA:1744,428800
DA:1747,428800
DA:1749,428800
DA:1752,428800
DA:1754,428800
DA:1757,428800
DA:1759,428800
DA:1762,428800
DA:1764,428800
DA:1767,428800
DA:1769,428800
DA:1772,428800
DA:1774,428800
DA:1777,428800
DA:1779,428800
DA:1782,428800
DA:1784,428800
DA:1787,428800
DA:1789,428800
DA:1792,428800
DA:1794,428800
DA:1797,428800
DA:1799,428800
DA:1802,428800
DA:1804,428800
DA:1807,428800
DA:1809,428800
DA:1812,428800
DA:1814,428800
DA:1817,428800
DA:1819,428800
DA:1822,428800
DA:1824,428800
DA:1827,428800
DA:1829,428800
DA:1832,428800
DA:1834,428800
DA:1837,428800
DA:1839,428800
DA:1842,428800
DA:1844,428800
DA:1847,428800
DA:1849,428800
DA:1852,428800
DA:1854,428800
DA:1857,428800
DA:1859,428800
DA:1862,428800
DA:1864,428800
DA:1867,428800
DA:1869,428800
DA:1872,428800
DA:1874,428800
DA:1877,428800
DA:1879,428800
DA:1882,428800
DA:1884,428800
DA:1887,428800
DA:1889,428800
DA:1892,428800
DA:1894,428800
DA:1897,428800
DA:1899,428800
DA:1902,428800
DA:1904,428800
DA:1907,428800
DA:1909,428800
DA:1912,428800
DA:1914,428800
DA:1917,428800
DA:1919,428800
DA:1922,428800
DA:1924,428800
DA:1927,428800
DA:1929,428800
DA:1932,428800
DA:1934,428800
DA:1937,428800
DA:1939,428800
DA:1942,428800
DA:1944,428800
DA:1947,428800
DA:1949,428800
DA:1952,428800
DA:1954,428800
DA:1957,428800
DA:1959,428800
DA:1962,428800
DA:1964,428800
DA:1967,428800
DA:1969,428800
DA:1972,428800
DA:1974,428800
DA:1977,428800
DA:1979,428800
DA:1982,428800
DA:1984,428800
DA:1987,428800
DA:1989,428800
DA:1992,428800
DA:1994,428800
DA:1997,428800
DA:1999,428800
DA:2002,428800
DA:2004,428800
DA:2007,428800
DA:2009,428800
DA:2012,428800
DA:2014,428800
DA:2017,428800
DA:2019,428800
DA:2022,428800
DA:2024,428800
DA:2027,428800
DA:2029,428800
DA:2032,428800
DA:2034,428800
DA:2037,428800
DA:2039,428800
DA:2042,428800
DA:2044,428800
DA:2047,428800
DA:2049,428800
DA:2052,428800
DA:2054,428800
DA:2057,428800
DA:2059,428800
DA:2062,428800
DA:2064,428800
DA:2067,428800
DA:2069,428800
DA:2072,428800
DA:2074,428800
DA:2077,428800
DA:2079,428800
DA:2082,428800
DA:2084,428800
DA:2087,428800
DA:2089,428800
DA:2092,428800
DA:2094,428800
DA:2097,428800
DA:2099,428800
DA:2102,428800
DA:2104,428800
DA:2107,428800
DA:2109,428800
DA:2112,428800
DA:2114,428800
DA:2117,428800
DA:2119,428800
DA:2122,428800
DA:2124,428800
DA:2127,428800
DA:2129,428800
DA:2132,428800
DA:2134,428800
DA:2137,428800
DA:2139,428800
DA:2142,428800
DA:2144,428800
DA:2147,428800
DA:2149,428800
DA:2152,428800
DA:2154,428800
DA:2157,428800
DA:2159,428800
DA:2162,428800
DA:2164,428800
DA:2167,428800
DA:2169,428800
DA:2172,428800
DA:2174,428800
DA:2177,428800
DA:2179,428800
DA:2182,428800
DA:2184,428800
DA:2187,428800
DA:2189,428800
DA:2192,428800
DA:2194,428800
DA:2197,428800
DA:2199,428800
DA:2202,428800
DA:2204,428800
DA:2207,428800
DA:2209,428800
DA:2212,428800
DA:2214,428800
DA:2217,428800
DA:2219,428800
DA:2222,428800
DA:2224,428800
DA:2227,428800
DA:2229,428800
DA:2232,428800
DA:2234,428800
DA:2237,428800
DA:2239,428800
DA:2242,428800
DA:2244,428800
DA:2247,428800
DA:2249,428800
DA:2252,428800
DA:2254,428800
DA:2257,428800
DA:2259,428800
DA:2262,428800
DA:2264,428800
DA:2267,428800
DA:2269,428800
DA:2272,428800
DA:2274,428800
DA:2277,428800
DA:2279,428800
DA:2282,428800
DA:2284,428800
DA:2287,428800
DA:2289,428800
DA:2292,428800
DA:2294,428800
DA:2297,428800
DA:2299,428800
DA:2302,428800
DA:2304,428800
DA:2307,428800
DA:2309,428800
DA:2312,428800
DA:2314,428800
DA:2317,428800
DA:2319,428800
DA:2322,428800
DA:2324,428800
DA:2327,428800
DA:2329,428800
DA:2332,428800
DA:2334,428800
DA:2337,428800
DA:2339,428800
DA:2342,428800
DA:2344,428800
DA:2347,428800
DA:2349,428800
DA:2352,428800
DA:2354,428800
DA:2357,428800
DA:2359,428800
DA:2362,428800
DA:2364,428800
DA:2367,428800
DA:2369,428800
DA:2372,428800
DA:2374,428800
DA:2377,428800
DA:2379,428800
DA:2382,428800
DA:2384,428800
DA:2387,428800
DA:2389,428800
DA:2392,428800
DA:2394,428800
DA:2397,428800
DA:2399,428800
DA:2402,428800
DA:2404,428800
DA:2407,428800
DA:2409,428800
DA:2412,428800
DA:2414,428800
DA:2417,428800
DA:2419,428800
DA:2422,428800
DA:2424,428800
DA:2427,428800
DA:2429,428800
DA:2432,428800
DA:2434,428800
DA:2437,428800
DA:2439,428800
DA:2442,428800
DA:2444,428800
DA:2447,428800
DA:2449,428800
DA:2452,428800
DA:2454,428800
DA:2457,428800
DA:2459,428800
DA:2462,428800
DA:2464,428800
DA:2467,428800
DA:2469,428800
DA:2472,428800
DA:2474,428800
DA:2477,428800
DA:2479,428800
DA:2482,428800
DA:2484,428800
DA:2487,428800
DA:2489,428800
DA:2492,428800
DA:2494,428800
DA:2497,428800
DA:2499,428800
DA:2502,428800
DA:2504,428800
DA:2507,428800
DA:2509,428800
DA:2512,428800
DA:2514,428800
DA:2517,428800
DA:2519,428800
DA:2522,428800
DA:2524,428800
DA:2527,428800
DA:2529,428800
DA:2532,428800
DA:2534,428800
DA:2537,428800
DA:2539,428800
DA:2542,428800
DA:2544,428800
DA:2547,428800
DA:2549,428800
DA:2552,428800
DA:2554,428800
DA:2557,428800
DA:2559,428800
DA:2562,428800
DA:2564,428800
DA:2567,428800
DA:2569,428800
DA:2572,428800
DA:2574,428800
DA:2577,428800
DA:2579,428800
DA:2582,428800
DA:2584,428800
DA:2587,428800
DA:2589,428800
DA:2592,428800
DA:2594,428800
DA:2597,428800
DA:2599,428800
DA:2602,428800
DA:2604,428800
DA:2607,428800
DA:2609,428800
DA:2612,428800
DA:2614,428800
DA:2617,428800
DA:2619,428800
DA:2622,428800
DA:2624,428800
DA:2627,428800
DA:2629,428800
DA:2632,428800
DA:2634,428800
DA:2637,428800
DA:2639,428800
DA:2642,428800
DA:2644,428800
DA:2647,428800
DA:2649,428800
DA:2652,428800
DA:2654,428800
DA:2657,428800
DA:2659,428800
DA:2662,428800
DA:2664,428800
DA:2667,428800
DA:2669,428800
DA:2672,428800
DA:2674,428800
DA:2677,428800
DA:2679,428800
DA:2682,428800
DA:2684,428800
DA:2687,428800
DA:2689,428800
DA:2692,428800
DA:2694,428800
DA:2697,428800
DA:2699,428800
DA:2702,428800
DA:2704,428800
DA:2707,428800
DA:2709,428800
DA:2712,428800
DA:2714,428800
DA:2717,428800
DA:2719,428800
DA:2722,428800
DA:2724,428800
DA:2727,428800
DA:2729,428800
DA:2732,428800
DA:2734,428800
DA:2737,428800
DA:2739,428800
DA:2742,428800
DA:2744,428800
DA:2747,428800
DA:2749,428800
DA:2752,428800
DA:2754,428800
DA:2757,428800
DA:2759,428800
DA:2762,428800
DA:2764,428800
DA:2767,428800
DA:2769,428800
DA:2772,428800
DA:2774,428800
DA:2777,428800
DA:2779,428800
DA:2782,428800
DA:2784,428800
DA:2787,428800
DA:2789,428800
DA:2792,428800
DA:2794,428800
DA:2797,428800
DA:2799,428800
DA:2802,428800
DA:2804,428800
DA:2807,428800
DA:2809,428800
DA:2812,428800
DA:2814,428800
DA:2817,428800
DA:2819,428800
DA:2822,428800
DA:2824,428800
DA:2827,428800
DA:2829,428800
DA:2832,428800
DA:2834,428800
DA:2837,428800
DA:2839,428800
DA:2842,428800
DA:2844,428800
DA:2847,428800
DA:2849,428800
DA:2852,428800
DA:2854,428800
DA:2857,428800
DA:2859,428800
DA:2862,428800
DA:2864,428800
DA:2867,428800
DA:2869,428800
DA:2872,428800
DA:2874,428800
DA:2877,428800
DA:2879,428800
DA:2882,428800
DA:2884,428800
DA:2887,428800
DA:2889,428800
DA:2892,428800
DA:2894,428800
DA:2897,428800
DA:2899,428800
DA:2902,428800
DA:2904,428800
DA:2907,428800
DA:2909,428800
DA:2912,428798
DA:2914,428798
DA:2917,428798
DA:2919,428798
DA:2922,428798
DA:2924,428798
DA:2927,857580
DA:2929,857580
DA:2932,857580
DA:2934,857580
DA:2937,857580
DA:2939,857580
DA:2942,857580
DA:2944,857580
DA:2947,857580
DA:2949,857580
DA:2952,857580
DA:2954,857580
DA:2957,1155290
DA:2959,1155290
DA:2962,517142
DA:2964,517142
DA:2967,1071971
DA:2969,1071971
DA:2972,1071971
DA:2974,1071971
DA:2977,428798
DA:2979,428798
DA:2982,428798
DA:2984,428798
DA:2987,428798
DA:2989,428798
DA:2992,428798
DA:2994,428798
DA:2997,2125138
DA:2999,2125138
DA:3002,2128278
DA:3004,2128278
DA:3007,428798
DA:3009,428798
DA:3012,428798
DA:3014,428798
DA:3017,2125138
DA:3019,2125138
DA:3022,2128278
DA:3024,2128278
DA:3027,857580
DA:3029,857580
DA:3032,857580
DA:3034,857580
DA:3037,851581
DA:3039,851581
DA:3042,852557
DA:3044,852557
DA:3047,851197
DA:3049,851197
DA:3052,852272
DA:3054,852272
DA:3057,851174
DA:3059,851174
DA:3062,852263
DA:3064,852263
DA:3067,428800
DA:3069,428800
DA:3072,428800
DA:3074,428800
DA:3077,1071971
DA:3079,1071971
DA:3082,1071971
DA:3084,1071971
DA:3087,428798
DA:3089,428798
DA:3092,428798
DA:3094,428798
DA:3097,428798
DA:3099,428798
DA:3102,428798
DA:3104,428798
DA:3107,2142415
DA:3109,2142415
DA:3112,2143294
DA:3114,2143294
DA:3117,428798
DA:3119,428798
DA:3122,428798
DA:3124,428798
DA:3127,2142415
DA:3129,2142415
DA:3132,2143294
DA:3134,2143294
DA:3137,857580
DA:3139,857580
DA:3142,857580
DA:3144,857580
DA:3147,857077
DA:3149,857077
DA:3152,857371
DA:3154,857371
DA:3157,857076
DA:3159,857076
DA:3162,857369
DA:3164,857369
DA:3167,857076
DA:3169,857076
DA:3172,857368
DA:3174,857368
DA:3177,428800
DA:3179,428800
DA:3182,428800
DA:3184,428800
DA:3187,1071971
DA:3189,1071971
DA:3192,1071971
DA:3194,1071971
DA:3197,428798
DA:3199,428798
DA:3202,428798
DA:3204,428798
DA:3207,428798
DA:3209,428798
DA:3212,428798
DA:3214,428798
DA:3217,2143188
DA:3219,2143188
DA:3222,2143674
DA:3224,2143674
DA:3227,428798
DA:3229,428798
DA:3232,428798
DA:3234,428798
DA:3237,2143188
DA:3239,2143188
DA:3242,2143674
DA:3244,2143674
DA:3247,857580
DA:3249,857580
DA:3252,857580
DA:3254,857580
DA:3257,857334
DA:3259,857334
DA:3262,857496
DA:3264,857496
DA:3267,857334
DA:3269,857334
DA:3272,857496
DA:3274,857496
DA:3277,857334
DA:3279,857334
DA:3282,857496
DA:3284,857496
DA:3287,428800
DA:3289,428800
DA:3292,428800
DA:3294,428800
DA:3297,1071971
DA:3299,1071971
DA:3302,1071971
DA:3304,1071971
DA:3307,428798
DA:3309,428798
DA:3312,428798
DA:3314,428798
DA:3317,428798
DA:3319,428798
DA:3322,428798
DA:3324,428798
DA:3327,2143118
DA:3329,2143118
DA:3332,2143594
DA:3334,2143594
DA:3337,428798
DA:3339,428798
DA:3342,428798
DA:3344,428798
DA:3347,2143118
DA:3349,2143118
DA:3352,2143594
DA:3354,2143594
DA:3357,857580
DA:3359,857580
DA:3362,857580
DA:3364,857580
DA:3367,857312
DA:3369,857312
DA:3372,857470
DA:3374,857470
DA:3377,857310
DA:3379,857310
DA:3382,857469
DA:3384,857469
DA:3387,857310
DA:3389,857310
DA:3392,857469
DA:3394,857469
DA:3397,428800
DA:3399,428800
DA:3402,428800
DA:3404,428800
DA:3407,428798
DA:3409,428798
DA:3412,428798
DA:3414,428798
DA:3417,428800
DA:3419,428800
DA:3422,428800
DA:3424,428800
DA:3427,428798
DA:3429,428798
DA:3432,428798
DA:3434,428798
DA:3437,428798
DA:3439,428798
DA:3442,428798
DA:3444,428798
DA:3447,428798
DA:3449,428798
DA:3452,428798
DA:3454,428798
DA:3457,428798
DA:3459,428798
DA:3462,428800
DA:3464,428800
DA:3467,428800
DA:3469,428800
DA:3472,428798
DA:3474,428798
DA:3477,428798
DA:3479,428798
DA:3482,428798
DA:3484,428798
DA:3487,428798
DA:3489,428798
DA:3492,428798
DA:3494,428798
DA:3497,428798
DA:3499,428798
DA:3502,428798
DA:3504,428798
DA:3507,428800
DA:3509,428800
DA:3512,428800
DA:3514,428800
DA:3517,428798
DA:3519,428798
DA:3522,428798
DA:3524,428798
DA:3527,428798
DA:3529,428798
DA:3532,428798
DA:3534,428798
DA:3537,428798
DA:3539,428798
DA:3542,504482
DA:3544,504482
DA:3547,504482
DA:3549,504482
DA:3552,428800
DA:3554,428800
DA:3557,428800
DA:3559,428800
DA:3562,580166
DA:3564,580166
DA:3567,504482
DA:3569,504482
DA:3572,504482
DA:3574,504482
DA:3577,504482
DA:3579,504482
DA:3582,504482
DA:3584,504482
DA:3589,16
DA:3590,16
DA:3591,16
DA:3595,0
DA:3596,0
LF:1218
LH:1170
end_of_record
TN:verilator_coverage
SF:/home/UnityChipForXiangShan/rtl/openxiangshan-kmh-97e37a2237-24092701/rtl/DelayNWithValid.sv
FNF:0
FNH:0
DA:59,428772
DA:60,32
DA:61,20
DA:62,63
DA:65,32
DA:66,32
DA:67,42
DA:68,43
DA:69,55
DA:70,47
DA:71,51
DA:72,55
DA:73,63
DA:74,214391
DA:75,214391
DA:76,214375
DA:77,16
DA:78,214391
DA:79,214364
DA:80,27
DA:81,214391
DA:82,214360
DA:83,31
DA:84,214391
DA:85,214352
DA:86,39
DA:87,214342
DA:88,49
DA:95,16
LF:29
LH:29
end_of_record
TN:verilator_coverage
SF:/home/UnityChipForXiangShan/rtl/openxiangshan-kmh-97e37a2237-24092701/rtl/FoldedSRAMTemplate.sv
FNF:0
FNH:0
DA:59,1715100
DA:60,97
DA:61,46008
DA:62,160059
DA:63,40464
DA:64,3661
DA:65,3657
DA:66,45972
DA:67,10289
DA:68,8613
DA:69,8431
DA:70,9077
DA:71,89
DA:90,40356
DA:91,160063
DA:92,40372
DA:93,40378
DA:94,160060
DA:95,40368
DA:96,40363
DA:104,857564
DA:105,777548
DA:106,80016
DA:107,777548
DA:108,80016
DA:109,777548
DA:110,80016
DA:112,857564
DA:113,857500
DA:114,64
DA:115,64
DA:117,857500
DA:118,857500
DA:119,857500
DA:127,64
DA:139,64
DA:140,64
DA:141,64
LF:38
LH:38
end_of_record
TN:verilator_coverage
SF:/home/UnityChipForXiangShan/rtl/openxiangshan-kmh-97e37a2237-24092701/rtl/FoldedSRAMTemplate_1.sv
FNF:0
FNH:0
DA:59,6860368
DA:60,398
DA:61,44032
DA:62,160166
DA:63,161550
DA:64,12462
DA:65,10262
DA:66,10033
DA:67,12616
DA:68,10581
DA:69,10190
DA:70,43838
DA:71,39127
DA:72,41397
DA:73,40616
DA:74,41397
DA:75,41445
DA:76,136292
LF:18
LH:18
end_of_record
TN:verilator_coverage
SF:/home/UnityChipForXiangShan/rtl/openxiangshan-kmh-97e37a2237-24092701/rtl/FoldedSRAMTemplate_20.sv
FNF:0
FNH:0
DA:59,428772
DA:60,20
DA:61,40027
DA:62,8497
DA:63,9445
DA:64,9485
DA:65,44195
DA:66,40701
DA:67,13088
DA:68,13297
DA:69,35365
DA:80,8489
DA:81,40018
DA:82,8486
DA:83,8486
DA:84,40014
DA:85,8481
DA:86,8482
DA:90,214391
DA:91,194378
DA:92,20013
DA:93,194387
DA:94,20004
DA:95,194387
DA:96,20004
DA:98,214391
DA:99,214375
DA:100,16
DA:101,16
DA:103,214375
DA:104,214375
DA:105,214375
DA:113,16
DA:125,16
DA:126,16
DA:127,16
LF:36
LH:36
end_of_record
TN:verilator_coverage
SF:/home/UnityChipForXiangShan/rtl/openxiangshan-kmh-97e37a2237-24092701/rtl/IndexableCAMTemplate.sv
FNF:0
FNH:0
DA:59,13720762
DA:60,78233
DA:61,8955
DA:62,8290
DA:63,8610
DA:64,8218
DA:65,8663
DA:66,8304
DA:67,8429
DA:68,8204
DA:69,43060
DA:70,78233
DA:71,22834
DA:74,1909
DA:75,1770
DA:76,1833
DA:77,1732
DA:78,1879
DA:79,1741
DA:80,1759
DA:81,1745
DA:82,6860512
DA:83,6857650
DA:84,2862
DA:85,6857873
DA:86,2639
DA:87,6857795
DA:88,2717
DA:89,6857905
DA:90,2607
DA:91,6857757
DA:92,2755
DA:93,6857895
DA:94,2617
DA:95,6857841
DA:96,2671
DA:97,6857952
DA:98,2560
DA:105,512
LF:39
LH:39
end_of_record
TN:verilator_coverage
SF:/home/UnityChipForXiangShan/rtl/openxiangshan-kmh-97e37a2237-24092701/rtl/IndexableCAMTemplate_32.sv
FNF:0
FNH:0
DA:59,428772
DA:60,7948
DA:61,6669
DA:62,931
DA:63,3589
DA:64,69
DA:65,6467
DA:66,637
DA:67,2268
DA:68,72
DA:69,578
DA:70,7948
DA:71,7123
DA:72,61
DA:73,16
DA:76,65
DA:77,48
DA:78,51
DA:79,47
DA:80,55
DA:81,48
DA:82,49
DA:83,46
DA:93,214391
DA:94,214338
DA:95,53
DA:96,214358
DA:97,33
DA:98,214355
DA:99,36
DA:100,214359
DA:101,32
DA:102,214352
DA:103,39
DA:104,214358
DA:105,33
DA:106,214356
DA:107,35
DA:108,214359
DA:109,32
DA:116,16
LF:41
LH:41
end_of_record
TN:verilator_coverage
SF:/home/UnityChipForXiangShan/rtl/openxiangshan-kmh-97e37a2237-24092701/rtl/IndexableCAMTemplate_33.sv
FNF:0
FNH:0
DA:59,3430184
DA:60,26940
DA:61,8399
DA:62,3706
DA:63,5164
DA:64,3580
DA:65,5137
DA:66,3914
DA:67,3954
DA:68,3715
DA:69,7889
DA:70,3758
DA:71,4194
DA:72,3763
DA:73,5118
DA:74,4379
DA:75,3973
DA:76,3761
DA:77,34441
DA:78,26940
DA:79,24056
DA:82,806
DA:83,747
DA:84,731
DA:85,728
DA:86,748
DA:87,720
DA:88,749
DA:89,723
DA:90,748
DA:91,719
DA:92,734
DA:93,730
DA:94,745
DA:95,732
DA:96,749
DA:97,726
DA:98,1715128
DA:99,1713921
DA:100,1207
DA:101,1714058
DA:102,1070
DA:103,1714054
DA:104,1074
DA:105,1714072
DA:106,1056
DA:107,1714041
DA:108,1087
DA:109,1714075
DA:110,1053
DA:111,1714061
DA:112,1067
DA:113,1714077
DA:114,1051
DA:115,1714031
DA:116,1097
DA:117,1714063
DA:118,1065
DA:119,1714046
DA:120,1082
DA:121,1714072
DA:122,1056
DA:123,1714047
DA:124,1081
DA:125,1714071
DA:126,1057
DA:127,1714058
DA:128,1070
DA:129,1714072
DA:130,1056
DA:137,128
LF:71
LH:71
end_of_record
TN:verilator_coverage
SF:/home/UnityChipForXiangShan/rtl/openxiangshan-kmh-97e37a2237-24092701/rtl/MaxPeriodFibonacciLFSR.sv
FNF:0
FNH:0
DA:59,857544
DA:60,40
DA:61,211715
DA:62,211717
DA:63,211708
DA:64,211703
DA:65,211704
DA:66,211683
DA:67,211657
DA:68,211643
DA:69,211622
DA:70,211603
DA:71,211578
DA:72,211555
DA:73,211555
DA:74,211540
DA:75,211538
DA:78,211715
DA:79,211717
DA:80,211708
DA:81,211703
DA:82,211704
DA:83,211683
DA:84,211657
DA:85,211643
DA:86,211622
DA:87,211603
DA:88,211578
DA:89,211555
DA:90,211555
DA:91,211540
DA:92,211538
DA:93,428782
DA:94,428750
DA:95,32
DA:96,32
DA:97,32
DA:98,32
DA:99,32
DA:100,32
DA:101,32
DA:102,32
DA:103,32
DA:104,32
DA:105,32
DA:106,32
DA:107,32
DA:108,32
DA:109,32
DA:111,428750
DA:112,428750
DA:113,428750
DA:114,428750
DA:115,428750
DA:116,428750
DA:117,428750
DA:118,428750
DA:119,428750
DA:120,428750
DA:121,428750
DA:122,428750
DA:123,428750
DA:124,428750
DA:125,428750
DA:126,428750
DA:134,32
DA:156,32
DA:157,32
DA:158,32
DA:159,32
DA:160,32
DA:161,32
DA:162,32
DA:163,32
DA:164,32
DA:165,32
DA:166,32
DA:167,32
DA:168,32
DA:169,32
DA:170,32
DA:171,32
LF:82
LH:82
end_of_record
TN:verilator_coverage
SF:/home/UnityChipForXiangShan/rtl/openxiangshan-kmh-97e37a2237-24092701/rtl/SCTable.sv
FNF:0
FNH:0
DA:59,428772
DA:60,20
DA:61,40021
DA:62,8577
DA:63,7423
DA:64,7104
DA:65,6623
DA:66,5928
DA:67,2758
DA:68,22579
DA:69,13474
DA:70,4359
DA:71,2743
DA:72,3171
DA:73,2733
DA:74,3338
DA:75,3420
DA:92,8565
DA:93,9168
DA:96,8573
DA:99,9607
DA:102,8734
DA:105,2958
DA:107,10632
DA:121,3374
DA:123,10930
DA:127,2941
DA:129,11002
DA:143,3392
DA:145,11081
DA:155,214391
DA:156,194383
DA:157,20008
DA:164,16
LF:34
LH:34
end_of_record
TN:verilator_coverage
SF:/home/UnityChipForXiangShan/rtl/openxiangshan-kmh-97e37a2237-24092701/rtl/SCTable_1.sv
FNF:0
FNH:0
DA:59,428772
DA:60,20
DA:61,40021
DA:62,8577
DA:63,10193
DA:64,9097
DA:65,8640
DA:66,8595
DA:67,8453
DA:68,2754
DA:69,3719
DA:70,22579
DA:71,13474
DA:72,3443
DA:73,3258
DA:74,3174
DA:75,2723
DA:76,3334
DA:77,3418
DA:94,8565
DA:95,9173
DA:98,8569
DA:101,9608
DA:104,8727
DA:107,3831
DA:108,2959
DA:110,11769
DA:124,3375
DA:126,11793
DA:130,2943
DA:132,12154
DA:146,3398
DA:148,12156
DA:158,214391
DA:159,194383
DA:160,20008
DA:167,16
LF:37
LH:37
end_of_record
TN:verilator_coverage
SF:/home/UnityChipForXiangShan/rtl/openxiangshan-kmh-97e37a2237-24092701/rtl/SCTable_2.sv
FNF:0
FNH:0
DA:59,428772
DA:60,20
DA:61,40021
DA:62,8577
DA:63,10300
DA:64,5524
DA:65,5405
DA:66,5118
DA:67,5131
DA:68,2751
DA:69,3718
DA:70,22579
DA:71,13474
DA:72,2611
DA:73,2225
DA:74,3173
DA:75,2731
DA:76,3332
DA:77,3414
DA:94,8570
DA:95,9173
DA:98,8570
DA:101,9602
DA:104,8727
DA:107,3823
DA:110,2958
DA:112,11894
DA:126,3365
DA:128,11918
DA:132,2946
DA:134,12175
DA:148,3394
DA:150,12165
DA:160,214391
DA:161,194383
DA:162,20008
DA:169,16
LF:37
LH:37
end_of_record
TN:verilator_coverage
SF:/home/UnityChipForXiangShan/rtl/openxiangshan-kmh-97e37a2237-24092701/rtl/SCTable_3.sv
FNF:0
FNH:0
DA:59,428772
DA:60,20
DA:61,40021
DA:62,8577
DA:63,10135
DA:64,5536
DA:65,5518
DA:66,5261
DA:67,5195
DA:68,2754
DA:69,3717
DA:70,22579
DA:71,13474
DA:72,2593
DA:73,2394
DA:74,3180
DA:75,2726
DA:76,3329
DA:77,3414
DA:94,8564
DA:95,9167
DA:98,8569
DA:101,9608
DA:104,8732
DA:107,3807
DA:109,2963
DA:111,11930
DA:125,3370
DA:127,11952
DA:131,2936
DA:133,12177
DA:147,3387
DA:149,12171
DA:159,214391
DA:160,194383
DA:161,20008
DA:168,16
LF:37
LH:37
end_of_record
TN:verilator_coverage
SF:/home/UnityChipForXiangShan/rtl/openxiangshan-kmh-97e37a2237-24092701/rtl/SRAMTemplate_35.sv
FNF:0
FNH:0
DA:59,1715100
DA:60,97
DA:61,46008
DA:62,160059
DA:63,40387
DA:64,3148
DA:65,3452
DA:66,3941
DA:67,3926
DA:68,3835
DA:69,3729
DA:70,3801
DA:71,3553
DA:72,3429
DA:73,3680
DA:74,3317
DA:75,2770
DA:76,4347
DA:77,3359
DA:78,3467
DA:79,3437
DA:80,45972
DA:81,9608
DA:82,8613
DA:83,8431
DA:84,8613
DA:85,8431
DA:86,8613
DA:87,8431
DA:88,8613
DA:89,8431
DA:90,8613
DA:91,8431
DA:92,8613
[...]
SF:/home/UnityChipForXiangShan/rtl/openxiangshan-kmh-97e37a2237-24092701/rtl/array_2_ext.v
FNF:0
FNH:0
DA:3,1715100
DA:4,65150
DA:5,206046
DA:6,46012
DA:7,3008
DA:8,8915
DA:9,5853
DA:12,160100
DA:13,40368
DA:25,857564
DA:26,857564
DA:27,857564
DA:28,777548
DA:29,857564
DA:30,816265
DA:31,41299
LF:16
LH:16
end_of_record
TN:verilator_coverage
SF:/home/UnityChipForXiangShan/rtl/openxiangshan-kmh-97e37a2237-24092701/rtl/array_3.sv
FNF:0
FNH:0
DA:59,294312
DA:60,204044
DA:61,6860368
DA:62,44028
DA:63,44324
DA:64,24620
DA:65,136395
LF:7
LH:7
end_of_record
TN:verilator_coverage
SF:/home/UnityChipForXiangShan/rtl/openxiangshan-kmh-97e37a2237-24092701/rtl/array_3_ext.v
FNF:0
FNH:0
DA:3,6860368
DA:4,294312
DA:5,204044
DA:6,44028
DA:7,136395
DA:8,44324
DA:9,24620
DA:12,160307
DA:13,40513
DA:25,3430256
DA:26,3430256
DA:27,3430256
DA:28,3350240
DA:29,3430256
DA:30,3277106
DA:31,306300
DA:32,291326
DA:33,291326
LF:18
LH:18
end_of_record
TN:verilator_coverage
SF:/home/UnityChipForXiangShan/rtl/openxiangshan-kmh-97e37a2237-24092701/rtl/array_4.sv
FNF:0
FNH:0
DA:59,2955
DA:60,40027
DA:61,428772
DA:62,7239
DA:63,11041
DA:64,44195
DA:65,428772
DA:66,13582
DA:67,33849
LF:9
LH:9
end_of_record
TN:verilator_coverage
SF:/home/UnityChipForXiangShan/rtl/openxiangshan-kmh-97e37a2237-24092701/rtl/array_4_ext.v
FNF:0
FNH:0
DA:3,428772
DA:4,11041
DA:5,44195
DA:6,13582
DA:7,33849
DA:8,428772
DA:9,2955
DA:10,40027
DA:11,7239
DA:14,40038
DA:15,2955
DA:27,214391
DA:28,214391
DA:29,214391
DA:30,194378
DA:31,214391
DA:32,171432
DA:33,43915
DA:34,44686
DA:35,42525
DA:36,40105
DA:37,39734
DA:38,42245
DA:39,43726
DA:40,42227
LF:25
LH:25
end_of_record
TN:verilator_coverage
SF:/home/UnityChipForXiangShan/rtl/openxiangshan-kmh-97e37a2237-24092701/rtl/array_5.sv
FNF:0
FNH:0
DA:59,38763
DA:60,160078
DA:61,1715100
DA:62,36278
DA:63,29624
DA:64,96548
DA:65,1715100
DA:66,51295
DA:67,42860
LF:9
LH:9
end_of_record
TN:verilator_coverage
SF:/home/UnityChipForXiangShan/rtl/openxiangshan-kmh-97e37a2237-24092701/rtl/array_5_ext.v
FNF:0
FNH:0
DA:3,1715100
DA:4,29624
DA:5,96548
DA:6,51295
DA:7,42860
DA:8,1715100
DA:9,38763
DA:10,160078
DA:11,36278
DA:14,160108
DA:15,38736
DA:27,857564
DA:28,857564
DA:29,857564
DA:30,777532
DA:31,857564
DA:32,792892
DA:33,39864
DA:34,39696
DA:35,39044
DA:36,38908
LF:21
LH:21
end_of_record
TN:verilator_coverage
SF:/home/UnityChipForXiangShan/rtl/openxiangshan-kmh-97e37a2237-24092701/rtl/data_mem_0_8x3.sv
FNF:0
FNH:0
DA:60,31641
DA:61,244
DA:62,13720762
DA:63,31320
DA:64,31960
DA:65,74629
DA:66,13720762
DA:67,81882
DA:70,2153
DA:71,6860512
DA:72,6823290
DA:73,37222
DA:77,512
LF:13
LH:13
end_of_record
TN:verilator_coverage
SF:/home/UnityChipForXiangShan/rtl/openxiangshan-kmh-97e37a2237-24092701/rtl/data_mem_16x12.sv
FNF:0
FNH:0
DA:60,28921
DA:61,62
DA:62,3430184
DA:63,49824
DA:64,28921
DA:65,62
DA:66,3430184
DA:67,49823
DA:68,28940
DA:69,144193
DA:70,3430184
DA:71,93652
DA:72,77210
DA:75,5303
DA:76,1715128
DA:77,1677596
DA:78,37532
DA:79,1680552
DA:80,34576
DA:84,128
LF:20
LH:20
end_of_record
TN:verilator_coverage
SF:/home/UnityChipForXiangShan/rtl/openxiangshan-kmh-97e37a2237-24092701/rtl/data_mem_8x4.sv
FNF:0
FNH:0
DA:60,7485
DA:61,10
DA:62,428772
DA:63,17397
DA:64,7485
DA:65,10
DA:66,428772
DA:67,17401
DA:68,7486
DA:69,44197
DA:70,428772
DA:71,15218
DA:72,41449
DA:75,5777
DA:76,214391
DA:77,193673
DA:78,20718
DA:79,200868
DA:80,13523
DA:84,16
LF:20
LH:20
end_of_record
TN:verilator_coverage
SF:/home/UnityChipForXiangShan/scripts/backend_ctrlblock_decode/../../rtl/rtl/DecodeUnit.sv
FNF:0
FNH:0
DA:59,155
DA:60,24
DA:61,14
DA:62,22
DA:63,19
DA:64,18
DA:65,8
DA:66,18
DA:67,23
DA:68,20
DA:69,14
DA:70,17
DA:71,16
DA:72,13
DA:73,15
DA:74,22
DA:75,15
DA:76,22
DA:77,21
DA:78,27
DA:79,17
DA:80,8
DA:81,19
DA:82,19
DA:83,21
DA:84,23
DA:85,9
DA:86,25
DA:87,23
DA:88,19
DA:89,15
DA:90,24
DA:91,16
DA:92,15
DA:93,16
DA:94,9
DA:95,25
DA:96,24
DA:97,31
DA:98,155
DA:99,24
DA:100,14
DA:101,22
DA:102,56
DA:103,28
DA:104,18
DA:105,8
DA:106,18
DA:107,23
DA:108,20
DA:109,14
DA:110,17
DA:111,16
DA:112,13
DA:113,15
DA:114,22
DA:115,15
DA:116,22
DA:117,21
DA:118,27
DA:119,17
DA:120,8
DA:121,19
DA:122,6
DA:123,19
DA:124,21
DA:125,23
DA:126,9
DA:127,25
DA:128,23
DA:129,19
DA:130,15
DA:131,24
DA:132,16
DA:133,83
DA:134,103
DA:135,70
DA:136,109
DA:137,19
DA:138,150
DA:139,133
DA:140,153
DA:141,151
DA:142,101
DA:143,109
DA:144,69
DA:145,24
DA:146,71
DA:147,15
DA:148,13
DA:149,6
DA:150,10
DA:151,62
DA:152,125
DA:153,81
DA:154,15
DA:155,45
DA:156,122
DA:157,147
DA:158,19
DA:159,20
DA:160,14
DA:161,29
DA:162,27
DA:163,15
DA:164,16
DA:165,9
DA:166,25
DA:167,24
DA:168,111
DA:169,30
DA:170,122
DA:171,146
DA:172,17
DA:173,13
DA:174,22
DA:175,30
DA:176,11
DA:177,59
DA:178,7
DA:179,12
DA:180,43
DA:181,20
DA:182,66
DA:183,15
DA:184,76
DA:185,62
DA:186,22
DA:187,68
DA:188,18
DA:189,19
DA:190,20
DA:191,17
DA:192,26
DA:193,23
DA:194,13
DA:195,5
DA:196,10
DA:197,26
DA:198,11
DA:199,18
DA:200,25
DA:201,16
DA:202,15
DA:203,27
DA:204,24
DA:205,31
DA:206,18
DA:207,7
DA:208,27
DA:209,27
DA:210,21
DA:213,101
DA:214,125
DA:237,43
DA:3553,112
DA:3936,71
DA:4439,66
DA:4748,122
DA:4955,8
DA:4956,40
DA:4959,11
DA:4960,11
DA:5006,12
DA:5009,13
DA:5080,19
DA:5082,29
DA:5086,27
DA:5090,146
DA:5094,13
DA:5098,27
DA:5111,11
DA:5114,30
DA:5116,11
DA:5118,11
DA:5120,14
DA:5122,12
DA:5123,3
DA:5124,9
DA:5127,9
DA:5128,5
DA:5129,10
DA:5130,70
DA:5379,83
DA:5412,103
LF:185
LH:185
end_of_record
TN:verilator_coverage
SF:/home/UnityChipForXiangShan/scripts/backend_ctrlblock_decode/../../rtl/rtl/DecodeUnitComp.sv
FNF:0
FNH:0
DA:59,337
DA:60,9
DA:61,5
DA:62,4
DA:63,1
DA:64,0
DA:65,3
DA:66,4
DA:67,0
DA:68,53
DA:69,58
DA:70,3
DA:71,1
DA:72,0
DA:73,62
DA:74,53
DA:75,2
DA:76,1
DA:77,1
DA:78,3
DA:79,3
DA:80,0
DA:81,3
DA:82,1
DA:83,3
DA:84,0
DA:85,3
DA:86,1
DA:87,3
DA:88,0
DA:89,1
DA:90,2
DA:91,1
DA:92,1
DA:93,1
DA:94,1
DA:95,2
DA:96,3
DA:97,2
DA:98,3
DA:99,3
DA:100,3
DA:101,1
DA:102,3
DA:103,3
DA:104,39
DA:105,62
DA:106,61
DA:107,40
DA:108,54
DA:109,53
DA:110,56
DA:111,58
DA:112,59
DA:113,42
DA:114,47
DA:115,2
DA:116,2
DA:117,62
DA:118,2
DA:119,1
DA:120,2
DA:121,0
DA:122,0
DA:123,17
DA:124,15
DA:125,0
DA:126,31
DA:127,52
DA:128,43
DA:129,51
DA:130,3
DA:131,0
DA:132,3
DA:133,2
DA:134,51
DA:135,1
DA:136,1
DA:137,1
DA:138,2
DA:139,47
DA:140,3
DA:141,48
DA:142,42
DA:143,1
DA:144,3
DA:145,7
DA:146,12
DA:147,1
DA:148,47
DA:149,0
DA:150,30
DA:151,3
DA:152,53
DA:153,8
DA:154,3
DA:155,61
DA:156,51
DA:157,52
DA:158,1
DA:159,54
DA:160,43
DA:161,5
DA:162,4
DA:163,3
DA:164,11
DA:165,0
DA:166,4
DA:167,1
DA:168,5
DA:169,2
DA:170,4
DA:171,4
DA:172,2
DA:173,3
DA:174,1
DA:175,1
DA:176,1
DA:177,4
DA:178,3
DA:179,3
DA:180,3
DA:181,3
DA:182,2
DA:183,4
DA:184,3
DA:185,2
DA:186,3
DA:187,4
DA:188,3
DA:189,4
DA:190,1
DA:191,5
DA:192,3
DA:193,3
DA:194,5
DA:195,48
DA:196,47
DA:197,46
DA:198,31
DA:199,4
DA:200,47
DA:201,47
DA:202,44
DA:203,50
DA:204,36
DA:205,39
DA:206,8
DA:207,3
DA:208,11
DA:209,1
DA:210,3
DA:211,4
DA:212,5
DA:213,2
DA:214,2
DA:215,15
DA:216,14
DA:217,2
DA:218,25
DA:219,33
DA:220,32
DA:221,4
DA:222,1
DA:223,1
DA:224,2
DA:225,5
DA:226,5
DA:227,3
DA:228,2
DA:229,3
DA:230,5
DA:231,30
DA:232,5
DA:233,1
DA:234,3
DA:235,2
DA:236,34
DA:237,34
DA:238,1
DA:239,3
DA:240,7
DA:241,16
DA:242,1
DA:243,31
DA:244,2
DA:245,1
DA:246,29
DA:247,3
DA:248,14
DA:249,34
DA:250,9
DA:251,51
DA:252,63
DA:253,32
DA:254,4
DA:255,8
DA:256,43
DA:257,5
DA:258,4
DA:259,3
DA:260,11
DA:261,0
DA:262,4
DA:263,1
DA:264,5
DA:265,2
DA:266,4
DA:267,4
DA:268,2
DA:269,3
DA:270,1
DA:271,1
DA:272,1
DA:273,4
DA:274,3
DA:275,3
DA:276,3
DA:277,3
DA:278,2
DA:279,4
DA:280,3
DA:281,2
DA:282,3
DA:283,4
DA:284,3
DA:285,4
DA:286,1
DA:287,5
DA:288,3
DA:289,3
DA:290,5
DA:291,12
DA:292,12
DA:293,12
DA:294,31
DA:295,5
DA:296,31
DA:297,59
DA:298,54
DA:299,55
DA:300,34
DA:301,32
DA:302,2
DA:303,0
DA:304,8
DA:305,10
DA:306,3
DA:307,3
DA:308,5
DA:309,4
DA:310,2
DA:311,15
DA:312,14
DA:313,2
DA:314,25
DA:315,33
DA:316,32
DA:317,3
DA:318,4
DA:319,2
DA:320,5
DA:321,3
DA:322,5
DA:323,3
DA:324,2
DA:325,3
DA:326,5
DA:327,30
DA:328,5
DA:329,0
DA:330,1
DA:331,2
DA:332,34
DA:333,34
DA:334,2
DA:335,3
DA:336,7
DA:337,16
DA:338,1
DA:339,31
DA:340,2
DA:341,0
DA:342,29
DA:343,3
DA:344,55
DA:345,34
DA:346,9
DA:347,1
DA:348,10
DA:349,32
DA:350,4
DA:351,3
DA:352,43
DA:353,5
DA:354,4
DA:355,3
DA:356,11
DA:357,0
DA:358,4
DA:359,1
DA:360,5
DA:361,2
DA:362,4
DA:363,4
DA:364,2
DA:365,3
DA:366,1
DA:367,1
DA:368,1
DA:369,4
DA:370,3
DA:371,3
DA:372,3
DA:373,3
DA:374,2
DA:375,4
DA:376,3
DA:377,2
DA:378,3
DA:379,4
DA:380,3
DA:381,4
DA:382,1
DA:383,5
DA:384,3
DA:385,3
DA:386,5
DA:387,12
DA:388,12
DA:389,11
DA:390,31
DA:391,5
DA:392,32
DA:393,52
DA:394,45
DA:395,44
DA:396,33
DA:397,34
DA:398,2
DA:399,0
DA:400,10
DA:401,3
DA:402,3
DA:403,3
DA:404,3
DA:405,3
DA:406,2
DA:407,15
DA:408,14
DA:409,2
DA:410,25
DA:411,33
DA:412,32
DA:413,3
DA:414,4
DA:415,0
DA:416,2
DA:417,3
DA:418,5
DA:419,3
DA:420,2
DA:421,3
DA:422,5
DA:423,30
DA:424,5
DA:425,0
DA:426,3
DA:427,0
DA:428,34
DA:429,34
DA:430,2
DA:431,3
DA:432,7
DA:433,16
DA:434,1
DA:435,31
DA:436,2
DA:437,1
DA:438,29
DA:439,3
DA:440,51
DA:441,34
DA:442,9
DA:443,1
DA:444,0
DA:445,32
DA:446,4
DA:447,3
DA:448,43
DA:449,5
DA:450,4
DA:451,3
DA:452,11
DA:453,0
DA:454,4
DA:455,1
DA:456,5
DA:457,2
DA:458,4
DA:459,4
DA:460,2
DA:461,3
DA:462,1
DA:463,1
DA:464,1
DA:465,4
DA:466,3
DA:467,3
DA:468,3
DA:469,3
DA:470,2
DA:471,4
DA:472,3
DA:473,2
DA:474,3
DA:475,4
DA:476,3
DA:477,4
DA:478,1
DA:479,5
DA:480,3
DA:481,3
DA:482,5
DA:483,13
DA:484,12
DA:485,12
DA:486,31
DA:487,4
DA:488,32
DA:489,58
DA:490,47
DA:491,48
DA:492,33
DA:493,33
DA:494,1
DA:495,3
DA:496,10
DA:497,3
DA:498,3
DA:499,3
DA:500,5
DA:501,1
DA:502,2
DA:503,15
DA:504,14
DA:505,2
DA:506,25
DA:507,33
DA:508,32
DA:509,1
DA:510,3
DA:511,3
DA:512,5
DA:513,4
DA:514,5
DA:515,3
DA:516,2
DA:517,3
DA:518,5
DA:519,30
DA:520,5
DA:521,0
DA:522,0
DA:523,0
DA:524,34
DA:525,34
DA:526,3
DA:527,3
DA:528,7
DA:529,16
DA:530,1
DA:531,31
DA:532,2
DA:533,0
DA:534,29
DA:535,3
DA:536,54
DA:537,34
DA:538,9
DA:539,3
DA:540,1
DA:541,32
DA:542,4
DA:543,2
DA:544,43
DA:545,5
DA:546,4
DA:547,3
DA:548,11
DA:549,0
DA:550,4
DA:551,1
DA:552,5
DA:553,2
DA:554,4
DA:555,4
DA:556,2
DA:557,3
DA:558,1
DA:559,1
DA:560,1
DA:561,4
DA:562,3
DA:563,3
DA:564,3
DA:565,3
DA:566,2
DA:567,4
DA:568,3
DA:569,2
DA:570,3
DA:571,4
DA:572,3
DA:573,4
DA:574,1
DA:575,5
DA:576,3
DA:577,3
DA:578,5
DA:579,12
DA:580,12
DA:581,11
DA:582,31
DA:583,5
DA:584,32
DA:585,61
DA:586,50
DA:587,50
DA:588,34
DA:589,34
DA:590,1
DA:591,1
DA:592,11
DA:593,3
DA:594,3
DA:595,4
DA:596,3
DA:597,3
DA:598,2
DA:599,15
DA:600,14
DA:601,2
DA:602,25
DA:603,33
DA:604,32
DA:605,3
DA:606,1
DA:607,3
DA:608,4
DA:609,5
DA:610,5
DA:611,3
DA:612,2
DA:613,3
DA:614,5
DA:615,30
DA:616,5
DA:617,0
DA:618,2
DA:619,0
DA:620,34
DA:621,34
DA:622,1
DA:623,3
DA:624,7
DA:625,16
DA:626,1
DA:627,31
DA:628,2
DA:629,3
DA:630,29
DA:631,3
DA:632,53
DA:633,34
DA:634,9
DA:635,0
DA:636,1
DA:637,32
DA:638,4
DA:639,2
DA:640,43
DA:641,5
DA:642,4
DA:643,3
DA:644,11
DA:645,0
DA:646,4
DA:647,1
DA:648,5
DA:649,2
DA:650,4
DA:651,4
DA:652,2
DA:653,3
DA:654,1
DA:655,1
DA:656,1
DA:657,4
DA:658,3
DA:659,3
DA:660,3
DA:661,3
DA:662,2
DA:663,4
DA:664,3
DA:665,2
DA:666,3
DA:667,4
DA:668,3
DA:669,4
DA:670,1
DA:671,5
DA:672,3
DA:673,3
DA:674,5
DA:675,12
DA:676,12
DA:677,11
DA:678,31
DA:679,4
DA:680,33
DA:681,59
DA:682,50
DA:683,51
DA:684,33
DA:685,33
DA:686,2
DA:687,3
DA:688,10
DA:689,3
DA:690,3
DA:691,4
DA:692,3
DA:693,4
DA:694,2
DA:695,15
DA:696,14
DA:697,2
DA:698,25
DA:699,33
DA:700,32
DA:701,2
DA:702,4
DA:703,0
DA:704,4
DA:705,4
DA:706,5
DA:707,3
DA:708,2
DA:709,3
DA:710,5
DA:711,30
DA:712,5
DA:713,3
DA:714,2
DA:715,2
DA:716,34
DA:717,34
DA:718,3
DA:719,3
DA:720,7
DA:721,16
DA:722,1
DA:723,31
DA:724,2
DA:725,1
DA:726,29
DA:727,3
DA:728,55
DA:729,34
DA:730,9
DA:731,1
DA:732,2
DA:733,32
DA:734,4
DA:735,61
DA:883,43
DA:884,5
DA:885,4
DA:886,3
DA:887,11
DA:888,0
DA:889,4
DA:890,1
DA:891,5
DA:892,2
DA:893,4
DA:894,4
DA:895,2
DA:896,3
DA:897,1
DA:898,1
DA:899,1
DA:900,4
DA:901,3
DA:902,3
DA:903,3
DA:904,3
DA:905,2
DA:906,4
DA:907,3
DA:908,2
DA:909,3
DA:910,4
DA:911,3
DA:912,4
DA:913,1
DA:914,5
DA:915,3
DA:916,3
DA:917,5
DA:918,34
DA:919,11
DA:920,12
DA:921,32
DA:922,5
DA:923,39
DA:924,36
DA:925,43
DA:926,44
DA:927,34
DA:928,33
DA:929,1
DA:930,1
DA:931,9
DA:932,3
DA:933,3
DA:934,5
DA:935,4
DA:936,2
DA:937,15
DA:938,14
DA:939,2
DA:940,25
DA:941,33
DA:942,32
DA:943,4
DA:944,1
DA:945,0
DA:946,5
DA:947,5
DA:948,5
DA:949,3
DA:950,2
DA:951,3
DA:952,5
DA:953,30
DA:954,5
DA:955,34
DA:956,34
DA:957,0
DA:958,3
DA:959,7
DA:960,16
DA:961,1
DA:962,31
DA:963,2
DA:964,29
DA:965,3
DA:966,34
DA:967,9
DA:968,4
DA:969,12
DA:970,32
DA:971,4
DA:972,39
DA:973,34
DA:974,42
DA:975,18
DA:976,1
DA:977,54
DA:978,61
DA:979,1
DA:982,34
DA:983,25
DA:986,9
DA:987,0
DA:988,0
DA:989,0
DA:990,0
DA:991,1
DA:992,1
DA:993,1
DA:994,2
DA:995,2
DA:996,0
DA:997,2
DA:998,1
DA:999,3
DA:1000,2
DA:1001,2
DA:1002,3
DA:1003,0
DA:1004,0
DA:1005,2
DA:1006,1
DA:1007,1
DA:1008,1
DA:1009,0
DA:1010,2
DA:1011,3
DA:1012,1
DA:1013,3
DA:1014,3
DA:1015,3
DA:1016,0
DA:1017,3
DA:1018,3
DA:1019,0
DA:1020,3
DA:1021,0
DA:1022,3
DA:1023,0
DA:1024,0
DA:1025,0
DA:1026,2
DA:1027,0
DA:1028,3
DA:1029,3
DA:1030,3
DA:1031,1
DA:1032,0
DA:1033,2
DA:1034,3
DA:1035,3
DA:1036,2
DA:1037,0
DA:1038,3
DA:1039,0
DA:1040,3
DA:1041,2
DA:1042,3
DA:1043,2
DA:1044,1
DA:1045,1
DA:1046,0
DA:1047,1
DA:1048,2
DA:1049,0
DA:1192,3
DA:1193,3
DA:1195,2
DA:1197,2
DA:1199,6
DA:1201,5
DA:1258,1
DA:1616,8
DA:1637,1
DA:1738,1
DA:1739,3
DA:1754,2
DA:1756,0
DA:1798,2
DA:1800,3
DA:1802,1
DA:1833,1
DA:1837,1
DA:1852,2
DA:1855,2
DA:1857,0
DA:1865,0
DA:1866,3
DA:8080,32
DA:8172,11
DA:8186,12
DA:8214,11
DA:8309,39
DA:8376,43
DA:8504,3
DA:8624,4
DA:8628,36
DA:8632,34
DA:8700,33
DA:8744,26
DA:8881,36
DA:9036,27
DA:9086,26
DA:9146,9
DA:9174,3
DA:9184,10
DA:9230,2
DA:9497,1
DA:9524,0
DA:9591,13
DA:9618,4
DA:9624,4
DA:9635,4
DA:9636,60
DA:9639,4
DA:44008,0
DA:44010,169
DA:44011,121
DA:44012,70
DA:44013,70
DA:44014,70
DA:44015,70
DA:44016,70
DA:44017,70
DA:44018,70
DA:44019,70
DA:44020,70
DA:44021,70
DA:44022,70
DA:44023,70
DA:44024,70
DA:44025,70
DA:44026,70
DA:44027,70
DA:44028,70
DA:44029,70
DA:44030,70
DA:44031,70
DA:44032,70
DA:44033,70
DA:44034,70
DA:44035,70
DA:44036,70
DA:44037,70
DA:44038,70
DA:44039,70
DA:44040,70
DA:44041,70
DA:44042,70
DA:44043,70
DA:44044,70
DA:44045,70
DA:44046,70
DA:44047,70
DA:44048,70
DA:44049,70
DA:44050,70
DA:44051,70
DA:44052,70
DA:44053,70
DA:44054,70
DA:44055,70
DA:44056,70
DA:44057,70
DA:44058,70
DA:44059,70
DA:44060,70
DA:44061,70
DA:44062,70
DA:44063,70
DA:44064,70
DA:44065,70
DA:44066,70
DA:44067,70
DA:44068,70
DA:44069,70
DA:44070,70
DA:44071,70
DA:44072,70
DA:44073,70
DA:44074,70
DA:44075,70
DA:44076,70
DA:44077,70
DA:44078,70
DA:44079,70
DA:44080,70
DA:44081,70
DA:44082,70
DA:44083,70
DA:44084,70
DA:44085,70
DA:44086,70
DA:44087,70
DA:44088,70
DA:44089,70
DA:44090,70
DA:44091,70
DA:44092,70
DA:44093,70
DA:44094,70
DA:44095,70
DA:44096,70
DA:44097,70
DA:44098,70
DA:44099,70
DA:44100,70
DA:44101,70
DA:44102,70
DA:44103,70
DA:44104,70
DA:44105,70
DA:44106,70
DA:44107,70
DA:44108,70
DA:44109,70
DA:44112,172
DA:44113,161
DA:44114,11
DA:44115,11
DA:44117,161
DA:44118,161
DA:44119,1
DA:44120,1
DA:44121,69
DA:44122,69
DA:44123,69
DA:44125,0
DA:44127,69
DA:44128,26
DA:44136,3
DA:44236,3
DA:44237,2
DA:44238,2
LF:1009
LH:947
end_of_record
TN:verilator_coverage
SF:/home/UnityChipForXiangShan/scripts/backend_ctrlblock_decode/../../rtl/rtl/FPDecoder.sv
FNF:0
FNH:0
DA:59,155
DA:60,15
DA:61,15
DA:62,122
DA:63,147
DA:66,153
LF:6
LH:6
end_of_record
TN:verilator_coverage
SF:/home/UnityChipForXiangShan/scripts/backend_ctrlblock_decode/../../rtl/rtl/FPToVecDecoder.sv
FNF:0
FNH:0
DA:59,155
DA:60,9
DA:61,12
DA:62,111
DA:63,17
DA:64,122
DA:65,146
DA:66,12
DA:74,14
LF:9
LH:9
end_of_record
TN:verilator_coverage
SF:/home/UnityChipForXiangShan/scripts/backend_ctrlblock_decode/../../rtl/rtl/UopInfoGen.sv
FNF:0
FNH:0
DA:59,66
DA:60,29
DA:61,27
DA:62,147
DA:63,122
DA:64,144
DA:65,11
DA:66,9
DA:67,62
DA:68,68
DA:69,68
DA:70,18
DA:80,18
DA:87,159
DA:89,20
DA:102,68
LF:16
LH:16
end_of_record
TN:verilator_coverage
SF:/home/UnityChipForXiangShan/scripts/backend_ctrlblock_decode/../../rtl/rtl/VTypeGen.sv
FNF:0
FNH:0
DA:59,337
DA:60,9
DA:61,6
DA:62,85
DA:63,8
DA:64,25
DA:65,8
DA:66,26
DA:67,6
DA:68,15
DA:69,7
DA:70,16
DA:71,6
DA:72,16
DA:73,4
DA:74,3
DA:75,4
DA:76,3
DA:77,5
DA:78,6
DA:79,6
DA:80,10
DA:81,4
DA:82,1
DA:83,0
DA:84,3
DA:85,4
DA:86,4
DA:87,2
DA:88,3
DA:89,5
DA:90,4
DA:91,5
DA:92,3
DA:93,4
DA:94,1
DA:95,4
DA:96,5
DA:97,6
DA:105,9
DA:108,0
DA:111,1
DA:114,2
DA:117,2
DA:120,3
DA:123,11
DA:129,23
DA:139,3
DA:142,4
DA:143,4
DA:144,4
DA:145,4
DA:146,4
DA:147,4
DA:148,1
DA:149,0
DA:150,3
DA:151,4
DA:152,172
DA:153,11
DA:154,11
DA:155,11
DA:156,11
DA:157,11
DA:158,11
DA:159,11
DA:160,11
DA:161,11
DA:162,11
DA:163,11
DA:165,160
DA:166,1
DA:167,1
DA:168,1
DA:169,1
DA:170,1
DA:171,1
DA:172,1
DA:173,1
DA:174,1
DA:175,1
DA:177,160
DA:178,160
DA:179,0
DA:180,0
DA:181,0
DA:182,0
DA:183,0
DA:185,0
DA:186,0
DA:187,0
DA:188,0
DA:189,0
DA:190,0
DA:192,0
DA:193,0
DA:194,0
DA:195,0
DA:196,0
DA:197,0
DA:199,156
DA:204,4
DA:205,4
DA:206,4
DA:207,4
DA:208,4
DA:209,4
DA:218,3
DA:235,3
DA:236,2
DA:237,2
DA:238,2
DA:239,2
DA:240,2
DA:241,2
DA:242,2
DA:243,2
DA:244,2
DA:245,2
LF:119
LH:99
end_of_record
TN:verilator_coverage
SF:/home/UnityChipForXiangShan/scripts/backend_ctrlblock_decode/../../rtl/rtl/VecExceptionGen.sv
FNF:0
FNH:0
DA:59,155
DA:60,83
DA:61,103
DA:62,70
DA:63,101
DA:64,71
DA:65,19
DA:66,29
DA:67,27
DA:68,30
DA:69,68
DA:72,71
DA:78,26
DA:81,12
DA:88,9
DA:93,7
DA:103,31
DA:119,13
DA:127,13
DA:129,11
DA:132,8
DA:136,12
DA:139,7
DA:142,11
DA:143,11
DA:144,9
DA:145,7
DA:146,22
DA:150,11
DA:151,71
DA:154,64
DA:168,158
DA:170,134
DA:172,143
DA:173,7
DA:180,14
DA:181,14
DA:186,29
DA:188,29
DA:190,10
DA:198,25
DA:200,47
DA:210,24
DA:216,38
DA:224,26
DA:236,15
DA:237,57
DA:242,36
DA:244,50
DA:255,20
DA:272,152
DA:277,10
DA:282,8
DA:289,15
LF:54
LH:54
end_of_record
TN:verilator_coverage
SF:/home/UnityChipForXiangShan/scripts/backend_ctrlblock_decode/../../rtl/rtl/VsetModule.sv
FNF:0
FNH:0
DA:59,3
DA:60,3
DA:61,13
DA:62,16
DA:63,15
DA:64,22
DA:65,18
DA:66,3
DA:67,20
DA:68,8
DA:69,5
DA:70,5
DA:71,4
DA:72,3
DA:73,20
DA:76,22
DA:77,20
DA:78,20
DA:82,20
LF:19
LH:19
end_of_record
TN:verilator_coverage
SF:/home/UnityChipForXiangShan/scripts/backend_ctrlblock_decode/../../rtl/rtl/indexedLSNumOfUopTable.sv
FNF:0
FNH:0
DA:59,161
DA:60,146
DA:63,161
LF:3
LH:3
end_of_record
TN:verilator_coverage
SF:/home/UnityChipForXiangShan/scripts/backend_ctrlblock_decode/../../rtl/rtl/indexedLSUopTable_1.sv
FNF:0
FNH:0
DA:59,3
DA:60,3
DA:61,3
DA:64,3
LF:4
LH:4
end_of_record
TN:verilator_coverage
SF:/home/UnityChipForXiangShan/scripts/backend_ctrlblock_decode/../../rtl/rtl/indexedLSUopTable_2.sv
FNF:0
FNH:0
DA:59,3
DA:60,3
DA:61,3
DA:64,3
LF:4
LH:4
end_of_record
TN:verilator_coverage
SF:/home/UnityChipForXiangShan/scripts/backend_ctrlblock_decode/../../rtl/rtl/indexedLSUopTable_3.sv
FNF:0
FNH:0
DA:59,3
DA:60,3
DA:61,3
DA:64,3
LF:4
LH:4
end_of_record
TN:verilator_coverage
SF:/home/UnityChipForXiangShan/scripts/backend_ctrlblock_decode/../../rtl/rtl/indexedLSUopTable_4.sv
FNF:0
FNH:0
DA:59,3
DA:60,2
DA:61,1
DA:64,3
LF:4
LH:4
end_of_record
TN:verilator_coverage
SF:/home/UnityChipForXiangShan/scripts/backend_ctrlblock_decode/../../rtl/rtl/indexedLSUopTable_5.sv
FNF:0
FNH:0
DA:59,3
DA:60,3
DA:61,3
DA:64,2
LF:4
LH:4
end_of_record
TN:verilator_coverage
SF:/home/UnityChipForXiangShan/scripts/backend_ctrlblock_decode/../../rtl/rtl/indexedLSUopTable_6.sv
FNF:0
FNH:0
DA:59,3
DA:60,3
DA:61,1
DA:64,3
LF:4
LH:4
end_of_record
TN:verilator_coverage
SF:/home/UnityChipForXiangShan/scripts/backend_ctrlblock_decode/../../rtl/rtl/indexedLSUopTable_7.sv
FNF:0
FNH:0
DA:59,3
DA:60,3
DA:61,2
LF:3
LH:3
end_of_record
TN:verilator_coverage
SF:/home/UnityChipForXiangShan/scripts/backend_ctrlblock_decode/../../rtl/rtl/strdiedLSNumOfUopTable.sv
FNF:0
FNH:0
DA:59,162
DA:60,118
DA:63,162
LF:3
LH:3
end_of_record
