TN:verilator_coverage
SF:/home/UnityChipForXiangShan/dut/Tage_SC/Tage_SC.v
FNF:0
FNH:0
DA:59,44103
DA:60,1
DA:61,2
DA:62,1267
DA:63,1267
DA:64,1268
DA:65,1268
DA:66,1257
DA:67,1267
DA:68,1262
DA:69,1278
DA:70,1282
DA:71,1284
DA:72,1278
DA:73,1269
DA:74,1345
DA:75,1263
DA:76,1297
DA:77,1279
DA:78,1344
DA:79,1346
DA:80,1140
DA:81,1039
DA:82,1141
DA:83,1040
DA:84,1140
DA:85,1040
DA:86,1141
DA:87,1039
DA:88,1149
DA:89,1048
DA:90,1148
DA:91,1047
DA:92,1148
DA:93,1047
DA:94,1148
DA:95,1047
DA:97,1
DA:98,1
DA:99,5002
DA:100,5002
DA:101,5000
DA:102,5000
DA:103,5001
DA:104,5002
DA:105,5001
DA:106,5001
DA:107,5000
DA:108,5001
DA:109,5001
DA:110,5001
DA:111,1
DA:112,5001
DA:113,5001
DA:114,5001
DA:115,5001
DA:116,5001
DA:117,1
DA:118,0
DA:119,2490
DA:120,2508
DA:121,2501
DA:122,2551
DA:124,2510
DA:125,931
DA:126,555
DA:127,536
DA:130,572
DA:131,579
DA:132,1071
DA:133,962
DA:134,953
DA:135,591
DA:136,591
DA:137,1082
DA:138,1043
DA:139,965
DA:140,1140
DA:141,332
DA:142,665
DA:143,367
DA:144,923
DA:145,17
DA:146,461
DA:147,1398
DA:148,382
DA:149,816
DA:150,380
DA:151,953
DA:152,38
DA:153,728
DA:216,0
DA:217,0
DA:218,0
DA:219,0
DA:220,0
DA:221,0
DA:222,0
DA:223,0
DA:224,1266
DA:225,1267
DA:226,1267
DA:227,1267
DA:228,2
DA:229,1
DA:230,1267
DA:231,1
DA:233,2
DA:235,1267
DA:237,2
DA:238,1
DA:239,1267
DA:240,1
DA:242,2
DA:244,1266
DA:246,2
DA:247,1
DA:248,1267
DA:249,2
DA:251,2
DA:253,1267
DA:255,1
DA:256,1
DA:257,1266
DA:258,2
DA:260,1
DA:262,1267
DA:264,1
DA:265,1
DA:266,1267
DA:267,3
DA:269,0
DA:271,1266
DA:273,2
DA:274,1
DA:275,1266
DA:276,2
DA:278,1
DA:280,1267
DA:282,2
DA:283,1
DA:284,1267
DA:285,3
DA:287,0
DA:289,1267
DA:291,2
DA:292,1
DA:293,1266
DA:294,3
DA:296,1
DA:298,1267
DA:300,3
DA:301,4
DA:302,1
DA:303,1
DA:304,1
DA:305,1
DA:306,1
DA:307,21
DA:308,76
DA:309,71
DA:310,17
DA:311,1
DA:312,0
DA:313,1
DA:314,1
DA:315,0
DA:316,1
DA:317,0
DA:318,1
DA:319,1
DA:320,1
DA:321,1
DA:322,1
DA:323,0
DA:324,1
DA:325,1
DA:326,1
DA:327,1
DA:328,1
DA:329,0
DA:330,1
DA:331,1
DA:332,1
DA:333,1
DA:334,1
DA:335,1
DA:336,1
DA:337,1
DA:338,1
DA:339,1
DA:340,0
DA:341,1
DA:342,1
DA:343,1
DA:344,1
DA:345,1
DA:346,1
DA:347,0
DA:348,1
DA:349,1
DA:350,1
DA:351,1
DA:352,1
DA:353,1
DA:354,0
DA:355,1
DA:356,1
DA:357,1
DA:358,1
DA:359,1
DA:360,1
DA:361,1
DA:362,1
DA:363,1
DA:364,1
DA:365,1
DA:366,1
DA:367,1
DA:368,1
DA:369,1
DA:370,1
DA:371,1
DA:372,1
DA:373,1
DA:374,1
DA:375,1
DA:376,1
DA:377,1
DA:378,1
DA:379,1
DA:380,1
DA:381,1
DA:382,1
DA:383,1
DA:384,1
DA:385,1
DA:386,1
DA:387,1
DA:388,1
DA:389,1
DA:390,1
DA:391,1
DA:392,1
DA:393,1
DA:394,1
DA:395,1
DA:396,0
DA:397,1
DA:398,1
DA:399,1
DA:400,1
DA:401,1
DA:402,1
DA:403,0
DA:404,1
DA:405,0
DA:406,1
DA:407,1
DA:408,1
DA:409,1
DA:410,1
DA:411,1
DA:412,1
DA:413,1
DA:414,1
DA:415,1
DA:416,1
DA:417,1
DA:418,1
DA:419,1
DA:420,1
DA:421,1
DA:422,1
DA:423,1
DA:424,1
DA:425,1
DA:426,0
DA:427,1
DA:428,1
DA:429,1
DA:430,1
DA:431,1
DA:432,1
DA:433,1
DA:434,1
DA:435,6
DA:436,28
DA:437,22
DA:438,3
DA:439,1
DA:440,0
DA:441,1
DA:442,1
DA:443,1
DA:444,1
DA:445,1
DA:446,1
DA:447,1
DA:448,1
DA:449,1
DA:450,1
DA:451,1
DA:452,1
DA:453,1
DA:454,1
DA:455,0
DA:456,1
DA:457,1
DA:458,1
DA:459,1
DA:460,1
DA:461,1
DA:462,1
DA:463,1
DA:464,1
DA:465,1
DA:466,1
DA:467,1
DA:468,1
DA:469,1
DA:470,1
DA:471,1
DA:472,1
DA:473,1
DA:474,1
DA:475,1
DA:476,1
DA:477,1
DA:478,1
DA:479,1
DA:480,1
DA:481,1
DA:482,1
DA:483,1
DA:484,1
DA:485,1
DA:486,1
DA:487,1
DA:488,1
DA:489,1
DA:490,1
DA:491,1
DA:492,1
DA:493,1
DA:494,1
DA:495,1
DA:496,1
DA:497,1
DA:498,1
DA:499,1
DA:500,1
DA:501,1
DA:502,1
DA:503,1
DA:504,1
DA:505,1
DA:506,1
DA:507,1
DA:508,1
DA:509,1
DA:510,1
DA:511,1
DA:512,1
DA:513,1
DA:514,1
DA:515,1
DA:516,1
DA:517,1
DA:518,1
DA:519,1
DA:520,1
DA:521,1
DA:522,1
DA:523,1
DA:524,1
DA:525,1
DA:526,1
DA:527,1
DA:528,1
DA:529,1
DA:530,1
DA:531,1
DA:532,1
DA:533,1
DA:534,1
DA:535,1
DA:536,1
DA:537,1
DA:538,1
DA:539,1
DA:540,1
DA:541,1
DA:542,1
DA:543,1
DA:544,1
DA:545,1
DA:546,1
DA:547,1
DA:548,1
DA:549,1
DA:550,1
DA:551,1
DA:552,1
DA:553,1
DA:554,1
DA:555,1
DA:556,1
DA:557,1
DA:558,1
DA:559,1
DA:560,1
DA:561,1
DA:562,727
DA:563,460
DA:564,38
DA:565,17
DA:566,952
DA:567,379
DA:568,925
DA:569,368
DA:570,383
DA:571,331
DA:572,1139
DA:573,1040
DA:574,1141
DA:575,1041
DA:576,1140
DA:577,1040
DA:578,1141
DA:579,1040
DA:580,1397
DA:581,1140
DA:582,5001
DA:585,2510
DA:589,819
DA:590,2
DA:591,2490
DA:592,2465
DA:593,2508
DA:595,2412
DA:601,983
DA:610,667
DA:611,2
DA:612,1254
DA:613,1920
DA:614,2647
DA:616,1259
DA:622,559
DA:631,2
DA:632,1869
DA:633,546
DA:634,492
DA:635,465
DA:636,454
DA:637,474
DA:638,0
DA:639,788
DA:640,231
DA:641,184
DA:642,195
DA:643,171
DA:644,145
DA:645,0
DA:646,333
DA:647,102
DA:648,70
DA:649,86
DA:650,70
DA:651,54
DA:652,0
DA:653,409
DA:654,109
DA:655,81
DA:656,104
DA:657,81
DA:658,77
DA:659,2
DA:660,812
DA:661,465
DA:662,405
DA:663,462
DA:664,471
DA:665,550
DA:666,564
DA:667,603
DA:668,2
DA:669,379
DA:670,195
DA:671,217
DA:672,194
DA:673,218
DA:674,255
DA:675,263
DA:676,272
DA:677,0
DA:678,135
DA:679,80
DA:680,94
DA:681,86
DA:682,95
DA:683,101
DA:684,108
DA:685,126
DA:686,1
DA:687,199
DA:688,104
DA:689,121
DA:690,114
DA:691,120
DA:692,134
DA:693,126
DA:694,151
DA:695,4540
DA:696,2329
DA:697,1354
DA:698,1081
DA:699,1197
DA:700,1194
DA:701,923
DA:702,51
DA:703,1
DA:704,16
DA:705,1
DA:706,1187
DA:707,1069
DA:708,953
DA:709,982
DA:710,882
DA:711,1131
DA:712,1033
DA:713,621
DA:714,492
DA:715,648
DA:716,488
DA:717,1147
DA:718,1148
DA:719,1149
DA:720,1149
DA:721,1
DA:722,2386
DA:730,2450
DA:737,1232
DA:738,1084
DA:739,925
DA:740,1042
DA:741,879
DA:742,1154
DA:743,1034
DA:744,613
DA:745,570
DA:746,621
DA:747,523
DA:748,1047
DA:749,1048
DA:750,1046
DA:751,1047
DA:752,1
DA:753,2679
DA:761,2270
DA:768,978
DA:769,250
DA:770,254
DA:771,326
DA:772,978
DA:773,250
DA:774,256
DA:775,284
DA:776,978
DA:777,250
DA:778,254
DA:779,171
DA:780,978
DA:781,250
DA:782,255
DA:783,166
DA:784,263
DA:785,230
DA:786,253
DA:787,233
DA:788,238
DA:789,263
DA:790,230
DA:791,254
DA:792,285
DA:793,238
DA:794,325
DA:795,263
DA:796,232
DA:797,254
DA:798,174
DA:799,238
DA:800,326
DA:801,263
DA:802,231
DA:803,252
DA:804,172
DA:805,239
DA:806,326
DA:807,930
DA:808,930
DA:809,554
DA:810,555
DA:811,536
DA:812,536
DA:838,824
DA:926,952
DA:934,726
DA:937,396
DA:946,1157
DA:948,4541
DA:952,4267
DA:962,4267
DA:968,2363
DA:971,1350
DA:974,704
DA:976,577
DA:978,1
DA:979,1016
DA:1068,924
DA:1076,459
DA:1079,339
DA:1088,1049
DA:1090,2329
DA:1094,4320
DA:1104,4321
DA:1110,1086
DA:1113,723
DA:1116,302
DA:1119,269
DA:1121,1
DA:1125,1188
DA:1126,1089
DA:1134,1148
DA:1150,2451
DA:1157,978
DA:1162,1232
DA:1164,1084
DA:1173,1048
DA:1189,2270
DA:1196,263
DA:1198,37
DA:1204,16
DA:1210,22052
DA:1211,22050
DA:1212,2
DA:1213,2
DA:1214,2
DA:1215,2
DA:1217,22050
DA:1218,19550
DA:1219,2500
DA:1220,19550
DA:1221,2500
DA:1222,19550
DA:1223,2500
DA:1224,19550
DA:1225,2500
DA:1227,22052
DA:1228,22052
DA:1229,19551
DA:1230,2501
DA:1231,2501
DA:1232,2501
DA:1233,2501
DA:1234,2501
DA:1235,2501
DA:1236,2501
DA:1237,2501
DA:1238,2501
DA:1239,2501
DA:1240,2501
DA:1241,2501
DA:1242,2501
DA:1243,2501
DA:1244,2501
DA:1245,2501
DA:1246,2501
DA:1247,2501
DA:1248,2501
DA:1249,2501
DA:1250,2501
DA:1251,2501
DA:1252,2501
DA:1253,2501
DA:1254,2501
DA:1255,2501
DA:1256,2501
DA:1257,2501
DA:1258,2501
DA:1259,2501
DA:1260,2501
DA:1261,2501
DA:1262,2501
DA:1263,2501
DA:1264,2501
DA:1265,2501
DA:1266,2501
DA:1267,2501
DA:1268,2501
DA:1269,2501
DA:1270,2501
DA:1271,2501
DA:1272,2501
DA:1273,2501
DA:1274,2501
DA:1275,2501
DA:1276,2501
DA:1278,19552
DA:1279,2500
DA:1280,2500
DA:1282,19551
DA:1283,2501
DA:1284,2501
DA:1286,19551
DA:1287,2501
DA:1288,2501
DA:1289,2501
DA:1290,2501
DA:1291,2501
DA:1292,2501
DA:1293,2501
DA:1294,2501
DA:1295,2501
DA:1296,2501
DA:1297,2501
DA:1298,2501
DA:1299,2501
DA:1300,2501
DA:1301,2501
DA:1302,2501
DA:1303,2501
DA:1304,2501
DA:1305,2501
DA:1306,2501
DA:1307,2501
DA:1308,2501
DA:1309,2501
DA:1310,2501
DA:1311,2501
DA:1312,2501
DA:1313,2501
DA:1314,2501
DA:1315,2501
DA:1316,2501
DA:1317,2501
DA:1318,2501
DA:1320,19551
DA:1321,2501
DA:1322,2501
DA:1323,2501
DA:1324,2501
DA:1325,2501
DA:1326,2501
DA:1327,2501
DA:1328,2501
DA:1329,2501
DA:1330,2501
DA:1331,2501
DA:1332,2501
DA:1333,2501
DA:1334,2501
DA:1335,2501
DA:1336,2501
DA:1338,22052
DA:1339,22052
DA:1340,22052
DA:1341,22052
DA:1342,20944
DA:1343,1108
DA:1344,1108
DA:1345,1108
DA:1346,1108
DA:1347,1108
DA:1348,1108
DA:1349,1108
DA:1350,1108
DA:1351,1108
DA:1352,1108
DA:1353,1108
DA:1354,1108
DA:1355,1108
DA:1356,1108
DA:1358,22052
DA:1359,22052
DA:1360,21549
DA:1361,503
DA:1362,503
DA:1363,503
DA:1364,503
DA:1365,503
DA:1366,503
DA:1367,503
DA:1368,503
DA:1369,503
DA:1370,503
DA:1371,503
DA:1372,503
DA:1373,503
DA:1374,503
DA:1376,22052
DA:1377,22052
DA:1378,21845
DA:1379,207
DA:1380,207
DA:1381,207
DA:1382,207
DA:1383,207
DA:1384,207
DA:1385,207
DA:1386,207
DA:1387,207
DA:1388,207
DA:1389,207
DA:1390,207
DA:1391,207
DA:1392,207
DA:1394,22052
DA:1395,22052
DA:1396,21793
DA:1397,259
DA:1398,259
DA:1399,259
DA:1400,259
DA:1401,259
DA:1402,259
DA:1403,259
DA:1404,259
DA:1405,259
DA:1406,259
DA:1407,259
DA:1408,259
DA:1409,259
DA:1410,259
DA:1411,259
DA:1412,259
DA:1414,22052
DA:1415,22052
DA:1416,22052
DA:1417,22052
DA:1418,22052
DA:1419,22052
DA:1420,22052
DA:1421,22052
DA:1422,22052
DA:1423,22052
DA:1424,19699
DA:1425,2353
DA:1426,2353
DA:1427,2353
DA:1428,2353
DA:1429,2353
DA:1431,19551
DA:1432,2501
DA:1433,2501
DA:1434,2501
DA:1435,2501
DA:1436,2501
DA:1437,2501
DA:1438,2501
DA:1439,2501
DA:1440,2501
DA:1441,2501
DA:1442,2501
DA:1443,2501
DA:1444,2501
DA:1445,2501
DA:1446,2501
DA:1447,2501
DA:1449,19552
DA:1450,2500
DA:1451,2500
DA:1453,19551
DA:1454,2501
DA:1455,2501
DA:1457,22052
DA:1458,22052
DA:1459,22052
DA:1460,21503
DA:1461,549
DA:1462,549
DA:1463,549
DA:1464,549
DA:1465,549
DA:1466,549
DA:1467,549
DA:1469,22052
DA:1470,21503
DA:1471,549
DA:1472,549
DA:1473,549
DA:1474,549
DA:1475,549
DA:1476,549
DA:1477,549
DA:1478,549
DA:1480,22052
DA:1481,21503
DA:1482,549
DA:1483,549
DA:1484,549
DA:1485,549
DA:1486,549
DA:1487,549
DA:1488,549
DA:1489,549
DA:1491,22052
DA:1492,21503
DA:1493,549
DA:1494,549
DA:1495,549
DA:1496,549
DA:1497,549
DA:1498,549
DA:1499,549
DA:1500,549
DA:1502,22052
DA:1503,22052
DA:1504,22052
DA:1505,22052
DA:1506,22052
DA:1507,22052
DA:1508,22052
DA:1509,22052
DA:1510,22052
DA:1511,22052
DA:1512,22052
DA:1513,22052
DA:1514,22052
DA:1515,22052
DA:1516,22052
DA:1527,5001
DA:1537,5000
DA:1556,5001
DA:1566,4999
DA:1582,2497
DA:1595,2534
DA:1602,2764
DA:1731,2518
DA:1740,2392
DA:1869,2627
DA:1886,22052
DA:1887,22051
DA:1888,1
DA:1889,1
DA:1890,1
DA:1891,1
DA:1892,1
DA:1893,1
DA:1894,1
DA:1895,1
DA:1896,1
DA:1897,1
DA:1898,1
DA:1899,1
DA:1900,1
DA:1901,1
DA:1902,1
DA:1903,1
DA:1904,1
DA:1905,1
DA:1906,1
DA:1907,1
DA:1908,1
DA:1909,1
DA:1910,1
DA:1911,1
DA:1912,1
DA:1913,1
DA:1914,1
DA:1915,1
DA:1916,1
DA:1917,1
DA:1918,1
DA:1919,1
DA:1920,1
DA:1921,1
DA:1922,1
DA:1923,1
DA:1924,1
DA:1925,1
DA:1926,1
DA:1927,1
DA:1928,1
DA:1929,1
DA:1930,1
DA:1931,1
DA:1932,1
DA:1933,1
DA:1934,1
DA:1935,1
DA:1936,1
DA:1937,1
DA:1938,1
DA:1939,1
DA:1940,1
DA:1941,1
DA:1942,1
DA:1943,1
DA:1944,1
DA:1945,1
DA:1946,1
DA:1947,1
DA:1948,1
DA:1949,1
DA:1950,1
DA:1951,1
DA:1952,1
DA:1953,1
DA:1954,1
DA:1955,1
DA:1956,1
DA:1957,1
DA:1958,1
DA:1959,1
DA:1960,1
DA:1961,1
DA:1962,1
DA:1963,1
DA:1964,1
DA:1965,1
DA:1966,1
DA:1967,1
DA:1968,1
DA:1969,1
DA:1970,1
DA:1971,1
DA:1972,1
DA:1973,1
DA:1974,1
DA:1975,1
DA:1976,1
DA:1977,1
DA:1978,1
DA:1979,1
DA:1980,1
DA:1981,1
DA:1982,1
DA:1983,1
DA:1984,1
DA:1985,1
DA:1986,1
DA:1987,1
DA:1988,1
DA:1989,1
DA:1990,1
DA:1991,1
DA:1992,1
DA:1993,1
DA:1994,1
DA:1995,1
DA:1996,1
DA:1997,1
DA:1998,1
DA:1999,1
DA:2000,1
DA:2001,1
DA:2002,1
DA:2003,1
DA:2004,1
DA:2005,1
DA:2006,1
DA:2007,1
DA:2008,1
DA:2009,1
DA:2010,1
DA:2011,1
DA:2012,1
DA:2013,1
DA:2014,1
DA:2015,1
DA:2016,1
DA:2017,1
DA:2018,1
DA:2019,1
DA:2020,1
DA:2021,1
DA:2022,1
DA:2023,1
DA:2024,1
DA:2025,1
DA:2026,1
DA:2027,1
DA:2028,1
DA:2029,1
DA:2030,1
DA:2031,1
DA:2032,1
DA:2033,1
DA:2034,1
DA:2035,1
DA:2036,1
DA:2037,1
DA:2038,1
DA:2039,1
DA:2040,1
DA:2041,1
DA:2042,1
DA:2043,1
DA:2044,1
DA:2045,1
DA:2046,1
DA:2047,1
DA:2048,1
DA:2049,1
DA:2050,1
DA:2051,1
DA:2052,1
DA:2053,1
DA:2054,1
DA:2055,1
DA:2056,1
DA:2057,1
DA:2058,1
DA:2059,1
DA:2060,1
DA:2061,1
DA:2062,1
DA:2063,1
DA:2064,1
DA:2065,1
DA:2066,1
DA:2067,1
DA:2068,1
DA:2069,1
DA:2070,1
DA:2071,1
DA:2072,1
DA:2073,1
DA:2074,1
DA:2075,1
DA:2076,1
DA:2077,1
DA:2078,1
DA:2079,1
DA:2080,1
DA:2081,1
DA:2082,1
DA:2083,1
DA:2084,1
DA:2085,1
DA:2086,1
DA:2087,1
DA:2088,1
DA:2089,1
DA:2090,1
DA:2091,1
DA:2092,1
DA:2093,1
DA:2094,1
DA:2095,1
DA:2096,1
DA:2097,1
DA:2098,1
DA:2099,1
DA:2100,1
DA:2101,1
DA:2102,1
DA:2103,1
DA:2104,1
DA:2105,1
DA:2106,1
DA:2107,1
DA:2108,1
DA:2109,1
DA:2110,1
DA:2111,1
DA:2112,1
DA:2113,1
DA:2114,1
DA:2115,1
DA:2116,1
DA:2117,1
DA:2118,1
DA:2119,1
DA:2120,1
DA:2121,1
DA:2122,1
DA:2123,1
DA:2124,1
DA:2125,1
DA:2126,1
DA:2127,1
DA:2128,1
DA:2129,1
DA:2130,1
DA:2131,1
DA:2132,1
DA:2133,1
DA:2134,1
DA:2135,1
DA:2136,1
DA:2137,1
DA:2138,1
DA:2139,1
DA:2140,1
DA:2141,1
DA:2142,1
DA:2143,1
DA:2144,1
DA:2145,1
DA:2146,1
DA:2147,1
DA:2148,1
DA:2149,1
DA:2150,1
DA:2151,1
DA:2152,1
DA:2153,1
DA:2154,1
DA:2155,1
DA:2156,1
DA:2157,1
DA:2158,1
DA:2159,1
DA:2160,1
DA:2161,1
DA:2162,1
DA:2163,1
DA:2164,1
DA:2165,1
DA:2166,1
DA:2167,1
DA:2168,1
DA:2169,1
DA:2170,1
DA:2171,1
DA:2172,1
DA:2173,1
DA:2174,1
DA:2175,1
DA:2177,22051
DA:2178,22050
DA:2179,1
DA:2180,22051
DA:2181,0
DA:2182,19551
DA:2183,2500
DA:2184,22050
DA:2185,1
DA:2186,22051
DA:2187,0
DA:2188,19551
DA:2189,2500
DA:2190,22050
DA:2191,1
DA:2192,22051
DA:2193,0
DA:2194,19551
DA:2195,2500
DA:2196,22050
DA:2197,1
DA:2198,22051
DA:2199,0
DA:2200,19551
DA:2201,2500
DA:2202,22050
DA:2203,1
DA:2204,22051
DA:2205,0
DA:2206,19551
DA:2207,2500
DA:2208,22050
DA:2209,1
DA:2210,22051
DA:2211,0
DA:2212,19551
DA:2213,2500
DA:2214,22050
DA:2215,1
DA:2216,22051
DA:2217,0
DA:2218,19551
DA:2219,2500
DA:2220,22050
DA:2221,1
DA:2222,22051
DA:2223,0
DA:2224,19551
DA:2225,2500
DA:2226,20845
DA:2227,0
DA:2228,0
DA:2229,0
DA:2231,0
DA:2232,0
DA:2233,0
DA:2234,0
DA:2236,0
DA:2237,0
DA:2238,0
DA:2241,1206
DA:2242,1206
DA:2243,1206
DA:2244,1206
DA:2246,0
DA:2247,0
DA:2248,0
DA:2252,21422
DA:2253,0
DA:2254,0
DA:2255,0
DA:2257,0
DA:2258,0
DA:2259,0
DA:2260,0
DA:2262,0
DA:2263,0
DA:2264,0
DA:2267,629
DA:2268,629
DA:2269,629
DA:2270,629
DA:2272,0
DA:2273,0
DA:2274,0
DA:2278,22051
DA:2279,0
DA:2280,0
DA:2281,0
DA:2282,0
DA:2283,0
DA:2284,0
DA:2286,0
DA:2288,22031
DA:2289,0
DA:2290,0
DA:2291,0
DA:2292,0
DA:2293,11
DA:2294,11
DA:2296,9
DA:2298,21975
DA:2299,0
DA:2300,0
DA:2301,0
DA:2302,0
DA:2303,40
DA:2304,36
DA:2306,40
DA:2308,21975
DA:2309,6
DA:2310,6
DA:2311,0
DA:2312,0
DA:2313,38
DA:2314,38
DA:2316,32
DA:2318,22034
DA:2319,0
DA:2320,0
DA:2321,0
DA:2322,0
DA:2323,10
DA:2324,10
DA:2326,7
DA:2328,22051
DA:2329,0
DA:2330,0
DA:2331,0
DA:2332,0
DA:2333,0
DA:2334,0
DA:2336,0
DA:2338,22051
DA:2339,0
DA:2340,0
DA:2341,0
DA:2342,0
DA:2343,0
DA:2344,0
DA:2346,0
DA:2348,22051
DA:2349,0
DA:2350,0
DA:2351,0
DA:2352,0
DA:2353,0
DA:2354,0
DA:2356,0
DA:2358,22051
DA:2359,0
DA:2360,0
DA:2361,0
DA:2362,0
DA:2363,0
DA:2364,0
DA:2366,0
DA:2368,22051
DA:2369,0
DA:2370,0
DA:2371,0
DA:2372,0
DA:2373,0
DA:2374,0
DA:2376,0
DA:2378,22051
DA:2379,0
DA:2380,0
DA:2381,0
DA:2382,0
DA:2383,0
DA:2384,0
DA:2386,0
DA:2388,22051
DA:2389,0
DA:2390,0
DA:2391,0
DA:2392,0
DA:2393,0
DA:2394,0
DA:2396,0
DA:2398,22051
DA:2399,0
DA:2400,0
DA:2401,0
DA:2402,0
DA:2403,0
DA:2404,0
DA:2406,0
DA:2408,22051
DA:2409,0
DA:2410,0
DA:2411,0
DA:2412,0
DA:2413,0
DA:2414,0
DA:2416,0
DA:2418,22051
DA:2419,0
DA:2420,0
DA:2421,0
DA:2422,0
DA:2423,0
DA:2424,0
DA:2426,0
DA:2428,22051
DA:2429,0
DA:2430,0
DA:2431,0
DA:2432,0
DA:2433,0
DA:2434,0
DA:2436,0
DA:2438,22051
DA:2439,0
DA:2440,0
DA:2441,0
DA:2442,0
DA:2443,0
DA:2444,0
DA:2446,0
DA:2448,22051
DA:2449,0
DA:2450,0
DA:2451,0
DA:2452,0
DA:2453,0
DA:2454,0
DA:2456,0
DA:2458,22051
DA:2459,0
DA:2460,0
DA:2461,0
DA:2462,0
DA:2463,0
DA:2464,0
DA:2466,0
DA:2468,22051
DA:2469,0
DA:2470,0
DA:2471,0
DA:2472,0
DA:2473,0
DA:2474,0
DA:2476,0
DA:2478,22051
DA:2479,0
DA:2480,0
DA:2481,0
DA:2482,0
DA:2483,0
DA:2484,0
DA:2486,0
DA:2488,22051
DA:2489,0
DA:2490,0
DA:2491,0
DA:2492,0
DA:2493,0
DA:2494,0
DA:2496,0
DA:2498,22051
DA:2499,0
DA:2500,0
DA:2501,0
DA:2502,0
DA:2503,0
DA:2504,0
DA:2506,0
DA:2508,22051
DA:2509,0
DA:2510,0
DA:2511,0
DA:2512,0
DA:2513,0
DA:2514,0
DA:2516,0
DA:2518,22051
DA:2519,0
DA:2520,0
DA:2521,0
DA:2522,0
DA:2523,0
DA:2524,0
DA:2526,0
DA:2528,22051
DA:2529,0
DA:2530,0
DA:2531,0
DA:2532,0
DA:2533,0
DA:2534,0
DA:2536,0
DA:2538,22051
DA:2539,0
DA:2540,0
DA:2541,0
DA:2542,0
DA:2543,0
DA:2544,0
DA:2546,0
DA:2548,22051
DA:2549,0
DA:2550,0
DA:2551,0
DA:2552,0
DA:2553,0
DA:2554,0
DA:2556,0
DA:2558,22051
DA:2559,0
DA:2560,0
DA:2561,0
DA:2562,0
DA:2563,0
DA:2564,0
DA:2566,0
DA:2568,22051
DA:2569,0
DA:2570,0
DA:2571,0
DA:2572,0
DA:2573,0
DA:2574,0
DA:2576,0
DA:2578,22051
DA:2579,0
DA:2580,0
DA:2581,0
DA:2582,0
DA:2583,0
DA:2584,0
DA:2586,0
DA:2588,22051
DA:2589,0
DA:2590,0
DA:2591,0
DA:2592,0
DA:2593,0
DA:2594,0
DA:2596,0
DA:2598,22051
DA:2599,0
DA:2600,0
DA:2601,0
DA:2602,0
DA:2603,0
DA:2604,0
DA:2606,0
DA:2608,22051
DA:2609,0
DA:2610,0
DA:2611,0
DA:2612,0
DA:2613,0
DA:2614,0
DA:2616,0
DA:2618,22051
DA:2619,0
DA:2620,0
DA:2621,0
DA:2622,0
DA:2623,0
DA:2624,0
DA:2626,0
DA:2628,22051
DA:2629,0
DA:2630,0
DA:2631,0
DA:2632,0
DA:2633,0
DA:2634,0
DA:2636,0
DA:2638,22051
DA:2639,0
DA:2640,0
DA:2641,0
DA:2642,0
DA:2643,0
DA:2644,0
DA:2646,0
DA:2648,22051
DA:2649,0
DA:2650,0
DA:2651,0
DA:2652,0
DA:2653,0
DA:2654,0
DA:2656,0
DA:2658,22051
DA:2659,0
DA:2660,0
DA:2661,0
DA:2662,0
DA:2663,0
DA:2664,0
DA:2666,0
DA:2668,22051
DA:2669,0
DA:2670,0
DA:2671,0
DA:2672,0
DA:2673,0
DA:2674,0
DA:2676,0
DA:2678,22051
DA:2679,0
DA:2680,0
DA:2681,0
DA:2682,0
DA:2683,0
DA:2684,0
DA:2686,0
DA:2688,22051
DA:2689,0
DA:2690,0
DA:2691,0
DA:2692,0
DA:2693,0
DA:2694,0
DA:2696,0
DA:2698,22051
DA:2699,0
DA:2700,0
DA:2701,0
DA:2702,0
DA:2703,0
DA:2704,0
DA:2706,0
DA:2708,22051
DA:2709,0
DA:2710,0
DA:2711,0
DA:2712,0
DA:2713,0
DA:2714,0
DA:2716,0
DA:2718,22051
DA:2719,0
DA:2720,0
DA:2721,0
DA:2722,0
DA:2723,0
DA:2724,0
DA:2726,0
DA:2728,22051
DA:2729,0
DA:2730,0
DA:2731,0
DA:2732,0
DA:2733,0
DA:2734,0
DA:2736,0
DA:2738,22051
DA:2739,0
DA:2740,0
DA:2741,0
DA:2742,0
DA:2743,0
DA:2744,0
DA:2746,0
DA:2748,22051
DA:2749,0
DA:2750,0
DA:2751,0
DA:2752,0
DA:2753,0
DA:2754,0
DA:2756,0
DA:2758,22051
DA:2759,0
DA:2760,0
DA:2761,0
DA:2762,0
DA:2763,0
DA:2764,0
DA:2766,0
DA:2768,22051
DA:2769,0
DA:2770,0
DA:2771,0
DA:2772,0
DA:2773,0
DA:2774,0
DA:2776,0
DA:2778,22051
DA:2779,0
DA:2780,0
DA:2781,0
DA:2782,0
DA:2783,0
DA:2784,0
DA:2786,0
DA:2788,22051
DA:2789,0
DA:2790,0
DA:2791,0
DA:2792,0
DA:2793,0
DA:2794,0
DA:2796,0
DA:2798,22051
DA:2799,0
DA:2800,0
DA:2801,0
DA:2802,0
DA:2803,0
DA:2804,0
DA:2806,0
DA:2808,22051
DA:2809,0
DA:2810,0
DA:2811,0
DA:2812,0
DA:2813,0
DA:2814,0
DA:2816,0
DA:2818,22051
DA:2819,0
DA:2820,0
DA:2821,0
DA:2822,0
DA:2823,0
DA:2824,0
DA:2826,0
DA:2828,22051
DA:2829,0
DA:2830,0
DA:2831,0
DA:2832,0
DA:2833,0
DA:2834,0
DA:2836,0
DA:2838,22051
DA:2839,0
DA:2840,0
DA:2841,0
DA:2842,0
DA:2843,0
DA:2844,0
DA:2846,0
DA:2848,22051
DA:2849,0
DA:2850,0
DA:2851,0
DA:2852,0
DA:2853,0
DA:2854,0
DA:2856,0
DA:2858,22051
DA:2859,0
DA:2860,0
DA:2861,0
DA:2862,0
DA:2863,0
DA:2864,0
DA:2866,0
DA:2868,22051
DA:2869,0
DA:2870,0
DA:2871,0
DA:2872,0
DA:2873,0
DA:2874,0
DA:2876,0
DA:2878,22051
DA:2879,0
DA:2880,0
DA:2881,0
DA:2882,0
DA:2883,0
DA:2884,0
DA:2886,0
DA:2888,22051
DA:2889,0
DA:2890,0
DA:2891,0
DA:2892,0
DA:2893,0
DA:2894,0
DA:2896,0
DA:2898,22051
DA:2899,0
DA:2900,0
DA:2901,0
DA:2902,0
DA:2903,0
DA:2904,0
DA:2906,0
DA:2908,22051
DA:2909,0
DA:2910,0
DA:2911,0
DA:2912,0
DA:2913,0
DA:2914,0
DA:2916,0
DA:2918,22051
DA:2919,0
DA:2920,0
DA:2921,0
DA:2922,0
DA:2923,0
DA:2924,0
DA:2926,0
DA:2928,22051
DA:2929,0
DA:2930,0
DA:2931,0
DA:2932,0
DA:2933,0
DA:2934,0
DA:2936,0
DA:2938,22051
DA:2939,0
DA:2940,0
DA:2941,0
DA:2942,0
DA:2943,0
DA:2944,0
DA:2946,0
DA:2948,22051
DA:2949,0
DA:2950,0
DA:2951,0
DA:2952,0
DA:2953,0
DA:2954,0
DA:2956,0
DA:2958,22051
DA:2959,0
DA:2960,0
DA:2961,0
DA:2962,0
DA:2963,0
DA:2964,0
DA:2966,0
DA:2968,22051
DA:2969,0
DA:2970,0
DA:2971,0
DA:2972,0
DA:2973,0
DA:2974,0
DA:2976,0
DA:2978,22051
DA:2979,0
DA:2980,0
DA:2981,0
DA:2982,0
DA:2983,0
DA:2984,0
DA:2986,0
DA:2988,22051
DA:2989,0
DA:2990,0
DA:2991,0
DA:2992,0
DA:2993,0
DA:2994,0
DA:2996,0
DA:2998,22051
DA:2999,0
DA:3000,0
DA:3001,0
DA:3002,0
DA:3003,0
DA:3004,0
DA:3006,0
DA:3008,22051
DA:3009,0
DA:3010,0
DA:3011,0
DA:3012,0
DA:3013,0
DA:3014,0
DA:3016,0
DA:3018,22051
DA:3019,0
DA:3020,0
DA:3021,0
DA:3022,0
DA:3023,0
DA:3024,0
DA:3026,0
DA:3028,22051
DA:3029,0
DA:3030,0
DA:3031,0
DA:3032,0
DA:3033,0
DA:3034,0
DA:3036,0
DA:3038,22051
DA:3039,0
DA:3040,0
DA:3041,0
DA:3042,0
DA:3043,0
DA:3044,0
DA:3046,0
DA:3048,22051
DA:3049,0
DA:3050,0
DA:3051,0
DA:3052,0
DA:3053,0
DA:3054,0
DA:3056,0
DA:3058,22051
DA:3059,0
DA:3060,0
DA:3061,0
DA:3062,0
DA:3063,0
DA:3064,0
DA:3066,0
DA:3068,22051
DA:3069,0
DA:3070,0
DA:3071,0
DA:3072,0
DA:3073,0
DA:3074,0
DA:3076,0
DA:3078,22051
DA:3079,0
DA:3080,0
DA:3081,0
DA:3082,0
DA:3083,0
DA:3084,0
DA:3086,0
DA:3088,22051
DA:3089,0
DA:3090,0
DA:3091,0
DA:3092,0
DA:3093,0
DA:3094,0
DA:3096,0
DA:3098,22051
DA:3099,0
DA:3100,0
DA:3101,0
DA:3102,0
DA:3103,0
DA:3104,0
DA:3106,0
DA:3108,22051
DA:3109,0
DA:3110,0
DA:3111,0
DA:3112,0
DA:3113,0
DA:3114,0
DA:3116,0
DA:3118,22051
DA:3119,0
DA:3120,0
DA:3121,0
DA:3122,0
DA:3123,0
DA:3124,0
DA:3126,0
DA:3128,22051
DA:3129,0
DA:3130,0
DA:3131,0
DA:3132,0
DA:3133,0
DA:3134,0
DA:3136,0
DA:3138,22051
DA:3139,0
DA:3140,0
DA:3141,0
DA:3142,0
DA:3143,0
DA:3144,0
DA:3146,0
DA:3148,22051
DA:3149,0
DA:3150,0
DA:3151,0
DA:3152,0
DA:3153,0
DA:3154,0
DA:3156,0
DA:3158,22051
DA:3159,0
DA:3160,0
DA:3161,0
DA:3162,0
DA:3163,0
DA:3164,0
DA:3166,0
DA:3168,22051
DA:3169,0
DA:3170,0
DA:3171,0
DA:3172,0
DA:3173,0
DA:3174,0
DA:3176,0
DA:3178,22051
DA:3179,0
DA:3180,0
DA:3181,0
DA:3182,0
DA:3183,0
DA:3184,0
DA:3186,0
DA:3188,22051
DA:3189,0
DA:3190,0
DA:3191,0
DA:3192,0
DA:3193,0
DA:3194,0
DA:3196,0
DA:3198,22051
DA:3199,0
DA:3200,0
DA:3201,0
DA:3202,0
DA:3203,0
DA:3204,0
DA:3206,0
DA:3208,22051
DA:3209,0
DA:3210,0
DA:3211,0
DA:3212,0
DA:3213,0
DA:3214,0
DA:3216,0
DA:3218,22051
DA:3219,0
DA:3220,0
DA:3221,0
DA:3222,0
DA:3223,0
DA:3224,0
DA:3226,0
DA:3228,22051
DA:3229,0
DA:3230,0
DA:3231,0
DA:3232,0
DA:3233,0
DA:3234,0
DA:3236,0
DA:3238,22051
DA:3239,0
DA:3240,0
DA:3241,0
DA:3242,0
DA:3243,0
DA:3244,0
DA:3246,0
DA:3248,22051
DA:3249,0
DA:3250,0
DA:3251,0
DA:3252,0
DA:3253,0
DA:3254,0
DA:3256,0
DA:3258,22051
DA:3259,0
DA:3260,0
DA:3261,0
DA:3262,0
DA:3263,0
DA:3264,0
DA:3266,0
DA:3268,22051
DA:3269,0
DA:3270,0
DA:3271,0
DA:3272,0
DA:3273,0
DA:3274,0
DA:3276,0
DA:3278,22051
DA:3279,0
DA:3280,0
DA:3281,0
DA:3282,0
DA:3283,0
DA:3284,0
DA:3286,0
DA:3288,22051
DA:3289,0
DA:3290,0
DA:3291,0
DA:3292,0
DA:3293,0
DA:3294,0
DA:3296,0
DA:3298,22051
DA:3299,0
DA:3300,0
DA:3301,0
DA:3302,0
DA:3303,0
DA:3304,0
DA:3306,0
DA:3308,22051
DA:3309,0
DA:3310,0
DA:3311,0
DA:3312,0
DA:3313,0
DA:3314,0
DA:3316,0
DA:3318,22051
DA:3319,0
DA:3320,0
DA:3321,0
DA:3322,0
DA:3323,0
DA:3324,0
DA:3326,0
DA:3328,22051
DA:3329,0
DA:3330,0
DA:3331,0
DA:3332,0
DA:3333,0
DA:3334,0
DA:3336,0
DA:3338,22051
DA:3339,0
DA:3340,0
DA:3341,0
DA:3342,0
DA:3343,0
DA:3344,0
DA:3346,0
DA:3348,22051
DA:3349,0
DA:3350,0
DA:3351,0
DA:3352,0
DA:3353,0
DA:3354,0
DA:3356,0
DA:3358,22051
DA:3359,0
DA:3360,0
DA:3361,0
DA:3362,0
DA:3363,0
DA:3364,0
DA:3366,0
DA:3368,22051
DA:3369,0
DA:3370,0
DA:3371,0
DA:3372,0
DA:3373,0
DA:3374,0
DA:3376,0
DA:3378,22051
DA:3379,0
DA:3380,0
DA:3381,0
DA:3382,0
DA:3383,0
DA:3384,0
DA:3386,0
DA:3388,22051
DA:3389,0
DA:3390,0
DA:3391,0
DA:3392,0
DA:3393,0
DA:3394,0
DA:3396,0
DA:3398,22051
DA:3399,0
DA:3400,0
DA:3401,0
DA:3402,0
DA:3403,0
DA:3404,0
DA:3406,0
DA:3408,22051
DA:3409,0
DA:3410,0
DA:3411,0
DA:3412,0
DA:3413,0
DA:3414,0
DA:3416,0
DA:3418,22051
DA:3419,0
DA:3420,0
DA:3421,0
DA:3422,0
DA:3423,0
DA:3424,0
DA:3426,0
DA:3428,22051
DA:3429,0
DA:3430,0
DA:3431,0
DA:3432,0
DA:3433,0
DA:3434,0
DA:3436,0
DA:3438,22051
DA:3439,0
DA:3440,0
DA:3441,0
DA:3442,0
DA:3443,0
DA:3444,0
DA:3446,0
DA:3448,22051
DA:3449,0
DA:3450,0
DA:3451,0
DA:3452,0
DA:3453,0
DA:3454,0
DA:3456,0
DA:3458,22051
DA:3459,0
DA:3460,0
DA:3461,0
DA:3462,0
DA:3463,0
DA:3464,0
DA:3466,0
DA:3468,22051
DA:3469,0
DA:3470,0
DA:3471,0
DA:3472,0
DA:3473,0
DA:3474,0
DA:3476,0
DA:3478,22051
DA:3479,0
DA:3480,0
DA:3481,0
DA:3482,0
DA:3483,0
DA:3484,0
DA:3486,0
DA:3488,22051
DA:3489,0
DA:3490,0
DA:3491,0
DA:3492,0
DA:3493,0
DA:3494,0
DA:3496,0
DA:3498,22051
DA:3499,0
DA:3500,0
DA:3501,0
DA:3502,0
DA:3503,0
DA:3504,0
DA:3506,0
DA:3508,22051
DA:3509,0
DA:3510,0
DA:3511,0
DA:3512,0
DA:3513,0
DA:3514,0
DA:3516,0
DA:3518,22051
DA:3519,0
DA:3520,0
DA:3521,0
DA:3522,0
DA:3523,0
DA:3524,0
DA:3526,0
DA:3528,22051
DA:3529,0
DA:3530,0
DA:3531,0
DA:3532,0
DA:3533,0
DA:3534,0
DA:3536,0
DA:3538,22051
DA:3539,0
DA:3540,0
DA:3541,0
DA:3542,0
DA:3543,0
DA:3544,0
DA:3546,0
DA:3548,22051
DA:3549,0
DA:3550,0
DA:3551,0
DA:3552,0
DA:3553,0
DA:3554,0
DA:3556,0
DA:3558,22051
DA:3559,0
DA:3560,0
DA:3561,0
DA:3562,0
DA:3563,0
DA:3564,0
DA:3566,0
DA:3568,22045
DA:3569,0
DA:3570,0
DA:3571,0
DA:3572,0
DA:3573,4
DA:3574,4
DA:3576,2
DA:3578,22024
DA:3579,0
DA:3580,0
DA:3581,0
DA:3582,0
DA:3583,14
DA:3584,14
DA:3586,13
DA:3588,22030
DA:3589,0
DA:3590,0
DA:3591,0
DA:3592,0
DA:3593,14
DA:3594,7
DA:3596,14
DA:3598,22049
DA:3599,0
DA:3600,0
DA:3601,0
DA:3602,0
DA:3603,1
DA:3604,1
DA:3606,1
DA:3608,22051
DA:3609,0
DA:3610,0
DA:3611,0
DA:3612,0
DA:3613,0
DA:3614,0
DA:3616,0
DA:3618,22051
DA:3619,0
DA:3620,0
DA:3621,0
DA:3622,0
DA:3623,0
DA:3624,0
DA:3626,0
DA:3628,22051
DA:3629,0
DA:3630,0
DA:3631,0
DA:3632,0
DA:3633,0
DA:3634,0
DA:3636,0
DA:3638,22051
DA:3639,0
DA:3640,0
DA:3641,0
DA:3642,0
DA:3643,0
DA:3644,0
DA:3646,0
DA:3648,22051
DA:3649,0
DA:3650,0
DA:3651,0
DA:3652,0
DA:3653,0
DA:3654,0
DA:3656,0
DA:3658,22051
DA:3659,0
DA:3660,0
DA:3661,0
DA:3662,0
DA:3663,0
DA:3664,0
DA:3666,0
DA:3668,22051
DA:3669,0
DA:3670,0
DA:3671,0
DA:3672,0
DA:3673,0
DA:3674,0
DA:3676,0
DA:3678,22051
DA:3679,0
DA:3680,0
DA:3681,0
DA:3682,0
DA:3683,0
DA:3684,0
DA:3686,0
DA:3688,22051
DA:3689,0
DA:3690,0
DA:3691,0
DA:3692,0
DA:3693,0
DA:3694,0
DA:3696,0
DA:3698,22051
DA:3699,0
DA:3700,0
DA:3701,0
DA:3702,0
DA:3703,0
DA:3704,0
DA:3706,0
DA:3708,22051
DA:3709,0
DA:3710,0
DA:3711,0
DA:3712,0
DA:3713,0
DA:3714,0
DA:3716,0
DA:3718,22051
DA:3719,0
DA:3720,0
DA:3721,0
DA:3722,0
DA:3723,0
DA:3724,0
DA:3726,0
DA:3728,22051
DA:3729,0
DA:3730,0
DA:3731,0
DA:3732,0
DA:3733,0
DA:3734,0
DA:3736,0
DA:3738,22051
DA:3739,0
DA:3740,0
DA:3741,0
DA:3742,0
DA:3743,0
DA:3744,0
DA:3746,0
DA:3748,22051
DA:3749,0
DA:3750,0
DA:3751,0
DA:3752,0
DA:3753,0
DA:3754,0
DA:3756,0
DA:3758,22051
DA:3759,0
DA:3760,0
DA:3761,0
DA:3762,0
DA:3763,0
DA:3764,0
DA:3766,0
DA:3768,22051
DA:3769,0
DA:3770,0
DA:3771,0
DA:3772,0
DA:3773,0
DA:3774,0
DA:3776,0
DA:3778,22051
DA:3779,0
DA:3780,0
DA:3781,0
DA:3782,0
DA:3783,0
DA:3784,0
DA:3786,0
DA:3788,22051
DA:3789,0
DA:3790,0
DA:3791,0
DA:3792,0
DA:3793,0
DA:3794,0
DA:3796,0
DA:3798,22051
DA:3799,0
DA:3800,0
DA:3801,0
DA:3802,0
DA:3803,0
DA:3804,0
DA:3806,0
DA:3808,22051
DA:3809,0
DA:3810,0
DA:3811,0
DA:3812,0
DA:3813,0
DA:3814,0
DA:3816,0
DA:3818,22051
DA:3819,0
DA:3820,0
DA:3821,0
DA:3822,0
DA:3823,0
DA:3824,0
DA:3826,0
DA:3828,22051
DA:3829,0
DA:3830,0
DA:3831,0
DA:3832,0
DA:3833,0
DA:3834,0
DA:3836,0
DA:3838,22051
DA:3839,0
DA:3840,0
DA:3841,0
DA:3842,0
DA:3843,0
DA:3844,0
DA:3846,0
DA:3848,22051
DA:3849,0
DA:3850,0
DA:3851,0
DA:3852,0
DA:3853,0
DA:3854,0
DA:3856,0
DA:3858,22051
DA:3859,0
DA:3860,0
DA:3861,0
DA:3862,0
DA:3863,0
DA:3864,0
DA:3866,0
DA:3868,22051
DA:3869,0
DA:3870,0
DA:3871,0
DA:3872,0
DA:3873,0
DA:3874,0
DA:3876,0
DA:3878,22051
DA:3879,0
DA:3880,0
DA:3881,0
DA:3882,0
DA:3883,0
DA:3884,0
DA:3886,0
DA:3888,22051
DA:3889,0
DA:3890,0
DA:3891,0
DA:3892,0
DA:3893,0
DA:3894,0
DA:3896,0
DA:3898,22051
DA:3899,0
DA:3900,0
DA:3901,0
DA:3902,0
DA:3903,0
DA:3904,0
DA:3906,0
DA:3908,22051
DA:3909,0
DA:3910,0
DA:3911,0
DA:3912,0
DA:3913,0
DA:3914,0
DA:3916,0
DA:3918,22051
DA:3919,0
DA:3920,0
DA:3921,0
DA:3922,0
DA:3923,0
DA:3924,0
DA:3926,0
DA:3928,22051
DA:3929,0
DA:3930,0
DA:3931,0
DA:3932,0
DA:3933,0
DA:3934,0
DA:3936,0
DA:3938,22051
DA:3939,0
DA:3940,0
DA:3941,0
DA:3942,0
DA:3943,0
DA:3944,0
DA:3946,0
DA:3948,22051
DA:3949,0
DA:3950,0
DA:3951,0
DA:3952,0
DA:3953,0
DA:3954,0
DA:3956,0
DA:3958,22051
DA:3959,0
DA:3960,0
DA:3961,0
DA:3962,0
DA:3963,0
DA:3964,0
DA:3966,0
DA:3968,22051
DA:3969,0
DA:3970,0
DA:3971,0
DA:3972,0
DA:3973,0
DA:3974,0
DA:3976,0
DA:3978,22051
DA:3979,0
DA:3980,0
DA:3981,0
DA:3982,0
DA:3983,0
DA:3984,0
DA:3986,0
DA:3988,22051
DA:3989,0
DA:3990,0
DA:3991,0
DA:3992,0
DA:3993,0
DA:3994,0
DA:3996,0
DA:3998,22051
DA:3999,0
DA:4000,0
DA:4001,0
DA:4002,0
DA:4003,0
DA:4004,0
DA:4006,0
DA:4008,22051
DA:4009,0
DA:4010,0
DA:4011,0
DA:4012,0
DA:4013,0
DA:4014,0
DA:4016,0
DA:4018,22051
DA:4019,0
DA:4020,0
DA:4021,0
DA:4022,0
DA:4023,0
DA:4024,0
DA:4026,0
DA:4028,22051
DA:4029,0
DA:4030,0
DA:4031,0
DA:4032,0
DA:4033,0
DA:4034,0
DA:4036,0
DA:4038,22051
DA:4039,0
DA:4040,0
DA:4041,0
DA:4042,0
DA:4043,0
DA:4044,0
DA:4046,0
DA:4048,22051
DA:4049,0
DA:4050,0
DA:4051,0
DA:4052,0
DA:4053,0
DA:4054,0
DA:4056,0
DA:4058,22051
DA:4059,0
DA:4060,0
DA:4061,0
DA:4062,0
DA:4063,0
DA:4064,0
DA:4066,0
DA:4068,22051
DA:4069,0
DA:4070,0
DA:4071,0
DA:4072,0
DA:4073,0
DA:4074,0
DA:4076,0
DA:4078,22051
DA:4079,0
DA:4080,0
DA:4081,0
DA:4082,0
DA:4083,0
DA:4084,0
DA:4086,0
DA:4088,22051
DA:4089,0
DA:4090,0
DA:4091,0
DA:4092,0
DA:4093,0
DA:4094,0
DA:4096,0
DA:4098,22051
DA:4099,0
DA:4100,0
DA:4101,0
DA:4102,0
DA:4103,0
DA:4104,0
DA:4106,0
DA:4108,22051
DA:4109,0
DA:4110,0
DA:4111,0
DA:4112,0
DA:4113,0
DA:4114,0
DA:4116,0
DA:4118,22051
DA:4119,0
DA:4120,0
DA:4121,0
DA:4122,0
DA:4123,0
DA:4124,0
DA:4126,0
DA:4128,22051
DA:4129,0
DA:4130,0
DA:4131,0
DA:4132,0
DA:4133,0
DA:4134,0
DA:4136,0
DA:4138,22051
DA:4139,0
DA:4140,0
DA:4141,0
DA:4142,0
DA:4143,0
DA:4144,0
DA:4146,0
DA:4148,22051
DA:4149,0
DA:4150,0
DA:4151,0
DA:4152,0
DA:4153,0
DA:4154,0
DA:4156,0
DA:4158,22051
DA:4159,0
DA:4160,0
DA:4161,0
DA:4162,0
DA:4163,0
DA:4164,0
DA:4166,0
DA:4168,22051
DA:4169,0
DA:4170,0
DA:4171,0
DA:4172,0
DA:4173,0
DA:4174,0
DA:4176,0
DA:4178,22051
DA:4179,0
DA:4180,0
DA:4181,0
DA:4182,0
DA:4183,0
DA:4184,0
DA:4186,0
DA:4188,22051
DA:4189,0
DA:4190,0
DA:4191,0
DA:4192,0
DA:4193,0
DA:4194,0
DA:4196,0
DA:4198,22051
DA:4199,0
DA:4200,0
DA:4201,0
DA:4202,0
DA:4203,0
DA:4204,0
DA:4206,0
DA:4208,22051
DA:4209,0
DA:4210,0
DA:4211,0
DA:4212,0
DA:4213,0
DA:4214,0
DA:4216,0
DA:4218,22051
DA:4219,0
DA:4220,0
DA:4221,0
DA:4222,0
DA:4223,0
DA:4224,0
DA:4226,0
DA:4228,22051
DA:4229,0
DA:4230,0
DA:4231,0
DA:4232,0
DA:4233,0
DA:4234,0
DA:4236,0
DA:4238,22051
DA:4239,0
DA:4240,0
DA:4241,0
DA:4242,0
DA:4243,0
DA:4244,0
DA:4246,0
DA:4248,22051
DA:4249,0
DA:4250,0
DA:4251,0
DA:4252,0
DA:4253,0
DA:4254,0
DA:4256,0
DA:4258,22051
DA:4259,0
DA:4260,0
DA:4261,0
DA:4262,0
DA:4263,0
DA:4264,0
DA:4266,0
DA:4268,22051
DA:4269,0
DA:4270,0
DA:4271,0
DA:4272,0
DA:4273,0
DA:4274,0
DA:4276,0
DA:4278,22051
DA:4279,0
DA:4280,0
DA:4281,0
DA:4282,0
DA:4283,0
DA:4284,0
DA:4286,0
DA:4288,22051
DA:4289,0
DA:4290,0
DA:4291,0
DA:4292,0
DA:4293,0
DA:4294,0
DA:4296,0
DA:4298,22051
DA:4299,0
DA:4300,0
DA:4301,0
DA:4302,0
DA:4303,0
DA:4304,0
DA:4306,0
DA:4308,22051
DA:4309,0
DA:4310,0
DA:4311,0
DA:4312,0
DA:4313,0
DA:4314,0
DA:4316,0
DA:4318,22051
DA:4319,0
DA:4320,0
DA:4321,0
DA:4322,0
DA:4323,0
DA:4324,0
DA:4326,0
DA:4328,22051
DA:4329,0
DA:4330,0
DA:4331,0
DA:4332,0
DA:4333,0
DA:4334,0
DA:4336,0
DA:4338,22051
DA:4339,0
DA:4340,0
DA:4341,0
DA:4342,0
DA:4343,0
DA:4344,0
DA:4346,0
DA:4348,22051
DA:4349,0
DA:4350,0
DA:4351,0
DA:4352,0
DA:4353,0
DA:4354,0
DA:4356,0
DA:4358,22051
DA:4359,0
DA:4360,0
DA:4361,0
DA:4362,0
DA:4363,0
DA:4364,0
DA:4366,0
DA:4368,22051
DA:4369,0
DA:4370,0
DA:4371,0
DA:4372,0
DA:4373,0
DA:4374,0
DA:4376,0
DA:4378,22051
DA:4379,0
DA:4380,0
DA:4381,0
DA:4382,0
DA:4383,0
DA:4384,0
DA:4386,0
DA:4388,22051
DA:4389,0
DA:4390,0
DA:4391,0
DA:4392,0
DA:4393,0
DA:4394,0
DA:4396,0
DA:4398,22051
DA:4399,0
DA:4400,0
DA:4401,0
DA:4402,0
DA:4403,0
DA:4404,0
DA:4406,0
DA:4408,22051
DA:4409,0
DA:4410,0
DA:4411,0
DA:4412,0
DA:4413,0
DA:4414,0
DA:4416,0
DA:4418,22051
DA:4419,0
DA:4420,0
DA:4421,0
DA:4422,0
DA:4423,0
DA:4424,0
DA:4426,0
DA:4428,22051
DA:4429,0
DA:4430,0
DA:4431,0
DA:4432,0
DA:4433,0
DA:4434,0
DA:4436,0
DA:4438,22051
DA:4439,0
DA:4440,0
DA:4441,0
DA:4442,0
DA:4443,0
DA:4444,0
DA:4446,0
DA:4448,22051
DA:4449,0
DA:4450,0
DA:4451,0
DA:4452,0
DA:4453,0
DA:4454,0
DA:4456,0
DA:4458,22051
DA:4459,0
DA:4460,0
DA:4461,0
DA:4462,0
DA:4463,0
DA:4464,0
DA:4466,0
DA:4468,22051
DA:4469,0
DA:4470,0
DA:4471,0
DA:4472,0
DA:4473,0
DA:4474,0
DA:4476,0
DA:4478,22051
DA:4479,0
DA:4480,0
DA:4481,0
DA:4482,0
DA:4483,0
DA:4484,0
DA:4486,0
DA:4488,22051
DA:4489,0
DA:4490,0
DA:4491,0
DA:4492,0
DA:4493,0
DA:4494,0
DA:4496,0
DA:4498,22051
DA:4499,0
DA:4500,0
DA:4501,0
DA:4502,0
DA:4503,0
DA:4504,0
DA:4506,0
DA:4508,22051
DA:4509,0
DA:4510,0
DA:4511,0
DA:4512,0
DA:4513,0
DA:4514,0
DA:4516,0
DA:4518,22051
DA:4519,0
DA:4520,0
DA:4521,0
DA:4522,0
DA:4523,0
DA:4524,0
DA:4526,0
DA:4528,22051
DA:4529,0
DA:4530,0
DA:4531,0
DA:4532,0
DA:4533,0
DA:4534,0
DA:4536,0
DA:4538,22051
DA:4539,0
DA:4540,0
DA:4541,0
DA:4542,0
DA:4543,0
DA:4544,0
DA:4546,0
DA:4548,22051
DA:4549,0
DA:4550,0
DA:4551,0
DA:4552,0
DA:4553,0
DA:4554,0
DA:4556,0
DA:4558,22051
DA:4559,0
DA:4560,0
DA:4561,0
DA:4562,0
DA:4563,0
DA:4564,0
DA:4566,0
DA:4568,22051
DA:4569,0
DA:4570,0
DA:4571,0
DA:4572,0
DA:4573,0
DA:4574,0
DA:4576,0
DA:4578,22051
DA:4579,0
DA:4580,0
DA:4581,0
DA:4582,0
DA:4583,0
DA:4584,0
DA:4586,0
DA:4588,22051
DA:4589,0
DA:4590,0
DA:4591,0
DA:4592,0
DA:4593,0
DA:4594,0
DA:4596,0
DA:4598,22051
DA:4599,0
DA:4600,0
DA:4601,0
DA:4602,0
DA:4603,0
DA:4604,0
DA:4606,0
DA:4608,22051
DA:4609,0
DA:4610,0
DA:4611,0
DA:4612,0
DA:4613,0
DA:4614,0
DA:4616,0
DA:4618,22051
DA:4619,0
DA:4620,0
DA:4621,0
DA:4622,0
DA:4623,0
DA:4624,0
DA:4626,0
DA:4628,22051
DA:4629,0
DA:4630,0
DA:4631,0
DA:4632,0
DA:4633,0
DA:4634,0
DA:4636,0
DA:4638,22051
DA:4639,0
DA:4640,0
DA:4641,0
DA:4642,0
DA:4643,0
DA:4644,0
DA:4646,0
DA:4648,22051
DA:4649,0
DA:4650,0
DA:4651,0
DA:4652,0
DA:4653,0
DA:4654,0
DA:4656,0
DA:4658,22051
DA:4659,0
DA:4660,0
DA:4661,0
DA:4662,0
DA:4663,0
DA:4664,0
DA:4666,0
DA:4668,22051
DA:4669,0
DA:4670,0
DA:4671,0
DA:4672,0
DA:4673,0
DA:4674,0
DA:4676,0
DA:4678,22051
DA:4679,0
DA:4680,0
DA:4681,0
DA:4682,0
DA:4683,0
DA:4684,0
DA:4686,0
DA:4688,22051
DA:4689,0
DA:4690,0
DA:4691,0
DA:4692,0
DA:4693,0
DA:4694,0
DA:4696,0
DA:4698,22051
DA:4699,0
DA:4700,0
DA:4701,0
DA:4702,0
DA:4703,0
DA:4704,0
DA:4706,0
DA:4708,22051
DA:4709,0
DA:4710,0
DA:4711,0
DA:4712,0
DA:4713,0
DA:4714,0
DA:4716,0
DA:4718,22051
DA:4719,0
DA:4720,0
DA:4721,0
DA:4722,0
DA:4723,0
DA:4724,0
DA:4726,0
DA:4728,22051
DA:4729,0
DA:4730,0
DA:4731,0
DA:4732,0
DA:4733,0
DA:4734,0
DA:4736,0
DA:4738,22051
DA:4739,0
DA:4740,0
DA:4741,0
DA:4742,0
DA:4743,0
DA:4744,0
DA:4746,0
DA:4748,22051
DA:4749,0
DA:4750,0
DA:4751,0
DA:4752,0
DA:4753,0
DA:4754,0
DA:4756,0
DA:4758,22051
DA:4759,0
DA:4760,0
DA:4761,0
DA:4762,0
DA:4763,0
DA:4764,0
DA:4766,0
DA:4768,22051
DA:4769,0
DA:4770,0
DA:4771,0
DA:4772,0
DA:4773,0
DA:4774,0
DA:4776,0
DA:4778,22051
DA:4779,0
DA:4780,0
DA:4781,0
DA:4782,0
DA:4783,0
DA:4784,0
DA:4786,0
DA:4788,22051
DA:4789,0
DA:4790,0
DA:4791,0
DA:4792,0
DA:4793,0
DA:4794,0
DA:4796,0
DA:4798,22051
DA:4799,0
DA:4800,0
DA:4801,0
DA:4802,0
DA:4803,0
DA:4804,0
DA:4806,0
DA:4808,22051
DA:4809,0
DA:4810,0
DA:4811,0
DA:4812,0
DA:4813,0
DA:4814,0
DA:4816,0
DA:4818,22051
DA:4819,0
DA:4820,0
DA:4821,0
DA:4822,0
DA:4823,0
DA:4824,0
DA:4826,0
DA:4828,22051
DA:4829,0
DA:4830,0
DA:4831,0
DA:4832,0
DA:4833,0
DA:4834,0
DA:4836,0
DA:4838,22000
DA:4840,51
DA:4841,0
DA:4842,0
DA:4843,0
DA:4844,0
DA:4845,0
DA:4846,0
DA:4847,26
DA:4848,26
DA:4850,25
DA:4851,0
DA:4852,0
DA:4853,51
DA:4854,0
DA:4856,22036
DA:4858,15
DA:4859,0
DA:4860,0
DA:4861,0
DA:4862,0
DA:4863,0
DA:4864,0
DA:4865,9
DA:4866,6
DA:4868,9
DA:4869,0
DA:4870,0
DA:4871,15
DA:4872,0
DA:4881,1
DA:5447,1
DA:5448,1
DA:5449,1
DA:5450,1
DA:5451,1
DA:5452,1
DA:5453,1
DA:5454,1
DA:5455,1
DA:5456,1
DA:5457,1
DA:5458,1
DA:5459,1
DA:5460,1
DA:5461,1
DA:5462,1
DA:5463,1
DA:5464,1
DA:5465,1
DA:5466,1
DA:5467,1
DA:5468,1
DA:5469,1
DA:5470,1
DA:5471,1
DA:5472,1
DA:5473,1
DA:5474,1
DA:5475,1
DA:5476,1
DA:5477,1
DA:5478,1
DA:5479,1
DA:5480,1
DA:5481,1
DA:5482,1
DA:5483,1
DA:5484,1
DA:5485,1
DA:5486,1
DA:5487,1
DA:5488,1
DA:5489,1
DA:5490,1
DA:5491,1
DA:5492,1
DA:5493,1
DA:5494,1
DA:5495,1
DA:5496,1
DA:5497,1
DA:5498,1
DA:5499,1
DA:5500,1
DA:5501,1
DA:5502,1
DA:5503,1
DA:5504,1
DA:5505,1
DA:5506,1
DA:5507,1
DA:5508,1
DA:5509,1
DA:5510,1
DA:5511,1
DA:5512,1
DA:5513,1
DA:5514,1
DA:5515,1
DA:5516,1
DA:5517,1
DA:5518,1
DA:5519,1
DA:5520,1
DA:5521,1
DA:5522,1
DA:5523,1
DA:5524,1
DA:5525,1
DA:5526,1
DA:5527,1
DA:5528,1
DA:5529,1
DA:5530,1
DA:5531,1
DA:5532,1
DA:5533,1
DA:5534,1
DA:5535,1
DA:5536,1
DA:5537,1
DA:5538,1
DA:5539,1
DA:5540,1
DA:5541,1
DA:5542,1
DA:5543,1
DA:5544,1
DA:5545,1
DA:5546,1
DA:5547,1
DA:5548,1
DA:5549,1
DA:5550,1
DA:5551,1
DA:5552,1
DA:5553,1
DA:5554,1
DA:5555,1
DA:5556,1
DA:5557,1
DA:5558,1
DA:5559,1
DA:5560,1
DA:5561,1
DA:5562,1
DA:5563,1
DA:5564,1
DA:5565,1
DA:5566,1
DA:5567,1
DA:5568,1
DA:5569,1
DA:5570,1
DA:5571,1
DA:5572,1
DA:5573,1
DA:5574,1
DA:5575,1
DA:5576,1
DA:5577,1
DA:5578,1
DA:5579,1
DA:5580,1
DA:5581,1
DA:5582,1
DA:5583,1
DA:5584,1
DA:5585,1
DA:5586,1
DA:5587,1
DA:5588,1
DA:5589,1
DA:5590,1
DA:5591,1
DA:5592,1
DA:5593,1
DA:5594,1
DA:5595,1
DA:5596,1
DA:5597,1
DA:5598,1
DA:5599,1
DA:5600,1
DA:5601,1
DA:5602,1
DA:5603,1
DA:5604,1
DA:5605,1
DA:5606,1
DA:5607,1
DA:5608,1
DA:5609,1
DA:5610,1
DA:5611,1
DA:5612,1
DA:5613,1
DA:5614,1
DA:5615,1
DA:5616,1
DA:5617,1
DA:5618,1
DA:5619,1
DA:5620,1
DA:5621,1
DA:5622,1
DA:5623,1
DA:5624,1
DA:5625,1
DA:5626,1
DA:5627,1
DA:5628,1
DA:5629,1
DA:5630,1
DA:5631,1
DA:5632,1
DA:5633,1
DA:5634,1
DA:5635,1
DA:5636,1
DA:5637,1
DA:5638,1
DA:5639,1
DA:5640,1
DA:5641,1
DA:5642,1
DA:5643,1
DA:5644,1
DA:5645,1
DA:5646,1
DA:5647,1
DA:5648,1
DA:5649,1
DA:5650,1
DA:5651,1
DA:5652,1
DA:5653,1
DA:5654,1
DA:5655,1
DA:5656,1
DA:5657,1
DA:5658,1
DA:5659,1
DA:5660,1
DA:5661,1
DA:5662,1
DA:5663,1
DA:5664,1
DA:5665,1
DA:5666,1
DA:5667,1
DA:5668,1
DA:5669,1
DA:5670,1
DA:5671,1
DA:5672,1
DA:5673,1
DA:5674,1
DA:5675,1
DA:5676,1
DA:5677,1
DA:5678,1
DA:5679,1
DA:5680,1
DA:5681,1
DA:5682,1
DA:5683,1
DA:5684,1
DA:5685,1
DA:5686,1
DA:5687,1
DA:5688,1
DA:5689,1
DA:5690,1
DA:5691,1
DA:5692,1
DA:5693,1
DA:5694,1
DA:5695,1
DA:5696,1
DA:5697,1
DA:5698,1
DA:5699,1
DA:5700,1
DA:5701,1
DA:5702,1
DA:5703,1
DA:5704,1
DA:5705,1
DA:5706,1
DA:5707,1
DA:5708,1
DA:5709,1
DA:5710,1
DA:5711,1
DA:5712,1
DA:5713,1
DA:5714,1
DA:5715,1
DA:5716,1
DA:5717,1
DA:5718,1
DA:5719,1
DA:5720,1
DA:5721,1
DA:5722,1
DA:5723,1
DA:5724,1
DA:5725,1
DA:5726,1
DA:5727,1
DA:5728,1
DA:5729,1
DA:5730,1
DA:5731,1
DA:5732,1
DA:5733,1
DA:5734,1
DA:5735,1
LF:3684
LH:1837
end_of_record
TN:verilator_coverage
SF:/home/UnityChipForXiangShan/dut/Tage_SC/Tage_SC_top.sv
FNF:0
FNH:0
DA:3,44103
DA:4,1
DA:5,2
DA:6,1267
DA:7,1267
DA:8,1268
DA:9,1268
DA:10,1257
DA:11,1267
DA:12,1262
DA:13,1278
DA:14,1282
DA:15,1284
DA:16,1278
DA:17,1269
DA:18,1345
DA:19,1263
DA:20,1297
DA:21,1279
DA:22,1344
DA:23,1346
DA:24,1140
DA:25,1039
DA:26,1141
DA:27,1040
DA:28,1140
DA:29,1040
DA:30,1141
DA:31,1039
DA:32,1149
DA:33,1048
DA:34,1148
DA:35,1047
DA:36,1148
DA:37,1047
DA:38,1148
DA:39,1047
DA:41,1
DA:42,1
DA:43,5002
DA:44,5002
DA:45,5000
DA:46,5000
DA:47,5001
DA:48,5002
DA:49,5001
DA:50,5001
DA:51,5000
DA:52,5001
DA:53,5001
DA:54,5001
DA:55,1
DA:56,5001
DA:57,5001
DA:58,5001
DA:59,5001
DA:60,5001
DA:61,1
DA:62,0
DA:63,2490
DA:64,2508
DA:65,2501
DA:66,2551
DA:68,2510
DA:69,931
DA:70,555
DA:71,536
DA:722,0
DA:724,0
DA:727,44104
DA:729,44104
DA:732,0
DA:734,0
DA:737,2
DA:739,2
DA:742,22052
DA:744,22052
DA:747,1
DA:749,1
DA:752,22052
DA:754,22052
DA:757,2101
DA:759,2101
DA:762,22052
DA:764,22052
DA:767,2101
DA:769,2101
DA:772,22052
DA:774,22052
DA:777,2101
DA:779,2101
DA:782,22052
DA:784,22052
DA:787,2101
DA:789,2101
DA:792,22052
DA:794,22052
DA:797,2498
DA:799,2498
DA:802,22052
DA:804,22052
DA:807,2496
DA:809,2496
DA:812,22052
DA:814,22052
DA:817,2480
DA:819,2480
DA:822,22052
DA:824,22052
DA:827,2489
DA:829,2489
DA:832,22052
DA:834,22052
DA:837,2476
DA:839,2476
DA:842,22052
DA:844,22052
DA:847,2492
DA:849,2492
DA:852,22052
DA:854,22052
DA:857,2477
DA:859,2477
DA:862,22052
DA:864,22052
DA:867,2480
DA:869,2480
DA:872,22052
DA:874,22052
DA:877,2491
DA:879,2491
DA:882,22052
DA:884,22052
DA:887,2488
DA:889,2488
DA:892,22052
DA:894,22052
DA:897,2496
DA:899,2496
DA:902,22052
DA:904,22052
DA:907,2348
DA:909,2348
DA:912,22052
DA:914,22052
DA:917,2490
DA:919,2490
DA:922,22052
DA:924,22052
DA:927,2492
DA:929,2492
DA:932,44105
DA:934,44105
DA:937,0
DA:939,0
DA:942,44105
DA:944,44105
DA:947,0
DA:949,0
DA:952,44105
DA:954,44105
DA:957,0
DA:959,0
DA:962,44105
DA:964,44105
DA:967,0
DA:969,0
DA:972,44105
DA:974,44105
DA:977,0
DA:979,0
DA:982,44105
DA:984,44105
DA:987,0
DA:989,0
DA:992,44105
DA:994,44105
DA:997,0
DA:999,0
DA:1002,44105
DA:1004,44105
DA:1007,0
DA:1009,0
DA:1012,44105
DA:1014,44105
DA:1017,0
DA:1019,0
DA:1022,44105
DA:1024,44105
DA:1027,0
DA:1029,0
DA:1032,44105
DA:1034,44105
DA:1037,0
DA:1039,0
DA:1042,44105
DA:1044,44105
DA:1047,0
DA:1049,0
DA:1052,44105
DA:1054,44105
DA:1057,0
DA:1059,0
DA:1062,44105
DA:1064,44105
DA:1067,0
DA:1069,0
DA:1072,46605
DA:1074,46605
DA:1077,0
DA:1079,0
DA:1082,46605
DA:1084,46605
DA:1087,0
DA:1089,0
DA:1092,46605
DA:1094,46605
DA:1097,0
DA:1099,0
DA:1102,22052
DA:1104,22052
DA:1107,1
DA:1109,1
DA:1112,22052
DA:1114,22052
DA:1117,1
DA:1119,1
DA:1122,22052
DA:1124,22052
DA:1127,5001
DA:1129,5001
DA:1132,22052
DA:1134,22052
DA:1137,5001
DA:1139,5001
DA:1142,22052
DA:1144,22052
DA:1147,5001
DA:1149,5001
DA:1152,22052
DA:1154,22052
DA:1157,5001
DA:1159,5001
DA:1162,22052
DA:1164,22052
DA:1167,5001
DA:1169,5001
DA:1172,22052
DA:1174,22052
DA:1177,5001
DA:1179,5001
DA:1182,22052
DA:1184,22052
DA:1187,5001
DA:1189,5001
DA:1192,22052
DA:1194,22052
DA:1197,5001
DA:1199,5001
DA:1202,22052
DA:1204,22052
DA:1207,5001
DA:1209,5001
DA:1212,22052
DA:1214,22052
DA:1217,5001
DA:1219,5001
DA:1222,22052
DA:1224,22052
DA:1227,5001
DA:1229,5001
DA:1232,22052
DA:1234,22052
DA:1237,5001
DA:1239,5001
DA:1242,2394389
DA:1244,2394389
DA:1247,0
DA:1249,0
DA:1252,22052
DA:1254,22052
DA:1257,5001
DA:1259,5001
DA:1262,22052
DA:1264,22052
DA:1267,5001
DA:1269,5001
DA:1272,22052
DA:1274,22052
DA:1277,5001
DA:1279,5001
DA:1282,22052
DA:1284,22052
DA:1287,5001
DA:1289,5001
DA:1292,22052
DA:1294,22052
DA:1297,5001
DA:1299,5001
DA:1302,22052
DA:1304,22052
DA:1307,1
DA:1309,1
DA:1312,22052
DA:1314,22052
DA:1317,1
DA:1319,1
DA:1322,22052
DA:1324,22052
DA:1327,2491
DA:1329,2491
DA:1332,22052
DA:1334,22052
DA:1337,2509
DA:1339,2509
DA:1342,22052
DA:1344,22052
DA:1347,2501
DA:1349,2501
DA:1352,22052
DA:1354,22052
DA:1357,2551
DA:1359,2551
DA:1362,22052
DA:1364,22052
DA:1367,5001
DA:1369,5001
DA:1372,22052
DA:1374,22052
DA:1377,4997
DA:1379,4997
DA:1382,44105
DA:1384,44105
DA:1387,0
DA:1389,0
DA:1392,44105
DA:1394,44105
DA:1397,0
DA:1399,0
DA:1402,44105
DA:1404,44105
DA:1407,0
DA:1409,0
DA:1412,351565
DA:1414,351565
DA:1417,373617
DA:1419,373617
DA:1422,132313
DA:1424,132313
DA:1427,132313
DA:1429,132313
DA:1432,44105
DA:1434,44105
DA:1437,44105
DA:1439,44105
DA:1442,242573
DA:1444,242573
DA:1447,242573
DA:1449,242573
DA:1452,197201
DA:1454,197201
DA:1457,197201
DA:1459,197201
DA:1462,44105
DA:1464,44105
DA:1467,44105
DA:1469,44105
DA:1472,44105
DA:1474,44105
DA:1477,44105
DA:1479,44105
DA:1482,44105
DA:1484,44105
DA:1487,44105
DA:1489,44105
DA:1492,64889
DA:1494,64889
DA:1497,64889
DA:1499,64889
DA:1502,44105
DA:1504,44105
DA:1507,44105
DA:1509,44105
DA:1512,66157
DA:1514,66157
DA:1517,66157
DA:1519,66157
DA:1522,44105
DA:1524,44105
DA:1527,44105
DA:1529,44105
DA:1532,50477
DA:1534,50477
DA:1537,58517
DA:1539,58517
DA:1542,57237
DA:1544,57237
DA:1547,51757
DA:1549,51757
DA:1552,66157
DA:1554,66157
DA:1557,66157
DA:1559,66157
DA:1562,132313
DA:1564,132313
DA:1567,132313
DA:1569,132313
DA:1572,88209
DA:1574,88209
DA:1577,88209
DA:1579,88209
DA:1582,88209
DA:1584,88209
DA:1587,88209
DA:1589,88209
DA:1592,44105
DA:1594,44105
DA:1597,44105
DA:1599,44105
DA:1602,44105
DA:1604,44105
DA:1607,44105
DA:1609,44105
DA:1612,64889
DA:1614,64889
DA:1617,64889
DA:1619,64889
DA:1622,44105
DA:1624,44105
DA:1627,44105
DA:1629,44105
DA:1632,44105
DA:1634,44105
DA:1637,44105
DA:1639,44105
DA:1642,44105
DA:1644,44105
DA:1647,44105
DA:1649,44105
DA:1652,44105
DA:1654,44105
DA:1657,44105
DA:1659,44105
DA:1662,44105
DA:1664,44105
DA:1667,44105
DA:1669,44105
DA:1672,44105
DA:1674,44105
DA:1677,44105
DA:1679,44105
DA:1682,44105
DA:1684,44105
DA:1687,44105
DA:1689,44105
DA:1692,44105
DA:1694,44105
DA:1697,44105
DA:1699,44105
DA:1702,44105
DA:1704,44105
DA:1707,44105
DA:1709,44105
DA:1712,44105
DA:1714,44105
DA:1717,44105
DA:1719,44105
DA:1722,44105
DA:1724,44105
DA:1727,44105
DA:1729,44105
DA:1732,44105
DA:1734,44105
DA:1737,44105
DA:1739,44105
DA:1742,44105
DA:1744,44105
DA:1747,44105
DA:1749,44105
DA:1752,44105
DA:1754,44105
DA:1757,44105
DA:1759,44105
DA:1762,44105
DA:1764,44105
DA:1767,44105
DA:1769,44105
DA:1772,44105
DA:1774,44105
DA:1777,44105
DA:1779,44105
DA:1782,44105
DA:1784,44105
DA:1787,44105
DA:1789,44105
DA:1792,44105
DA:1794,44105
DA:1797,44105
DA:1799,44105
DA:1802,44105
DA:1804,44105
DA:1807,44105
DA:1809,44105
DA:1812,44105
DA:1814,44105
DA:1817,44105
DA:1819,44105
DA:1822,44105
DA:1824,44105
DA:1827,44105
DA:1829,44105
DA:1832,44105
DA:1834,44105
DA:1837,44105
DA:1839,44105
DA:1842,44105
DA:1844,44105
DA:1847,44105
DA:1849,44105
DA:1852,44105
DA:1854,44105
DA:1857,44105
DA:1859,44105
DA:1862,44105
DA:1864,44105
DA:1867,44105
DA:1869,44105
DA:1872,44105
DA:1874,44105
DA:1877,44105
DA:1879,44105
DA:1882,44105
DA:1884,44105
DA:1887,44105
DA:1889,44105
DA:1892,44105
DA:1894,44105
DA:1897,44105
DA:1899,44105
DA:1902,44105
DA:1904,44105
DA:1907,44105
DA:1909,44105
DA:1912,44105
DA:1914,44105
DA:1917,44105
DA:1919,44105
DA:1922,44105
DA:1924,44105
DA:1927,44105
DA:1929,44105
DA:1932,44105
DA:1934,44105
DA:1937,44105
DA:1939,44105
DA:1942,44105
DA:1944,44105
DA:1947,44105
DA:1949,44105
DA:1952,44105
DA:1954,44105
DA:1957,44105
DA:1959,44105
DA:1962,44105
DA:1964,44105
DA:1967,44105
DA:1969,44105
DA:1972,44105
DA:1974,44105
DA:1977,44105
DA:1979,44105
DA:1982,44105
DA:1984,44105
DA:1987,44105
DA:1989,44105
DA:1992,44105
DA:1994,44105
DA:1997,44105
DA:1999,44105
DA:2002,44105
DA:2004,44105
DA:2007,44105
DA:2009,44105
DA:2012,44105
DA:2014,44105
DA:2017,44105
DA:2019,44105
DA:2022,44105
DA:2024,44105
DA:2027,44105
DA:2029,44105
DA:2032,44105
DA:2034,44105
DA:2037,44105
DA:2039,44105
DA:2042,44105
DA:2044,44105
DA:2047,44105
DA:2049,44105
DA:2052,44105
DA:2054,44105
DA:2057,44105
DA:2059,44105
DA:2062,44105
DA:2064,44105
DA:2067,44105
DA:2069,44105
DA:2072,44105
DA:2074,44105
DA:2077,44105
DA:2079,44105
DA:2082,44105
DA:2084,44105
DA:2087,44105
DA:2089,44105
DA:2092,44105
DA:2094,44105
DA:2097,44105
DA:2099,44105
DA:2102,44105
DA:2104,44105
DA:2107,44105
DA:2109,44105
DA:2112,44105
DA:2114,44105
DA:2117,44105
DA:2119,44105
DA:2122,44105
DA:2124,44105
DA:2127,44105
DA:2129,44105
DA:2132,44105
DA:2134,44105
DA:2137,44105
DA:2139,44105
DA:2142,44105
DA:2144,44105
DA:2147,44105
DA:2149,44105
DA:2152,44105
DA:2154,44105
DA:2157,44105
DA:2159,44105
DA:2162,44105
DA:2164,44105
DA:2167,44105
DA:2169,44105
DA:2172,44105
DA:2174,44105
DA:2177,44105
DA:2179,44105
DA:2182,44105
DA:2184,44105
DA:2187,44105
DA:2189,44105
DA:2192,44105
DA:2194,44105
DA:2197,44105
DA:2199,44105
DA:2202,44105
DA:2204,44105
DA:2207,44105
DA:2209,44105
DA:2212,44105
DA:2214,44105
DA:2217,44105
DA:2219,44105
DA:2222,44105
DA:2224,44105
DA:2227,44105
DA:2229,44105
DA:2232,44105
DA:2234,44105
DA:2237,44105
DA:2239,44105
DA:2242,44105
DA:2244,44105
DA:2247,44105
DA:2249,44105
DA:2252,44105
DA:2254,44105
DA:2257,44105
DA:2259,44105
DA:2262,44105
DA:2264,44105
DA:2267,44105
DA:2269,44105
DA:2272,44105
DA:2274,44105
DA:2277,44105
DA:2279,44105
DA:2282,44105
DA:2284,44105
DA:2287,44105
DA:2289,44105
DA:2292,44105
DA:2294,44105
DA:2297,44105
DA:2299,44105
DA:2302,44105
DA:2304,44105
DA:2307,44105
DA:2309,44105
DA:2312,44105
DA:2314,44105
DA:2317,44105
DA:2319,44105
DA:2322,44105
DA:2324,44105
DA:2327,44105
DA:2329,44105
DA:2332,44105
DA:2334,44105
DA:2337,44105
DA:2339,44105
DA:2342,44105
DA:2344,44105
DA:2347,44105
DA:2349,44105
DA:2352,44105
DA:2354,44105
DA:2357,44105
DA:2359,44105
DA:2362,44105
DA:2364,44105
DA:2367,44105
DA:2369,44105
DA:2372,44105
DA:2374,44105
DA:2377,44105
DA:2379,44105
DA:2382,44105
DA:2384,44105
DA:2387,44105
DA:2389,44105
DA:2392,44105
DA:2394,44105
DA:2397,44105
DA:2399,44105
DA:2402,44105
DA:2404,44105
DA:2407,44105
DA:2409,44105
DA:2412,44105
DA:2414,44105
DA:2417,44105
DA:2419,44105
DA:2422,44105
DA:2424,44105
DA:2427,44105
DA:2429,44105
DA:2432,44105
DA:2434,44105
DA:2437,44105
DA:2439,44105
DA:2442,44105
DA:2444,44105
DA:2447,44105
DA:2449,44105
DA:2452,44105
DA:2454,44105
DA:2457,44105
DA:2459,44105
DA:2462,44105
DA:2464,44105
DA:2467,44105
DA:2469,44105
DA:2472,44105
DA:2474,44105
DA:2477,44105
DA:2479,44105
DA:2482,44105
DA:2484,44105
DA:2487,44105
DA:2489,44105
DA:2492,44105
DA:2494,44105
DA:2497,44105
DA:2499,44105
DA:2502,44105
DA:2504,44105
DA:2507,44105
DA:2509,44105
DA:2512,44105
DA:2514,44105
DA:2517,44105
DA:2519,44105
DA:2522,44105
DA:2524,44105
DA:2527,44105
DA:2529,44105
DA:2532,44105
DA:2534,44105
DA:2537,44105
DA:2539,44105
DA:2542,44105
DA:2544,44105
DA:2547,44105
DA:2549,44105
DA:2552,44105
DA:2554,44105
DA:2557,44105
DA:2559,44105
DA:2562,44105
DA:2564,44105
DA:2567,44105
DA:2569,44105
DA:2572,44105
DA:2574,44105
DA:2577,44105
DA:2579,44105
DA:2582,44105
DA:2584,44105
DA:2587,44105
DA:2589,44105
DA:2592,44105
DA:2594,44105
DA:2597,44105
DA:2599,44105
DA:2602,44105
DA:2604,44105
DA:2607,44105
DA:2609,44105
DA:2612,44105
DA:2614,44105
DA:2617,44105
DA:2619,44105
DA:2622,44105
DA:2624,44105
DA:2627,44105
DA:2629,44105
DA:2632,44105
DA:2634,44105
DA:2637,44105
DA:2639,44105
DA:2642,44105
DA:2644,44105
DA:2647,44105
DA:2649,44105
DA:2652,44105
DA:2654,44105
DA:2657,44105
DA:2659,44105
DA:2662,44105
DA:2664,44105
DA:2667,44105
DA:2669,44105
DA:2672,44105
DA:2674,44105
DA:2677,44105
DA:2679,44105
DA:2682,44105
DA:2684,44105
DA:2687,44105
DA:2689,44105
DA:2692,44105
DA:2694,44105
DA:2697,44105
DA:2699,44105
DA:2702,44105
DA:2704,44105
DA:2707,44105
DA:2709,44105
DA:2712,44105
DA:2714,44105
DA:2717,44105
DA:2719,44105
DA:2722,44105
DA:2724,44105
DA:2727,44105
DA:2729,44105
DA:2732,44105
DA:2734,44105
DA:2737,44105
DA:2739,44105
DA:2742,44105
DA:2744,44105
DA:2747,44105
DA:2749,44105
DA:2752,44105
DA:2754,44105
DA:2757,44105
DA:2759,44105
DA:2762,44105
DA:2764,44105
DA:2767,44105
DA:2769,44105
DA:2772,44105
DA:2774,44105
DA:2777,44105
DA:2779,44105
DA:2782,44105
DA:2784,44105
DA:2787,44105
DA:2789,44105
DA:2792,44105
DA:2794,44105
DA:2797,44105
DA:2799,44105
DA:2802,44105
DA:2804,44105
DA:2807,44105
DA:2809,44105
DA:2812,44105
DA:2814,44105
DA:2817,44105
DA:2819,44105
DA:2822,44105
DA:2824,44105
DA:2827,44105
DA:2829,44105
DA:2832,44105
DA:2834,44105
DA:2837,44105
DA:2839,44105
DA:2842,44105
DA:2844,44105
DA:2847,44105
DA:2849,44105
DA:2852,44105
DA:2854,44105
DA:2857,44105
DA:2859,44105
DA:2862,44105
DA:2864,44105
DA:2867,44105
DA:2869,44105
DA:2872,44105
DA:2874,44105
DA:2877,44105
DA:2879,44105
DA:2882,44105
DA:2884,44105
DA:2887,44105
DA:2889,44105
DA:2892,44105
DA:2894,44105
DA:2897,44105
DA:2899,44105
DA:2902,44105
DA:2904,44105
DA:2907,44105
DA:2909,44105
DA:2912,44105
DA:2914,44105
DA:2917,44105
DA:2919,44105
DA:2922,44105
DA:2924,44105
DA:2927,88209
DA:2929,88209
DA:2932,88209
DA:2934,88209
DA:2937,88209
DA:2939,88209
DA:2942,88209
DA:2944,88209
DA:2947,88209
DA:2949,88209
DA:2952,88209
DA:2954,88209
DA:2957,124121
DA:2959,124121
DA:2962,53517
DA:2964,53517
DA:2967,110261
DA:2969,110261
DA:2972,110261
DA:2974,110261
DA:2977,44105
DA:2979,44105
DA:2982,44105
DA:2984,44105
DA:2987,44105
DA:2989,44105
DA:2992,44105
DA:2994,44105
DA:2997,220209
DA:2999,220209
DA:3002,220362
DA:3004,220362
DA:3007,44105
DA:3009,44105
DA:3012,44105
DA:3014,44105
DA:3017,220209
DA:3019,220209
DA:3022,220362
DA:3024,220362
DA:3027,88209
DA:3029,88209
DA:3032,88209
DA:3034,88209
DA:3037,88113
DA:3039,88113
DA:3042,88160
DA:3044,88160
DA:3047,88101
DA:3049,88101
DA:3052,88154
DA:3054,88154
DA:3057,88101
DA:3059,88101
DA:3062,88154
DA:3064,88154
DA:3067,44105
DA:3069,44105
DA:3072,44105
DA:3074,44105
DA:3077,110261
DA:3079,110261
DA:3082,110261
DA:3084,110261
DA:3087,44105
DA:3089,44105
DA:3092,44105
DA:3094,44105
DA:3097,44105
DA:3099,44105
DA:3102,44105
DA:3104,44105
DA:3107,220404
DA:3109,220404
DA:3112,220456
DA:3114,220456
DA:3117,44105
DA:3119,44105
DA:3122,44105
DA:3124,44105
DA:3127,220404
DA:3129,220404
DA:3132,220456
DA:3134,220456
DA:3137,88209
DA:3139,88209
DA:3142,88209
DA:3144,88209
DA:3147,88170
DA:3149,88170
DA:3152,88188
DA:3154,88188
DA:3157,88170
DA:3159,88170
DA:3162,88187
DA:3164,88187
DA:3167,88170
DA:3169,88170
DA:3172,88187
DA:3174,88187
DA:3177,44105
DA:3179,44105
DA:3182,44105
DA:3184,44105
DA:3187,110261
DA:3189,110261
DA:3192,110261
DA:3194,110261
DA:3197,44105
DA:3199,44105
DA:3202,44105
DA:3204,44105
DA:3207,44105
DA:3209,44105
DA:3212,44105
DA:3214,44105
DA:3217,220443
DA:3219,220443
DA:3222,220485
DA:3224,220485
DA:3227,44105
DA:3229,44105
DA:3232,44105
DA:3234,44105
DA:3237,220443
DA:3239,220443
DA:3242,220485
DA:3244,220485
DA:3247,88209
DA:3249,88209
DA:3252,88209
DA:3254,88209
DA:3257,88183
DA:3259,88183
DA:3262,88197
DA:3264,88197
DA:3267,88183
DA:3269,88183
DA:3272,88197
DA:3274,88197
DA:3277,88183
DA:3279,88183
DA:3282,88197
DA:3284,88197
DA:3287,44105
DA:3289,44105
DA:3292,44105
DA:3294,44105
DA:3297,110261
DA:3299,110261
DA:3302,110261
DA:3304,110261
DA:3307,44105
DA:3309,44105
DA:3312,44105
DA:3314,44105
DA:3317,44105
DA:3319,44105
DA:3322,44105
DA:3324,44105
DA:3327,220437
DA:3329,220437
DA:3332,220485
DA:3334,220485
DA:3337,44105
DA:3339,44105
DA:3342,44105
DA:3344,44105
DA:3347,220437
DA:3349,220437
DA:3352,220485
DA:3354,220485
DA:3357,88209
DA:3359,88209
DA:3362,88209
DA:3364,88209
DA:3367,88181
DA:3369,88181
DA:3372,88197
DA:3374,88197
DA:3377,88181
DA:3379,88181
DA:3382,88197
DA:3384,88197
DA:3387,88181
DA:3389,88181
DA:3392,88197
DA:3394,88197
DA:3397,44105
DA:3399,44105
DA:3402,44105
DA:3404,44105
DA:3407,44105
DA:3409,44105
DA:3412,44105
DA:3414,44105
DA:3417,44105
DA:3419,44105
DA:3422,44105
DA:3424,44105
DA:3427,44105
DA:3429,44105
DA:3432,44105
DA:3434,44105
DA:3437,44105
DA:3439,44105
DA:3442,44105
DA:3444,44105
DA:3447,44105
DA:3449,44105
DA:3452,44105
DA:3454,44105
DA:3457,44105
DA:3459,44105
DA:3462,44105
DA:3464,44105
DA:3467,44105
DA:3469,44105
DA:3472,44105
DA:3474,44105
DA:3477,44105
DA:3479,44105
DA:3482,44105
DA:3484,44105
DA:3487,44105
DA:3489,44105
DA:3492,44105
DA:3494,44105
DA:3497,44105
DA:3499,44105
DA:3502,44105
DA:3504,44105
DA:3507,44105
DA:3509,44105
DA:3512,44105
DA:3514,44105
DA:3517,44105
DA:3519,44105
DA:3522,44105
DA:3524,44105
DA:3527,44105
DA:3529,44105
DA:3532,44105
DA:3534,44105
DA:3537,44105
DA:3539,44105
DA:3542,44105
DA:3544,44105
DA:3547,44105
DA:3549,44105
DA:3552,44105
DA:3554,44105
DA:3557,44105
DA:3559,44105
DA:3562,44105
DA:3564,44105
DA:3567,44105
DA:3569,44105
DA:3572,44105
DA:3574,44105
DA:3577,44105
DA:3579,44105
DA:3582,44105
DA:3584,44105
DA:3589,1
DA:3590,1
DA:3591,1
DA:3595,0
DA:3596,0
LF:1218
LH:1169
end_of_record
TN:verilator_coverage
SF:/home/UnityChipForXiangShan/rtl/openxiangshan-kmh-97e37a2237-24092701/rtl/DelayNWithValid.sv
FNF:0
FNH:0
DA:59,44103
DA:60,2
DA:61,1
DA:62,3
DA:65,3
DA:66,2
DA:67,3
DA:68,2
DA:69,5
DA:70,3
DA:71,4
DA:72,3
DA:73,3
DA:74,22052
DA:75,22052
DA:76,22051
DA:77,1
DA:78,22052
DA:79,22051
DA:80,1
DA:81,22052
DA:82,22050
DA:83,2
DA:84,22052
DA:85,22050
DA:86,2
DA:87,22050
DA:88,2
DA:95,1
LF:29
LH:29
end_of_record
TN:verilator_coverage
SF:/home/UnityChipForXiangShan/rtl/openxiangshan-kmh-97e37a2237-24092701/rtl/FoldedSRAMTemplate.sv
FNF:0
FNH:0
DA:59,176415
DA:60,5
DA:61,3738
DA:62,20001
DA:63,5023
DA:64,411
DA:65,344
DA:66,3740
DA:67,1072
DA:68,920
DA:69,968
DA:70,1045
DA:71,5
DA:90,5019
DA:91,20003
DA:92,5023
DA:93,5022
DA:94,20002
DA:95,5020
DA:96,5018
DA:104,88208
DA:105,78208
DA:106,10000
DA:107,78208
DA:108,10000
DA:109,78208
DA:110,10000
DA:112,88208
DA:113,88204
DA:114,4
DA:115,4
DA:117,88204
DA:118,88204
DA:119,88204
DA:127,4
DA:139,4
DA:140,4
DA:141,4
LF:38
LH:38
end_of_record
TN:verilator_coverage
SF:/home/UnityChipForXiangShan/rtl/openxiangshan-kmh-97e37a2237-24092701/rtl/FoldedSRAMTemplate_1.sv
FNF:0
FNH:0
DA:59,705654
DA:60,27
DA:61,4171
DA:62,20008
DA:63,20076
DA:64,1523
DA:65,1289
DA:66,1270
DA:67,1604
DA:68,1303
DA:69,1199
DA:70,4159
DA:71,4180
DA:72,4234
DA:73,4340
DA:74,4234
DA:75,4431
DA:76,10200
LF:18
LH:18
end_of_record
TN:verilator_coverage
SF:/home/UnityChipForXiangShan/rtl/openxiangshan-kmh-97e37a2237-24092701/rtl/FoldedSRAMTemplate_20.sv
FNF:0
FNH:0
DA:59,44103
DA:60,1
DA:61,5002
DA:62,1267
DA:63,1229
DA:64,1250
DA:65,4707
DA:66,3244
DA:67,1878
DA:68,1832
DA:69,3478
DA:80,1268
DA:81,5001
DA:82,1268
DA:83,1267
DA:84,5001
DA:85,1266
DA:86,1266
DA:90,22052
DA:91,19551
DA:92,2501
DA:93,19552
DA:94,2500
DA:95,19552
DA:96,2500
DA:98,22052
DA:99,22051
DA:100,1
DA:101,1
DA:103,22051
DA:104,22051
DA:105,22051
DA:113,1
DA:125,1
DA:126,1
DA:127,1
LF:36
LH:36
end_of_record
TN:verilator_coverage
SF:/home/UnityChipForXiangShan/rtl/openxiangshan-kmh-97e37a2237-24092701/rtl/IndexableCAMTemplate.sv
FNF:0
FNH:0
DA:59,1411310
DA:60,8356
DA:61,899
DA:62,822
DA:63,889
DA:64,839
DA:65,891
DA:66,868
DA:67,832
DA:68,862
DA:69,4505
DA:70,8356
DA:71,2351
DA:74,186
DA:75,163
DA:76,173
DA:77,160
DA:78,177
DA:79,168
DA:80,165
DA:81,161
DA:82,705664
DA:83,705357
DA:84,307
DA:85,705386
DA:86,278
DA:87,705381
DA:88,283
DA:89,705397
DA:90,267
DA:91,705376
DA:92,288
DA:93,705387
DA:94,277
DA:95,705385
DA:96,279
DA:97,705396
DA:98,268
DA:105,32
LF:39
LH:39
end_of_record
TN:verilator_coverage
SF:/home/UnityChipForXiangShan/rtl/openxiangshan-kmh-97e37a2237-24092701/rtl/IndexableCAMTemplate_32.sv
FNF:0
FNH:0
DA:59,44103
DA:60,1197
DA:61,1008
DA:62,0
DA:63,719
DA:64,0
DA:65,1018
DA:66,0
DA:67,632
DA:68,0
DA:69,8
DA:70,1197
DA:71,1197
DA:72,2
DA:73,1
DA:76,2
DA:77,1
DA:78,2
DA:79,1
DA:80,2
DA:81,1
DA:82,2
DA:83,1
DA:93,22052
DA:94,22051
DA:95,1
DA:96,22052
DA:97,0
DA:98,22051
DA:99,1
DA:100,22052
DA:101,0
DA:102,22051
DA:103,1
DA:104,22052
DA:105,0
DA:106,22051
DA:107,1
DA:108,22052
DA:109,0
DA:116,1
LF:41
LH:33
end_of_record
TN:verilator_coverage
SF:/home/UnityChipForXiangShan/rtl/openxiangshan-kmh-97e37a2237-24092701/rtl/IndexableCAMTemplate_33.sv
FNF:0
FNH:0
DA:59,352827
DA:60,2150
DA:61,634
DA:62,263
DA:63,535
DA:64,235
DA:65,631
DA:66,294
DA:67,269
DA:68,321
DA:69,756
DA:70,269
DA:71,298
DA:72,286
DA:73,457
DA:74,284
DA:75,297
DA:76,278
DA:77,2455
DA:78,2150
DA:79,1836
DA:82,48
DA:83,47
DA:84,48
DA:85,50
DA:86,51
DA:87,48
DA:88,48
DA:89,45
DA:90,57
DA:91,47
DA:92,50
DA:93,49
DA:94,48
DA:95,50
DA:96,54
DA:97,51
DA:98,176416
DA:99,176337
DA:100,79
DA:101,176338
DA:102,78
DA:103,176338
DA:104,78
DA:105,176344
DA:106,72
DA:107,176338
DA:108,78
DA:109,176344
DA:110,72
DA:111,176338
DA:112,78
DA:113,176342
DA:114,74
DA:115,176338
DA:116,78
DA:117,176344
DA:118,72
DA:119,176336
DA:120,80
DA:121,176338
DA:122,78
DA:123,176336
DA:124,80
DA:125,176343
DA:126,73
DA:127,176338
DA:128,78
DA:129,176338
DA:130,78
DA:137,8
LF:71
LH:71
end_of_record
TN:verilator_coverage
SF:/home/UnityChipForXiangShan/rtl/openxiangshan-kmh-97e37a2237-24092701/rtl/MaxPeriodFibonacciLFSR.sv
FNF:0
FNH:0
DA:59,88206
DA:60,2
DA:61,21901
DA:62,21902
DA:63,21901
DA:64,21900
DA:65,21901
DA:66,21899
DA:67,21896
DA:68,21897
DA:69,21895
DA:70,21894
DA:71,21891
DA:72,21888
DA:73,21888
DA:74,21888
DA:75,21889
DA:78,21901
DA:79,21902
DA:80,21901
DA:81,21900
DA:82,21901
DA:83,21899
DA:84,21896
DA:85,21897
DA:86,21895
DA:87,21894
DA:88,21891
DA:89,21888
DA:90,21888
DA:91,21888
DA:92,21889
DA:93,44104
DA:94,44102
DA:95,2
DA:96,2
DA:97,2
DA:98,2
DA:99,2
DA:100,2
DA:101,2
DA:102,2
DA:103,2
DA:104,2
DA:105,2
DA:106,2
DA:107,2
DA:108,2
DA:109,2
DA:111,44102
DA:112,44102
DA:113,44102
DA:114,44102
DA:115,44102
DA:116,44102
DA:117,44102
DA:118,44102
DA:119,44102
DA:120,44102
DA:121,44102
DA:122,44102
DA:123,44102
DA:124,44102
DA:125,44102
DA:126,44102
DA:134,2
DA:156,2
DA:157,2
DA:158,2
DA:159,2
DA:160,2
DA:161,2
DA:162,2
DA:163,2
DA:164,2
DA:165,2
DA:166,2
DA:167,2
DA:168,2
DA:169,2
DA:170,2
DA:171,2
LF:82
LH:82
end_of_record
TN:verilator_coverage
SF:/home/UnityChipForXiangShan/rtl/openxiangshan-kmh-97e37a2237-24092701/rtl/SCTable.sv
FNF:0
FNH:0
DA:59,44103
DA:60,1
DA:61,5000
DA:62,1268
DA:63,983
DA:64,880
DA:65,1041
DA:66,878
DA:67,238
DA:68,978
DA:69,263
DA:70,326
DA:71,233
DA:72,250
DA:73,230
DA:74,254
DA:75,253
DA:92,1267
DA:93,365
DA:96,299
DA:99,341
DA:102,239
DA:105,272
DA:107,526
DA:121,281
DA:123,526
DA:127,214
DA:129,495
DA:143,258
DA:145,496
DA:155,22052
DA:156,19552
DA:157,2500
DA:164,1
LF:34
LH:34
end_of_record
TN:verilator_coverage
SF:/home/UnityChipForXiangShan/rtl/openxiangshan-kmh-97e37a2237-24092701/rtl/SCTable_1.sv
FNF:0
FNH:0
DA:59,44103
DA:60,1
DA:61,5000
DA:62,1268
DA:63,1279
DA:64,1130
DA:65,1033
DA:66,1153
DA:67,1033
DA:68,238
DA:69,325
DA:70,978
DA:71,263
DA:72,284
DA:73,285
DA:74,250
DA:75,230
DA:76,256
DA:77,254
DA:94,1267
DA:95,364
DA:98,298
DA:101,341
DA:104,239
DA:107,306
DA:108,272
DA:110,613
DA:124,282
DA:126,613
DA:130,215
DA:132,565
DA:146,260
DA:148,565
DA:158,22052
DA:159,19552
DA:160,2500
DA:167,1
LF:37
LH:37
end_of_record
TN:verilator_coverage
SF:/home/UnityChipForXiangShan/rtl/openxiangshan-kmh-97e37a2237-24092701/rtl/SCTable_2.sv
FNF:0
FNH:0
DA:59,44103
DA:60,1
DA:61,5000
DA:62,1268
DA:63,1344
DA:64,620
DA:65,491
DA:66,612
DA:67,570
DA:68,238
DA:69,326
DA:70,978
DA:71,263
DA:72,171
DA:73,174
DA:74,250
DA:75,232
DA:76,254
DA:77,254
DA:94,1267
DA:95,364
DA:98,299
DA:101,340
DA:104,238
DA:107,305
DA:110,272
DA:112,627
DA:126,282
DA:128,628
DA:132,215
DA:134,569
DA:148,258
DA:150,568
DA:160,22052
DA:161,19552
DA:162,2500
DA:169,1
LF:37
LH:37
end_of_record
TN:verilator_coverage
SF:/home/UnityChipForXiangShan/rtl/openxiangshan-kmh-97e37a2237-24092701/rtl/SCTable_3.sv
FNF:0
FNH:0
DA:59,44103
DA:60,1
DA:61,5000
DA:62,1268
DA:63,1346
DA:64,648
DA:65,487
DA:66,621
DA:67,523
DA:68,239
DA:69,326
DA:70,978
DA:71,263
DA:72,166
DA:73,172
DA:74,250
DA:75,231
DA:76,255
DA:77,252
DA:94,1267
DA:95,365
DA:98,298
DA:101,341
DA:104,239
DA:107,299
DA:109,273
DA:111,616
DA:125,280
DA:127,616
DA:131,214
DA:133,579
DA:147,258
DA:149,578
DA:159,22052
DA:160,19552
DA:161,2500
DA:168,1
LF:37
LH:37
end_of_record
TN:verilator_coverage
SF:/home/UnityChipForXiangShan/rtl/openxiangshan-kmh-97e37a2237-24092701/rtl/SRAMTemplate_35.sv
FNF:0
FNH:0
DA:59,176415
DA:60,5
DA:61,3738
DA:62,20001
DA:63,5017
DA:64,361
DA:65,250
DA:66,451
DA:67,411
DA:68,369
DA:69,450
DA:70,408
DA:71,358
DA:72,464
DA:73,372
DA:74,277
DA:75,284
DA:76,448
DA:77,210
DA:78,441
DA:79,383
DA:80,3740
DA:81,1045
DA:82,920
DA:83,968
DA:84,920
DA:85,968
DA:86,920
DA:87,968
DA:88,920
DA:89,968
DA:90,920
DA:91,968
DA:92,920
DA:93,968
DA:94,920
DA:95,968
DA:96,920
DA:97,968
DA:98,306
DA:99,5
DA:102,2066
DA:103,20002
DA:104,3741
DA:111,20001
DA:112,363
DA:113,247
DA:114,451
DA:115,411
DA:116,365
DA:117,451
DA:118,407
DA:119,359
DA:120,463
DA:121,371
DA:122,275
DA:123,285
DA:124,448
DA:125,209
DA:126,439
DA:127,385
DA:128,88208
DA:129,88204
DA:130,4
DA:131,4
DA:132,4
DA:134,88204
DA:135,88204
DA:136,87180
DA:137,1024
DA:138,88204
DA:141,88208
DA:142,78208
DA:143,10000
DA:144,10000
DA:145,10000
DA:146,10000
DA:147,10000
DA:148,10000
DA:149,10000
DA:150,10000
DA:151,10000
DA:152,10000
DA:153,10000
DA:154,10000
DA:155,10000
DA:156,10000
DA:157,10000
DA:158,10000
DA:166,4
DA:194,4
DA:195,4
DA:196,4
DA:197,4
LF:94
LH:94
end_of_record
TN:verilator_coverage
SF:/home/UnityChipForXiangShan/rtl/openxiangshan-kmh-97e37a2237-24092701/rtl/SRAMTemplate_36.sv
FNF:0
FNH:0
DA:59,705654
DA:60,27
DA:61,4171
DA:62,20008
DA:63,20076
DA:64,1523
DA:65,1289
DA:66,1270
DA:67,1604
DA:68,1303
DA:69,1199
DA:70,4159
DA:71,4180
DA:72,4234
DA:73,4340
DA:74,4234
DA:75,4431
DA:76,10200
DA:79,12330
DA:80,20007
DA:81,4170
DA:88,20009
DA:89,1522
DA:90,1604
DA:93,352832
DA:94,352816
DA:95,16
DA:96,16
DA:97,16
DA:99,352816
DA:100,352816
DA:101,344624
DA:102,8192
DA:103,352816
DA:106,352832
DA:107,342832
DA:108,10000
DA:109,10000
DA:117,16
DA:131,16
DA:132,16
DA:133,16
DA:134,16
LF:43
LH:43
end_of_record
TN:verilator_coverage
SF:/home/UnityChipForXiangShan/rtl/openxiangshan-kmh-97e37a2237-24092701/rtl/SRAMTemplate_55.sv
FNF:0
FNH:0
DA:59,44103
DA:60,1
DA:61,5002
DA:62,748
DA:63,416
DA:64,403
DA:65,516
DA:66,569
DA:67,838
DA:68,609
DA:69,618
DA:70,848
DA:71,4707
DA:72,1231
DA:73,1878
DA:74,1832
DA:75,1878
DA:76,1832
DA:77,1878
DA:78,1832
DA:79,1878
DA:80,1832
DA:81,2582
DA:85,1
DA:86,2
DA:87,1
DA:88,1
DA:89,1
DA:90,2
DA:91,2
DA:92,2
DA:93,2
DA:94,0
DA:95,2
DA:96,2
DA:97,2
DA:98,1
DA:101,678
DA:102,550
DA:103,547
DA:104,611
DA:105,942
DA:106,658
DA:107,682
DA:108,957
DA:109,5001
DA:110,417
DA:111,403
DA:112,517
DA:113,569
DA:114,838
DA:115,609
DA:116,619
DA:117,849
DA:118,22052
DA:119,22051
DA:120,1
DA:121,1
DA:122,1
DA:123,1
DA:124,1
DA:125,1
DA:126,1
DA:127,1
DA:129,22051
DA:130,1
DA:131,1
DA:132,1
DA:134,19552
DA:135,2500
DA:136,2500
DA:137,2500
DA:138,2500
DA:139,2500
DA:140,2500
DA:141,2500
DA:142,2500
DA:145,22052
DA:146,22051
DA:147,1
DA:148,1
DA:150,22051
DA:151,22051
DA:152,22051
DA:160,1
DA:190,1
DA:191,1
DA:192,1
LF:88
LH:87
end_of_record
TN:verilator_coverage
SF:/home/UnityChipForXiangShan/rtl/openxiangshan-kmh-97e37a2237-24092701/rtl/SRAMTemplate_56.sv
FNF:0
FNH:0
DA:59,176413
DA:60,7
DA:61,20003
DA:62,5107
DA:63,3189
DA:64,2943
DA:65,3248
DA:66,2856
DA:67,4393
DA:68,1074
DA:69,2382
DA:70,2382
DA:71,2209
DA:72,2209
DA:73,1458
DA:79,3
DA:80,3
DA:81,3
DA:82,4
DA:83,1
DA:84,2
DA:85,3
DA:86,3
DA:87,4
DA:88,3
DA:91,3939
DA:92,3543
DA:93,3924
DA:94,3386
DA:95,20002
DA:96,3190
DA:97,2943
DA:98,3249
DA:99,2854
DA:100,88208
DA:101,88204
DA:102,4
DA:103,4
DA:104,4
DA:105,4
DA:107,88204
DA:108,88204
DA:109,87180
DA:110,1024
DA:111,88204
DA:112,88204
DA:115,88208
DA:116,88208
DA:117,0
DA:118,0
DA:119,0
DA:120,0
DA:122,88208
DA:123,0
DA:124,0
DA:125,0
DA:127,78208
DA:128,10000
DA:129,10000
DA:130,10000
DA:131,10000
DA:139,4
DA:163,4
DA:164,4
DA:165,4
DA:166,4
DA:167,4
LF:67
LH:60
end_of_record
TN:verilator_coverage
SF:/home/UnityChipForXiangShan/rtl/openxiangshan-kmh-97e37a2237-24092701/rtl/TageBTable.sv
FNF:0
FNH:0
DA:59,44103
DA:60,1
DA:61,2
DA:62,5002
DA:63,1267
DA:64,1396
DA:65,1139
DA:66,4540
DA:67,2329
DA:68,1197
DA:69,1354
DA:70,1081
DA:71,1194
DA:72,923
DA:75,1830
DA:76,1878
DA:89,1
DA:90,2049
DA:91,1269
DA:92,0
DA:94,1230
DA:96,1250
DA:99,2123
DA:104,2099
DA:123,3476
DA:126,1
DA:129,0
DA:134,22052
DA:135,22051
DA:136,1
DA:137,1
DA:139,22051
DA:140,22051
DA:141,22051
DA:144,22052
DA:145,19551
DA:146,2501
DA:153,1
DA:163,1
DA:164,1
DA:165,1
LF:41
LH:39
end_of_record
TN:verilator_coverage
SF:/home/UnityChipForXiangShan/rtl/openxiangshan-kmh-97e37a2237-24092701/rtl/TageTable.sv
FNF:0
FNH:0
DA:59,44103
DA:60,1
DA:61,2
DA:62,5002
DA:63,1267
DA:64,1278
DA:65,1278
DA:66,716
DA:67,955
DA:68,381
DA:69,1097
DA:70,446
DA:71,920
DA:72,368
DA:73,1069
DA:74,564
DA:75,603
DA:76,1869
DA:77,812
DA:78,546
DA:79,465
DA:80,492
DA:81,405
DA:82,465
DA:83,462
DA:84,454
DA:85,471
DA:86,474
DA:87,550
DA:88,2
DA:89,2
DA:92,291
DA:93,235
DA:94,281
DA:95,231
DA:96,291
DA:97,239
DA:98,291
DA:99,231
DA:100,1
DA:159,931
DA:160,971
DA:161,951
DA:164,1267
DA:165,1264
DA:166,929
DA:167,972
DA:168,951
DA:169,937
DA:170,1
DA:171,2
DA:172,1
DA:173,0
DA:227,558
DA:229,404
DA:230,429
DA:231,398
DA:232,559
DA:233,1404
DA:238,1408
DA:243,1404
DA:248,1404
DA:264,495
DA:273,592
DA:292,460
DA:300,623
DA:321,522
DA:326,601
DA:345,493
DA:350,612
DA:371,483
DA:376,602
DA:395,448
DA:400,598
DA:423,487
DA:428,591
DA:449,468
DA:454,636
DA:474,22052
DA:475,19552
DA:476,2500
DA:477,2500
DA:478,2500
DA:479,2500
DA:480,2500
DA:481,2500
DA:483,19551
DA:484,2501
DA:485,2501
DA:486,2501
DA:487,2501
DA:490,22052
DA:491,22051
DA:492,1
DA:494,22051
DA:495,22051
DA:496,22051
DA:497,22051
DA:504,1
DA:524,1
DA:525,1
LF:101
LH:100
end_of_record
TN:verilator_coverage
SF:/home/UnityChipForXiangShan/rtl/openxiangshan-kmh-97e37a2237-24092701/rtl/TageTable_1.sv
FNF:0
FNH:0
DA:59,44103
DA:60,1
DA:61,1
DA:62,5002
DA:63,1267
DA:64,1262
DA:65,1345
DA:66,1297
DA:67,36
DA:68,181
DA:69,1
DA:70,320
DA:71,14
DA:72,165
DA:73,3
DA:74,295
DA:75,263
DA:76,272
DA:77,788
DA:78,379
DA:79,231
DA:80,195
DA:81,184
DA:82,217
DA:83,195
DA:84,194
DA:85,171
DA:86,218
DA:87,145
DA:88,255
DA:89,0
DA:90,2
DA:93,136
DA:94,98
DA:95,139
DA:96,97
DA:97,138
DA:98,95
DA:99,134
DA:100,95
DA:101,2
DA:159,1277
DA:160,982
DA:161,897
DA:162,891
DA:164,1266
DA:165,1287
DA:166,981
DA:167,896
DA:168,891
DA:169,990
DA:170,0
DA:171,2
DA:172,1
DA:173,1
DA:226,260
DA:229,265
DA:233,190
DA:234,203
DA:235,179
DA:236,606
DA:241,607
DA:246,607
DA:251,607
DA:267,188
DA:276,256
DA:295,140
DA:303,280
DA:324,173
DA:329,252
DA:348,167
DA:353,274
DA:374,147
DA:379,264
DA:398,139
DA:403,275
DA:426,141
DA:431,256
DA:450,162
DA:455,276
DA:475,22052
DA:476,19552
DA:477,2500
DA:478,2500
DA:479,2500
DA:480,2500
DA:481,2500
DA:482,2500
DA:483,2500
DA:484,2500
DA:486,19551
DA:487,2501
DA:488,2501
DA:489,2501
DA:490,2501
DA:493,22052
DA:494,22051
DA:495,1
DA:497,22051
DA:498,22051
DA:499,22051
DA:500,22051
DA:507,1
DA:527,1
DA:528,1
LF:105
LH:103
end_of_record
TN:verilator_coverage
SF:/home/UnityChipForXiangShan/rtl/openxiangshan-kmh-97e37a2237-24092701/rtl/TageTable_2.sv
FNF:0
FNH:0
DA:59,44103
DA:60,1
DA:61,1
DA:62,5002
DA:63,1267
DA:64,1257
DA:65,1282
DA:66,1263
DA:67,0
DA:68,65
DA:69,1
DA:70,121
DA:71,0
DA:72,96
DA:73,1
DA:74,158
DA:75,108
DA:76,126
DA:77,333
DA:78,135
DA:79,102
DA:80,80
DA:81,70
DA:82,94
DA:83,86
DA:84,86
DA:85,70
DA:86,95
DA:87,54
DA:88,101
DA:89,0
DA:90,0
DA:93,63
DA:94,51
DA:95,64
DA:96,52
DA:97,63
DA:98,52
DA:99,64
DA:100,50
DA:101,1
DA:159,1273
DA:160,955
DA:161,924
DA:162,913
DA:164,1268
DA:165,1319
DA:166,953
DA:167,924
DA:168,912
DA:169,976
DA:170,1
DA:171,1
DA:172,1
DA:173,1
DA:226,116
DA:229,109
DA:235,93
DA:236,78
DA:237,71
DA:238,241
DA:243,240
DA:248,240
DA:253,240
DA:269,73
DA:278,101
DA:297,68
DA:305,100
DA:326,59
DA:331,101
DA:350,66
DA:355,100
DA:376,54
DA:381,100
DA:400,67
DA:405,100
DA:428,57
DA:433,100
DA:452,61
DA:457,100
DA:477,22052
DA:478,19552
DA:479,2500
DA:480,2500
DA:481,2500
DA:482,2500
DA:483,2500
DA:484,2500
DA:485,2500
DA:486,2500
DA:488,19551
DA:489,2501
DA:490,2501
DA:491,2501
DA:492,2501
DA:495,22052
DA:496,22051
DA:497,1
DA:499,22051
DA:500,22051
DA:501,22051
DA:502,22051
DA:509,1
DA:529,1
DA:530,1
LF:105
LH:101
end_of_record
TN:verilator_coverage
SF:/home/UnityChipForXiangShan/rtl/openxiangshan-kmh-97e37a2237-24092701/rtl/TageTable_3.sv
FNF:0
FNH:0
DA:59,44103
DA:60,1
DA:61,1
DA:62,5002
DA:63,1267
DA:64,1267
DA:65,1284
DA:66,1269
DA:67,1
DA:68,94
DA:69,2
DA:70,167
DA:71,3
DA:72,86
DA:73,1
DA:74,152
DA:75,126
DA:76,151
DA:77,409
DA:78,199
DA:79,109
DA:80,104
DA:81,81
DA:82,121
DA:83,104
DA:84,114
DA:85,81
DA:86,120
DA:87,77
DA:88,134
DA:89,0
DA:90,1
DA:93,75
DA:94,61
DA:95,75
DA:96,61
DA:97,72
DA:98,60
DA:99,72
DA:100,61
DA:101,2
DA:159,1266
DA:160,938
DA:161,1007
DA:162,918
DA:164,1266
DA:165,1309
DA:166,937
DA:167,1006
DA:168,918
DA:169,883
DA:170,2
DA:171,1
DA:172,0
DA:173,1
DA:226,142
DA:232,151
DA:246,99
DA:247,106
DA:248,85
DA:249,311
DA:254,311
DA:259,312
DA:264,311
DA:280,81
DA:289,132
DA:308,85
DA:316,137
DA:337,95
DA:342,135
DA:361,102
DA:366,138
DA:387,91
DA:392,134
DA:411,48
DA:416,138
DA:439,69
DA:444,134
DA:463,87
DA:468,137
DA:488,22052
DA:489,19552
DA:490,2500
DA:491,2500
DA:492,2500
DA:493,2500
DA:494,2500
DA:495,2500
DA:496,2500
DA:497,2500
DA:499,19551
DA:500,2501
DA:501,2501
DA:502,2501
DA:503,2501
DA:506,22052
DA:507,22051
DA:508,1
DA:510,22051
DA:511,22051
DA:512,22051
DA:513,22051
DA:520,1
DA:540,1
DA:541,1
LF:105
LH:103
end_of_record
TN:verilator_coverage
SF:/home/UnityChipForXiangShan/rtl/openxiangshan-kmh-97e37a2237-24092701/rtl/WrBypass.sv
FNF:0
FNH:0
DA:59,1411310
DA:60,50
DA:61,4939
DA:62,8356
DA:63,8760
DA:64,6325
DA:65,6320
DA:66,3111
DA:77,48
DA:78,49
DA:79,50
DA:80,42
DA:81,55
DA:82,51
DA:83,46
DA:84,46
DA:85,42
DA:86,49
DA:87,46
DA:88,45
DA:89,50
DA:90,47
DA:91,46
DA:92,46
DA:93,883
DA:94,825
DA:95,887
DA:96,835
DA:97,878
DA:98,856
DA:99,835
DA:100,849
DA:103,3285
DA:107,6325
DA:110,2347
DA:111,2351
DA:116,3323
DA:124,705664
DA:125,705632
DA:126,32
DA:127,32
DA:128,32
DA:129,32
DA:130,32
DA:131,32
DA:132,32
DA:133,32
DA:134,32
DA:135,32
DA:136,32
DA:137,32
DA:138,32
DA:139,32
DA:140,32
DA:141,32
DA:142,32
DA:144,705632
DA:145,703175
DA:146,2241
DA:147,216
DA:148,216
DA:149,216
DA:150,216
DA:151,216
DA:152,216
DA:153,216
DA:154,216
DA:156,2241
DA:157,2241
DA:158,2241
DA:159,2241
DA:160,2241
DA:161,2241
DA:162,2241
DA:163,2241
DA:164,2241
DA:166,2457
DA:167,2457
DA:168,2457
DA:169,2457
DA:170,2457
DA:171,2457
DA:172,2457
DA:173,2457
DA:174,2457
DA:175,2457
DA:176,2457
DA:177,2457
DA:178,2457
DA:179,2457
DA:180,2457
DA:181,2457
DA:182,2457
DA:183,2457
DA:184,2457
DA:185,2457
DA:187,705632
DA:188,705632
DA:189,705632
DA:190,705632
DA:191,705632
DA:192,705632
DA:193,705632
DA:194,705632
DA:202,32
DA:226,32
DA:227,32
DA:228,32
DA:229,32
DA:230,32
DA:231,32
DA:232,32
DA:233,32
DA:234,32
DA:235,32
DA:236,32
DA:237,32
DA:238,32
DA:239,32
DA:240,32
DA:241,32
DA:242,32
DA:243,32
LF:123
LH:123
end_of_record
TN:verilator_coverage
SF:/home/UnityChipForXiangShan/rtl/openxiangshan-kmh-97e37a2237-24092701/rtl/WrBypass_32.sv
FNF:0
FNH:0
DA:59,44103
DA:60,1
DA:61,4707
DA:62,1197
DA:63,2170
DA:64,1527
DA:65,4540
DA:66,2329
DA:67,1
DA:68,1879
DA:69,1831
DA:70,3478
DA:71,7
DA:72,8
DA:73,2533
DA:74,8
DA:75,1728
DA:76,1
DA:77,2
DA:78,1
DA:79,1
DA:80,1
DA:81,0
DA:94,2
DA:95,1
DA:96,0
DA:97,0
DA:98,2
DA:99,1
DA:100,1
DA:101,0
DA:102,1
DA:103,2
DA:104,1
DA:105,1
DA:106,1
DA:107,1
DA:108,0
DA:109,1
DA:110,2
DA:111,1
DA:112,2
DA:113,0
DA:114,2
DA:115,0
DA:116,1
DA:117,0
DA:118,1008
DA:119,0
DA:120,718
DA:121,0
DA:122,1019
DA:123,1
DA:124,632
DA:125,1
DA:128,1196
DA:132,7
DA:135,1197
DA:136,1197
DA:141,0
DA:142,0
DA:143,0
DA:144,1
DA:145,0
DA:146,1
DA:147,1
DA:148,0
DA:149,1
DA:150,1
DA:151,1
DA:155,1
DA:166,1196
DA:175,22052
DA:176,22051
DA:177,1
DA:178,1
DA:179,1
DA:180,1
DA:181,1
DA:182,1
DA:183,1
DA:184,1
DA:185,1
DA:186,1
DA:187,1
DA:188,1
DA:189,1
DA:190,1
DA:191,1
DA:192,1
DA:193,1
DA:194,1
DA:195,1
DA:196,1
DA:197,1
DA:198,1
DA:199,1
DA:200,1
DA:201,1
DA:202,1
DA:203,1
DA:204,1
DA:205,1
DA:206,1
DA:207,1
DA:208,1
DA:209,1
DA:210,1
DA:211,1
DA:212,1
DA:214,22051
DA:215,19698
DA:216,2349
DA:217,2349
DA:218,2349
DA:219,2349
DA:220,2349
DA:221,2349
DA:222,2349
DA:223,2349
DA:224,2349
DA:225,2349
DA:226,2349
DA:227,2349
DA:228,2349
DA:229,2349
DA:230,2349
DA:231,2349
DA:232,2349
DA:234,4
DA:235,4
DA:236,4
DA:237,4
DA:238,4
DA:239,4
DA:240,4
DA:241,4
DA:242,4
DA:243,4
DA:244,4
DA:245,4
DA:246,4
DA:247,4
DA:248,4
DA:249,4
DA:250,4
DA:252,2353
DA:253,2353
DA:254,2353
DA:255,2353
DA:256,2353
DA:257,2353
DA:258,2353
DA:259,2353
DA:260,2353
DA:261,2353
DA:262,2353
DA:263,2353
DA:264,2353
DA:265,2353
DA:266,2353
DA:267,2353
DA:268,2353
DA:269,2353
DA:270,2353
DA:271,2353
DA:273,22051
DA:274,22051
DA:275,22051
DA:276,22051
DA:277,22051
DA:278,22051
DA:279,22051
DA:280,22051
DA:281,22051
DA:282,22051
DA:283,22051
DA:284,22051
DA:285,22051
DA:286,22051
DA:287,22051
DA:288,22051
DA:289,22051
DA:290,22051
DA:291,22051
DA:292,22051
DA:293,22051
DA:294,22051
DA:295,22051
DA:296,22051
DA:297,22051
DA:298,22051
DA:299,22051
DA:300,22051
DA:301,22051
DA:302,22051
DA:303,22051
DA:304,22051
DA:305,22051
DA:306,22051
DA:307,0
DA:308,0
DA:309,0
DA:318,1
DA:363,1
DA:364,1
DA:365,1
DA:366,1
DA:367,1
DA:368,1
DA:369,1
DA:370,1
DA:371,1
DA:372,1
DA:373,1
DA:374,1
DA:375,1
DA:376,1
DA:377,1
DA:378,1
DA:379,1
DA:380,1
DA:381,1
DA:382,1
DA:383,1
DA:384,1
DA:385,1
DA:386,1
DA:387,1
DA:388,1
DA:389,1
DA:390,1
DA:391,1
DA:392,1
DA:393,1
DA:394,1
DA:395,1
DA:396,1
DA:397,1
DA:398,1
DA:399,1
LF:241
LH:223
end_of_record
TN:verilator_coverage
SF:/home/UnityChipForXiangShan/rtl/openxiangshan-kmh-97e37a2237-24092701/rtl/WrBypass_33.sv
FNF:0
FNH:0
DA:59,352827
DA:60,13
DA:61,4965
DA:62,2150
DA:63,4552
DA:64,4552
DA:65,2820
DA:66,2148
DA:67,2670
DA:68,1767
DA:69,2356
DA:70,1480
DA:71,2327
DA:92,44
DA:93,40
DA:94,51
DA:95,47
DA:96,47
DA:97,45
DA:98,43
DA:99,44
DA:100,46
DA:101,43
DA:102,40
DA:103,32
DA:104,46
DA:105,51
DA:106,49
DA:107,50
DA:108,55
DA:109,47
DA:110,46
DA:111,47
DA:112,61
DA:113,57
DA:114,45
DA:115,43
DA:116,46
DA:117,49
DA:118,53
DA:119,50
DA:120,33
DA:121,33
DA:122,52
DA:123,59
DA:124,13
DA:125,10
DA:126,11
DA:127,11
DA:128,10
DA:129,8
DA:130,7
DA:131,9
DA:132,12
DA:133,10
DA:134,12
DA:135,9
DA:136,11
DA:137,13
DA:138,10
DA:139,10
DA:140,632
DA:141,260
DA:142,298
DA:143,235
DA:144,632
DA:145,220
DA:146,268
DA:147,318
DA:148,758
DA:149,270
DA:150,300
DA:151,290
DA:152,455
DA:153,285
DA:154,297
DA:155,276
DA:160,2263
DA:172,2670
DA:176,1837
DA:177,1836
DA:203,2282
DA:219,176416
DA:220,176408
DA:221,8
DA:222,8
DA:223,8
DA:224,8
DA:225,8
DA:226,8
DA:227,8
DA:228,8
DA:229,8
DA:230,8
DA:231,8
DA:232,8
DA:233,8
DA:234,8
DA:235,8
DA:236,8
DA:237,8
DA:238,8
DA:239,8
DA:240,8
DA:241,8
DA:242,8
DA:243,8
DA:244,8
DA:245,8
DA:246,8
DA:247,8
DA:248,8
DA:249,8
DA:250,8
DA:251,8
DA:252,8
DA:253,8
DA:254,8
DA:255,8
DA:256,8
DA:257,8
DA:258,8
DA:259,8
DA:260,8
DA:261,8
DA:262,8
DA:263,8
DA:264,8
DA:265,8
DA:266,8
DA:267,8
DA:268,8
DA:269,8
DA:271,176408
DA:272,173928
DA:273,1254
DA:274,1254
DA:275,1254
DA:276,1254
DA:277,1254
DA:278,1254
DA:279,1254
DA:280,1254
DA:281,1254
DA:282,1254
DA:283,1254
DA:284,1254
DA:285,1254
DA:286,1254
DA:287,1254
DA:288,1254
DA:289,1254
DA:290,1254
DA:291,1254
DA:292,1254
DA:293,1254
DA:294,1254
DA:295,1254
DA:296,1254
DA:297,1254
DA:298,1254
DA:299,1254
DA:300,1254
DA:301,1254
DA:302,1254
DA:303,1254
DA:304,1254
DA:305,1254
DA:307,1226
DA:308,1226
DA:309,1226
DA:310,1226
DA:311,1226
DA:312,1226
DA:313,1226
DA:314,1226
DA:315,1226
DA:316,1226
DA:317,1226
DA:318,1226
DA:319,1226
DA:320,1226
DA:321,1226
DA:322,1226
DA:323,1226
DA:324,1226
DA:325,1226
DA:326,1226
DA:327,1226
DA:328,1226
DA:329,1226
DA:330,1226
DA:331,1226
DA:332,1226
DA:333,1226
DA:334,1226
DA:335,1226
DA:336,1226
DA:337,1226
DA:338,1226
DA:339,1226
DA:341,2480
DA:342,2480
DA:343,2480
DA:344,2480
DA:345,2480
DA:346,2480
DA:347,2480
DA:348,2480
DA:349,2480
DA:350,2480
DA:351,2480
DA:352,2480
DA:353,2480
DA:354,2480
DA:355,2480
DA:356,2480
DA:357,2480
DA:358,2480
DA:359,2480
DA:360,2480
DA:361,2480
DA:362,2480
DA:363,2480
DA:364,2480
DA:365,2480
DA:366,2480
DA:367,2480
DA:368,2480
DA:369,2480
DA:370,2480
DA:371,2480
DA:372,2480
DA:373,2480
DA:374,2480
DA:375,2480
DA:376,2480
DA:377,2480
DA:378,2480
DA:379,2480
DA:380,2480
DA:381,2480
DA:382,2480
DA:383,2480
DA:384,2480
DA:386,176408
DA:387,176408
DA:388,176408
DA:389,176408
DA:390,176408
DA:391,176408
DA:392,176408
DA:393,176408
DA:394,176408
DA:395,176408
DA:396,176408
DA:397,176408
DA:398,176408
DA:399,176408
DA:400,176408
DA:401,176408
DA:402,176408
DA:410,8
DA:468,8
DA:469,8
DA:470,8
DA:471,8
DA:472,8
DA:473,8
DA:474,8
DA:475,8
DA:476,8
DA:477,8
DA:478,8
DA:479,8
DA:480,8
DA:481,8
DA:482,8
DA:483,8
DA:484,8
DA:485,8
DA:486,8
DA:487,8
DA:488,8
DA:489,8
DA:490,8
DA:491,8
DA:492,8
DA:493,8
DA:494,8
DA:495,8
DA:496,8
DA:497,8
DA:498,8
DA:499,8
DA:500,8
DA:501,8
DA:502,8
DA:503,8
DA:504,8
DA:505,8
DA:506,8
DA:507,8
DA:508,8
DA:509,8
DA:510,8
DA:511,8
DA:512,8
DA:513,8
DA:514,8
DA:515,8
DA:516,8
DA:517,8
LF:313
LH:313
end_of_record
TN:verilator_coverage
SF:/home/UnityChipForXiangShan/rtl/openxiangshan-kmh-97e37a2237-24092701/rtl/array_2.sv
FNF:0
FNH:0
DA:59,6041
DA:60,23740
DA:61,176415
DA:62,3741
DA:63,973
DA:64,486
DA:65,308
LF:7
LH:7
end_of_record
TN:verilator_coverage
SF:/home/UnityChipForXiangShan/rtl/openxiangshan-kmh-97e37a2237-24092701/rtl/array_2_ext.v
FNF:0
FNH:0
DA:3,176415
DA:4,6041
DA:5,23740
DA:6,3741
DA:7,308
DA:8,973
DA:9,486
DA:12,20003
DA:13,5018
DA:25,88208
DA:26,88208
DA:27,88208
DA:28,78208
DA:29,88208
DA:30,85313
DA:31,2895
LF:16
LH:16
end_of_record
TN:verilator_coverage
SF:/home/UnityChipForXiangShan/rtl/openxiangshan-kmh-97e37a2237-24092701/rtl/array_3.sv
FNF:0
FNH:0
DA:59,28023
DA:60,24171
DA:61,705654
DA:62,4170
DA:63,4443
DA:64,2837
DA:65,10202
LF:7
LH:7
end_of_record
TN:verilator_coverage
SF:/home/UnityChipForXiangShan/rtl/openxiangshan-kmh-97e37a2237-24092701/rtl/array_3_ext.v
FNF:0
FNH:0
DA:3,705654
DA:4,28023
DA:5,24171
DA:6,4170
DA:7,10202
DA:8,4443
DA:9,2837
DA:12,20016
DA:13,5097
DA:25,352832
DA:26,352832
DA:27,352832
DA:28,342832
DA:29,352832
DA:30,342550
DA:31,20564
DA:32,18870
DA:33,18870
LF:18
LH:18
end_of_record
TN:verilator_coverage
SF:/home/UnityChipForXiangShan/rtl/openxiangshan-kmh-97e37a2237-24092701/rtl/array_4.sv
FNF:0
FNH:0
DA:59,748
DA:60,5002
DA:61,44103
DA:62,956
DA:63,1231
DA:64,4707
DA:65,44103
DA:66,1879
DA:67,2582
LF:9
LH:9
end_of_record
TN:verilator_coverage
SF:/home/UnityChipForXiangShan/rtl/openxiangshan-kmh-97e37a2237-24092701/rtl/array_4_ext.v
FNF:0
FNH:0
DA:3,44103
DA:4,1231
DA:5,4707
DA:6,1879
DA:7,2582
DA:8,44103
DA:9,748
DA:10,5002
DA:11,956
DA:14,5003
DA:15,749
DA:27,22052
DA:28,22052
DA:29,22052
DA:30,19551
DA:31,22052
DA:32,17650
DA:33,3465
DA:34,3662
DA:35,3691
DA:36,3529
DA:37,3184
DA:38,3519
DA:39,3523
DA:40,3111
LF:25
LH:25
end_of_record
TN:verilator_coverage
SF:/home/UnityChipForXiangShan/rtl/openxiangshan-kmh-97e37a2237-24092701/rtl/array_5.sv
FNF:0
FNH:0
DA:59,5107
DA:60,20003
DA:61,176413
DA:62,3941
DA:63,2097
DA:64,4397
DA:65,176413
DA:66,2387
DA:67,1461
LF:9
LH:9
end_of_record
TN:verilator_coverage
SF:/home/UnityChipForXiangShan/rtl/openxiangshan-kmh-97e37a2237-24092701/rtl/array_5_ext.v
FNF:0
FNH:0
DA:3,176413
DA:4,2097
DA:5,4397
DA:6,2387
DA:7,1461
DA:8,176413
DA:9,5107
DA:10,20003
DA:11,3941
DA:14,20005
DA:15,5104
DA:27,88208
DA:28,88208
DA:29,88208
DA:30,78208
DA:31,88208
DA:32,84984
DA:33,1756
DA:34,1624
DA:35,1708
DA:36,1720
LF:21
LH:21
end_of_record
TN:verilator_coverage
SF:/home/UnityChipForXiangShan/rtl/openxiangshan-kmh-97e37a2237-24092701/rtl/data_mem_0_8x3.sv
FNF:0
FNH:0
DA:60,3285
DA:61,18
DA:62,1411310
DA:63,3111
DA:64,3323
DA:65,4939
DA:66,1411310
DA:67,8760
DA:70,195
DA:71,705664
DA:72,703201
DA:73,2463
DA:77,32
LF:13
LH:13
end_of_record
TN:verilator_coverage
SF:/home/UnityChipForXiangShan/rtl/openxiangshan-kmh-97e37a2237-24092701/rtl/data_mem_16x12.sv
FNF:0
FNH:0
DA:60,2263
DA:61,4
DA:62,352827
DA:63,2356
DA:64,2263
DA:65,4
DA:66,352827
DA:67,2357
DA:68,2282
DA:69,4965
DA:70,352827
DA:71,4552
DA:72,2821
DA:75,183
DA:76,176416
DA:77,175008
DA:78,1408
DA:79,175344
DA:80,1072
DA:84,8
LF:20
LH:20
end_of_record
TN:verilator_coverage
SF:/home/UnityChipForXiangShan/rtl/openxiangshan-kmh-97e37a2237-24092701/rtl/data_mem_8x4.sv
FNF:0
FNH:0
DA:60,1196
DA:61,0
DA:62,44103
DA:63,2533
DA:64,1196
DA:65,0
DA:66,44103
DA:67,2533
DA:68,1196
DA:69,4707
DA:70,44103
DA:71,2169
DA:72,4541
DA:75,590
DA:76,22052
DA:77,19782
DA:78,2270
DA:79,20888
DA:80,1164
DA:84,1
LF:20
LH:18
end_of_record
